[ 2016-05-13T00:00:55+08:00 ] 127.0.0.1 /cafuc/index.php/Admin/Login/pwd_check.html
INFO: [ route_check ] --START--
INFO: CheckRoute Behavior ::run [ RunTime:0.001336s ]
INFO: [ route_check ] --END-- [ RunTime:0.001505s ]
INFO: [ app_begin ] --START--
INFO: ReadHtmlCache Behavior ::run [ RunTime:0.000893s ]
INFO: [ app_begin ] --END-- [ RunTime:0.001049s ]
SQL: SHOW COLUMNS FROM `web_users` [ RunTime:0.005148s ]
SQL: SELECT * FROM `web_users` WHERE ( `username` = 'admin' ) AND ( `password` = 'a87ff679a2f3e71d9181a67b7542122c' ) ORDER BY id desc LIMIT 1   [ RunTime:0.000674s ]

[ 2016-05-13T00:00:58+08:00 ] 127.0.0.1 /cafuc/index.php/Admin/Login/change_password.html
INFO: [ route_check ] --START--
INFO: CheckRoute Behavior ::run [ RunTime:0.001145s ]
INFO: [ route_check ] --END-- [ RunTime:0.001339s ]
INFO: [ app_begin ] --START--
INFO: ReadHtmlCache Behavior ::run [ RunTime:0.000849s ]
INFO: [ app_begin ] --END-- [ RunTime:0.001036s ]
INFO: [ view_parse ] --START--
INFO: ParseTemplate Behavior ::run [ RunTime:0.016608s ]
INFO: [ view_parse ] --END-- [ RunTime:0.016795s ]
INFO: [ view_filter ] --START--
INFO: ContentReplace Behavior ::run [ RunTime:0.000756s ]
INFO: TokenBuild Behavior ::run [ RunTime:0.000670s ]
INFO: WriteHtmlCache Behavior ::run [ RunTime:0.000510s ]
INFO: ShowRuntime Behavior ::run [ RunTime:0.000759s ]
INFO: [ view_filter ] --END-- [ RunTime:0.003012s ]
INFO: [ view_end ] --START--
INFO: ShowPageTrace Behavior ::run [ RunTime:0.000850s ]
INFO: [ view_end ] --END-- [ RunTime:0.000969s ]

[ 2016-05-13T00:00:58+08:00 ] 127.0.0.1 /cafuc/index.php/Admin/Login/verify.html
INFO: [ route_check ] --START--
INFO: CheckRoute Behavior ::run [ RunTime:0.000833s ]
INFO: [ route_check ] --END-- [ RunTime:0.000976s ]
INFO: [ app_begin ] --START--
INFO: ReadHtmlCache Behavior ::run [ RunTime:0.001214s ]
INFO: [ app_begin ] --END-- [ RunTime:0.001360s ]

[ 2016-05-13T00:01:08+08:00 ] 127.0.0.1 /cafuc/index.php/Admin/Login/verify/0.6399487067556565
INFO: [ route_check ] --START--
INFO: CheckRoute Behavior ::run [ RunTime:0.001468s ]
INFO: [ route_check ] --END-- [ RunTime:0.001655s ]
INFO: [ app_begin ] --START--
INFO: ReadHtmlCache Behavior ::run [ RunTime:0.001279s ]
INFO: [ app_begin ] --END-- [ RunTime:0.001531s ]

[ 2016-05-13T00:01:12+08:00 ] 127.0.0.1 /cafuc/index.php/Admin/Login/pwd_check.html
INFO: [ route_check ] --START--
INFO: CheckRoute Behavior ::run [ RunTime:0.000811s ]
INFO: [ route_check ] --END-- [ RunTime:0.000962s ]
INFO: [ app_begin ] --START--
INFO: ReadHtmlCache Behavior ::run [ RunTime:0.000671s ]
INFO: [ app_begin ] --END-- [ RunTime:0.000861s ]
SQL: SHOW COLUMNS FROM `web_users` [ RunTime:0.003412s ]
SQL: SELECT * FROM `web_users` WHERE ( `username` = 'admin' ) AND ( `password` = 'e10adc3949ba59abbe56e057f20f883e' ) ORDER BY id desc LIMIT 1   [ RunTime:0.000770s ]

[ 2016-05-13T00:01:27+08:00 ] 127.0.0.1 /cafuc/index.php/Admin/Login/pwd_check.html
INFO: [ route_check ] --START--
INFO: CheckRoute Behavior ::run [ RunTime:0.001124s ]
INFO: [ route_check ] --END-- [ RunTime:0.001281s ]
INFO: [ app_begin ] --START--
INFO: ReadHtmlCache Behavior ::run [ RunTime:0.000957s ]
INFO: [ app_begin ] --END-- [ RunTime:0.001141s ]
SQL: SHOW COLUMNS FROM `web_users` [ RunTime:0.004615s ]
SQL: SELECT * FROM `web_users` WHERE ( `username` = 'admin' ) AND ( `password` = 'e10adc3949ba59abbe56e057f20f883e' ) ORDER BY id desc LIMIT 1   [ RunTime:0.000800s ]

[ 2016-05-13T00:03:41+08:00 ] 127.0.0.1 /cafuc/index.php/Admin/Login/change_password.html
INFO: [ route_check ] --START--
INFO: CheckRoute Behavior ::run [ RunTime:0.002072s ]
INFO: [ route_check ] --END-- [ RunTime:0.002333s ]
INFO: [ app_begin ] --START--
INFO: ReadHtmlCache Behavior ::run [ RunTime:0.001194s ]
INFO: [ app_begin ] --END-- [ RunTime:0.001405s ]
INFO: [ view_parse ] --START--
INFO: ParseTemplate Behavior ::run [ RunTime:0.021582s ]
INFO: [ view_parse ] --END-- [ RunTime:0.021857s ]
INFO: [ view_filter ] --START--
INFO: ContentReplace Behavior ::run [ RunTime:0.000814s ]
INFO: TokenBuild Behavior ::run [ RunTime:0.000763s ]
INFO: WriteHtmlCache Behavior ::run [ RunTime:0.000580s ]
INFO: ShowRuntime Behavior ::run [ RunTime:0.000810s ]
INFO: [ view_filter ] --END-- [ RunTime:0.003317s ]
INFO: [ view_end ] --START--
INFO: ShowPageTrace Behavior ::run [ RunTime:0.000989s ]
INFO: [ view_end ] --END-- [ RunTime:0.001121s ]

[ 2016-05-13T00:03:41+08:00 ] 127.0.0.1 /cafuc/index.php/Admin/Login/verify.html
INFO: [ route_check ] --START--
INFO: CheckRoute Behavior ::run [ RunTime:0.001661s ]
INFO: [ route_check ] --END-- [ RunTime:0.002056s ]
INFO: [ app_begin ] --START--
INFO: ReadHtmlCache Behavior ::run [ RunTime:0.001382s ]
INFO: [ app_begin ] --END-- [ RunTime:0.001803s ]

[ 2016-05-13T00:03:54+08:00 ] 127.0.0.1 /cafuc/index.php/Admin/Login/verify/0.25834448035511226
INFO: [ route_check ] --START--
INFO: CheckRoute Behavior ::run [ RunTime:0.001217s ]
INFO: [ route_check ] --END-- [ RunTime:0.001420s ]
INFO: [ app_begin ] --START--
INFO: ReadHtmlCache Behavior ::run [ RunTime:0.001581s ]
INFO: [ app_begin ] --END-- [ RunTime:0.001924s ]

[ 2016-05-13T00:03:57+08:00 ] 127.0.0.1 /cafuc/index.php/Admin/Login/pwd_check.html
INFO: [ route_check ] --START--
INFO: CheckRoute Behavior ::run [ RunTime:0.001012s ]
INFO: [ route_check ] --END-- [ RunTime:0.001215s ]
INFO: [ app_begin ] --START--
INFO: ReadHtmlCache Behavior ::run [ RunTime:0.000744s ]
INFO: [ app_begin ] --END-- [ RunTime:0.000913s ]
INFO: [ view_parse ] --START--
INFO: ParseTemplate Behavior ::run [ RunTime:0.011913s ]
INFO: [ view_parse ] --END-- [ RunTime:0.012235s ]
INFO: [ view_filter ] --START--
INFO: ContentReplace Behavior ::run [ RunTime:0.002161s ]
INFO: TokenBuild Behavior ::run [ RunTime:0.001347s ]
INFO: WriteHtmlCache Behavior ::run [ RunTime:0.000704s ]
INFO: ShowRuntime Behavior ::run [ RunTime:0.000780s ]
INFO: [ view_filter ] --END-- [ RunTime:0.005459s ]
INFO: [ view_end ] --START--
INFO: ShowPageTrace Behavior ::run [ RunTime:0.001154s ]
INFO: [ view_end ] --END-- [ RunTime:0.001337s ]

[ 2016-05-13T00:04:03+08:00 ] 127.0.0.1 /cafuc/index.php/Admin/Login/verify/0.03753292578882439
INFO: [ route_check ] --START--
INFO: CheckRoute Behavior ::run [ RunTime:0.001009s ]
INFO: [ route_check ] --END-- [ RunTime:0.001204s ]
INFO: [ app_begin ] --START--
INFO: ReadHtmlCache Behavior ::run [ RunTime:0.000768s ]
INFO: [ app_begin ] --END-- [ RunTime:0.000913s ]

[ 2016-05-13T00:04:13+08:00 ] 127.0.0.1 /cafuc/index.php/Admin/Login/pwd_check.html
INFO: [ route_check ] --START--
INFO: CheckRoute Behavior ::run [ RunTime:0.001165s ]
INFO: [ route_check ] --END-- [ RunTime:0.001366s ]
INFO: [ app_begin ] --START--
INFO: ReadHtmlCache Behavior ::run [ RunTime:0.000891s ]
INFO: [ app_begin ] --END-- [ RunTime:0.001076s ]
SQL: SHOW COLUMNS FROM `web_users` [ RunTime:0.004740s ]
SQL: SELECT * FROM `web_users` WHERE ( `username` = 'admin' ) AND ( `password` = 'e10adc3949ba59abbe56e057f20f883e' ) ORDER BY id desc LIMIT 1   [ RunTime:0.000718s ]
NOTIC: [8] Undefined index: newpwd D:\wamp\www\cafuc\Index\Lib\Action\Admin\LoginAction.class.php 第 71 行.
SQL: UPDATE `web_users` SET `password`=null WHERE ( `username` = 'admin' ) AND ( `password` = 'e10adc3949ba59abbe56e057f20f883e' ) ORDER BY id desc LIMIT 1  [ RunTime:0.002282s ]
INFO: [ view_parse ] --START--
INFO: ParseTemplate Behavior ::run [ RunTime:0.010565s ]
INFO: [ view_parse ] --END-- [ RunTime:0.010742s ]
INFO: [ view_filter ] --START--
INFO: ContentReplace Behavior ::run [ RunTime:0.000749s ]
INFO: TokenBuild Behavior ::run [ RunTime:0.000668s ]
INFO: WriteHtmlCache Behavior ::run [ RunTime:0.000546s ]
INFO: ShowRuntime Behavior ::run [ RunTime:0.000787s ]
INFO: [ view_filter ] --END-- [ RunTime:0.003111s ]
INFO: [ view_end ] --START--
INFO: ShowPageTrace Behavior ::run [ RunTime:0.001729s ]
INFO: [ view_end ] --END-- [ RunTime:0.001904s ]

[ 2016-05-13T00:04:14+08:00 ] 127.0.0.1 /cafuc/index.php/Admin/Common/logout.html
INFO: [ route_check ] --START--
INFO: CheckRoute Behavior ::run [ RunTime:0.000943s ]
INFO: [ route_check ] --END-- [ RunTime:0.001111s ]
INFO: [ app_begin ] --START--
INFO: ReadHtmlCache Behavior ::run [ RunTime:0.000756s ]
INFO: [ app_begin ] --END-- [ RunTime:0.000902s ]

[ 2016-05-13T00:04:14+08:00 ] 127.0.0.1 /cafuc/index.php/Index/Index/index.html
INFO: [ route_check ] --START--
INFO: CheckRoute Behavior ::run [ RunTime:0.000875s ]
INFO: [ route_check ] --END-- [ RunTime:0.001095s ]
INFO: [ app_begin ] --START--
INFO: ReadHtmlCache Behavior ::run [ RunTime:0.000656s ]
INFO: [ app_begin ] --END-- [ RunTime:0.000795s ]
INFO: [ view_parse ] --START--
INFO: ParseTemplate Behavior ::run [ RunTime:0.031309s ]
INFO: [ view_parse ] --END-- [ RunTime:0.031520s ]
INFO: [ view_filter ] --START--
INFO: ContentReplace Behavior ::run [ RunTime:0.001527s ]
INFO: TokenBuild Behavior ::run [ RunTime:0.001117s ]
INFO: WriteHtmlCache Behavior ::run [ RunTime:0.000904s ]
INFO: ShowRuntime Behavior ::run [ RunTime:0.001273s ]
INFO: [ view_filter ] --END-- [ RunTime:0.005416s ]
INFO: [ view_end ] --START--
INFO: ShowPageTrace Behavior ::run [ RunTime:0.001315s ]
INFO: [ view_end ] --END-- [ RunTime:0.001533s ]

[ 2016-05-13T00:04:15+08:00 ] 127.0.0.1 /cafuc/index.php/Admin/Login/verify.html
INFO: [ route_check ] --START--
INFO: CheckRoute Behavior ::run [ RunTime:0.000815s ]
INFO: [ route_check ] --END-- [ RunTime:0.000953s ]
INFO: [ app_begin ] --START--
INFO: ReadHtmlCache Behavior ::run [ RunTime:0.001061s ]
INFO: [ app_begin ] --END-- [ RunTime:0.001197s ]

[ 2016-05-13T00:04:50+08:00 ] 127.0.0.1 /cafuc/index.php/Admin/Login/login.html
INFO: [ route_check ] --START--
INFO: CheckRoute Behavior ::run [ RunTime:0.000843s ]
INFO: [ route_check ] --END-- [ RunTime:0.000980s ]
INFO: [ app_begin ] --START--
INFO: ReadHtmlCache Behavior ::run [ RunTime:0.000705s ]
INFO: [ app_begin ] --END-- [ RunTime:0.003632s ]
SQL: SHOW COLUMNS FROM `web_users` [ RunTime:0.003888s ]
SQL: SELECT * FROM `web_users` WHERE ( `username` = 'admin' ) ORDER BY id desc LIMIT 1   [ RunTime:0.000359s ]
INFO: [ view_parse ] --START--
INFO: ParseTemplate Behavior ::run [ RunTime:0.011739s ]
INFO: [ view_parse ] --END-- [ RunTime:0.011903s ]
INFO: [ view_filter ] --START--
INFO: ContentReplace Behavior ::run [ RunTime:0.000681s ]
INFO: TokenBuild Behavior ::run [ RunTime:0.000654s ]
INFO: WriteHtmlCache Behavior ::run [ RunTime:0.000543s ]
INFO: ShowRuntime Behavior ::run [ RunTime:0.000757s ]
INFO: [ view_filter ] --END-- [ RunTime:0.002956s ]
INFO: [ view_end ] --START--
INFO: ShowPageTrace Behavior ::run [ RunTime:0.000895s ]
INFO: [ view_end ] --END-- [ RunTime:0.001006s ]

[ 2016-05-13T00:04:51+08:00 ] 127.0.0.1 /cafuc/index.php/Admin/Login/index.html
INFO: [ route_check ] --START--
INFO: CheckRoute Behavior ::run [ RunTime:0.001305s ]
INFO: [ route_check ] --END-- [ RunTime:0.001541s ]
INFO: [ app_begin ] --START--
INFO: ReadHtmlCache Behavior ::run [ RunTime:0.000990s ]
INFO: [ app_begin ] --END-- [ RunTime:0.001212s ]
INFO: [ view_parse ] --START--
INFO: ParseTemplate Behavior ::run [ RunTime:0.106704s ]
INFO: [ view_parse ] --END-- [ RunTime:0.106896s ]
INFO: [ view_filter ] --START--
INFO: ContentReplace Behavior ::run [ RunTime:0.000893s ]
INFO: TokenBuild Behavior ::run [ RunTime:0.000688s ]
INFO: WriteHtmlCache Behavior ::run [ RunTime:0.000702s ]
INFO: ShowRuntime Behavior ::run [ RunTime:0.001017s ]
INFO: [ view_filter ] --END-- [ RunTime:0.003738s ]
INFO: [ view_end ] --START--
INFO: ShowPageTrace Behavior ::run [ RunTime:0.000965s ]
INFO: [ view_end ] --END-- [ RunTime:0.001082s ]

[ 2016-05-13T00:04:51+08:00 ] 127.0.0.1 /cafuc/index.php/Admin/Login/verify.html
INFO: [ route_check ] --START--
INFO: CheckRoute Behavior ::run [ RunTime:0.001301s ]
INFO: [ route_check ] --END-- [ RunTime:0.001526s ]
INFO: [ app_begin ] --START--
INFO: ReadHtmlCache Behavior ::run [ RunTime:0.000606s ]
INFO: [ app_begin ] --END-- [ RunTime:0.000725s ]

[ 2016-05-13T00:05:59+08:00 ] 127.0.0.1 /cafuc/index.php/Admin/Login/login.html
INFO: [ route_check ] --START--
INFO: CheckRoute Behavior ::run [ RunTime:0.001009s ]
INFO: [ route_check ] --END-- [ RunTime:0.001149s ]
INFO: [ app_begin ] --START--
INFO: ReadHtmlCache Behavior ::run [ RunTime:0.000690s ]
INFO: [ app_begin ] --END-- [ RunTime:0.000811s ]
SQL: SHOW COLUMNS FROM `web_users` [ RunTime:0.004089s ]
SQL: SELECT * FROM `web_users` WHERE ( `username` = 'admin' ) ORDER BY id desc LIMIT 1   [ RunTime:0.001272s ]
INFO: [ view_parse ] --START--
INFO: ParseTemplate Behavior ::run [ RunTime:0.011699s ]
INFO: [ view_parse ] --END-- [ RunTime:0.011870s ]
INFO: [ view_filter ] --START--
INFO: ContentReplace Behavior ::run [ RunTime:0.000658s ]
INFO: TokenBuild Behavior ::run [ RunTime:0.000688s ]
INFO: WriteHtmlCache Behavior ::run [ RunTime:0.000532s ]
INFO: ShowRuntime Behavior ::run [ RunTime:0.001096s ]
INFO: [ view_filter ] --END-- [ RunTime:0.003353s ]
INFO: [ view_end ] --START--
INFO: ShowPageTrace Behavior ::run [ RunTime:0.001028s ]
INFO: [ view_end ] --END-- [ RunTime:0.001165s ]

[ 2016-05-13T00:06:01+08:00 ] 127.0.0.1 /cafuc/index.php/Admin/Login/index.html
INFO: [ route_check ] --START--
INFO: CheckRoute Behavior ::run [ RunTime:0.002787s ]
INFO: [ route_check ] --END-- [ RunTime:0.003288s ]
INFO: [ app_begin ] --START--
INFO: ReadHtmlCache Behavior ::run [ RunTime:0.001084s ]
INFO: [ app_begin ] --END-- [ RunTime:0.001291s ]
INFO: [ view_parse ] --START--
INFO: ParseTemplate Behavior ::run [ RunTime:0.015805s ]
INFO: [ view_parse ] --END-- [ RunTime:0.016023s ]
INFO: [ view_filter ] --START--
INFO: ContentReplace Behavior ::run [ RunTime:0.000765s ]
INFO: TokenBuild Behavior ::run [ RunTime:0.001026s ]
INFO: WriteHtmlCache Behavior ::run [ RunTime:0.001167s ]
INFO: ShowRuntime Behavior ::run [ RunTime:0.001404s ]
INFO: [ view_filter ] --END-- [ RunTime:0.004865s ]
INFO: [ view_end ] --START--
INFO: ShowPageTrace Behavior ::run [ RunTime:0.001994s ]
INFO: [ view_end ] --END-- [ RunTime:0.002187s ]

[ 2016-05-13T00:06:01+08:00 ] 127.0.0.1 /cafuc/index.php/Admin/Login/verify.html
INFO: [ route_check ] --START--
INFO: CheckRoute Behavior ::run [ RunTime:0.001106s ]
INFO: [ route_check ] --END-- [ RunTime:0.001293s ]
INFO: [ app_begin ] --START--
INFO: ReadHtmlCache Behavior ::run [ RunTime:0.000593s ]
INFO: [ app_begin ] --END-- [ RunTime:0.000729s ]

[ 2016-05-13T00:06:08+08:00 ] 127.0.0.1 /cafuc/index.php/Admin/Login/verify/0.07586837536134794
INFO: [ route_check ] --START--
INFO: CheckRoute Behavior ::run [ RunTime:0.001436s ]
INFO: [ route_check ] --END-- [ RunTime:0.001703s ]
INFO: [ app_begin ] --START--
INFO: ReadHtmlCache Behavior ::run [ RunTime:0.000666s ]
INFO: [ app_begin ] --END-- [ RunTime:0.000808s ]

[ 2016-05-13T00:06:30+08:00 ] 127.0.0.1 /cafuc/index.php/Admin/Login/login.html
INFO: [ route_check ] --START--
INFO: CheckRoute Behavior ::run [ RunTime:0.000810s ]
INFO: [ route_check ] --END-- [ RunTime:0.000955s ]
INFO: [ app_begin ] --START--
INFO: ReadHtmlCache Behavior ::run [ RunTime:0.000657s ]
INFO: [ app_begin ] --END-- [ RunTime:0.000795s ]
SQL: SHOW COLUMNS FROM `web_users` [ RunTime:0.006610s ]
SQL: SELECT * FROM `web_users` WHERE ( `username` = 'admin' ) ORDER BY id desc LIMIT 1   [ RunTime:0.000440s ]
SQL: INSERT INTO `web_users` (`username`,`password`,`logintime`,`loginip`) VALUES ('admin','e10adc3949ba59abbe56e057f20f883e',1463069190,'127.0.0.1') [ RunTime:0.002977s ]
INFO: [ view_parse ] --START--
INFO: ParseTemplate Behavior ::run [ RunTime:0.013135s ]
INFO: [ view_parse ] --END-- [ RunTime:0.013339s ]
INFO: [ view_filter ] --START--
INFO: ContentReplace Behavior ::run [ RunTime:0.000706s ]
INFO: TokenBuild Behavior ::run [ RunTime:0.000635s ]
INFO: WriteHtmlCache Behavior ::run [ RunTime:0.000520s ]
INFO: ShowRuntime Behavior ::run [ RunTime:0.000844s ]
INFO: [ view_filter ] --END-- [ RunTime:0.003042s ]
INFO: [ view_end ] --START--
INFO: ShowPageTrace Behavior ::run [ RunTime:0.000874s ]
INFO: [ view_end ] --END-- [ RunTime:0.000989s ]

[ 2016-05-13T00:06:35+08:00 ] 127.0.0.1 /cafuc/index.php/Admin/Index/index.html
INFO: [ route_check ] --START--
INFO: CheckRoute Behavior ::run [ RunTime:0.001170s ]
INFO: [ route_check ] --END-- [ RunTime:0.001385s ]
INFO: [ app_begin ] --START--
INFO: ReadHtmlCache Behavior ::run [ RunTime:0.001623s ]
INFO: [ app_begin ] --END-- [ RunTime:0.001905s ]
INFO: [ view_parse ] --START--
INFO: ParseTemplate Behavior ::run [ RunTime:0.017664s ]
INFO: [ view_parse ] --END-- [ RunTime:0.017819s ]
INFO: [ view_filter ] --START--
INFO: ContentReplace Behavior ::run [ RunTime:0.000811s ]
INFO: TokenBuild Behavior ::run [ RunTime:0.000689s ]
INFO: WriteHtmlCache Behavior ::run [ RunTime:0.000787s ]
INFO: ShowRuntime Behavior ::run [ RunTime:0.001301s ]
INFO: [ view_filter ] --END-- [ RunTime:0.004030s ]
INFO: [ view_end ] --START--
INFO: ShowPageTrace Behavior ::run [ RunTime:0.001399s ]
INFO: [ view_end ] --END-- [ RunTime:0.001608s ]

[ 2016-05-13T00:06:46+08:00 ] 127.0.0.1 /cafuc/index.php/Admin/Login/change_password.html
INFO: [ route_check ] --START--
INFO: CheckRoute Behavior ::run [ RunTime:0.001075s ]
INFO: [ route_check ] --END-- [ RunTime:0.001263s ]
INFO: [ app_begin ] --START--
INFO: ReadHtmlCache Behavior ::run [ RunTime:0.000880s ]
INFO: [ app_begin ] --END-- [ RunTime:0.001065s ]
INFO: [ view_parse ] --START--
INFO: ParseTemplate Behavior ::run [ RunTime:0.015798s ]
INFO: [ view_parse ] --END-- [ RunTime:0.015972s ]
INFO: [ view_filter ] --START--
INFO: ContentReplace Behavior ::run [ RunTime:0.000906s ]
INFO: TokenBuild Behavior ::run [ RunTime:0.001018s ]
INFO: WriteHtmlCache Behavior ::run [ RunTime:0.000589s ]
INFO: ShowRuntime Behavior ::run [ RunTime:0.000801s ]
INFO: [ view_filter ] --END-- [ RunTime:0.003774s ]
INFO: [ view_end ] --START--
INFO: ShowPageTrace Behavior ::run [ RunTime:0.000943s ]
INFO: [ view_end ] --END-- [ RunTime:0.001081s ]

[ 2016-05-13T00:06:46+08:00 ] 127.0.0.1 /cafuc/index.php/Admin/Login/verify.html
INFO: [ route_check ] --START--
INFO: CheckRoute Behavior ::run [ RunTime:0.000929s ]
INFO: [ route_check ] --END-- [ RunTime:0.001069s ]
INFO: [ app_begin ] --START--
INFO: ReadHtmlCache Behavior ::run [ RunTime:0.002047s ]
INFO: [ app_begin ] --END-- [ RunTime:0.002251s ]

[ 2016-05-13T00:07:37+08:00 ] 127.0.0.1 /cafuc/index.php/Admin/Login/pwd_check.html
INFO: [ route_check ] --START--
INFO: CheckRoute Behavior ::run [ RunTime:0.000821s ]
INFO: [ route_check ] --END-- [ RunTime:0.000962s ]
INFO: [ app_begin ] --START--
INFO: ReadHtmlCache Behavior ::run [ RunTime:0.000620s ]
INFO: [ app_begin ] --END-- [ RunTime:0.000745s ]
SQL: SHOW COLUMNS FROM `web_users` [ RunTime:0.036522s ]
SQL: SELECT * FROM `web_users` WHERE ( `username` = 'admin' ) AND ( `password` = 'e10adc3949ba59abbe56e057f20f883e' ) ORDER BY id desc LIMIT 1   [ RunTime:0.000902s ]
SQL: UPDATE `web_users` SET `password`='fcea920f7412b5da7be0cf42b8c93759' WHERE ( `username` = 'admin' ) AND ( `password` = 'e10adc3949ba59abbe56e057f20f883e' ) ORDER BY id desc LIMIT 1  [ RunTime:0.001517s ]
INFO: [ view_parse ] --START--
INFO: ParseTemplate Behavior ::run [ RunTime:0.010119s ]
INFO: [ view_parse ] --END-- [ RunTime:0.010296s ]
INFO: [ view_filter ] --START--
INFO: ContentReplace Behavior ::run [ RunTime:0.000935s ]
INFO: TokenBuild Behavior ::run [ RunTime:0.001184s ]
INFO: WriteHtmlCache Behavior ::run [ RunTime:0.000838s ]
INFO: ShowRuntime Behavior ::run [ RunTime:0.000845s ]
INFO: [ view_filter ] --END-- [ RunTime:0.004273s ]
INFO: [ view_end ] --START--
INFO: ShowPageTrace Behavior ::run [ RunTime:0.000934s ]
INFO: [ view_end ] --END-- [ RunTime:0.001059s ]

[ 2016-05-13T00:07:38+08:00 ] 127.0.0.1 /cafuc/index.php/Admin/Common/logout.html
INFO: [ route_check ] --START--
INFO: CheckRoute Behavior ::run [ RunTime:0.000914s ]
INFO: [ route_check ] --END-- [ RunTime:0.001066s ]
INFO: [ app_begin ] --START--
INFO: ReadHtmlCache Behavior ::run [ RunTime:0.000697s ]
INFO: [ app_begin ] --END-- [ RunTime:0.000971s ]

[ 2016-05-13T00:07:38+08:00 ] 127.0.0.1 /cafuc/index.php/Index/Index/index.html
INFO: [ route_check ] --START--
INFO: CheckRoute Behavior ::run [ RunTime:0.000928s ]
INFO: [ route_check ] --END-- [ RunTime:0.001109s ]
INFO: [ app_begin ] --START--
INFO: ReadHtmlCache Behavior ::run [ RunTime:0.000652s ]
INFO: [ app_begin ] --END-- [ RunTime:0.000793s ]
INFO: [ view_parse ] --START--
INFO: ParseTemplate Behavior ::run [ RunTime:0.031210s ]
INFO: [ view_parse ] --END-- [ RunTime:0.031562s ]
INFO: [ view_filter ] --START--
INFO: ContentReplace Behavior ::run [ RunTime:0.001352s ]
INFO: TokenBuild Behavior ::run [ RunTime:0.001063s ]
INFO: WriteHtmlCache Behavior ::run [ RunTime:0.000940s ]
INFO: ShowRuntime Behavior ::run [ RunTime:0.001315s ]
INFO: [ view_filter ] --END-- [ RunTime:0.005251s ]
INFO: [ view_end ] --START--
INFO: ShowPageTrace Behavior ::run [ RunTime:0.001488s ]
INFO: [ view_end ] --END-- [ RunTime:0.001702s ]

[ 2016-05-13T00:07:39+08:00 ] 127.0.0.1 /cafuc/index.php/Admin/Login/verify.html
INFO: [ route_check ] --START--
INFO: CheckRoute Behavior ::run [ RunTime:0.001168s ]
INFO: [ route_check ] --END-- [ RunTime:0.001424s ]
INFO: [ app_begin ] --START--
INFO: ReadHtmlCache Behavior ::run [ RunTime:0.000612s ]
INFO: [ app_begin ] --END-- [ RunTime:0.000734s ]

[ 2016-05-13T00:07:50+08:00 ] 127.0.0.1 /cafuc/index.php/Admin/Login/login.html
INFO: [ route_check ] --START--
INFO: CheckRoute Behavior ::run [ RunTime:0.001191s ]
INFO: [ route_check ] --END-- [ RunTime:0.001395s ]
INFO: [ app_begin ] --START--
INFO: ReadHtmlCache Behavior ::run [ RunTime:0.001736s ]
INFO: [ app_begin ] --END-- [ RunTime:0.002047s ]
SQL: SHOW COLUMNS FROM `web_users` [ RunTime:0.005340s ]
SQL: SELECT * FROM `web_users` WHERE ( `username` = 'admin' ) ORDER BY id desc LIMIT 1   [ RunTime:0.000364s ]
SQL: INSERT INTO `web_users` (`username`,`password`,`logintime`,`loginip`) VALUES ('admin','fcea920f7412b5da7be0cf42b8c93759',1463069270,'127.0.0.1') [ RunTime:0.001479s ]
INFO: [ view_parse ] --START--
INFO: ParseTemplate Behavior ::run [ RunTime:0.014011s ]
INFO: [ view_parse ] --END-- [ RunTime:0.014225s ]
INFO: [ view_filter ] --START--
INFO: ContentReplace Behavior ::run [ RunTime:0.000692s ]
INFO: TokenBuild Behavior ::run [ RunTime:0.000613s ]
INFO: WriteHtmlCache Behavior ::run [ RunTime:0.000541s ]
INFO: ShowRuntime Behavior ::run [ RunTime:0.000803s ]
INFO: [ view_filter ] --END-- [ RunTime:0.002954s ]
INFO: [ view_end ] --START--
INFO: ShowPageTrace Behavior ::run [ RunTime:0.001728s ]
INFO: [ view_end ] --END-- [ RunTime:0.001898s ]

[ 2016-05-13T00:07:51+08:00 ] 127.0.0.1 /cafuc/index.php/Admin/Index/index.html
INFO: [ route_check ] --START--
INFO: CheckRoute Behavior ::run [ RunTime:0.001598s ]
INFO: [ route_check ] --END-- [ RunTime:0.001835s ]
INFO: [ app_begin ] --START--
INFO: ReadHtmlCache Behavior ::run [ RunTime:0.001193s ]
INFO: [ app_begin ] --END-- [ RunTime:0.001456s ]
INFO: [ view_parse ] --START--
INFO: ParseTemplate Behavior ::run [ RunTime:0.031499s ]
INFO: [ view_parse ] --END-- [ RunTime:0.031868s ]
INFO: [ view_filter ] --START--
INFO: ContentReplace Behavior ::run [ RunTime:0.001839s ]
INFO: TokenBuild Behavior ::run [ RunTime:0.001140s ]
INFO: WriteHtmlCache Behavior ::run [ RunTime:0.000961s ]
INFO: ShowRuntime Behavior ::run [ RunTime:0.001602s ]
INFO: [ view_filter ] --END-- [ RunTime:0.006370s ]
INFO: [ view_end ] --START--
INFO: ShowPageTrace Behavior ::run [ RunTime:0.001185s ]
INFO: [ view_end ] --END-- [ RunTime:0.001360s ]

[ 2016-05-13T00:09:13+08:00 ] 127.0.0.1 /cafuc/index.php/Admin/Login/change_password.html
INFO: [ route_check ] --START--
INFO: CheckRoute Behavior ::run [ RunTime:0.001134s ]
INFO: [ route_check ] --END-- [ RunTime:0.001289s ]
INFO: [ app_begin ] --START--
INFO: ReadHtmlCache Behavior ::run [ RunTime:0.000742s ]
INFO: [ app_begin ] --END-- [ RunTime:0.000873s ]
INFO: [ view_parse ] --START--
INFO: ParseTemplate Behavior ::run [ RunTime:0.016634s ]
INFO: [ view_parse ] --END-- [ RunTime:0.016784s ]
INFO: [ view_filter ] --START--
INFO: ContentReplace Behavior ::run [ RunTime:0.000825s ]
INFO: TokenBuild Behavior ::run [ RunTime:0.001140s ]
INFO: WriteHtmlCache Behavior ::run [ RunTime:0.000722s ]
INFO: ShowRuntime Behavior ::run [ RunTime:0.000853s ]
INFO: [ view_filter ] --END-- [ RunTime:0.004107s ]
INFO: [ view_end ] --START--
INFO: ShowPageTrace Behavior ::run [ RunTime:0.001290s ]
INFO: [ view_end ] --END-- [ RunTime:0.001440s ]

[ 2016-05-13T00:09:14+08:00 ] 127.0.0.1 /cafuc/index.php/Admin/Login/verify.html
INFO: [ route_check ] --START--
INFO: CheckRoute Behavior ::run [ RunTime:0.001097s ]
INFO: [ route_check ] --END-- [ RunTime:0.001306s ]
INFO: [ app_begin ] --START--
INFO: ReadHtmlCache Behavior ::run [ RunTime:0.000711s ]
INFO: [ app_begin ] --END-- [ RunTime:0.000909s ]

[ 2016-05-13T00:09:26+08:00 ] 127.0.0.1 /cafuc/index.php/Admin/Login/pwd_check.html
INFO: [ route_check ] --START--
INFO: CheckRoute Behavior ::run [ RunTime:0.000823s ]
INFO: [ route_check ] --END-- [ RunTime:0.000977s ]
INFO: [ app_begin ] --START--
INFO: ReadHtmlCache Behavior ::run [ RunTime:0.001061s ]
INFO: [ app_begin ] --END-- [ RunTime:0.001339s ]
SQL: SHOW COLUMNS FROM `web_users` [ RunTime:0.003893s ]
SQL: SELECT * FROM `web_users` WHERE ( `username` = 'admin' ) AND ( `password` = 'fcea920f7412b5da7be0cf42b8c93759' ) ORDER BY id desc LIMIT 1   [ RunTime:0.000447s ]
SQL: UPDATE `web_users` SET `password`='e10adc3949ba59abbe56e057f20f883e' WHERE ( `username` = 'admin' ) AND ( `password` = 'fcea920f7412b5da7be0cf42b8c93759' ) ORDER BY id desc LIMIT 1  [ RunTime:0.001378s ]
INFO: [ view_parse ] --START--
INFO: ParseTemplate Behavior ::run [ RunTime:0.017642s ]
INFO: [ view_parse ] --END-- [ RunTime:0.018116s ]
INFO: [ view_filter ] --START--
INFO: ContentReplace Behavior ::run [ RunTime:0.001839s ]
INFO: TokenBuild Behavior ::run [ RunTime:0.001059s ]
INFO: WriteHtmlCache Behavior ::run [ RunTime:0.001392s ]
INFO: ShowRuntime Behavior ::run [ RunTime:0.001033s ]
INFO: [ view_filter ] --END-- [ RunTime:0.005912s ]
INFO: [ view_end ] --START--
INFO: ShowPageTrace Behavior ::run [ RunTime:0.002166s ]
INFO: [ view_end ] --END-- [ RunTime:0.002459s ]

[ 2016-05-13T00:09:28+08:00 ] 127.0.0.1 /cafuc/index.php/Admin/Index/index.html
INFO: [ route_check ] --START--
INFO: CheckRoute Behavior ::run [ RunTime:0.001264s ]
INFO: [ route_check ] --END-- [ RunTime:0.001472s ]
INFO: [ app_begin ] --START--
INFO: ReadHtmlCache Behavior ::run [ RunTime:0.000859s ]
INFO: [ app_begin ] --END-- [ RunTime:0.001044s ]
INFO: [ view_parse ] --START--
INFO: ParseTemplate Behavior ::run [ RunTime:0.014202s ]
INFO: [ view_parse ] --END-- [ RunTime:0.014362s ]
INFO: [ view_filter ] --START--
INFO: ContentReplace Behavior ::run [ RunTime:0.001922s ]
INFO: TokenBuild Behavior ::run [ RunTime:0.001377s ]
INFO: WriteHtmlCache Behavior ::run [ RunTime:0.000581s ]
INFO: ShowRuntime Behavior ::run [ RunTime:0.000761s ]
INFO: [ view_filter ] --END-- [ RunTime:0.005127s ]
INFO: [ view_end ] --START--
INFO: ShowPageTrace Behavior ::run [ RunTime:0.000823s ]
INFO: [ view_end ] --END-- [ RunTime:0.000934s ]

[ 2016-05-13T00:09:33+08:00 ] 127.0.0.1 /cafuc/index.php/Admin/Index/logininfo.html
INFO: [ route_check ] --START--
INFO: CheckRoute Behavior ::run [ RunTime:0.000802s ]
INFO: [ route_check ] --END-- [ RunTime:0.000946s ]
INFO: [ app_begin ] --START--
INFO: ReadHtmlCache Behavior ::run [ RunTime:0.001240s ]
INFO: [ app_begin ] --END-- [ RunTime:0.001416s ]
SQL: SHOW COLUMNS FROM `web_users` [ RunTime:0.005819s ]
SQL: SELECT COUNT(*) AS tp_count FROM `web_users` LIMIT 1   [ RunTime:0.000360s ]
SQL: SELECT * FROM `web_users` ORDER BY logintime desc LIMIT 0,10   [ RunTime:0.000444s ]
INFO: [ view_parse ] --START--
INFO: ParseTemplate Behavior ::run [ RunTime:0.019969s ]
INFO: [ view_parse ] --END-- [ RunTime:0.020317s ]
INFO: [ view_filter ] --START--
INFO: ContentReplace Behavior ::run [ RunTime:0.000879s ]
INFO: TokenBuild Behavior ::run [ RunTime:0.001049s ]
INFO: WriteHtmlCache Behavior ::run [ RunTime:0.000847s ]
INFO: ShowRuntime Behavior ::run [ RunTime:0.000817s ]
INFO: [ view_filter ] --END-- [ RunTime:0.004027s ]
INFO: [ view_end ] --START--
INFO: ShowPageTrace Behavior ::run [ RunTime:0.001275s ]
INFO: [ view_end ] --END-- [ RunTime:0.001422s ]

[ 2016-05-13T00:09:35+08:00 ] 127.0.0.1 /cafuc/index.php/Admin/Index/logininfo/p/2.html
INFO: [ route_check ] --START--
INFO: CheckRoute Behavior ::run [ RunTime:0.000831s ]
INFO: [ route_check ] --END-- [ RunTime:0.000991s ]
INFO: [ app_begin ] --START--
INFO: ReadHtmlCache Behavior ::run [ RunTime:0.000656s ]
INFO: [ app_begin ] --END-- [ RunTime:0.000793s ]
SQL: SHOW COLUMNS FROM `web_users` [ RunTime:0.004800s ]
SQL: SELECT COUNT(*) AS tp_count FROM `web_users` LIMIT 1   [ RunTime:0.000656s ]
SQL: SELECT * FROM `web_users` ORDER BY logintime desc LIMIT 10,10   [ RunTime:0.001155s ]
INFO: [ view_parse ] --START--
INFO: ParseTemplate Behavior ::run [ RunTime:0.017350s ]
INFO: [ view_parse ] --END-- [ RunTime:0.017526s ]
INFO: [ view_filter ] --START--
INFO: ContentReplace Behavior ::run [ RunTime:0.000706s ]
INFO: TokenBuild Behavior ::run [ RunTime:0.000647s ]
INFO: WriteHtmlCache Behavior ::run [ RunTime:0.000573s ]
INFO: ShowRuntime Behavior ::run [ RunTime:0.000837s ]
INFO: [ view_filter ] --END-- [ RunTime:0.003099s ]
INFO: [ view_end ] --START--
INFO: ShowPageTrace Behavior ::run [ RunTime:0.000873s ]
INFO: [ view_end ] --END-- [ RunTime:0.000987s ]

[ 2016-05-13T00:09:37+08:00 ] 127.0.0.1 /cafuc/index.php/Admin/Index/logininfo/p/1.html
INFO: [ route_check ] --START--
INFO: CheckRoute Behavior ::run [ RunTime:0.001609s ]
INFO: [ route_check ] --END-- [ RunTime:0.001871s ]
INFO: [ app_begin ] --START--
INFO: ReadHtmlCache Behavior ::run [ RunTime:0.001343s ]
INFO: [ app_begin ] --END-- [ RunTime:0.001569s ]
SQL: SHOW COLUMNS FROM `web_users` [ RunTime:0.004444s ]
SQL: SELECT COUNT(*) AS tp_count FROM `web_users` LIMIT 1   [ RunTime:0.000351s ]
SQL: SELECT * FROM `web_users` ORDER BY logintime desc LIMIT 0,10   [ RunTime:0.000429s ]
INFO: [ view_parse ] --START--
INFO: ParseTemplate Behavior ::run [ RunTime:0.017680s ]
INFO: [ view_parse ] --END-- [ RunTime:0.017889s ]
INFO: [ view_filter ] --START--
INFO: ContentReplace Behavior ::run [ RunTime:0.000907s ]
INFO: TokenBuild Behavior ::run [ RunTime:0.000888s ]
INFO: WriteHtmlCache Behavior ::run [ RunTime:0.000607s ]
INFO: ShowRuntime Behavior ::run [ RunTime:0.001044s ]
INFO: [ view_filter ] --END-- [ RunTime:0.003896s ]
INFO: [ view_end ] --START--
INFO: ShowPageTrace Behavior ::run [ RunTime:0.000971s ]
INFO: [ view_end ] --END-- [ RunTime:0.001094s ]

[ 2016-05-13T00:10:26+08:00 ] 127.0.0.1 /cafuc/index.php/Admin/Index/logininfo/p/2.html
INFO: [ route_check ] --START--
INFO: CheckRoute Behavior ::run [ RunTime:0.000881s ]
INFO: [ route_check ] --END-- [ RunTime:0.001084s ]
INFO: [ app_begin ] --START--
INFO: ReadHtmlCache Behavior ::run [ RunTime:0.000836s ]
INFO: [ app_begin ] --END-- [ RunTime:0.000983s ]
SQL: SHOW COLUMNS FROM `web_users` [ RunTime:0.005460s ]
SQL: SELECT COUNT(*) AS tp_count FROM `web_users` LIMIT 1   [ RunTime:0.000528s ]
SQL: SELECT * FROM `web_users` ORDER BY logintime desc LIMIT 10,10   [ RunTime:0.000541s ]
INFO: [ view_parse ] --START--
INFO: ParseTemplate Behavior ::run [ RunTime:0.017782s ]
INFO: [ view_parse ] --END-- [ RunTime:0.017948s ]
INFO: [ view_filter ] --START--
INFO: ContentReplace Behavior ::run [ RunTime:0.000906s ]
INFO: TokenBuild Behavior ::run [ RunTime:0.000659s ]
INFO: WriteHtmlCache Behavior ::run [ RunTime:0.000549s ]
INFO: ShowRuntime Behavior ::run [ RunTime:0.000773s ]
INFO: [ view_filter ] --END-- [ RunTime:0.003224s ]
INFO: [ view_end ] --START--
INFO: ShowPageTrace Behavior ::run [ RunTime:0.001505s ]
INFO: [ view_end ] --END-- [ RunTime:0.001900s ]

[ 2016-05-13T00:10:28+08:00 ] 127.0.0.1 /cafuc/index.php/Admin/Index/logininfo/p/1.html
INFO: [ route_check ] --START--
INFO: CheckRoute Behavior ::run [ RunTime:0.000791s ]
INFO: [ route_check ] --END-- [ RunTime:0.000929s ]
INFO: [ app_begin ] --START--
INFO: ReadHtmlCache Behavior ::run [ RunTime:0.000852s ]
INFO: [ app_begin ] --END-- [ RunTime:0.001095s ]
SQL: SHOW COLUMNS FROM `web_users` [ RunTime:0.004390s ]
SQL: SELECT COUNT(*) AS tp_count FROM `web_users` LIMIT 1   [ RunTime:0.000339s ]
SQL: SELECT * FROM `web_users` ORDER BY logintime desc LIMIT 0,10   [ RunTime:0.000424s ]
INFO: [ view_parse ] --START--
INFO: ParseTemplate Behavior ::run [ RunTime:0.016450s ]
INFO: [ view_parse ] --END-- [ RunTime:0.016631s ]
INFO: [ view_filter ] --START--
INFO: ContentReplace Behavior ::run [ RunTime:0.001071s ]
INFO: TokenBuild Behavior ::run [ RunTime:0.001389s ]
INFO: WriteHtmlCache Behavior ::run [ RunTime:0.000705s ]
INFO: ShowRuntime Behavior ::run [ RunTime:0.000824s ]
INFO: [ view_filter ] --END-- [ RunTime:0.004418s ]
INFO: [ view_end ] --START--
INFO: ShowPageTrace Behavior ::run [ RunTime:0.001207s ]
INFO: [ view_end ] --END-- [ RunTime:0.001414s ]

[ 2016-05-13T00:11:24+08:00 ] 127.0.0.1 /cafuc/index.php/Admin/Index/logininfo/p/1.html
INFO: [ route_check ] --START--
INFO: CheckRoute Behavior ::run [ RunTime:0.001172s ]
INFO: [ route_check ] --END-- [ RunTime:0.001321s ]
INFO: [ app_begin ] --START--
INFO: ReadHtmlCache Behavior ::run [ RunTime:0.000699s ]
INFO: [ app_begin ] --END-- [ RunTime:0.000820s ]
SQL: SHOW COLUMNS FROM `web_users` [ RunTime:0.004719s ]
SQL: SELECT COUNT(*) AS tp_count FROM `web_users` LIMIT 1   [ RunTime:0.000612s ]
SQL: SELECT * FROM `web_users` ORDER BY logintime desc LIMIT 0,10   [ RunTime:0.000707s ]
INFO: [ view_parse ] --START--
INFO: ParseTemplate Behavior ::run [ RunTime:0.018781s ]
INFO: [ view_parse ] --END-- [ RunTime:0.019187s ]
INFO: [ view_filter ] --START--
INFO: ContentReplace Behavior ::run [ RunTime:0.000700s ]
INFO: TokenBuild Behavior ::run [ RunTime:0.000659s ]
INFO: WriteHtmlCache Behavior ::run [ RunTime:0.000589s ]
INFO: ShowRuntime Behavior ::run [ RunTime:0.000760s ]
INFO: [ view_filter ] --END-- [ RunTime:0.003044s ]
INFO: [ view_end ] --START--
INFO: ShowPageTrace Behavior ::run [ RunTime:0.000895s ]
INFO: [ view_end ] --END-- [ RunTime:0.001010s ]

[ 2016-05-13T00:11:40+08:00 ] 127.0.0.1 /cafuc/index.php/Admin/Index/logininfo/p/1.html
INFO: [ route_check ] --START--
INFO: CheckRoute Behavior ::run [ RunTime:0.001079s ]
INFO: [ route_check ] --END-- [ RunTime:0.001218s ]
INFO: [ app_begin ] --START--
INFO: ReadHtmlCache Behavior ::run [ RunTime:0.000914s ]
INFO: [ app_begin ] --END-- [ RunTime:0.001076s ]
SQL: SHOW COLUMNS FROM `web_users` [ RunTime:0.004592s ]
SQL: SELECT COUNT(*) AS tp_count FROM `web_users` LIMIT 1   [ RunTime:0.000298s ]
SQL: SELECT * FROM `web_users` ORDER BY logintime desc LIMIT 0,10   [ RunTime:0.000377s ]
INFO: [ view_parse ] --START--
INFO: ParseTemplate Behavior ::run [ RunTime:0.017182s ]
INFO: [ view_parse ] --END-- [ RunTime:0.017370s ]
INFO: [ view_filter ] --START--
INFO: ContentReplace Behavior ::run [ RunTime:0.001284s ]
INFO: TokenBuild Behavior ::run [ RunTime:0.001839s ]
INFO: WriteHtmlCache Behavior ::run [ RunTime:0.000746s ]
INFO: ShowRuntime Behavior ::run [ RunTime:0.001291s ]
INFO: [ view_filter ] --END-- [ RunTime:0.005706s ]
INFO: [ view_end ] --START--
INFO: ShowPageTrace Behavior ::run [ RunTime:0.000860s ]
INFO: [ view_end ] --END-- [ RunTime:0.000980s ]

[ 2016-05-13T00:11:51+08:00 ] 127.0.0.1 /cafuc/index.php/Admin/Index/logininfo/p/1.html
INFO: [ route_check ] --START--
INFO: CheckRoute Behavior ::run [ RunTime:0.002179s ]
INFO: [ route_check ] --END-- [ RunTime:0.002420s ]
INFO: [ app_begin ] --START--
INFO: ReadHtmlCache Behavior ::run [ RunTime:0.001094s ]
INFO: [ app_begin ] --END-- [ RunTime:0.001295s ]
SQL: SHOW COLUMNS FROM `web_users` [ RunTime:0.005009s ]
SQL: SELECT COUNT(*) AS tp_count FROM `web_users` LIMIT 1   [ RunTime:0.000381s ]
SQL: SELECT * FROM `web_users` ORDER BY logintime desc LIMIT 0,10   [ RunTime:0.000946s ]
INFO: [ view_parse ] --START--
INFO: ParseTemplate Behavior ::run [ RunTime:0.020464s ]
INFO: [ view_parse ] --END-- [ RunTime:0.020732s ]
INFO: [ view_filter ] --START--
INFO: ContentReplace Behavior ::run [ RunTime:0.000808s ]
INFO: TokenBuild Behavior ::run [ RunTime:0.000599s ]
INFO: WriteHtmlCache Behavior ::run [ RunTime:0.000438s ]
INFO: ShowRuntime Behavior ::run [ RunTime:0.000770s ]
INFO: [ view_filter ] --END-- [ RunTime:0.002990s ]
INFO: [ view_end ] --START--
INFO: ShowPageTrace Behavior ::run [ RunTime:0.001351s ]
INFO: [ view_end ] --END-- [ RunTime:0.001518s ]

[ 2016-05-13T00:13:20+08:00 ] 127.0.0.1 /cafuc/index.php/Index/Index/files.html
INFO: [ route_check ] --START--
INFO: CheckRoute Behavior ::run [ RunTime:0.001700s ]
INFO: [ route_check ] --END-- [ RunTime:0.001924s ]
INFO: [ app_begin ] --START--
INFO: ReadHtmlCache Behavior ::run [ RunTime:0.001270s ]
INFO: [ app_begin ] --END-- [ RunTime:0.001482s ]
SQL: SHOW COLUMNS FROM `web_files` [ RunTime:0.129406s ]
SQL: SELECT COUNT(*) AS tp_count FROM `web_files` LIMIT 1   [ RunTime:0.000765s ]
SQL: SELECT * FROM `web_files` ORDER BY time desc LIMIT 0,11   [ RunTime:0.001271s ]
INFO: [ view_parse ] --START--
INFO: ParseTemplate Behavior ::run [ RunTime:0.036376s ]
INFO: [ view_parse ] --END-- [ RunTime:0.036995s ]
INFO: [ view_filter ] --START--
INFO: ContentReplace Behavior ::run [ RunTime:0.001058s ]
INFO: TokenBuild Behavior ::run [ RunTime:0.000842s ]
INFO: WriteHtmlCache Behavior ::run [ RunTime:0.000592s ]
INFO: ShowRuntime Behavior ::run [ RunTime:0.000983s ]
INFO: [ view_filter ] --END-- [ RunTime:0.004004s ]
INFO: [ view_end ] --START--
INFO: ShowPageTrace Behavior ::run [ RunTime:0.001075s ]
INFO: [ view_end ] --END-- [ RunTime:0.001232s ]

[ 2016-05-13T00:16:33+08:00 ] 127.0.0.1 /cafuc/index.php/Index/Index/index.html
INFO: [ route_check ] --START--
INFO: CheckRoute Behavior ::run [ RunTime:0.002452s ]
INFO: [ route_check ] --END-- [ RunTime:0.002723s ]
INFO: [ app_begin ] --START--
INFO: ReadHtmlCache Behavior ::run [ RunTime:0.000834s ]
INFO: [ app_begin ] --END-- [ RunTime:0.001010s ]
INFO: [ view_parse ] --START--
INFO: ParseTemplate Behavior ::run [ RunTime:0.020901s ]
INFO: [ view_parse ] --END-- [ RunTime:0.021101s ]
INFO: [ view_filter ] --START--
INFO: ContentReplace Behavior ::run [ RunTime:0.000840s ]
INFO: TokenBuild Behavior ::run [ RunTime:0.000641s ]
INFO: WriteHtmlCache Behavior ::run [ RunTime:0.000495s ]
INFO: ShowRuntime Behavior ::run [ RunTime:0.000736s ]
INFO: [ view_filter ] --END-- [ RunTime:0.003056s ]
INFO: [ view_end ] --START--
INFO: ShowPageTrace Behavior ::run [ RunTime:0.000949s ]
INFO: [ view_end ] --END-- [ RunTime:0.001153s ]

[ 2016-05-13T00:16:33+08:00 ] 127.0.0.1 /cafuc/index.php/Admin/Login/verify.html
INFO: [ route_check ] --START--
INFO: CheckRoute Behavior ::run [ RunTime:0.001456s ]
INFO: [ route_check ] --END-- [ RunTime:0.002288s ]
INFO: [ app_begin ] --START--
INFO: ReadHtmlCache Behavior ::run [ RunTime:0.001051s ]
INFO: [ app_begin ] --END-- [ RunTime:0.001280s ]

[ 2016-05-13T00:19:04+08:00 ] 127.0.0.1 /cafuc/index.php/Admin/Index/logininfo/p/1.html
INFO: [ route_check ] --START--
INFO: CheckRoute Behavior ::run [ RunTime:0.002226s ]
INFO: [ route_check ] --END-- [ RunTime:0.002493s ]
INFO: [ app_begin ] --START--
INFO: ReadHtmlCache Behavior ::run [ RunTime:0.000972s ]
INFO: [ app_begin ] --END-- [ RunTime:0.001139s ]
SQL: SHOW COLUMNS FROM `web_users` [ RunTime:0.003484s ]
SQL: SELECT COUNT(*) AS tp_count FROM `web_users` LIMIT 1   [ RunTime:0.000292s ]
SQL: SELECT * FROM `web_users` ORDER BY logintime desc LIMIT 60   [ RunTime:0.000403s ]

[ 2016-05-13T00:19:23+08:00 ] 127.0.0.1 /cafuc/index.php/Admin/Index/logininfo/p/1.html
INFO: [ route_check ] --START--
INFO: CheckRoute Behavior ::run [ RunTime:0.000783s ]
INFO: [ route_check ] --END-- [ RunTime:0.000921s ]
INFO: [ app_begin ] --START--
INFO: ReadHtmlCache Behavior ::run [ RunTime:0.000582s ]
INFO: [ app_begin ] --END-- [ RunTime:0.000701s ]
SQL: SHOW COLUMNS FROM `web_users` [ RunTime:0.004607s ]
SQL: SELECT COUNT(*) AS tp_count FROM `web_users` LIMIT 1   [ RunTime:0.000769s ]
SQL: SELECT * FROM `web_users` ORDER BY logintime desc LIMIT 60   [ RunTime:0.000497s ]

[ 2016-05-13T00:20:23+08:00 ] 127.0.0.1 /cafuc/index.php/Admin/Index/logininfo/p/1.html
INFO: [ route_check ] --START--
INFO: CheckRoute Behavior ::run [ RunTime:0.001259s ]
INFO: [ route_check ] --END-- [ RunTime:0.001502s ]
INFO: [ app_begin ] --START--
INFO: ReadHtmlCache Behavior ::run [ RunTime:0.001484s ]
INFO: [ app_begin ] --END-- [ RunTime:0.001819s ]
SQL: SHOW COLUMNS FROM `web_users` [ RunTime:0.004995s ]
SQL: SELECT COUNT(*) AS tp_count FROM `web_users` ORDER BY logintime desc LIMIT 1   [ RunTime:0.001048s ]
SQL: SELECT * FROM `web_users` ORDER BY logintime desc LIMIT 0,10   [ RunTime:0.001423s ]
INFO: [ view_parse ] --START--
INFO: ParseTemplate Behavior ::run [ RunTime:0.022608s ]
INFO: [ view_parse ] --END-- [ RunTime:0.022889s ]
INFO: [ view_filter ] --START--
INFO: ContentReplace Behavior ::run [ RunTime:0.000923s ]
INFO: TokenBuild Behavior ::run [ RunTime:0.000903s ]
INFO: WriteHtmlCache Behavior ::run [ RunTime:0.000635s ]
INFO: ShowRuntime Behavior ::run [ RunTime:0.001693s ]
INFO: [ view_filter ] --END-- [ RunTime:0.004685s ]
INFO: [ view_end ] --START--
INFO: ShowPageTrace Behavior ::run [ RunTime:0.002005s ]
INFO: [ view_end ] --END-- [ RunTime:0.002387s ]

[ 2016-05-13T00:20:24+08:00 ] 127.0.0.1 /cafuc/index.php/Admin/Index/logininfo/p/2.html
INFO: [ route_check ] --START--
INFO: CheckRoute Behavior ::run [ RunTime:0.000786s ]
INFO: [ route_check ] --END-- [ RunTime:0.000924s ]
INFO: [ app_begin ] --START--
INFO: ReadHtmlCache Behavior ::run [ RunTime:0.000624s ]
INFO: [ app_begin ] --END-- [ RunTime:0.000744s ]
SQL: SHOW COLUMNS FROM `web_users` [ RunTime:0.004863s ]
SQL: SELECT COUNT(*) AS tp_count FROM `web_users` ORDER BY logintime desc LIMIT 1   [ RunTime:0.000386s ]
SQL: SELECT * FROM `web_users` ORDER BY logintime desc LIMIT 10,10   [ RunTime:0.000358s ]
INFO: [ view_parse ] --START--
INFO: ParseTemplate Behavior ::run [ RunTime:0.015408s ]
INFO: [ view_parse ] --END-- [ RunTime:0.015567s ]
INFO: [ view_filter ] --START--
INFO: ContentReplace Behavior ::run [ RunTime:0.000535s ]
INFO: TokenBuild Behavior ::run [ RunTime:0.000472s ]
INFO: WriteHtmlCache Behavior ::run [ RunTime:0.000321s ]
INFO: ShowRuntime Behavior ::run [ RunTime:0.000605s ]
INFO: [ view_filter ] --END-- [ RunTime:0.002253s ]
INFO: [ view_end ] --START--
INFO: ShowPageTrace Behavior ::run [ RunTime:0.000646s ]
INFO: [ view_end ] --END-- [ RunTime:0.000759s ]

[ 2016-05-13T00:20:26+08:00 ] 127.0.0.1 /cafuc/index.php/Admin/Index/logininfo/p/1.html
INFO: [ route_check ] --START--
INFO: CheckRoute Behavior ::run [ RunTime:0.000882s ]
INFO: [ route_check ] --END-- [ RunTime:0.001053s ]
INFO: [ app_begin ] --START--
INFO: ReadHtmlCache Behavior ::run [ RunTime:0.002376s ]
INFO: [ app_begin ] --END-- [ RunTime:0.002611s ]
SQL: SHOW COLUMNS FROM `web_users` [ RunTime:0.004465s ]
SQL: SELECT COUNT(*) AS tp_count FROM `web_users` ORDER BY logintime desc LIMIT 1   [ RunTime:0.000331s ]
SQL: SELECT * FROM `web_users` ORDER BY logintime desc LIMIT 0,10   [ RunTime:0.000364s ]
INFO: [ view_parse ] --START--
INFO: ParseTemplate Behavior ::run [ RunTime:0.019745s ]
INFO: [ view_parse ] --END-- [ RunTime:0.019957s ]
INFO: [ view_filter ] --START--
INFO: ContentReplace Behavior ::run [ RunTime:0.000832s ]
INFO: TokenBuild Behavior ::run [ RunTime:0.001255s ]
INFO: WriteHtmlCache Behavior ::run [ RunTime:0.000556s ]
INFO: ShowRuntime Behavior ::run [ RunTime:0.001007s ]
INFO: [ view_filter ] --END-- [ RunTime:0.004142s ]
INFO: [ view_end ] --START--
INFO: ShowPageTrace Behavior ::run [ RunTime:0.001473s ]
INFO: [ view_end ] --END-- [ RunTime:0.001614s ]

[ 2016-05-13T00:21:16+08:00 ] 127.0.0.1 /cafuc/index.php/Index/Index/messages.html
INFO: [ route_check ] --START--
INFO: CheckRoute Behavior ::run [ RunTime:0.001082s ]
INFO: [ route_check ] --END-- [ RunTime:0.001237s ]
INFO: [ app_begin ] --START--
INFO: ReadHtmlCache Behavior ::run [ RunTime:0.000713s ]
INFO: [ app_begin ] --END-- [ RunTime:0.000834s ]
INFO: [ view_parse ] --START--
INFO: ParseTemplate Behavior ::run [ RunTime:0.012453s ]
INFO: [ view_parse ] --END-- [ RunTime:0.012590s ]
INFO: [ view_filter ] --START--
INFO: ContentReplace Behavior ::run [ RunTime:0.000755s ]
INFO: TokenBuild Behavior ::run [ RunTime:0.000730s ]
INFO: WriteHtmlCache Behavior ::run [ RunTime:0.000373s ]
INFO: ShowRuntime Behavior ::run [ RunTime:0.000606s ]
INFO: [ view_filter ] --END-- [ RunTime:0.002821s ]
INFO: [ view_end ] --START--
INFO: ShowPageTrace Behavior ::run [ RunTime:0.000704s ]
INFO: [ view_end ] --END-- [ RunTime:0.000816s ]

[ 2016-05-13T00:21:17+08:00 ] 127.0.0.1 /cafuc/index.php/Admin/Login/verify.html
INFO: [ route_check ] --START--
INFO: CheckRoute Behavior ::run [ RunTime:0.001636s ]
INFO: [ route_check ] --END-- [ RunTime:0.001967s ]
INFO: [ app_begin ] --START--
INFO: ReadHtmlCache Behavior ::run [ RunTime:0.000963s ]
INFO: [ app_begin ] --END-- [ RunTime:0.001147s ]

[ 2016-05-13T00:27:33+08:00 ] 127.0.0.1 /cafuc/index.php/Index/Index/messages.html
INFO: [ route_check ] --START--
INFO: CheckRoute Behavior ::run [ RunTime:0.001452s ]
INFO: [ route_check ] --END-- [ RunTime:0.001644s ]
INFO: [ app_begin ] --START--
INFO: ReadHtmlCache Behavior ::run [ RunTime:0.000955s ]
INFO: [ app_begin ] --END-- [ RunTime:0.001123s ]
INFO: [ view_parse ] --START--
INFO: ParseTemplate Behavior ::run [ RunTime:0.014209s ]
INFO: [ view_parse ] --END-- [ RunTime:0.014379s ]
INFO: [ view_filter ] --START--
INFO: ContentReplace Behavior ::run [ RunTime:0.000823s ]
INFO: TokenBuild Behavior ::run [ RunTime:0.001234s ]
INFO: WriteHtmlCache Behavior ::run [ RunTime:0.000542s ]
INFO: ShowRuntime Behavior ::run [ RunTime:0.000744s ]
INFO: [ view_filter ] --END-- [ RunTime:0.003701s ]
INFO: [ view_end ] --START--
INFO: ShowPageTrace Behavior ::run [ RunTime:0.001056s ]
INFO: [ view_end ] --END-- [ RunTime:0.001175s ]

[ 2016-05-13T00:27:33+08:00 ] 127.0.0.1 /cafuc/index.php/Admin/Login/verify.html
INFO: [ route_check ] --START--
INFO: CheckRoute Behavior ::run [ RunTime:0.001864s ]
INFO: [ route_check ] --END-- [ RunTime:0.002097s ]
INFO: [ app_begin ] --START--
INFO: ReadHtmlCache Behavior ::run [ RunTime:0.001050s ]
INFO: [ app_begin ] --END-- [ RunTime:0.001276s ]

[ 2016-05-13T00:27:43+08:00 ] 127.0.0.1 /cafuc/index.php/Index/Index/index.html
INFO: [ route_check ] --START--
INFO: CheckRoute Behavior ::run [ RunTime:0.000902s ]
INFO: [ route_check ] --END-- [ RunTime:0.001053s ]
INFO: [ app_begin ] --START--
INFO: ReadHtmlCache Behavior ::run [ RunTime:0.001152s ]
INFO: [ app_begin ] --END-- [ RunTime:0.001301s ]
INFO: [ view_parse ] --START--
INFO: ParseTemplate Behavior ::run [ RunTime:0.017605s ]
INFO: [ view_parse ] --END-- [ RunTime:0.017832s ]
INFO: [ view_filter ] --START--
INFO: ContentReplace Behavior ::run [ RunTime:0.001081s ]
INFO: TokenBuild Behavior ::run [ RunTime:0.001335s ]
INFO: WriteHtmlCache Behavior ::run [ RunTime:0.000459s ]
INFO: ShowRuntime Behavior ::run [ RunTime:0.000625s ]
INFO: [ view_filter ] --END-- [ RunTime:0.003892s ]
INFO: [ view_end ] --START--
INFO: ShowPageTrace Behavior ::run [ RunTime:0.000705s ]
INFO: [ view_end ] --END-- [ RunTime:0.000837s ]

[ 2016-05-13T00:27:43+08:00 ] 127.0.0.1 /cafuc/index.php/Admin/Login/verify.html
INFO: [ route_check ] --START--
INFO: CheckRoute Behavior ::run [ RunTime:0.001098s ]
INFO: [ route_check ] --END-- [ RunTime:0.001301s ]
INFO: [ app_begin ] --START--
INFO: ReadHtmlCache Behavior ::run [ RunTime:0.000665s ]
INFO: [ app_begin ] --END-- [ RunTime:0.000798s ]

[ 2016-05-13T00:28:01+08:00 ] 127.0.0.1 /cafuc/index.php/Index/Index/index.html
INFO: [ route_check ] --START--
INFO: CheckRoute Behavior ::run [ RunTime:0.000973s ]
INFO: [ route_check ] --END-- [ RunTime:0.001146s ]
INFO: [ app_begin ] --START--
INFO: ReadHtmlCache Behavior ::run [ RunTime:0.000621s ]
INFO: [ app_begin ] --END-- [ RunTime:0.000767s ]
INFO: [ view_parse ] --START--
INFO: ParseTemplate Behavior ::run [ RunTime:0.016730s ]
INFO: [ view_parse ] --END-- [ RunTime:0.016881s ]
INFO: [ view_filter ] --START--
INFO: ContentReplace Behavior ::run [ RunTime:0.000639s ]
INFO: TokenBuild Behavior ::run [ RunTime:0.000913s ]
INFO: WriteHtmlCache Behavior ::run [ RunTime:0.000594s ]
INFO: ShowRuntime Behavior ::run [ RunTime:0.000667s ]
INFO: [ view_filter ] --END-- [ RunTime:0.003233s ]
INFO: [ view_end ] --START--
INFO: ShowPageTrace Behavior ::run [ RunTime:0.000938s ]
INFO: [ view_end ] --END-- [ RunTime:0.001122s ]

[ 2016-05-13T00:28:01+08:00 ] 127.0.0.1 /cafuc/index.php/Admin/Login/verify.html
INFO: [ route_check ] --START--
INFO: CheckRoute Behavior ::run [ RunTime:0.000861s ]
INFO: [ route_check ] --END-- [ RunTime:0.001008s ]
INFO: [ app_begin ] --START--
INFO: ReadHtmlCache Behavior ::run [ RunTime:0.000628s ]
INFO: [ app_begin ] --END-- [ RunTime:0.000755s ]

[ 2016-05-13T00:28:17+08:00 ] 127.0.0.1 /cafuc/index.php/Index/Index/index.html
INFO: [ route_check ] --START--
INFO: CheckRoute Behavior ::run [ RunTime:0.001213s ]
INFO: [ route_check ] --END-- [ RunTime:0.001424s ]
INFO: [ app_begin ] --START--
INFO: ReadHtmlCache Behavior ::run [ RunTime:0.001503s ]
INFO: [ app_begin ] --END-- [ RunTime:0.001822s ]
INFO: [ view_parse ] --START--
INFO: ParseTemplate Behavior ::run [ RunTime:0.019689s ]
INFO: [ view_parse ] --END-- [ RunTime:0.019943s ]
INFO: [ view_filter ] --START--
INFO: ContentReplace Behavior ::run [ RunTime:0.000590s ]
INFO: TokenBuild Behavior ::run [ RunTime:0.000467s ]
INFO: WriteHtmlCache Behavior ::run [ RunTime:0.000341s ]
INFO: ShowRuntime Behavior ::run [ RunTime:0.000594s ]
INFO: [ view_filter ] --END-- [ RunTime:0.002327s ]
INFO: [ view_end ] --START--
INFO: ShowPageTrace Behavior ::run [ RunTime:0.000608s ]
INFO: [ view_end ] --END-- [ RunTime:0.000723s ]

[ 2016-05-13T00:28:18+08:00 ] 127.0.0.1 /cafuc/index.php/Admin/Login/verify.html
INFO: [ route_check ] --START--
INFO: CheckRoute Behavior ::run [ RunTime:0.000847s ]
INFO: [ route_check ] --END-- [ RunTime:0.000994s ]
INFO: [ app_begin ] --START--
INFO: ReadHtmlCache Behavior ::run [ RunTime:0.001184s ]
INFO: [ app_begin ] --END-- [ RunTime:0.001453s ]

[ 2016-05-13T00:29:14+08:00 ] 127.0.0.1 /cafuc/index.php/Admin/Index/messages.html
INFO: [ route_check ] --START--
INFO: CheckRoute Behavior ::run [ RunTime:0.002333s ]
INFO: [ route_check ] --END-- [ RunTime:0.002616s ]
INFO: [ app_begin ] --START--
INFO: ReadHtmlCache Behavior ::run [ RunTime:0.000849s ]
INFO: [ app_begin ] --END-- [ RunTime:0.001050s ]
ERR: 非法操作:messages

[ 2016-05-13T00:30:13+08:00 ] 127.0.0.1 /cafuc/index.php/Admin/Index/messages.html
INFO: [ route_check ] --START--
INFO: CheckRoute Behavior ::run [ RunTime:0.001278s ]
INFO: [ route_check ] --END-- [ RunTime:0.001452s ]
INFO: [ app_begin ] --START--
INFO: ReadHtmlCache Behavior ::run [ RunTime:0.001049s ]
INFO: [ app_begin ] --END-- [ RunTime:0.001233s ]
SQL: SHOW COLUMNS FROM `web_users` [ RunTime:0.003528s ]
SQL: SELECT COUNT(*) AS tp_count FROM `web_users` ORDER BY logintime desc LIMIT 1   [ RunTime:0.000335s ]

[ 2016-05-13T00:31:31+08:00 ] 127.0.0.1 /cafuc/index.php/Admin/Index/messages.html
INFO: [ route_check ] --START--
INFO: CheckRoute Behavior ::run [ RunTime:0.000776s ]
INFO: [ route_check ] --END-- [ RunTime:0.000916s ]
INFO: [ app_begin ] --START--
INFO: ReadHtmlCache Behavior ::run [ RunTime:0.000572s ]
INFO: [ app_begin ] --END-- [ RunTime:0.000688s ]
SQL: SHOW COLUMNS FROM `web_users` [ RunTime:0.003414s ]
SQL: SELECT COUNT(*) AS tp_count FROM `web_users` ORDER BY logintime desc LIMIT 1   [ RunTime:0.000397s ]
SQL: SELECT * FROM `web_users` ORDER BY logintime desc LIMIT 0,10   [ RunTime:0.001533s ]
ERR: 模板不存在[./Index/Tpl/Admin/Index_messages.html]

[ 2016-05-13T00:32:04+08:00 ] 127.0.0.1 /cafuc/index.php/Admin/Index/messages.html
INFO: [ route_check ] --START--
INFO: CheckRoute Behavior ::run [ RunTime:0.000972s ]
INFO: [ route_check ] --END-- [ RunTime:0.001146s ]
INFO: [ app_begin ] --START--
INFO: ReadHtmlCache Behavior ::run [ RunTime:0.000703s ]
INFO: [ app_begin ] --END-- [ RunTime:0.000848s ]
SQL: SHOW COLUMNS FROM `web_users` [ RunTime:0.004173s ]
SQL: SELECT COUNT(*) AS tp_count FROM `web_users` ORDER BY logintime desc LIMIT 1   [ RunTime:0.000325s ]
SQL: SELECT * FROM `web_users` ORDER BY logintime desc LIMIT 0,10   [ RunTime:0.000372s ]
INFO: [ view_parse ] --START--
INFO: ParseTemplate Behavior ::run [ RunTime:0.015093s ]
INFO: [ view_parse ] --END-- [ RunTime:0.015285s ]
INFO: [ view_filter ] --START--
INFO: ContentReplace Behavior ::run [ RunTime:0.000786s ]
INFO: TokenBuild Behavior ::run [ RunTime:0.000575s ]
INFO: WriteHtmlCache Behavior ::run [ RunTime:0.000428s ]
INFO: ShowRuntime Behavior ::run [ RunTime:0.000663s ]
INFO: [ view_filter ] --END-- [ RunTime:0.002764s ]
INFO: [ view_end ] --START--
INFO: ShowPageTrace Behavior ::run [ RunTime:0.000722s ]
INFO: [ view_end ] --END-- [ RunTime:0.000833s ]

[ 2016-05-13T00:33:14+08:00 ] 127.0.0.1 /cafuc/index.php/Admin/Index/messages.html
INFO: [ route_check ] --START--
INFO: CheckRoute Behavior ::run [ RunTime:0.002049s ]
INFO: [ route_check ] --END-- [ RunTime:0.002252s ]
INFO: [ app_begin ] --START--
INFO: ReadHtmlCache Behavior ::run [ RunTime:0.000976s ]
INFO: [ app_begin ] --END-- [ RunTime:0.001154s ]
SQL: SHOW COLUMNS FROM `web_users` [ RunTime:0.006094s ]
SQL: SELECT COUNT(*) AS tp_count FROM `web_users` ORDER BY logintime desc LIMIT 1   [ RunTime:0.000387s ]
SQL: SELECT * FROM `web_users` ORDER BY logintime desc LIMIT 0,10   [ RunTime:0.000511s ]
INFO: [ view_parse ] --START--
INFO: ParseTemplate Behavior ::run [ RunTime:0.017010s ]
INFO: [ view_parse ] --END-- [ RunTime:0.017178s ]
INFO: [ view_filter ] --START--
INFO: ContentReplace Behavior ::run [ RunTime:0.000804s ]
INFO: TokenBuild Behavior ::run [ RunTime:0.000571s ]
INFO: WriteHtmlCache Behavior ::run [ RunTime:0.000390s ]
INFO: ShowRuntime Behavior ::run [ RunTime:0.000784s ]
INFO: [ view_filter ] --END-- [ RunTime:0.002951s ]
INFO: [ view_end ] --START--
INFO: ShowPageTrace Behavior ::run [ RunTime:0.000924s ]
INFO: [ view_end ] --END-- [ RunTime:0.001182s ]

[ 2016-05-13T00:33:30+08:00 ] 127.0.0.1 /cafuc/index.php/Admin/Index/messages.html
INFO: [ route_check ] --START--
INFO: CheckRoute Behavior ::run [ RunTime:0.001645s ]
INFO: [ route_check ] --END-- [ RunTime:0.001975s ]
INFO: [ app_begin ] --START--
INFO: ReadHtmlCache Behavior ::run [ RunTime:0.000754s ]
INFO: [ app_begin ] --END-- [ RunTime:0.000906s ]
SQL: SHOW COLUMNS FROM `web_users` [ RunTime:0.004023s ]
SQL: SELECT COUNT(*) AS tp_count FROM `web_users` ORDER BY logintime desc LIMIT 1   [ RunTime:0.000320s ]
SQL: SELECT * FROM `web_users` ORDER BY logintime desc LIMIT 0,10   [ RunTime:0.000343s ]
INFO: [ view_parse ] --START--
INFO: ParseTemplate Behavior ::run [ RunTime:0.014906s ]
INFO: [ view_parse ] --END-- [ RunTime:0.015111s ]
INFO: [ view_filter ] --START--
INFO: ContentReplace Behavior ::run [ RunTime:0.000881s ]
INFO: TokenBuild Behavior ::run [ RunTime:0.000808s ]
INFO: WriteHtmlCache Behavior ::run [ RunTime:0.000576s ]
INFO: ShowRuntime Behavior ::run [ RunTime:0.000603s ]
INFO: [ view_filter ] --END-- [ RunTime:0.003311s ]
INFO: [ view_end ] --START--
INFO: ShowPageTrace Behavior ::run [ RunTime:0.000880s ]
INFO: [ view_end ] --END-- [ RunTime:0.001025s ]

[ 2016-05-13T00:33:51+08:00 ] 127.0.0.1 /cafuc/index.php/Admin/Index/messages.html
INFO: [ route_check ] --START--
INFO: CheckRoute Behavior ::run [ RunTime:0.001028s ]
INFO: [ route_check ] --END-- [ RunTime:0.001168s ]
INFO: [ app_begin ] --START--
INFO: ReadHtmlCache Behavior ::run [ RunTime:0.000688s ]
INFO: [ app_begin ] --END-- [ RunTime:0.000809s ]
SQL: SHOW COLUMNS FROM `web_users` [ RunTime:0.003641s ]
SQL: SELECT COUNT(*) AS tp_count FROM `web_users` ORDER BY logintime desc LIMIT 1   [ RunTime:0.000302s ]
SQL: SELECT * FROM `web_users` ORDER BY logintime desc LIMIT 0,10   [ RunTime:0.000358s ]
INFO: [ view_parse ] --START--
INFO: ParseTemplate Behavior ::run [ RunTime:0.017504s ]
INFO: [ view_parse ] --END-- [ RunTime:0.017655s ]
INFO: [ view_filter ] --START--
INFO: ContentReplace Behavior ::run [ RunTime:0.000752s ]
INFO: TokenBuild Behavior ::run [ RunTime:0.000749s ]
INFO: WriteHtmlCache Behavior ::run [ RunTime:0.000710s ]
INFO: ShowRuntime Behavior ::run [ RunTime:0.000680s ]
INFO: [ view_filter ] --END-- [ RunTime:0.003310s ]
INFO: [ view_end ] --START--
INFO: ShowPageTrace Behavior ::run [ RunTime:0.000742s ]
INFO: [ view_end ] --END-- [ RunTime:0.000855s ]

[ 2016-05-13T00:33:59+08:00 ] 127.0.0.1 /cafuc/index.php/Admin/Index/messages/p/2.html
INFO: [ route_check ] --START--
INFO: CheckRoute Behavior ::run [ RunTime:0.000840s ]
INFO: [ route_check ] --END-- [ RunTime:0.000992s ]
INFO: [ app_begin ] --START--
INFO: ReadHtmlCache Behavior ::run [ RunTime:0.000790s ]
INFO: [ app_begin ] --END-- [ RunTime:0.000993s ]
SQL: SHOW COLUMNS FROM `web_users` [ RunTime:0.006562s ]
SQL: SELECT COUNT(*) AS tp_count FROM `web_users` ORDER BY logintime desc LIMIT 1   [ RunTime:0.000574s ]
SQL: SELECT * FROM `web_users` ORDER BY logintime desc LIMIT 10,10   [ RunTime:0.000678s ]
INFO: [ view_parse ] --START--
INFO: ParseTemplate Behavior ::run [ RunTime:0.015389s ]
INFO: [ view_parse ] --END-- [ RunTime:0.015605s ]
INFO: [ view_filter ] --START--
INFO: ContentReplace Behavior ::run [ RunTime:0.001080s ]
INFO: TokenBuild Behavior ::run [ RunTime:0.000710s ]
INFO: WriteHtmlCache Behavior ::run [ RunTime:0.000386s ]
INFO: ShowRuntime Behavior ::run [ RunTime:0.000577s ]
INFO: [ view_filter ] --END-- [ RunTime:0.003117s ]
INFO: [ view_end ] --START--
INFO: ShowPageTrace Behavior ::run [ RunTime:0.000866s ]
INFO: [ view_end ] --END-- [ RunTime:0.001000s ]

[ 2016-05-13T00:34:01+08:00 ] 127.0.0.1 /cafuc/index.php/Admin/Index/messages/p/1.html
INFO: [ route_check ] --START--
INFO: CheckRoute Behavior ::run [ RunTime:0.005564s ]
INFO: [ route_check ] --END-- [ RunTime:0.006011s ]
INFO: [ app_begin ] --START--
INFO: ReadHtmlCache Behavior ::run [ RunTime:0.001040s ]
INFO: [ app_begin ] --END-- [ RunTime:0.001248s ]
SQL: SHOW COLUMNS FROM `web_users` [ RunTime:0.006037s ]
SQL: SELECT COUNT(*) AS tp_count FROM `web_users` ORDER BY logintime desc LIMIT 1   [ RunTime:0.000400s ]
SQL: SELECT * FROM `web_users` ORDER BY logintime desc LIMIT 0,10   [ RunTime:0.000420s ]
INFO: [ view_parse ] --START--
INFO: ParseTemplate Behavior ::run [ RunTime:0.018162s ]
INFO: [ view_parse ] --END-- [ RunTime:0.018365s ]
INFO: [ view_filter ] --START--
INFO: ContentReplace Behavior ::run [ RunTime:0.000856s ]
INFO: TokenBuild Behavior ::run [ RunTime:0.000579s ]
INFO: WriteHtmlCache Behavior ::run [ RunTime:0.000411s ]
INFO: ShowRuntime Behavior ::run [ RunTime:0.000710s ]
INFO: [ view_filter ] --END-- [ RunTime:0.002960s ]
INFO: [ view_end ] --START--
INFO: ShowPageTrace Behavior ::run [ RunTime:0.000917s ]
INFO: [ view_end ] --END-- [ RunTime:0.001124s ]

[ 2016-05-13T00:36:14+08:00 ] 127.0.0.1 /cafuc/index.php/Admin/Index/messages/p/1.html
INFO: [ route_check ] --START--
INFO: CheckRoute Behavior ::run [ RunTime:0.001815s ]
INFO: [ route_check ] --END-- [ RunTime:0.002055s ]
INFO: [ app_begin ] --START--
INFO: ReadHtmlCache Behavior ::run [ RunTime:0.000876s ]
INFO: [ app_begin ] --END-- [ RunTime:0.001025s ]
SQL: SHOW COLUMNS FROM `web_users` [ RunTime:0.004370s ]
SQL: SELECT COUNT(*) AS tp_count FROM `web_users` ORDER BY logintime desc LIMIT 1   [ RunTime:0.000410s ]
SQL: SELECT * FROM `web_users` ORDER BY logintime desc LIMIT 0,10   [ RunTime:0.000572s ]
INFO: [ view_parse ] --START--
INFO: ParseTemplate Behavior ::run [ RunTime:0.023170s ]
INFO: [ view_parse ] --END-- [ RunTime:0.023349s ]
INFO: [ view_filter ] --START--
INFO: ContentReplace Behavior ::run [ RunTime:0.000991s ]
INFO: TokenBuild Behavior ::run [ RunTime:0.000749s ]
INFO: WriteHtmlCache Behavior ::run [ RunTime:0.000588s ]
INFO: ShowRuntime Behavior ::run [ RunTime:0.000873s ]
INFO: [ view_filter ] --END-- [ RunTime:0.003599s ]
INFO: [ view_end ] --START--
INFO: ShowPageTrace Behavior ::run [ RunTime:0.001092s ]
INFO: [ view_end ] --END-- [ RunTime:0.001235s ]

[ 2016-05-13T00:36:27+08:00 ] 127.0.0.1 /cafuc/index.php/Admin/Index/messages/p/1.html
INFO: [ route_check ] --START--
INFO: CheckRoute Behavior ::run [ RunTime:0.002870s ]
INFO: [ route_check ] --END-- [ RunTime:0.003228s ]
INFO: [ app_begin ] --START--
INFO: ReadHtmlCache Behavior ::run [ RunTime:0.001479s ]
INFO: [ app_begin ] --END-- [ RunTime:0.001710s ]
SQL: SHOW COLUMNS FROM `web_users` [ RunTime:0.006214s ]
SQL: SELECT COUNT(*) AS tp_count FROM `web_users` ORDER BY logintime desc LIMIT 1   [ RunTime:0.000481s ]
SQL: SELECT * FROM `web_users` ORDER BY logintime desc LIMIT 0,10   [ RunTime:0.000419s ]
INFO: [ view_parse ] --START--
INFO: ParseTemplate Behavior ::run [ RunTime:0.025144s ]
INFO: [ view_parse ] --END-- [ RunTime:0.025291s ]
INFO: [ view_filter ] --START--
INFO: ContentReplace Behavior ::run [ RunTime:0.000937s ]
INFO: TokenBuild Behavior ::run [ RunTime:0.000994s ]
INFO: WriteHtmlCache Behavior ::run [ RunTime:0.000718s ]
INFO: ShowRuntime Behavior ::run [ RunTime:0.001056s ]
INFO: [ view_filter ] --END-- [ RunTime:0.004169s ]
INFO: [ view_end ] --START--
INFO: ShowPageTrace Behavior ::run [ RunTime:0.000796s ]
INFO: [ view_end ] --END-- [ RunTime:0.000933s ]

[ 2016-05-13T00:36:34+08:00 ] 127.0.0.1 /cafuc/index.php/Admin/Index/messages/p/1.html
INFO: [ route_check ] --START--
INFO: CheckRoute Behavior ::run [ RunTime:0.001444s ]
INFO: [ route_check ] --END-- [ RunTime:0.001614s ]
INFO: [ app_begin ] --START--
INFO: ReadHtmlCache Behavior ::run [ RunTime:0.000900s ]
INFO: [ app_begin ] --END-- [ RunTime:0.001050s ]
SQL: SHOW COLUMNS FROM `web_users` [ RunTime:0.003481s ]
SQL: SELECT COUNT(*) AS tp_count FROM `web_users` ORDER BY logintime desc LIMIT 1   [ RunTime:0.000352s ]
SQL: SELECT * FROM `web_users` ORDER BY logintime desc LIMIT 0,10   [ RunTime:0.000523s ]
INFO: [ view_parse ] --START--
INFO: ParseTemplate Behavior ::run [ RunTime:0.021885s ]
INFO: [ view_parse ] --END-- [ RunTime:0.022222s ]
INFO: [ view_filter ] --START--
INFO: ContentReplace Behavior ::run [ RunTime:0.001170s ]
INFO: TokenBuild Behavior ::run [ RunTime:0.000815s ]
INFO: WriteHtmlCache Behavior ::run [ RunTime:0.000873s ]
INFO: ShowRuntime Behavior ::run [ RunTime:0.000893s ]
INFO: [ view_filter ] --END-- [ RunTime:0.004117s ]
INFO: [ view_end ] --START--
INFO: ShowPageTrace Behavior ::run [ RunTime:0.001240s ]
INFO: [ view_end ] --END-- [ RunTime:0.001366s ]

[ 2016-05-13T00:36:38+08:00 ] 127.0.0.1 /cafuc/index.php/Admin/Index/messages/p/1.html
INFO: [ route_check ] --START--
INFO: CheckRoute Behavior ::run [ RunTime:0.001269s ]
INFO: [ route_check ] --END-- [ RunTime:0.001508s ]
INFO: [ app_begin ] --START--
INFO: ReadHtmlCache Behavior ::run [ RunTime:0.001072s ]
INFO: [ app_begin ] --END-- [ RunTime:0.001301s ]
SQL: SHOW COLUMNS FROM `web_users` [ RunTime:0.004999s ]
SQL: SELECT COUNT(*) AS tp_count FROM `web_users` ORDER BY logintime desc LIMIT 1   [ RunTime:0.000333s ]
SQL: SELECT * FROM `web_users` ORDER BY logintime desc LIMIT 0,10   [ RunTime:0.000597s ]
INFO: [ view_parse ] --START--
INFO: ParseTemplate Behavior ::run [ RunTime:0.027716s ]
INFO: [ view_parse ] --END-- [ RunTime:0.027912s ]
INFO: [ view_filter ] --START--
INFO: ContentReplace Behavior ::run [ RunTime:0.000794s ]
INFO: TokenBuild Behavior ::run [ RunTime:0.001043s ]
INFO: WriteHtmlCache Behavior ::run [ RunTime:0.000843s ]
INFO: ShowRuntime Behavior ::run [ RunTime:0.000832s ]
INFO: [ view_filter ] --END-- [ RunTime:0.003970s ]
INFO: [ view_end ] --START--
INFO: ShowPageTrace Behavior ::run [ RunTime:0.000906s ]
INFO: [ view_end ] --END-- [ RunTime:0.001032s ]

[ 2016-05-13T00:36:44+08:00 ] 127.0.0.1 /cafuc/index.php/Admin/Index/messages/p/2.html
INFO: [ route_check ] --START--
INFO: CheckRoute Behavior ::run [ RunTime:0.000988s ]
INFO: [ route_check ] --END-- [ RunTime:0.001155s ]
INFO: [ app_begin ] --START--
INFO: ReadHtmlCache Behavior ::run [ RunTime:0.000997s ]
INFO: [ app_begin ] --END-- [ RunTime:0.001191s ]
SQL: SHOW COLUMNS FROM `web_users` [ RunTime:0.003555s ]
SQL: SELECT COUNT(*) AS tp_count FROM `web_users` ORDER BY logintime desc LIMIT 1   [ RunTime:0.000335s ]
SQL: SELECT * FROM `web_users` ORDER BY logintime desc LIMIT 10,10   [ RunTime:0.000358s ]
INFO: [ view_parse ] --START--
INFO: ParseTemplate Behavior ::run [ RunTime:0.018860s ]
INFO: [ view_parse ] --END-- [ RunTime:0.019019s ]
INFO: [ view_filter ] --START--
INFO: ContentReplace Behavior ::run [ RunTime:0.000829s ]
INFO: TokenBuild Behavior ::run [ RunTime:0.000865s ]
INFO: WriteHtmlCache Behavior ::run [ RunTime:0.000528s ]
INFO: ShowRuntime Behavior ::run [ RunTime:0.000768s ]
INFO: [ view_filter ] --END-- [ RunTime:0.003385s ]
INFO: [ view_end ] --START--
INFO: ShowPageTrace Behavior ::run [ RunTime:0.000870s ]
INFO: [ view_end ] --END-- [ RunTime:0.000982s ]

[ 2016-05-13T00:36:49+08:00 ] 127.0.0.1 /cafuc/index.php/Admin/Index/messages/p/1.html
INFO: [ route_check ] --START--
INFO: CheckRoute Behavior ::run [ RunTime:0.001190s ]
INFO: [ route_check ] --END-- [ RunTime:0.001395s ]
INFO: [ app_begin ] --START--
INFO: ReadHtmlCache Behavior ::run [ RunTime:0.000900s ]
INFO: [ app_begin ] --END-- [ RunTime:0.001084s ]
SQL: SHOW COLUMNS FROM `web_users` [ RunTime:0.004968s ]
SQL: SELECT COUNT(*) AS tp_count FROM `web_users` ORDER BY logintime desc LIMIT 1   [ RunTime:0.000330s ]
SQL: SELECT * FROM `web_users` ORDER BY logintime desc LIMIT 0,10   [ RunTime:0.000400s ]
INFO: [ view_parse ] --START--
INFO: ParseTemplate Behavior ::run [ RunTime:0.019182s ]
INFO: [ view_parse ] --END-- [ RunTime:0.019393s ]
INFO: [ view_filter ] --START--
INFO: ContentReplace Behavior ::run [ RunTime:0.000849s ]
INFO: TokenBuild Behavior ::run [ RunTime:0.000666s ]
INFO: WriteHtmlCache Behavior ::run [ RunTime:0.001049s ]
INFO: ShowRuntime Behavior ::run [ RunTime:0.000804s ]
INFO: [ view_filter ] --END-- [ RunTime:0.003713s ]
INFO: [ view_end ] --START--
INFO: ShowPageTrace Behavior ::run [ RunTime:0.000878s ]
INFO: [ view_end ] --END-- [ RunTime:0.000995s ]

[ 2016-05-13T00:37:49+08:00 ] 127.0.0.1 /cafuc/index.php/Admin/Index/messages/p/1.html
INFO: [ route_check ] --START--
INFO: CheckRoute Behavior ::run [ RunTime:0.001121s ]
INFO: [ route_check ] --END-- [ RunTime:0.001311s ]
INFO: [ app_begin ] --START--
INFO: ReadHtmlCache Behavior ::run [ RunTime:0.001135s ]
INFO: [ app_begin ] --END-- [ RunTime:0.001362s ]
SQL: SHOW COLUMNS FROM `web_users` [ RunTime:0.003285s ]
SQL: SELECT COUNT(*) AS tp_count FROM `web_users` ORDER BY logintime desc LIMIT 1   [ RunTime:0.000304s ]
SQL: SELECT * FROM `web_users` ORDER BY logintime desc LIMIT 0,10   [ RunTime:0.000354s ]
INFO: [ view_parse ] --START--
INFO: ParseTemplate Behavior ::run [ RunTime:0.020039s ]
INFO: [ view_parse ] --END-- [ RunTime:0.020187s ]
INFO: [ view_filter ] --START--
INFO: ContentReplace Behavior ::run [ RunTime:0.001468s ]
INFO: TokenBuild Behavior ::run [ RunTime:0.000713s ]
INFO: WriteHtmlCache Behavior ::run [ RunTime:0.000528s ]
INFO: ShowRuntime Behavior ::run [ RunTime:0.000752s ]
INFO: [ view_filter ] --END-- [ RunTime:0.003795s ]
INFO: [ view_end ] --START--
INFO: ShowPageTrace Behavior ::run [ RunTime:0.000846s ]
INFO: [ view_end ] --END-- [ RunTime:0.000958s ]

[ 2016-05-13T00:39:53+08:00 ] 127.0.0.1 /cafuc/index.php/Admin/Index/messages/p/1.html
INFO: [ route_check ] --START--
INFO: CheckRoute Behavior ::run [ RunTime:0.001047s ]
INFO: [ route_check ] --END-- [ RunTime:0.001195s ]
INFO: [ app_begin ] --START--
INFO: ReadHtmlCache Behavior ::run [ RunTime:0.000783s ]
INFO: [ app_begin ] --END-- [ RunTime:0.001066s ]
SQL: SHOW COLUMNS FROM `web_users` [ RunTime:0.003425s ]
SQL: SELECT COUNT(*) AS tp_count FROM `web_users` ORDER BY logintime desc LIMIT 1   [ RunTime:0.000425s ]
SQL: SELECT * FROM `web_users` ORDER BY logintime desc LIMIT 0,10   [ RunTime:0.000493s ]
INFO: [ view_parse ] --START--
INFO: ParseTemplate Behavior ::run [ RunTime:0.021106s ]
INFO: [ view_parse ] --END-- [ RunTime:0.021352s ]
INFO: [ view_filter ] --START--
INFO: ContentReplace Behavior ::run [ RunTime:0.002226s ]
INFO: TokenBuild Behavior ::run [ RunTime:0.000742s ]
INFO: WriteHtmlCache Behavior ::run [ RunTime:0.000437s ]
INFO: ShowRuntime Behavior ::run [ RunTime:0.000668s ]
INFO: [ view_filter ] --END-- [ RunTime:0.004476s ]
INFO: [ view_end ] --START--
INFO: ShowPageTrace Behavior ::run [ RunTime:0.000725s ]
INFO: [ view_end ] --END-- [ RunTime:0.000839s ]

[ 2016-05-13T00:41:33+08:00 ] 127.0.0.1 /cafuc/index.php/Admin/Index/messages/p/1.html
INFO: [ route_check ] --START--
INFO: CheckRoute Behavior ::run [ RunTime:0.001367s ]
INFO: [ route_check ] --END-- [ RunTime:0.001551s ]
INFO: [ app_begin ] --START--
INFO: ReadHtmlCache Behavior ::run [ RunTime:0.000883s ]
INFO: [ app_begin ] --END-- [ RunTime:0.001037s ]
SQL: SHOW COLUMNS FROM `web_messages` [ RunTime:0.003999s ]
SQL: SELECT COUNT(*) AS tp_count FROM `web_messages` ORDER BY time desc LIMIT 1   [ RunTime:0.000352s ]
SQL: SELECT * FROM `web_messages` ORDER BY time desc LIMIT 0,10   [ RunTime:0.000330s ]
INFO: [ view_parse ] --START--
NOTIC: [8] Undefined index: username D:\wamp\www\cafuc\Index\Runtime\Cache\Admin\dad5eea735be96a9f7696b1dbf03a253.php 第 77 行.
NOTIC: [8] Undefined index: logintime D:\wamp\www\cafuc\Index\Runtime\Cache\Admin\dad5eea735be96a9f7696b1dbf03a253.php 第 78 行.
NOTIC: [8] Undefined index: loginip D:\wamp\www\cafuc\Index\Runtime\Cache\Admin\dad5eea735be96a9f7696b1dbf03a253.php 第 79 行.
INFO: ParseTemplate Behavior ::run [ RunTime:0.017625s ]
INFO: [ view_parse ] --END-- [ RunTime:0.017760s ]
INFO: [ view_filter ] --START--
INFO: ContentReplace Behavior ::run [ RunTime:0.000820s ]
INFO: TokenBuild Behavior ::run [ RunTime:0.000707s ]
INFO: WriteHtmlCache Behavior ::run [ RunTime:0.000554s ]
INFO: ShowRuntime Behavior ::run [ RunTime:0.001121s ]
INFO: [ view_filter ] --END-- [ RunTime:0.003572s ]
INFO: [ view_end ] --START--
INFO: ShowPageTrace Behavior ::run [ RunTime:0.000893s ]
INFO: [ view_end ] --END-- [ RunTime:0.001009s ]

[ 2016-05-13T00:41:59+08:00 ] 127.0.0.1 /cafuc/index.php/Admin/Index/messages/p/1.html
INFO: [ route_check ] --START--
INFO: CheckRoute Behavior ::run [ RunTime:0.001108s ]
INFO: [ route_check ] --END-- [ RunTime:0.001262s ]
INFO: [ app_begin ] --START--
INFO: ReadHtmlCache Behavior ::run [ RunTime:0.000922s ]
INFO: [ app_begin ] --END-- [ RunTime:0.001119s ]
SQL: SHOW COLUMNS FROM `web_messages` [ RunTime:0.003730s ]
SQL: SELECT COUNT(*) AS tp_count FROM `web_messages` ORDER BY time desc LIMIT 1   [ RunTime:0.000320s ]
SQL: SELECT * FROM `web_messages` ORDER BY time desc LIMIT 0,10   [ RunTime:0.000303s ]
INFO: [ view_parse ] --START--
NOTIC: [8] Undefined index: logintime D:\wamp\www\cafuc\Index\Runtime\Cache\Admin\dad5eea735be96a9f7696b1dbf03a253.php 第 78 行.
NOTIC: [8] Undefined index: loginip D:\wamp\www\cafuc\Index\Runtime\Cache\Admin\dad5eea735be96a9f7696b1dbf03a253.php 第 79 行.
INFO: ParseTemplate Behavior ::run [ RunTime:0.015730s ]
INFO: [ view_parse ] --END-- [ RunTime:0.015869s ]
INFO: [ view_filter ] --START--
INFO: ContentReplace Behavior ::run [ RunTime:0.000690s ]
INFO: TokenBuild Behavior ::run [ RunTime:0.000588s ]
INFO: WriteHtmlCache Behavior ::run [ RunTime:0.000439s ]
INFO: ShowRuntime Behavior ::run [ RunTime:0.000995s ]
INFO: [ view_filter ] --END-- [ RunTime:0.003054s ]
INFO: [ view_end ] --START--
INFO: ShowPageTrace Behavior ::run [ RunTime:0.001032s ]
INFO: [ view_end ] --END-- [ RunTime:0.001156s ]

[ 2016-05-13T00:42:09+08:00 ] 127.0.0.1 /cafuc/index.php/Admin/Index/messages/p/1.html
INFO: [ route_check ] --START--
INFO: CheckRoute Behavior ::run [ RunTime:0.001764s ]
INFO: [ route_check ] --END-- [ RunTime:0.002092s ]
INFO: [ app_begin ] --START--
INFO: ReadHtmlCache Behavior ::run [ RunTime:0.001120s ]
INFO: [ app_begin ] --END-- [ RunTime:0.001369s ]
SQL: SHOW COLUMNS FROM `web_messages` [ RunTime:0.004894s ]
SQL: SELECT COUNT(*) AS tp_count FROM `web_messages` ORDER BY time desc LIMIT 1   [ RunTime:0.000403s ]
SQL: SELECT * FROM `web_messages` ORDER BY time desc LIMIT 0,10   [ RunTime:0.000487s ]
INFO: [ view_parse ] --START--
NOTIC: [8] Undefined index: loginip D:\wamp\www\cafuc\Index\Runtime\Cache\Admin\dad5eea735be96a9f7696b1dbf03a253.php 第 79 行.
INFO: ParseTemplate Behavior ::run [ RunTime:0.014954s ]
INFO: [ view_parse ] --END-- [ RunTime:0.015104s ]
INFO: [ view_filter ] --START--
INFO: ContentReplace Behavior ::run [ RunTime:0.000738s ]
INFO: TokenBuild Behavior ::run [ RunTime:0.000696s ]
INFO: WriteHtmlCache Behavior ::run [ RunTime:0.000634s ]
INFO: ShowRuntime Behavior ::run [ RunTime:0.000747s ]
INFO: [ view_filter ] --END-- [ RunTime:0.003199s ]
INFO: [ view_end ] --START--
INFO: ShowPageTrace Behavior ::run [ RunTime:0.001161s ]
INFO: [ view_end ] --END-- [ RunTime:0.001295s ]

[ 2016-05-13T00:42:25+08:00 ] 127.0.0.1 /cafuc/index.php/Admin/Index/messages/p/1.html
INFO: [ route_check ] --START--
INFO: CheckRoute Behavior ::run [ RunTime:0.001132s ]
INFO: [ route_check ] --END-- [ RunTime:0.001318s ]
INFO: [ app_begin ] --START--
INFO: ReadHtmlCache Behavior ::run [ RunTime:0.001169s ]
INFO: [ app_begin ] --END-- [ RunTime:0.001442s ]
SQL: SHOW COLUMNS FROM `web_messages` [ RunTime:0.004693s ]
SQL: SELECT COUNT(*) AS tp_count FROM `web_messages` ORDER BY time desc LIMIT 1   [ RunTime:0.000426s ]
SQL: SELECT * FROM `web_messages` ORDER BY time desc LIMIT 0,10   [ RunTime:0.001627s ]
INFO: [ view_parse ] --START--
NOTIC: [8] Undefined index: loginip D:\wamp\www\cafuc\Index\Runtime\Cache\Admin\dad5eea735be96a9f7696b1dbf03a253.php 第 78 行.
INFO: ParseTemplate Behavior ::run [ RunTime:0.015887s ]
INFO: [ view_parse ] --END-- [ RunTime:0.016063s ]
INFO: [ view_filter ] --START--
INFO: ContentReplace Behavior ::run [ RunTime:0.000776s ]
INFO: TokenBuild Behavior ::run [ RunTime:0.000615s ]
INFO: WriteHtmlCache Behavior ::run [ RunTime:0.000511s ]
INFO: ShowRuntime Behavior ::run [ RunTime:0.000750s ]
INFO: [ view_filter ] --END-- [ RunTime:0.002968s ]
INFO: [ view_end ] --START--
INFO: ShowPageTrace Behavior ::run [ RunTime:0.000812s ]
INFO: [ view_end ] --END-- [ RunTime:0.000923s ]

[ 2016-05-13T00:42:43+08:00 ] 127.0.0.1 /cafuc/index.php/Admin/Index/messages/p/1.html
INFO: [ route_check ] --START--
INFO: CheckRoute Behavior ::run [ RunTime:0.002532s ]
INFO: [ route_check ] --END-- [ RunTime:0.002876s ]
INFO: [ app_begin ] --START--
INFO: ReadHtmlCache Behavior ::run [ RunTime:0.001088s ]
INFO: [ app_begin ] --END-- [ RunTime:0.001314s ]
SQL: SHOW COLUMNS FROM `web_messages` [ RunTime:0.007652s ]
SQL: SELECT COUNT(*) AS tp_count FROM `web_messages` ORDER BY time desc LIMIT 1   [ RunTime:0.001378s ]
SQL: SELECT * FROM `web_messages` ORDER BY time desc LIMIT 0,10   [ RunTime:0.000943s ]
INFO: [ view_parse ] --START--
INFO: ParseTemplate Behavior ::run [ RunTime:0.021283s ]
INFO: [ view_parse ] --END-- [ RunTime:0.021527s ]
INFO: [ view_filter ] --START--
INFO: ContentReplace Behavior ::run [ RunTime:0.000865s ]
INFO: TokenBuild Behavior ::run [ RunTime:0.001735s ]
INFO: WriteHtmlCache Behavior ::run [ RunTime:0.000647s ]
INFO: ShowRuntime Behavior ::run [ RunTime:0.000791s ]
INFO: [ view_filter ] --END-- [ RunTime:0.004511s ]
INFO: [ view_end ] --START--
INFO: ShowPageTrace Behavior ::run [ RunTime:0.000933s ]
INFO: [ view_end ] --END-- [ RunTime:0.001056s ]

[ 2016-05-13T00:42:54+08:00 ] 127.0.0.1 /cafuc/index.php/Admin/Index/messages/p/1.html
INFO: [ route_check ] --START--
INFO: CheckRoute Behavior ::run [ RunTime:0.001078s ]
INFO: [ route_check ] --END-- [ RunTime:0.001267s ]
INFO: [ app_begin ] --START--
INFO: ReadHtmlCache Behavior ::run [ RunTime:0.001177s ]
INFO: [ app_begin ] --END-- [ RunTime:0.001371s ]
SQL: SHOW COLUMNS FROM `web_messages` [ RunTime:0.004558s ]
SQL: SELECT COUNT(*) AS tp_count FROM `web_messages` ORDER BY time desc LIMIT 1   [ RunTime:0.000356s ]
SQL: SELECT * FROM `web_messages` ORDER BY time desc LIMIT 0,10   [ RunTime:0.000316s ]
INFO: [ view_parse ] --START--
INFO: ParseTemplate Behavior ::run [ RunTime:0.016876s ]
INFO: [ view_parse ] --END-- [ RunTime:0.017034s ]
INFO: [ view_filter ] --START--
INFO: ContentReplace Behavior ::run [ RunTime:0.000791s ]
INFO: TokenBuild Behavior ::run [ RunTime:0.000631s ]
INFO: WriteHtmlCache Behavior ::run [ RunTime:0.000516s ]
INFO: ShowRuntime Behavior ::run [ RunTime:0.000746s ]
INFO: [ view_filter ] --END-- [ RunTime:0.003000s ]
INFO: [ view_end ] --START--
INFO: ShowPageTrace Behavior ::run [ RunTime:0.000879s ]
INFO: [ view_end ] --END-- [ RunTime:0.000996s ]

[ 2016-05-13T00:44:18+08:00 ] 127.0.0.1 /cafuc/index.php/Admin/Index/messages/p/1.html
INFO: [ route_check ] --START--
INFO: CheckRoute Behavior ::run [ RunTime:0.001852s ]
INFO: [ route_check ] --END-- [ RunTime:0.002050s ]
INFO: [ app_begin ] --START--
INFO: ReadHtmlCache Behavior ::run [ RunTime:0.000991s ]
INFO: [ app_begin ] --END-- [ RunTime:0.001157s ]
SQL: SHOW COLUMNS FROM `web_messages` [ RunTime:0.003606s ]
SQL: SELECT COUNT(*) AS tp_count FROM `web_messages` ORDER BY time desc LIMIT 1   [ RunTime:0.000295s ]
SQL: SELECT * FROM `web_messages` ORDER BY time desc LIMIT 0,10   [ RunTime:0.000358s ]
INFO: [ view_parse ] --START--
INFO: ParseTemplate Behavior ::run [ RunTime:0.018257s ]
INFO: [ view_parse ] --END-- [ RunTime:0.018399s ]
INFO: [ view_filter ] --START--
INFO: ContentReplace Behavior ::run [ RunTime:0.000962s ]
INFO: TokenBuild Behavior ::run [ RunTime:0.000830s ]
INFO: WriteHtmlCache Behavior ::run [ RunTime:0.000634s ]
INFO: ShowRuntime Behavior ::run [ RunTime:0.000882s ]
INFO: [ view_filter ] --END-- [ RunTime:0.003769s ]
INFO: [ view_end ] --START--
INFO: ShowPageTrace Behavior ::run [ RunTime:0.000941s ]
INFO: [ view_end ] --END-- [ RunTime:0.001094s ]

[ 2016-05-13T00:44:31+08:00 ] 127.0.0.1 /cafuc/index.php/Admin/Index/logininfo.html
INFO: [ route_check ] --START--
INFO: CheckRoute Behavior ::run [ RunTime:0.001305s ]
INFO: [ route_check ] --END-- [ RunTime:0.001479s ]
INFO: [ app_begin ] --START--
INFO: ReadHtmlCache Behavior ::run [ RunTime:0.001203s ]
INFO: [ app_begin ] --END-- [ RunTime:0.001549s ]
SQL: SHOW COLUMNS FROM `web_users` [ RunTime:0.004174s ]
SQL: SELECT COUNT(*) AS tp_count FROM `web_users` ORDER BY logintime desc LIMIT 1   [ RunTime:0.000326s ]
SQL: SELECT * FROM `web_users` ORDER BY logintime desc LIMIT 0,10   [ RunTime:0.000385s ]
INFO: [ view_parse ] --START--
INFO: ParseTemplate Behavior ::run [ RunTime:0.015343s ]
INFO: [ view_parse ] --END-- [ RunTime:0.015482s ]
INFO: [ view_filter ] --START--
INFO: ContentReplace Behavior ::run [ RunTime:0.000649s ]
INFO: TokenBuild Behavior ::run [ RunTime:0.000568s ]
INFO: WriteHtmlCache Behavior ::run [ RunTime:0.000513s ]
INFO: ShowRuntime Behavior ::run [ RunTime:0.000703s ]
INFO: [ view_filter ] --END-- [ RunTime:0.002753s ]
INFO: [ view_end ] --START--
INFO: ShowPageTrace Behavior ::run [ RunTime:0.000780s ]
INFO: [ view_end ] --END-- [ RunTime:0.000895s ]

[ 2016-05-13T00:44:35+08:00 ] 127.0.0.1 /cafuc/index.php/Admin/Login/change_password.html
INFO: [ route_check ] --START--
INFO: CheckRoute Behavior ::run [ RunTime:0.001123s ]
INFO: [ route_check ] --END-- [ RunTime:0.001316s ]
INFO: [ app_begin ] --START--
INFO: ReadHtmlCache Behavior ::run [ RunTime:0.000885s ]
INFO: [ app_begin ] --END-- [ RunTime:0.001066s ]
INFO: [ view_parse ] --START--
INFO: ParseTemplate Behavior ::run [ RunTime:0.021904s ]
INFO: [ view_parse ] --END-- [ RunTime:0.022101s ]
INFO: [ view_filter ] --START--
INFO: ContentReplace Behavior ::run [ RunTime:0.000625s ]
INFO: TokenBuild Behavior ::run [ RunTime:0.001072s ]
INFO: WriteHtmlCache Behavior ::run [ RunTime:0.000409s ]
INFO: ShowRuntime Behavior ::run [ RunTime:0.000592s ]
INFO: [ view_filter ] --END-- [ RunTime:0.003076s ]
INFO: [ view_end ] --START--
INFO: ShowPageTrace Behavior ::run [ RunTime:0.000673s ]
INFO: [ view_end ] --END-- [ RunTime:0.000790s ]

[ 2016-05-13T00:44:35+08:00 ] 127.0.0.1 /cafuc/index.php/Admin/Login/verify.html
INFO: [ route_check ] --START--
INFO: CheckRoute Behavior ::run [ RunTime:0.000823s ]
INFO: [ route_check ] --END-- [ RunTime:0.000964s ]
INFO: [ app_begin ] --START--
INFO: ReadHtmlCache Behavior ::run [ RunTime:0.000769s ]
INFO: [ app_begin ] --END-- [ RunTime:0.000915s ]

[ 2016-05-13T00:44:37+08:00 ] 127.0.0.1 /cafuc/index.php/Admin/Index/messages.html
INFO: [ route_check ] --START--
INFO: CheckRoute Behavior ::run [ RunTime:0.001325s ]
INFO: [ route_check ] --END-- [ RunTime:0.001553s ]
INFO: [ app_begin ] --START--
INFO: ReadHtmlCache Behavior ::run [ RunTime:0.001138s ]
INFO: [ app_begin ] --END-- [ RunTime:0.001348s ]
SQL: SHOW COLUMNS FROM `web_messages` [ RunTime:0.005040s ]
SQL: SELECT COUNT(*) AS tp_count FROM `web_messages` ORDER BY time desc LIMIT 1   [ RunTime:0.000466s ]
SQL: SELECT * FROM `web_messages` ORDER BY time desc LIMIT 0,10   [ RunTime:0.000382s ]
INFO: [ view_parse ] --START--
INFO: ParseTemplate Behavior ::run [ RunTime:0.016577s ]
INFO: [ view_parse ] --END-- [ RunTime:0.016715s ]
INFO: [ view_filter ] --START--
INFO: ContentReplace Behavior ::run [ RunTime:0.000515s ]
INFO: TokenBuild Behavior ::run [ RunTime:0.000460s ]
INFO: WriteHtmlCache Behavior ::run [ RunTime:0.000333s ]
INFO: ShowRuntime Behavior ::run [ RunTime:0.000565s ]
INFO: [ view_filter ] --END-- [ RunTime:0.002182s ]
INFO: [ view_end ] --START--
INFO: ShowPageTrace Behavior ::run [ RunTime:0.000614s ]
INFO: [ view_end ] --END-- [ RunTime:0.000724s ]

[ 2016-05-13T00:44:53+08:00 ] 127.0.0.1 /cafuc/index.php/Admin/Index/messages.html
INFO: [ route_check ] --START--
INFO: CheckRoute Behavior ::run [ RunTime:0.000880s ]
INFO: [ route_check ] --END-- [ RunTime:0.001023s ]
INFO: [ app_begin ] --START--
INFO: ReadHtmlCache Behavior ::run [ RunTime:0.000608s ]
INFO: [ app_begin ] --END-- [ RunTime:0.000730s ]
SQL: SHOW COLUMNS FROM `web_messages` [ RunTime:0.005431s ]
SQL: SELECT COUNT(*) AS tp_count FROM `web_messages` ORDER BY time desc LIMIT 1   [ RunTime:0.000397s ]
SQL: SELECT * FROM `web_messages` ORDER BY time desc LIMIT 0,10   [ RunTime:0.000573s ]
INFO: [ view_parse ] --START--
INFO: ParseTemplate Behavior ::run [ RunTime:0.019098s ]
INFO: [ view_parse ] --END-- [ RunTime:0.019294s ]
INFO: [ view_filter ] --START--
INFO: ContentReplace Behavior ::run [ RunTime:0.000622s ]
INFO: TokenBuild Behavior ::run [ RunTime:0.000535s ]
INFO: WriteHtmlCache Behavior ::run [ RunTime:0.000461s ]
INFO: ShowRuntime Behavior ::run [ RunTime:0.000839s ]
INFO: [ view_filter ] --END-- [ RunTime:0.002873s ]
INFO: [ view_end ] --START--
INFO: ShowPageTrace Behavior ::run [ RunTime:0.000633s ]
INFO: [ view_end ] --END-- [ RunTime:0.000774s ]

[ 2016-05-13T00:44:59+08:00 ] 127.0.0.1 /cafuc/index.php/Admin/Index/messages.html
INFO: [ route_check ] --START--
INFO: CheckRoute Behavior ::run [ RunTime:0.001279s ]
INFO: [ route_check ] --END-- [ RunTime:0.001525s ]
INFO: [ app_begin ] --START--
INFO: ReadHtmlCache Behavior ::run [ RunTime:0.000624s ]
INFO: [ app_begin ] --END-- [ RunTime:0.000752s ]
SQL: SHOW COLUMNS FROM `web_messages` [ RunTime:0.004466s ]
SQL: SELECT COUNT(*) AS tp_count FROM `web_messages` ORDER BY time desc LIMIT 1   [ RunTime:0.000311s ]
SQL: SELECT * FROM `web_messages` ORDER BY time desc LIMIT 0,10   [ RunTime:0.000373s ]
INFO: [ view_parse ] --START--
INFO: ParseTemplate Behavior ::run [ RunTime:0.017810s ]
INFO: [ view_parse ] --END-- [ RunTime:0.017950s ]
INFO: [ view_filter ] --START--
INFO: ContentReplace Behavior ::run [ RunTime:0.000590s ]
INFO: TokenBuild Behavior ::run [ RunTime:0.000471s ]
INFO: WriteHtmlCache Behavior ::run [ RunTime:0.000349s ]
INFO: ShowRuntime Behavior ::run [ RunTime:0.000801s ]
INFO: [ view_filter ] --END-- [ RunTime:0.002538s ]
INFO: [ view_end ] --START--
INFO: ShowPageTrace Behavior ::run [ RunTime:0.000690s ]
INFO: [ view_end ] --END-- [ RunTime:0.000806s ]

[ 2016-05-13T00:45:01+08:00 ] 127.0.0.1 /cafuc/index.php/Admin/Index/messages.html
INFO: [ route_check ] --START--
INFO: CheckRoute Behavior ::run [ RunTime:0.000819s ]
INFO: [ route_check ] --END-- [ RunTime:0.000962s ]
INFO: [ app_begin ] --START--
INFO: ReadHtmlCache Behavior ::run [ RunTime:0.000626s ]
INFO: [ app_begin ] --END-- [ RunTime:0.000814s ]
SQL: SHOW COLUMNS FROM `web_messages` [ RunTime:0.004694s ]
SQL: SELECT COUNT(*) AS tp_count FROM `web_messages` ORDER BY time desc LIMIT 1   [ RunTime:0.000370s ]
SQL: SELECT * FROM `web_messages` ORDER BY time desc LIMIT 0,10   [ RunTime:0.000470s ]
INFO: [ view_parse ] --START--
INFO: ParseTemplate Behavior ::run [ RunTime:0.028586s ]
INFO: [ view_parse ] --END-- [ RunTime:0.028801s ]
INFO: [ view_filter ] --START--
INFO: ContentReplace Behavior ::run [ RunTime:0.000850s ]
INFO: TokenBuild Behavior ::run [ RunTime:0.000813s ]
INFO: WriteHtmlCache Behavior ::run [ RunTime:0.000586s ]
INFO: ShowRuntime Behavior ::run [ RunTime:0.000892s ]
INFO: [ view_filter ] --END-- [ RunTime:0.003755s ]
INFO: [ view_end ] --START--
INFO: ShowPageTrace Behavior ::run [ RunTime:0.000691s ]
INFO: [ view_end ] --END-- [ RunTime:0.000805s ]

[ 2016-05-13T00:45:12+08:00 ] 127.0.0.1 /cafuc/index.php/Admin/Index/messages.html
INFO: [ route_check ] --START--
INFO: CheckRoute Behavior ::run [ RunTime:0.001113s ]
INFO: [ route_check ] --END-- [ RunTime:0.001368s ]
INFO: [ app_begin ] --START--
INFO: ReadHtmlCache Behavior ::run [ RunTime:0.001247s ]
INFO: [ app_begin ] --END-- [ RunTime:0.002604s ]
SQL: SHOW COLUMNS FROM `web_messages` [ RunTime:0.005906s ]
SQL: SELECT COUNT(*) AS tp_count FROM `web_messages` ORDER BY time desc LIMIT 1   [ RunTime:0.001118s ]
SQL: SELECT * FROM `web_messages` ORDER BY time desc LIMIT 0,10   [ RunTime:0.000547s ]
INFO: [ view_parse ] --START--
INFO: ParseTemplate Behavior ::run [ RunTime:0.028683s ]
INFO: [ view_parse ] --END-- [ RunTime:0.028880s ]
INFO: [ view_filter ] --START--
INFO: ContentReplace Behavior ::run [ RunTime:0.000647s ]
INFO: TokenBuild Behavior ::run [ RunTime:0.000671s ]
INFO: WriteHtmlCache Behavior ::run [ RunTime:0.000367s ]
INFO: ShowRuntime Behavior ::run [ RunTime:0.000557s ]
INFO: [ view_filter ] --END-- [ RunTime:0.002627s ]
INFO: [ view_end ] --START--
INFO: ShowPageTrace Behavior ::run [ RunTime:0.000938s ]
INFO: [ view_end ] --END-- [ RunTime:0.001131s ]

[ 2016-05-13T00:45:22+08:00 ] 127.0.0.1 /cafuc/index.php/Admin/Index/messages.html
INFO: [ route_check ] --START--
INFO: CheckRoute Behavior ::run [ RunTime:0.002278s ]
INFO: [ route_check ] --END-- [ RunTime:0.002676s ]
INFO: [ app_begin ] --START--
INFO: ReadHtmlCache Behavior ::run [ RunTime:0.002150s ]
INFO: [ app_begin ] --END-- [ RunTime:0.002615s ]
SQL: SHOW COLUMNS FROM `web_messages` [ RunTime:0.003917s ]
SQL: SELECT COUNT(*) AS tp_count FROM `web_messages` ORDER BY time desc LIMIT 1   [ RunTime:0.000399s ]
SQL: SELECT * FROM `web_messages` ORDER BY time desc LIMIT 0,10   [ RunTime:0.000476s ]
INFO: [ view_parse ] --START--
INFO: ParseTemplate Behavior ::run [ RunTime:0.027510s ]
INFO: [ view_parse ] --END-- [ RunTime:0.027694s ]
INFO: [ view_filter ] --START--
INFO: ContentReplace Behavior ::run [ RunTime:0.001075s ]
INFO: TokenBuild Behavior ::run [ RunTime:0.000693s ]
INFO: WriteHtmlCache Behavior ::run [ RunTime:0.000416s ]
INFO: ShowRuntime Behavior ::run [ RunTime:0.000580s ]
INFO: [ view_filter ] --END-- [ RunTime:0.003143s ]
INFO: [ view_end ] --START--
INFO: ShowPageTrace Behavior ::run [ RunTime:0.000620s ]
INFO: [ view_end ] --END-- [ RunTime:0.000730s ]

[ 2016-05-13T00:45:30+08:00 ] 127.0.0.1 /cafuc/index.php/Admin/Index/messages.html
INFO: [ route_check ] --START--
INFO: CheckRoute Behavior ::run [ RunTime:0.001176s ]
INFO: [ route_check ] --END-- [ RunTime:0.001405s ]
INFO: [ app_begin ] --START--
INFO: ReadHtmlCache Behavior ::run [ RunTime:0.001230s ]
INFO: [ app_begin ] --END-- [ RunTime:0.001556s ]
SQL: SHOW COLUMNS FROM `web_messages` [ RunTime:0.005595s ]
SQL: SELECT COUNT(*) AS tp_count FROM `web_messages` ORDER BY time desc LIMIT 1   [ RunTime:0.000513s ]
SQL: SELECT * FROM `web_messages` ORDER BY time desc LIMIT 0,10   [ RunTime:0.000747s ]
INFO: [ view_parse ] --START--
INFO: ParseTemplate Behavior ::run [ RunTime:0.022217s ]
INFO: [ view_parse ] --END-- [ RunTime:0.022392s ]
INFO: [ view_filter ] --START--
INFO: ContentReplace Behavior ::run [ RunTime:0.000904s ]
INFO: TokenBuild Behavior ::run [ RunTime:0.000664s ]
INFO: WriteHtmlCache Behavior ::run [ RunTime:0.000363s ]
INFO: ShowRuntime Behavior ::run [ RunTime:0.000831s ]
INFO: [ view_filter ] --END-- [ RunTime:0.003203s ]
INFO: [ view_end ] --START--
INFO: ShowPageTrace Behavior ::run [ RunTime:0.000995s ]
INFO: [ view_end ] --END-- [ RunTime:0.001251s ]

[ 2016-05-13T00:45:51+08:00 ] 127.0.0.1 /cafuc/index.php/Admin/Index/messages.html
INFO: [ route_check ] --START--
INFO: CheckRoute Behavior ::run [ RunTime:0.001950s ]
INFO: [ route_check ] --END-- [ RunTime:0.002307s ]
INFO: [ app_begin ] --START--
INFO: ReadHtmlCache Behavior ::run [ RunTime:0.000949s ]
INFO: [ app_begin ] --END-- [ RunTime:0.001161s ]
SQL: SHOW COLUMNS FROM `web_messages` [ RunTime:0.004928s ]
SQL: SELECT COUNT(*) AS tp_count FROM `web_messages` ORDER BY time desc LIMIT 1   [ RunTime:0.000365s ]
SQL: SELECT * FROM `web_messages` ORDER BY time desc LIMIT 0,10   [ RunTime:0.000425s ]
INFO: [ view_parse ] --START--
INFO: ParseTemplate Behavior ::run [ RunTime:0.025447s ]
INFO: [ view_parse ] --END-- [ RunTime:0.025775s ]
INFO: [ view_filter ] --START--
INFO: ContentReplace Behavior ::run [ RunTime:0.001016s ]
INFO: TokenBuild Behavior ::run [ RunTime:0.000752s ]
INFO: WriteHtmlCache Behavior ::run [ RunTime:0.000850s ]
INFO: ShowRuntime Behavior ::run [ RunTime:0.000906s ]
INFO: [ view_filter ] --END-- [ RunTime:0.004112s ]
INFO: [ view_end ] --START--
INFO: ShowPageTrace Behavior ::run [ RunTime:0.000863s ]
INFO: [ view_end ] --END-- [ RunTime:0.000981s ]

[ 2016-05-13T00:45:56+08:00 ] 127.0.0.1 /cafuc/index.php/Admin/Index/index.html
INFO: [ route_check ] --START--
INFO: CheckRoute Behavior ::run [ RunTime:0.001203s ]
INFO: [ route_check ] --END-- [ RunTime:0.001392s ]
INFO: [ app_begin ] --START--
INFO: ReadHtmlCache Behavior ::run [ RunTime:0.000794s ]
INFO: [ app_begin ] --END-- [ RunTime:0.000987s ]
INFO: [ view_parse ] --START--
INFO: ParseTemplate Behavior ::run [ RunTime:0.042961s ]
INFO: [ view_parse ] --END-- [ RunTime:0.043367s ]
INFO: [ view_filter ] --START--
INFO: ContentReplace Behavior ::run [ RunTime:0.002908s ]
INFO: TokenBuild Behavior ::run [ RunTime:0.001129s ]
INFO: WriteHtmlCache Behavior ::run [ RunTime:0.001071s ]
INFO: ShowRuntime Behavior ::run [ RunTime:0.001259s ]
INFO: [ view_filter ] --END-- [ RunTime:0.007227s ]
INFO: [ view_end ] --START--
INFO: ShowPageTrace Behavior ::run [ RunTime:0.001349s ]
INFO: [ view_end ] --END-- [ RunTime:0.001530s ]

[ 2016-05-13T00:48:09+08:00 ] 127.0.0.1 /cafuc/index.php/Admin/Index/logininfo.html
INFO: [ route_check ] --START--
INFO: CheckRoute Behavior ::run [ RunTime:0.001445s ]
INFO: [ route_check ] --END-- [ RunTime:0.001641s ]
INFO: [ app_begin ] --START--
INFO: ReadHtmlCache Behavior ::run [ RunTime:0.000941s ]
INFO: [ app_begin ] --END-- [ RunTime:0.001101s ]
SQL: SHOW COLUMNS FROM `web_users` [ RunTime:0.003296s ]
SQL: SELECT COUNT(*) AS tp_count FROM `web_users` ORDER BY logintime desc LIMIT 1   [ RunTime:0.000321s ]
SQL: SELECT * FROM `web_users` ORDER BY logintime desc LIMIT 0,10   [ RunTime:0.000352s ]
INFO: [ view_parse ] --START--
INFO: ParseTemplate Behavior ::run [ RunTime:0.016136s ]
INFO: [ view_parse ] --END-- [ RunTime:0.016279s ]
INFO: [ view_filter ] --START--
INFO: ContentReplace Behavior ::run [ RunTime:0.000718s ]
INFO: TokenBuild Behavior ::run [ RunTime:0.000701s ]
INFO: WriteHtmlCache Behavior ::run [ RunTime:0.000530s ]
INFO: ShowRuntime Behavior ::run [ RunTime:0.000814s ]
INFO: [ view_filter ] --END-- [ RunTime:0.003165s ]
INFO: [ view_end ] --START--
INFO: ShowPageTrace Behavior ::run [ RunTime:0.001075s ]
INFO: [ view_end ] --END-- [ RunTime:0.001216s ]

[ 2016-05-13T00:48:10+08:00 ] 127.0.0.1 /cafuc/index.php/Admin/Index/upnews.html
INFO: [ route_check ] --START--
INFO: CheckRoute Behavior ::run [ RunTime:0.001090s ]
INFO: [ route_check ] --END-- [ RunTime:0.001276s ]
INFO: [ app_begin ] --START--
INFO: ReadHtmlCache Behavior ::run [ RunTime:0.002203s ]
INFO: [ app_begin ] --END-- [ RunTime:0.002406s ]
ERR: 非法操作:upnews

[ 2016-05-13T00:48:14+08:00 ] 127.0.0.1 /cafuc/index.php/Admin/Index/newslist.html
INFO: [ route_check ] --START--
INFO: CheckRoute Behavior ::run [ RunTime:0.000982s ]
INFO: [ route_check ] --END-- [ RunTime:0.001152s ]
INFO: [ app_begin ] --START--
INFO: ReadHtmlCache Behavior ::run [ RunTime:0.000746s ]
INFO: [ app_begin ] --END-- [ RunTime:0.000904s ]
ERR: 非法操作:newslist

[ 2016-05-13T00:48:16+08:00 ] 127.0.0.1 /cafuc/index.php/Admin/Index/upfile.html
INFO: [ route_check ] --START--
INFO: CheckRoute Behavior ::run [ RunTime:0.001510s ]
INFO: [ route_check ] --END-- [ RunTime:0.001835s ]
INFO: [ app_begin ] --START--
INFO: ReadHtmlCache Behavior ::run [ RunTime:0.001124s ]
INFO: [ app_begin ] --END-- [ RunTime:0.001351s ]
ERR: 非法操作:upfile

[ 2016-05-13T00:48:18+08:00 ] 127.0.0.1 /cafuc/index.php/Admin/Index/fileslist.html
INFO: [ route_check ] --START--
INFO: CheckRoute Behavior ::run [ RunTime:0.002633s ]
INFO: [ route_check ] --END-- [ RunTime:0.003069s ]
INFO: [ app_begin ] --START--
INFO: ReadHtmlCache Behavior ::run [ RunTime:0.000799s ]
INFO: [ app_begin ] --END-- [ RunTime:0.001058s ]
ERR: 非法操作:fileslist

[ 2016-05-13T00:48:20+08:00 ] 127.0.0.1 /cafuc/index.php/Admin/Index/index.html
INFO: [ route_check ] --START--
INFO: CheckRoute Behavior ::run [ RunTime:0.001773s ]
INFO: [ route_check ] --END-- [ RunTime:0.002083s ]
INFO: [ app_begin ] --START--
INFO: ReadHtmlCache Behavior ::run [ RunTime:0.000867s ]
INFO: [ app_begin ] --END-- [ RunTime:0.001034s ]
INFO: [ view_parse ] --START--
INFO: ParseTemplate Behavior ::run [ RunTime:0.041911s ]
INFO: [ view_parse ] --END-- [ RunTime:0.042324s ]
INFO: [ view_filter ] --START--
INFO: ContentReplace Behavior ::run [ RunTime:0.001752s ]
INFO: TokenBuild Behavior ::run [ RunTime:0.001222s ]
INFO: WriteHtmlCache Behavior ::run [ RunTime:0.000682s ]
INFO: ShowRuntime Behavior ::run [ RunTime:0.001364s ]
INFO: [ view_filter ] --END-- [ RunTime:0.005638s ]
INFO: [ view_end ] --START--
INFO: ShowPageTrace Behavior ::run [ RunTime:0.001678s ]
INFO: [ view_end ] --END-- [ RunTime:0.001884s ]

