[ 2016-06-26T19:46:48+08:00 ] 127.0.0.1 /cafuc/index.php
INFO: [ app_begin ] --START--
INFO: ReadHtmlCache Behavior ::run [ RunTime:0.001164s ]
INFO: [ app_begin ] --END-- [ RunTime:0.001329s ]
SQL: SHOW COLUMNS FROM `web_news` [ RunTime:0.052625s ]
SQL: SELECT * FROM `web_news` ORDER BY time desc LIMIT 8   [ RunTime:0.001915s ]
INFO: [ view_parse ] --START--
INFO: ParseTemplate Behavior ::run [ RunTime:0.062568s ]
INFO: [ view_parse ] --END-- [ RunTime:0.062750s ]
INFO: [ view_filter ] --START--
INFO: ContentReplace Behavior ::run [ RunTime:0.001084s ]
INFO: TokenBuild Behavior ::run [ RunTime:0.000779s ]
INFO: WriteHtmlCache Behavior ::run [ RunTime:0.001695s ]
INFO: ShowRuntime Behavior ::run [ RunTime:0.001100s ]
INFO: [ view_filter ] --END-- [ RunTime:0.004966s ]
INFO: [ view_end ] --START--
INFO: ShowPageTrace Behavior ::run [ RunTime:0.000996s ]
INFO: [ view_end ] --END-- [ RunTime:0.001102s ]

[ 2016-06-26T19:46:49+08:00 ] 127.0.0.1 /cafuc/index.php/Admin/Login/verify.html
INFO: [ route_check ] --START--
INFO: CheckRoute Behavior ::run [ RunTime:0.059219s ]
INFO: [ route_check ] --END-- [ RunTime:0.059388s ]
INFO: [ app_begin ] --START--
INFO: ReadHtmlCache Behavior ::run [ RunTime:0.001252s ]
INFO: [ app_begin ] --END-- [ RunTime:0.001676s ]

