[ 2016-07-14T23:15:45+08:00 ] 127.0.0.1 /cafuc/index.php
INFO: [ app_begin ] --START--
INFO: ReadHtmlCache Behavior ::run [ RunTime:0.001299s ]
INFO: [ app_begin ] --END-- [ RunTime:0.001461s ]
SQL: SHOW COLUMNS FROM `web_news` [ RunTime:0.057865s ]
SQL: SELECT * FROM `web_news` ORDER BY time desc LIMIT 8   [ RunTime:0.004723s ]
INFO: [ view_parse ] --START--
INFO: ParseTemplate Behavior ::run [ RunTime:0.098057s ]
INFO: [ view_parse ] --END-- [ RunTime:0.098348s ]
INFO: [ view_filter ] --START--
INFO: ContentReplace Behavior ::run [ RunTime:0.063234s ]
INFO: TokenBuild Behavior ::run [ RunTime:0.001475s ]
INFO: WriteHtmlCache Behavior ::run [ RunTime:0.000958s ]
INFO: ShowRuntime Behavior ::run [ RunTime:0.001221s ]
INFO: [ view_filter ] --END-- [ RunTime:0.067213s ]
INFO: [ view_end ] --START--
INFO: ShowPageTrace Behavior ::run [ RunTime:0.001353s ]
INFO: [ view_end ] --END-- [ RunTime:0.001464s ]

[ 2016-07-14T23:15:46+08:00 ] 127.0.0.1 /cafuc/index.php/Admin/Login/verify.html
INFO: [ route_check ] --START--
INFO: CheckRoute Behavior ::run [ RunTime:0.020569s ]
INFO: [ route_check ] --END-- [ RunTime:0.020704s ]
INFO: [ app_begin ] --START--
INFO: ReadHtmlCache Behavior ::run [ RunTime:0.001039s ]
INFO: [ app_begin ] --END-- [ RunTime:0.001231s ]

