[ 2016-05-18T17:03:28+08:00 ] 127.0.0.1 /cafuc/index.php
INFO: [ app_begin ] --START--
INFO: ReadHtmlCache Behavior ::run [ RunTime:0.052793s ]
INFO: [ app_begin ] --END-- [ RunTime:0.078353s ]
SQL: SHOW COLUMNS FROM `web_news` [ RunTime:0.119799s ]
SQL: SELECT * FROM `web_news` ORDER BY time desc LIMIT 8   [ RunTime:0.010206s ]
INFO: [ view_parse ] --START--
INFO: ParseTemplate Behavior ::run [ RunTime:0.198587s ]
INFO: [ view_parse ] --END-- [ RunTime:0.198787s ]
INFO: [ view_filter ] --START--
INFO: ContentReplace Behavior ::run [ RunTime:0.030044s ]
INFO: TokenBuild Behavior ::run [ RunTime:0.010676s ]
INFO: WriteHtmlCache Behavior ::run [ RunTime:0.001071s ]
INFO: ShowRuntime Behavior ::run [ RunTime:0.001403s ]
INFO: [ view_filter ] --END-- [ RunTime:0.043647s ]
INFO: [ view_end ] --START--
INFO: ShowPageTrace Behavior ::run [ RunTime:0.002210s ]
INFO: [ view_end ] --END-- [ RunTime:0.002388s ]

[ 2016-05-18T17:03:30+08:00 ] 127.0.0.1 /cafuc/index.php/Admin/Login/verify.html
INFO: [ route_check ] --START--
INFO: CheckRoute Behavior ::run [ RunTime:0.322654s ]
INFO: [ route_check ] --END-- [ RunTime:0.322945s ]
INFO: [ app_begin ] --START--
INFO: ReadHtmlCache Behavior ::run [ RunTime:0.001519s ]
INFO: [ app_begin ] --END-- [ RunTime:0.001719s ]

[ 2016-05-18T17:03:45+08:00 ] 127.0.0.1 /cafuc/index.php/Admin/Login/login.html
INFO: [ route_check ] --START--
INFO: CheckRoute Behavior ::run [ RunTime:0.000722s ]
INFO: [ route_check ] --END-- [ RunTime:0.000849s ]
INFO: [ app_begin ] --START--
INFO: ReadHtmlCache Behavior ::run [ RunTime:0.000783s ]
INFO: [ app_begin ] --END-- [ RunTime:0.000942s ]
SQL: SHOW COLUMNS FROM `web_users` [ RunTime:0.103062s ]
SQL: SELECT * FROM `web_users` WHERE ( `username` = 'admin' ) ORDER BY id desc LIMIT 1   [ RunTime:0.041239s ]
SQL: INSERT INTO `web_users` (`username`,`password`,`logintime`,`loginip`) VALUES ('admin','e10adc3949ba59abbe56e057f20f883e',1463562225,'127.0.0.1') [ RunTime:0.014822s ]
INFO: [ view_parse ] --START--
INFO: ParseTemplate Behavior ::run [ RunTime:0.129085s ]
INFO: [ view_parse ] --END-- [ RunTime:0.131353s ]
INFO: [ view_filter ] --START--
INFO: ContentReplace Behavior ::run [ RunTime:0.001666s ]
INFO: TokenBuild Behavior ::run [ RunTime:0.001501s ]
INFO: WriteHtmlCache Behavior ::run [ RunTime:0.001121s ]
INFO: ShowRuntime Behavior ::run [ RunTime:0.001762s ]
INFO: [ view_filter ] --END-- [ RunTime:0.006838s ]
INFO: [ view_end ] --START--
INFO: ShowPageTrace Behavior ::run [ RunTime:0.001938s ]
INFO: [ view_end ] --END-- [ RunTime:0.002215s ]

[ 2016-05-18T17:03:48+08:00 ] 127.0.0.1 /cafuc/index.php/Admin/Index/index.html
INFO: [ route_check ] --START--
INFO: CheckRoute Behavior ::run [ RunTime:0.000979s ]
INFO: [ route_check ] --END-- [ RunTime:0.001150s ]
INFO: [ app_begin ] --START--
INFO: ReadHtmlCache Behavior ::run [ RunTime:0.000727s ]
INFO: [ app_begin ] --END-- [ RunTime:0.000873s ]
INFO: [ view_parse ] --START--
INFO: ParseTemplate Behavior ::run [ RunTime:0.059306s ]
INFO: [ view_parse ] --END-- [ RunTime:0.059562s ]
INFO: [ view_filter ] --START--
INFO: ContentReplace Behavior ::run [ RunTime:0.000937s ]
INFO: TokenBuild Behavior ::run [ RunTime:0.000906s ]
INFO: WriteHtmlCache Behavior ::run [ RunTime:0.000599s ]
INFO: ShowRuntime Behavior ::run [ RunTime:0.001115s ]
INFO: [ view_filter ] --END-- [ RunTime:0.004415s ]
INFO: [ view_end ] --START--
INFO: ShowPageTrace Behavior ::run [ RunTime:0.001258s ]
INFO: [ view_end ] --END-- [ RunTime:0.001496s ]

[ 2016-05-18T17:03:57+08:00 ] 127.0.0.1 /cafuc/index.php/Admin/Index/index.html
INFO: [ route_check ] --START--
INFO: CheckRoute Behavior ::run [ RunTime:0.001240s ]
INFO: [ route_check ] --END-- [ RunTime:0.001425s ]
INFO: [ app_begin ] --START--
INFO: ReadHtmlCache Behavior ::run [ RunTime:0.000535s ]
INFO: [ app_begin ] --END-- [ RunTime:0.000650s ]
INFO: [ view_parse ] --START--
INFO: ParseTemplate Behavior ::run [ RunTime:0.030342s ]
INFO: [ view_parse ] --END-- [ RunTime:0.030642s ]
INFO: [ view_filter ] --START--
INFO: ContentReplace Behavior ::run [ RunTime:0.000682s ]
INFO: TokenBuild Behavior ::run [ RunTime:0.000526s ]
INFO: WriteHtmlCache Behavior ::run [ RunTime:0.000402s ]
INFO: ShowRuntime Behavior ::run [ RunTime:0.000595s ]
INFO: [ view_filter ] --END-- [ RunTime:0.002533s ]
INFO: [ view_end ] --START--
INFO: ShowPageTrace Behavior ::run [ RunTime:0.000789s ]
INFO: [ view_end ] --END-- [ RunTime:0.000902s ]

[ 2016-05-18T17:04:18+08:00 ] 127.0.0.1 /cafuc/index.php/Admin/Index/logininfo.html
INFO: [ route_check ] --START--
INFO: CheckRoute Behavior ::run [ RunTime:0.001455s ]
INFO: [ route_check ] --END-- [ RunTime:0.001638s ]
INFO: [ app_begin ] --START--
INFO: ReadHtmlCache Behavior ::run [ RunTime:0.001024s ]
INFO: [ app_begin ] --END-- [ RunTime:0.001186s ]
SQL: SHOW COLUMNS FROM `web_users` [ RunTime:0.034962s ]
SQL: SELECT COUNT(*) AS tp_count FROM `web_users` ORDER BY logintime desc LIMIT 1   [ RunTime:0.000352s ]
SQL: SELECT * FROM `web_users` ORDER BY logintime desc LIMIT 0,10   [ RunTime:0.000365s ]
INFO: [ view_parse ] --START--
INFO: ParseTemplate Behavior ::run [ RunTime:0.098157s ]
INFO: [ view_parse ] --END-- [ RunTime:0.098459s ]
INFO: [ view_filter ] --START--
INFO: ContentReplace Behavior ::run [ RunTime:0.002078s ]
INFO: TokenBuild Behavior ::run [ RunTime:0.001913s ]
INFO: WriteHtmlCache Behavior ::run [ RunTime:0.001374s ]
INFO: ShowRuntime Behavior ::run [ RunTime:0.002147s ]
INFO: [ view_filter ] --END-- [ RunTime:0.008558s ]
INFO: [ view_end ] --START--
INFO: ShowPageTrace Behavior ::run [ RunTime:0.002467s ]
INFO: [ view_end ] --END-- [ RunTime:0.002813s ]

[ 2016-05-18T17:04:21+08:00 ] 127.0.0.1 /cafuc/index.php/Admin/Index/newslist.html
INFO: [ route_check ] --START--
INFO: CheckRoute Behavior ::run [ RunTime:0.000846s ]
INFO: [ route_check ] --END-- [ RunTime:0.001019s ]
INFO: [ app_begin ] --START--
INFO: ReadHtmlCache Behavior ::run [ RunTime:0.000595s ]
INFO: [ app_begin ] --END-- [ RunTime:0.000747s ]
SQL: SHOW COLUMNS FROM `web_news` [ RunTime:0.003415s ]
SQL: SELECT COUNT(*) AS tp_count FROM `web_news` LIMIT 1   [ RunTime:0.000299s ]
SQL: SELECT * FROM `web_news` ORDER BY time desc LIMIT 0,11   [ RunTime:0.000553s ]
INFO: [ view_parse ] --START--
INFO: ParseTemplate Behavior ::run [ RunTime:0.044901s ]
INFO: [ view_parse ] --END-- [ RunTime:0.045039s ]
INFO: [ view_filter ] --START--
INFO: ContentReplace Behavior ::run [ RunTime:0.000557s ]
INFO: TokenBuild Behavior ::run [ RunTime:0.000481s ]
INFO: WriteHtmlCache Behavior ::run [ RunTime:0.000456s ]
INFO: ShowRuntime Behavior ::run [ RunTime:0.000921s ]
INFO: [ view_filter ] --END-- [ RunTime:0.002838s ]
INFO: [ view_end ] --START--
INFO: ShowPageTrace Behavior ::run [ RunTime:0.000926s ]
INFO: [ view_end ] --END-- [ RunTime:0.001084s ]

[ 2016-05-18T17:04:22+08:00 ] 127.0.0.1 /cafuc/index.php/Admin/Index/logininfo.html
INFO: [ route_check ] --START--
INFO: CheckRoute Behavior ::run [ RunTime:0.001131s ]
INFO: [ route_check ] --END-- [ RunTime:0.001326s ]
INFO: [ app_begin ] --START--
INFO: ReadHtmlCache Behavior ::run [ RunTime:0.000920s ]
INFO: [ app_begin ] --END-- [ RunTime:0.001186s ]
SQL: SHOW COLUMNS FROM `web_users` [ RunTime:0.002834s ]
SQL: SELECT COUNT(*) AS tp_count FROM `web_users` ORDER BY logintime desc LIMIT 1   [ RunTime:0.000271s ]
SQL: SELECT * FROM `web_users` ORDER BY logintime desc LIMIT 0,10   [ RunTime:0.000343s ]
INFO: [ view_parse ] --START--
INFO: ParseTemplate Behavior ::run [ RunTime:0.011147s ]
INFO: [ view_parse ] --END-- [ RunTime:0.011270s ]
INFO: [ view_filter ] --START--
INFO: ContentReplace Behavior ::run [ RunTime:0.000501s ]
INFO: TokenBuild Behavior ::run [ RunTime:0.000410s ]
INFO: WriteHtmlCache Behavior ::run [ RunTime:0.000273s ]
INFO: ShowRuntime Behavior ::run [ RunTime:0.000499s ]
INFO: [ view_filter ] --END-- [ RunTime:0.001946s ]
INFO: [ view_end ] --START--
INFO: ShowPageTrace Behavior ::run [ RunTime:0.000543s ]
INFO: [ view_end ] --END-- [ RunTime:0.000640s ]

[ 2016-05-18T17:04:24+08:00 ] 127.0.0.1 /cafuc/index.php/Admin/Index/upnews.html
INFO: [ route_check ] --START--
INFO: CheckRoute Behavior ::run [ RunTime:0.000634s ]
INFO: [ route_check ] --END-- [ RunTime:0.000750s ]
INFO: [ app_begin ] --START--
INFO: ReadHtmlCache Behavior ::run [ RunTime:0.000479s ]
INFO: [ app_begin ] --END-- [ RunTime:0.000570s ]
INFO: [ view_parse ] --START--
INFO: ParseTemplate Behavior ::run [ RunTime:0.082282s ]
INFO: [ view_parse ] --END-- [ RunTime:0.082499s ]
INFO: [ view_filter ] --START--
INFO: ContentReplace Behavior ::run [ RunTime:0.000541s ]
INFO: TokenBuild Behavior ::run [ RunTime:0.000525s ]
INFO: WriteHtmlCache Behavior ::run [ RunTime:0.000323s ]
INFO: ShowRuntime Behavior ::run [ RunTime:0.000731s ]
INFO: [ view_filter ] --END-- [ RunTime:0.002434s ]
INFO: [ view_end ] --START--
INFO: ShowPageTrace Behavior ::run [ RunTime:0.000952s ]
INFO: [ view_end ] --END-- [ RunTime:0.001071s ]

[ 2016-05-18T17:04:25+08:00 ] 127.0.0.1 /cafuc/index.php/Admin/Index/newslist.html
INFO: [ route_check ] --START--
INFO: CheckRoute Behavior ::run [ RunTime:0.001171s ]
INFO: [ route_check ] --END-- [ RunTime:0.001358s ]
INFO: [ app_begin ] --START--
INFO: ReadHtmlCache Behavior ::run [ RunTime:0.000796s ]
INFO: [ app_begin ] --END-- [ RunTime:0.000953s ]
SQL: SHOW COLUMNS FROM `web_news` [ RunTime:0.004215s ]
SQL: SELECT COUNT(*) AS tp_count FROM `web_news` LIMIT 1   [ RunTime:0.000256s ]
SQL: SELECT * FROM `web_news` ORDER BY time desc LIMIT 0,11   [ RunTime:0.000441s ]
INFO: [ view_parse ] --START--
INFO: ParseTemplate Behavior ::run [ RunTime:0.014443s ]
INFO: [ view_parse ] --END-- [ RunTime:0.014564s ]
INFO: [ view_filter ] --START--
INFO: ContentReplace Behavior ::run [ RunTime:0.000553s ]
INFO: TokenBuild Behavior ::run [ RunTime:0.000404s ]
INFO: WriteHtmlCache Behavior ::run [ RunTime:0.000274s ]
INFO: ShowRuntime Behavior ::run [ RunTime:0.000490s ]
INFO: [ view_filter ] --END-- [ RunTime:0.001982s ]
INFO: [ view_end ] --START--
INFO: ShowPageTrace Behavior ::run [ RunTime:0.000569s ]
INFO: [ view_end ] --END-- [ RunTime:0.000752s ]

[ 2016-05-18T17:04:29+08:00 ] 127.0.0.1 /cafuc/index.php/Admin/Index/upnews.html
INFO: [ route_check ] --START--
INFO: CheckRoute Behavior ::run [ RunTime:0.000753s ]
INFO: [ route_check ] --END-- [ RunTime:0.000887s ]
INFO: [ app_begin ] --START--
INFO: ReadHtmlCache Behavior ::run [ RunTime:0.000567s ]
INFO: [ app_begin ] --END-- [ RunTime:0.000679s ]
INFO: [ view_parse ] --START--
INFO: ParseTemplate Behavior ::run [ RunTime:0.011593s ]
INFO: [ view_parse ] --END-- [ RunTime:0.011744s ]
INFO: [ view_filter ] --START--
INFO: ContentReplace Behavior ::run [ RunTime:0.000684s ]
INFO: TokenBuild Behavior ::run [ RunTime:0.000790s ]
INFO: WriteHtmlCache Behavior ::run [ RunTime:0.000415s ]
INFO: ShowRuntime Behavior ::run [ RunTime:0.000753s ]
INFO: [ view_filter ] --END-- [ RunTime:0.003035s ]
INFO: [ view_end ] --START--
INFO: ShowPageTrace Behavior ::run [ RunTime:0.000833s ]
INFO: [ view_end ] --END-- [ RunTime:0.000966s ]

[ 2016-05-18T17:04:31+08:00 ] 127.0.0.1 /cafuc/index.php/Admin/Index/logininfo.html
INFO: [ route_check ] --START--
INFO: CheckRoute Behavior ::run [ RunTime:0.000666s ]
INFO: [ route_check ] --END-- [ RunTime:0.000788s ]
INFO: [ app_begin ] --START--
INFO: ReadHtmlCache Behavior ::run [ RunTime:0.000585s ]
INFO: [ app_begin ] --END-- [ RunTime:0.000775s ]
SQL: SHOW COLUMNS FROM `web_users` [ RunTime:0.015755s ]
SQL: SELECT COUNT(*) AS tp_count FROM `web_users` ORDER BY logintime desc LIMIT 1   [ RunTime:0.000285s ]
SQL: SELECT * FROM `web_users` ORDER BY logintime desc LIMIT 0,10   [ RunTime:0.000312s ]
INFO: [ view_parse ] --START--
INFO: ParseTemplate Behavior ::run [ RunTime:0.014533s ]
INFO: [ view_parse ] --END-- [ RunTime:0.014659s ]
INFO: [ view_filter ] --START--
INFO: ContentReplace Behavior ::run [ RunTime:0.000552s ]
INFO: TokenBuild Behavior ::run [ RunTime:0.000552s ]
INFO: WriteHtmlCache Behavior ::run [ RunTime:0.000284s ]
INFO: ShowRuntime Behavior ::run [ RunTime:0.000492s ]
INFO: [ view_filter ] --END-- [ RunTime:0.002152s ]
INFO: [ view_end ] --START--
INFO: ShowPageTrace Behavior ::run [ RunTime:0.000539s ]
INFO: [ view_end ] --END-- [ RunTime:0.000632s ]

[ 2016-05-18T17:04:33+08:00 ] 127.0.0.1 /cafuc/index.php/Admin/Index/upnews.html
INFO: [ route_check ] --START--
INFO: CheckRoute Behavior ::run [ RunTime:0.000649s ]
INFO: [ route_check ] --END-- [ RunTime:0.000761s ]
INFO: [ app_begin ] --START--
INFO: ReadHtmlCache Behavior ::run [ RunTime:0.000486s ]
INFO: [ app_begin ] --END-- [ RunTime:0.000581s ]
INFO: [ view_parse ] --START--
INFO: ParseTemplate Behavior ::run [ RunTime:0.009799s ]
INFO: [ view_parse ] --END-- [ RunTime:0.009913s ]
INFO: [ view_filter ] --START--
INFO: ContentReplace Behavior ::run [ RunTime:0.000432s ]
INFO: TokenBuild Behavior ::run [ RunTime:0.000407s ]
INFO: WriteHtmlCache Behavior ::run [ RunTime:0.000272s ]
INFO: ShowRuntime Behavior ::run [ RunTime:0.000481s ]
INFO: [ view_filter ] --END-- [ RunTime:0.001851s ]
INFO: [ view_end ] --START--
INFO: ShowPageTrace Behavior ::run [ RunTime:0.000535s ]
INFO: [ view_end ] --END-- [ RunTime:0.000628s ]

[ 2016-05-18T17:04:35+08:00 ] 127.0.0.1 /cafuc/index.php/Admin/Index/newslist.html
INFO: [ route_check ] --START--
INFO: CheckRoute Behavior ::run [ RunTime:0.001191s ]
INFO: [ route_check ] --END-- [ RunTime:0.001398s ]
INFO: [ app_begin ] --START--
INFO: ReadHtmlCache Behavior ::run [ RunTime:0.000884s ]
INFO: [ app_begin ] --END-- [ RunTime:0.001064s ]
SQL: SHOW COLUMNS FROM `web_news` [ RunTime:0.003254s ]
SQL: SELECT COUNT(*) AS tp_count FROM `web_news` LIMIT 1   [ RunTime:0.000255s ]
SQL: SELECT * FROM `web_news` ORDER BY time desc LIMIT 0,11   [ RunTime:0.000469s ]
INFO: [ view_parse ] --START--
INFO: ParseTemplate Behavior ::run [ RunTime:0.013901s ]
INFO: [ view_parse ] --END-- [ RunTime:0.014028s ]
INFO: [ view_filter ] --START--
INFO: ContentReplace Behavior ::run [ RunTime:0.000538s ]
INFO: TokenBuild Behavior ::run [ RunTime:0.000408s ]
INFO: WriteHtmlCache Behavior ::run [ RunTime:0.000272s ]
INFO: ShowRuntime Behavior ::run [ RunTime:0.000512s ]
INFO: [ view_filter ] --END-- [ RunTime:0.001999s ]
INFO: [ view_end ] --START--
INFO: ShowPageTrace Behavior ::run [ RunTime:0.000575s ]
INFO: [ view_end ] --END-- [ RunTime:0.000675s ]

[ 2016-05-18T17:04:37+08:00 ] 127.0.0.1 /cafuc/index.php/Admin/Index/newslist.html
INFO: [ route_check ] --START--
INFO: CheckRoute Behavior ::run [ RunTime:0.000769s ]
INFO: [ route_check ] --END-- [ RunTime:0.001015s ]
INFO: [ app_begin ] --START--
INFO: ReadHtmlCache Behavior ::run [ RunTime:0.000502s ]
INFO: [ app_begin ] --END-- [ RunTime:0.000608s ]
SQL: SHOW COLUMNS FROM `web_news` [ RunTime:0.003202s ]
SQL: SELECT COUNT(*) AS tp_count FROM `web_news` LIMIT 1   [ RunTime:0.000329s ]
SQL: SELECT * FROM `web_news` ORDER BY time desc LIMIT 0,11   [ RunTime:0.000517s ]
INFO: [ view_parse ] --START--
INFO: ParseTemplate Behavior ::run [ RunTime:0.015618s ]
INFO: [ view_parse ] --END-- [ RunTime:0.015745s ]
INFO: [ view_filter ] --START--
INFO: ContentReplace Behavior ::run [ RunTime:0.000556s ]
INFO: TokenBuild Behavior ::run [ RunTime:0.000431s ]
INFO: WriteHtmlCache Behavior ::run [ RunTime:0.000282s ]
INFO: ShowRuntime Behavior ::run [ RunTime:0.000524s ]
INFO: [ view_filter ] --END-- [ RunTime:0.002071s ]
INFO: [ view_end ] --START--
INFO: ShowPageTrace Behavior ::run [ RunTime:0.000637s ]
INFO: [ view_end ] --END-- [ RunTime:0.000742s ]

[ 2016-05-18T17:04:39+08:00 ] 127.0.0.1 /cafuc/index.php/Admin/Index/newslist/p/2.html
INFO: [ route_check ] --START--
INFO: CheckRoute Behavior ::run [ RunTime:0.000685s ]
INFO: [ route_check ] --END-- [ RunTime:0.000807s ]
INFO: [ app_begin ] --START--
INFO: ReadHtmlCache Behavior ::run [ RunTime:0.000508s ]
INFO: [ app_begin ] --END-- [ RunTime:0.000618s ]
SQL: SHOW COLUMNS FROM `web_news` [ RunTime:0.003099s ]
SQL: SELECT COUNT(*) AS tp_count FROM `web_news` LIMIT 1   [ RunTime:0.000223s ]
SQL: SELECT * FROM `web_news` ORDER BY time desc LIMIT 11,11   [ RunTime:0.000495s ]
INFO: [ view_parse ] --START--
INFO: ParseTemplate Behavior ::run [ RunTime:0.012757s ]
INFO: [ view_parse ] --END-- [ RunTime:0.012882s ]
INFO: [ view_filter ] --START--
INFO: ContentReplace Behavior ::run [ RunTime:0.000495s ]
INFO: TokenBuild Behavior ::run [ RunTime:0.000403s ]
INFO: WriteHtmlCache Behavior ::run [ RunTime:0.000283s ]
INFO: ShowRuntime Behavior ::run [ RunTime:0.000508s ]
INFO: [ view_filter ] --END-- [ RunTime:0.001956s ]
INFO: [ view_end ] --START--
INFO: ShowPageTrace Behavior ::run [ RunTime:0.000664s ]
INFO: [ view_end ] --END-- [ RunTime:0.000781s ]

[ 2016-05-18T17:04:42+08:00 ] 127.0.0.1 /cafuc/index.php/Admin/Index/newslist/p/1.html
INFO: [ route_check ] --START--
INFO: CheckRoute Behavior ::run [ RunTime:0.000812s ]
INFO: [ route_check ] --END-- [ RunTime:0.000942s ]
INFO: [ app_begin ] --START--
INFO: ReadHtmlCache Behavior ::run [ RunTime:0.000556s ]
INFO: [ app_begin ] --END-- [ RunTime:0.000657s ]
SQL: SHOW COLUMNS FROM `web_news` [ RunTime:0.003018s ]
SQL: SELECT COUNT(*) AS tp_count FROM `web_news` LIMIT 1   [ RunTime:0.000302s ]
SQL: SELECT * FROM `web_news` ORDER BY time desc LIMIT 0,11   [ RunTime:0.000500s ]
INFO: [ view_parse ] --START--
INFO: ParseTemplate Behavior ::run [ RunTime:0.014601s ]
INFO: [ view_parse ] --END-- [ RunTime:0.014731s ]
INFO: [ view_filter ] --START--
INFO: ContentReplace Behavior ::run [ RunTime:0.000483s ]
INFO: TokenBuild Behavior ::run [ RunTime:0.000398s ]
INFO: WriteHtmlCache Behavior ::run [ RunTime:0.000258s ]
INFO: ShowRuntime Behavior ::run [ RunTime:0.000481s ]
INFO: [ view_filter ] --END-- [ RunTime:0.001865s ]
INFO: [ view_end ] --START--
INFO: ShowPageTrace Behavior ::run [ RunTime:0.000516s ]
INFO: [ view_end ] --END-- [ RunTime:0.000601s ]

[ 2016-05-18T17:04:44+08:00 ] 127.0.0.1 /cafuc/index.php/Admin/Index/upnews.html
INFO: [ route_check ] --START--
INFO: CheckRoute Behavior ::run [ RunTime:0.000861s ]
INFO: [ route_check ] --END-- [ RunTime:0.000984s ]
INFO: [ app_begin ] --START--
INFO: ReadHtmlCache Behavior ::run [ RunTime:0.000467s ]
INFO: [ app_begin ] --END-- [ RunTime:0.000560s ]
INFO: [ view_parse ] --START--
INFO: ParseTemplate Behavior ::run [ RunTime:0.010095s ]
INFO: [ view_parse ] --END-- [ RunTime:0.010219s ]
INFO: [ view_filter ] --START--
INFO: ContentReplace Behavior ::run [ RunTime:0.000866s ]
INFO: TokenBuild Behavior ::run [ RunTime:0.000559s ]
INFO: WriteHtmlCache Behavior ::run [ RunTime:0.000331s ]
INFO: ShowRuntime Behavior ::run [ RunTime:0.000488s ]
INFO: [ view_filter ] --END-- [ RunTime:0.002522s ]
INFO: [ view_end ] --START--
INFO: ShowPageTrace Behavior ::run [ RunTime:0.000531s ]
INFO: [ view_end ] --END-- [ RunTime:0.000619s ]

[ 2016-05-18T17:12:30+08:00 ] 127.0.0.1 /cafuc/index.php/Admin/Index/news_check.html
INFO: [ route_check ] --START--
INFO: CheckRoute Behavior ::run [ RunTime:0.000853s ]
INFO: [ route_check ] --END-- [ RunTime:0.000968s ]
INFO: [ app_begin ] --START--
INFO: ReadHtmlCache Behavior ::run [ RunTime:0.000672s ]
INFO: [ app_begin ] --END-- [ RunTime:0.000782s ]
SQL: SHOW COLUMNS FROM `web_news` [ RunTime:0.003556s ]
SQL: INSERT INTO `web_news` (`title`,`content`,`partnews`,`source`,`author`,`imgname`,`imgpath`,`time`) VALUES ('学校党委深入推进“两学一做”学习教育','本网讯 殷东来 报道：5月17日下午，学校党委中心组召开学习会，集中观看了中央党校教授高新民主讲的党章第二讲。讲座结束后，校党委书记陈布科以《领导带头学习，有效推动“两学一做”活动》为题，进行了交流发言。\r\n\r\n陈布科说，开展“两学一做”学习教育，要坚持领导带头、以上率下，在“学”字上用真功，在“做”方面见真章。广大党员要认真学习党章党规，牢记党员身份，增强党员意识，把握为人做事的基准和底线。要认真研读习近平总书记关于理想信念、中国梦、“四个全面”战略布局、五大发展理念等方面的新观点新思想新论断，真正做到入脑入心。\r\n\r\n陈布科要求，学习中，要带着问题学、针对问题改。无论什么职级、什么岗位上的党员领导干部，都要带头参加学习讨论，带头谈体会、讲党课、作报告，带头参加组织生活会和民主评议，带头立足岗位做贡献。\r\n\r\n在谈到如何带头做时，陈布科强调，带头做，首先要把党章这个总规矩立起来，要认识到立好党章总规矩，既是思想问题，也是实践问题。尊崇党章，首先要遵守党章、维护党章。立好党章总规矩，就是要切实增强政治意识、大局意识、核心意识、看齐意识，真正做到讲政治、有信念，讲规矩、有纪律，讲道德、有品行，讲奉献、有作为。\r\n\r\n陈布科结合工作实际强调，办人民满意教育，就是要全面践行好民航局提出的“飞行安全，廉政安全，真情服务”三大理念。要充分认识飞行安全是学校发展的基础，廉政安全是学校发展的政治保证，真情服务是学校发展的宗旨。要统筹安排“两学一做”学习教育，要用具体的工作成效来检验学习成果。希望中心组成员积极行动起来，按领导带头、以上率下的要求，积极参加自己所在支部的各项活动。\r\n\r\n会上，中心组成员还围绕“学”与“做”，进行了交流讨论。','本网讯 殷东来 报道：5月17日下午，学校党委中心组召开学习会，集中观看了中央党校教授高新民主讲的党章第二讲。讲座结束后，校党委书记陈布科以《领导带头学习，有效推动“两学一做”活动》为题，进行了交流发言。\r\n\r\n','校内信息网','殷东来','573c31fddccc6.jpg','./Public/Uploads/news/',1463562749) [ RunTime:0.002279s ]
INFO: [ view_parse ] --START--
INFO: ParseTemplate Behavior ::run [ RunTime:0.007815s ]
INFO: [ view_parse ] --END-- [ RunTime:0.007961s ]
INFO: [ view_filter ] --START--
INFO: ContentReplace Behavior ::run [ RunTime:0.000470s ]
INFO: TokenBuild Behavior ::run [ RunTime:0.000678s ]
INFO: WriteHtmlCache Behavior ::run [ RunTime:0.000586s ]
INFO: ShowRuntime Behavior ::run [ RunTime:0.000705s ]
INFO: [ view_filter ] --END-- [ RunTime:0.002726s ]
INFO: [ view_end ] --START--
INFO: ShowPageTrace Behavior ::run [ RunTime:0.000737s ]
INFO: [ view_end ] --END-- [ RunTime:0.000857s ]

[ 2016-05-18T17:12:31+08:00 ] 127.0.0.1 /cafuc/index.php/Admin/Index/upnews.html
INFO: [ route_check ] --START--
INFO: CheckRoute Behavior ::run [ RunTime:0.000913s ]
INFO: [ route_check ] --END-- [ RunTime:0.001065s ]
INFO: [ app_begin ] --START--
INFO: ReadHtmlCache Behavior ::run [ RunTime:0.000697s ]
INFO: [ app_begin ] --END-- [ RunTime:0.000813s ]
INFO: [ view_parse ] --START--
INFO: ParseTemplate Behavior ::run [ RunTime:0.011756s ]
INFO: [ view_parse ] --END-- [ RunTime:0.011889s ]
INFO: [ view_filter ] --START--
INFO: ContentReplace Behavior ::run [ RunTime:0.000439s ]
INFO: TokenBuild Behavior ::run [ RunTime:0.000407s ]
INFO: WriteHtmlCache Behavior ::run [ RunTime:0.000279s ]
INFO: ShowRuntime Behavior ::run [ RunTime:0.000501s ]
INFO: [ view_filter ] --END-- [ RunTime:0.001903s ]
INFO: [ view_end ] --START--
INFO: ShowPageTrace Behavior ::run [ RunTime:0.000566s ]
INFO: [ view_end ] --END-- [ RunTime:0.000662s ]

[ 2016-05-18T17:12:33+08:00 ] 127.0.0.1 /cafuc/index.php/Admin/Index/index.html
INFO: [ route_check ] --START--
INFO: CheckRoute Behavior ::run [ RunTime:0.001110s ]
INFO: [ route_check ] --END-- [ RunTime:0.001299s ]
INFO: [ app_begin ] --START--
INFO: ReadHtmlCache Behavior ::run [ RunTime:0.001239s ]
INFO: [ app_begin ] --END-- [ RunTime:0.001451s ]
INFO: [ view_parse ] --START--
INFO: ParseTemplate Behavior ::run [ RunTime:0.015927s ]
INFO: [ view_parse ] --END-- [ RunTime:0.016107s ]
INFO: [ view_filter ] --START--
INFO: ContentReplace Behavior ::run [ RunTime:0.000684s ]
INFO: TokenBuild Behavior ::run [ RunTime:0.000609s ]
INFO: WriteHtmlCache Behavior ::run [ RunTime:0.000407s ]
INFO: ShowRuntime Behavior ::run [ RunTime:0.000699s ]
INFO: [ view_filter ] --END-- [ RunTime:0.002781s ]
INFO: [ view_end ] --START--
INFO: ShowPageTrace Behavior ::run [ RunTime:0.000773s ]
INFO: [ view_end ] --END-- [ RunTime:0.000940s ]

[ 2016-05-18T17:12:35+08:00 ] 127.0.0.1 /cafuc/index.php/Index/Index/index.html
INFO: [ route_check ] --START--
INFO: CheckRoute Behavior ::run [ RunTime:0.001010s ]
INFO: [ route_check ] --END-- [ RunTime:0.001200s ]
INFO: [ app_begin ] --START--
INFO: ReadHtmlCache Behavior ::run [ RunTime:0.000537s ]
INFO: [ app_begin ] --END-- [ RunTime:0.000650s ]
SQL: SHOW COLUMNS FROM `web_news` [ RunTime:0.002942s ]
SQL: SELECT * FROM `web_news` ORDER BY time desc LIMIT 8   [ RunTime:0.000709s ]
INFO: [ view_parse ] --START--
INFO: ParseTemplate Behavior ::run [ RunTime:0.017134s ]
INFO: [ view_parse ] --END-- [ RunTime:0.017275s ]
INFO: [ view_filter ] --START--
INFO: ContentReplace Behavior ::run [ RunTime:0.001401s ]
INFO: TokenBuild Behavior ::run [ RunTime:0.000944s ]
INFO: WriteHtmlCache Behavior ::run [ RunTime:0.000499s ]
INFO: ShowRuntime Behavior ::run [ RunTime:0.000624s ]
INFO: [ view_filter ] --END-- [ RunTime:0.003864s ]
INFO: [ view_end ] --START--
INFO: ShowPageTrace Behavior ::run [ RunTime:0.000958s ]
INFO: [ view_end ] --END-- [ RunTime:0.001066s ]

[ 2016-05-18T17:12:36+08:00 ] 127.0.0.1 /cafuc/index.php/Admin/Login/verify.html
INFO: [ route_check ] --START--
INFO: CheckRoute Behavior ::run [ RunTime:0.001205s ]
INFO: [ route_check ] --END-- [ RunTime:0.001386s ]
INFO: [ app_begin ] --START--
INFO: ReadHtmlCache Behavior ::run [ RunTime:0.001071s ]
INFO: [ app_begin ] --END-- [ RunTime:0.001329s ]

[ 2016-05-18T17:12:39+08:00 ] 127.0.0.1 /cafuc/index.php/Index/Index/details/id/23.html
INFO: [ route_check ] --START--
INFO: CheckRoute Behavior ::run [ RunTime:0.000872s ]
INFO: [ route_check ] --END-- [ RunTime:0.001017s ]
INFO: [ app_begin ] --START--
INFO: ReadHtmlCache Behavior ::run [ RunTime:0.000587s ]
INFO: [ app_begin ] --END-- [ RunTime:0.000707s ]
SQL: SHOW COLUMNS FROM `web_news` [ RunTime:0.007327s ]
SQL: SELECT * FROM `web_news` WHERE ( `id` = 23 ) LIMIT 1   [ RunTime:0.000614s ]
SQL: UPDATE `web_news` SET `title`='学校党委深入推进“两学一做”学习教育',`content`='本网讯 殷东来 报道：5月17日下午，学校党委中心组召开学习会，集中观看了中央党校教授高新民主讲的党章第二讲。讲座结束后，校党委书记陈布科以《领导带头学习，有效推动“两学一做”活动》为题，进行了交流发言。\r\n\r\n陈布科说，开展“两学一做”学习教育，要坚持领导带头、以上率下，在“学”字上用真功，在“做”方面见真章。广大党员要认真学习党章党规，牢记党员身份，增强党员意识，把握为人做事的基准和底线。要认真研读习近平总书记关于理想信念、中国梦、“四个全面”战略布局、五大发展理念等方面的新观点新思想新论断，真正做到入脑入心。\r\n\r\n陈布科要求，学习中，要带着问题学、针对问题改。无论什么职级、什么岗位上的党员领导干部，都要带头参加学习讨论，带头谈体会、讲党课、作报告，带头参加组织生活会和民主评议，带头立足岗位做贡献。\r\n\r\n在谈到如何带头做时，陈布科强调，带头做，首先要把党章这个总规矩立起来，要认识到立好党章总规矩，既是思想问题，也是实践问题。尊崇党章，首先要遵守党章、维护党章。立好党章总规矩，就是要切实增强政治意识、大局意识、核心意识、看齐意识，真正做到讲政治、有信念，讲规矩、有纪律，讲道德、有品行，讲奉献、有作为。\r\n\r\n陈布科结合工作实际强调，办人民满意教育，就是要全面践行好民航局提出的“飞行安全，廉政安全，真情服务”三大理念。要充分认识飞行安全是学校发展的基础，廉政安全是学校发展的政治保证，真情服务是学校发展的宗旨。要统筹安排“两学一做”学习教育，要用具体的工作成效来检验学习成果。希望中心组成员积极行动起来，按领导带头、以上率下的要求，积极参加自己所在支部的各项活动。\r\n\r\n会上，中心组成员还围绕“学”与“做”，进行了交流讨论。',`time`=1463562749,`source`='校内信息网',`author`='殷东来',`imgname`='573c31fddccc6.jpg',`imgpath`='./Public/Uploads/news/',`click`=1,`partnews`='本网讯 殷东来 报道：5月17日下午，学校党委中心组召开学习会，集中观看了中央党校教授高新民主讲的党章第二讲。讲座结束后，校党委书记陈布科以《领导带头学习，有效推动“两学一做”活动》为题，进行了交流发言。\r\n\r\n' WHERE ( `id` = 23 ) [ RunTime:0.078880s ]
SQL: SELECT * FROM `web_news` WHERE ( id=23 )  [ RunTime:0.000301s ]
INFO: [ view_parse ] --START--
INFO: ParseTemplate Behavior ::run [ RunTime:0.047208s ]
INFO: [ view_parse ] --END-- [ RunTime:0.047381s ]
INFO: [ view_filter ] --START--
INFO: ContentReplace Behavior ::run [ RunTime:0.000536s ]
INFO: TokenBuild Behavior ::run [ RunTime:0.000462s ]
INFO: WriteHtmlCache Behavior ::run [ RunTime:0.000391s ]
INFO: ShowRuntime Behavior ::run [ RunTime:0.000954s ]
INFO: [ view_filter ] --END-- [ RunTime:0.002771s ]
INFO: [ view_end ] --START--
INFO: ShowPageTrace Behavior ::run [ RunTime:0.001169s ]
INFO: [ view_end ] --END-- [ RunTime:0.001347s ]

[ 2016-05-18T17:12:50+08:00 ] 127.0.0.1 /cafuc/index.php/Index/Index/details/id/22.html
INFO: [ route_check ] --START--
INFO: CheckRoute Behavior ::run [ RunTime:0.001198s ]
INFO: [ route_check ] --END-- [ RunTime:0.001354s ]
INFO: [ app_begin ] --START--
INFO: ReadHtmlCache Behavior ::run [ RunTime:0.001195s ]
INFO: [ app_begin ] --END-- [ RunTime:0.001567s ]
SQL: SHOW COLUMNS FROM `web_news` [ RunTime:0.003565s ]
SQL: SELECT * FROM `web_news` WHERE ( `id` = 22 ) LIMIT 1   [ RunTime:0.000857s ]
SQL: UPDATE `web_news` SET `title`='明天会更好：中飞院师生与南部县中小学生搭起爱心之桥',`content`='本网讯 雷凌航 倪亮 摄影报道：一个来自南部县留守儿童的愿望，牵动了百里之外中飞院的心；一封由学校共青团发出的爱心倡议，得到了逾万名青年师生的真诚响应。近日，从蓝天上下汇集的爱心捐赠被传递到南部县长坪镇小学、南部县中学200多名特困学生手中。精准帮扶，心心相接，一座承载着爱与希望的桥梁跨越山壑，联通校地两端。\r\n\r\n4月中旬，学校团委向全校青年发出关爱南部县留守儿童、特困学子的倡议。一名来自长坪镇小学、叫做小贤的留守儿童的愿望在师生间迅速转发、传播——“每天十余里的求学路，早已让他唯一的布鞋不堪重负。小贤多么希望能拥有一双属于自己的白球鞋”。微小的愿望，无穷大的希望。两周时间内，各训练分院、二级学院、飞机修理厂等青年师生自发捐助的一份份爱心如江海汇集一处，似三秋归于一日。5月11日上午，在由我校援建的长坪镇小学，小贤以及其他40多名留守贫困儿童收到了来自中飞院师生们的温暖爱心。\r\n\r\n学校办公室副主任胡建华、组织部副部长陈绍荣、校团委书记邓红缨以及飞行技术学院、航空工程学院分团委书记代表所有募捐师生，表达了对孩子们的关心和祝愿：“南部县如画，同学们如花。人生莫惧少年贫。趁着青春正好，同学们一定要惜时如金，努力学习，拥抱生活，心向阳光，打好成功的基石”。\r\n\r\n在南部县中学捐助金发放仪式结束后，南部县教育局班子与校方代表举行了交流座谈。据胡建华副主任介绍，自中飞院与南部县签订精准扶贫框架协议以来，学校党委高度重视，机关职能部门通过积极动员、广泛宣传，让更多老师、学生参与，形成教育扶贫工作的合力。下一阶段，中飞院将与南部县教育系统将通过师生交流互访、青年干部挂职锻炼、南部中学蓝天基地班建设等途径，推进教育扶贫的的力度与深度。\r\n\r\n脱贫致富，教育先行。近年来，中飞院按照民航局和四川省的部署，先后对凉山彝族自治州昭觉县、德阳市中江县、南充市南部县等贫困县展开了精准扶贫、对口帮扶工作，这既是学校对社会责任的履行，也是全体中飞院人对时代使命的担当。高峨险峻，拾级可触；汪洋深幽，假船可达。脱贫诚艰，斯路漫漫。立定信念，梦想不远。',`time`=1463415766,`source`='校内信息网',`author`='刘蓉',`imgname`='5739f3d6b0bcc.jpg',`imgpath`='./Public/Uploads/news/',`click`=2,`partnews`='本网讯 雷凌航 倪亮 摄影报道：一个来自南部县留守儿童的愿望，牵动了百里之外中飞院的心；一封由学校共青团发出的爱心倡议，得到了逾万名青年师生的真诚响应。近日，从蓝天上下汇集的爱心捐赠被传递到南部县长坪镇小' WHERE ( `id` = 22 ) [ RunTime:0.001841s ]
SQL: SELECT * FROM `web_news` WHERE ( id=22 )  [ RunTime:0.000320s ]
INFO: [ view_parse ] --START--
INFO: ParseTemplate Behavior ::run [ RunTime:0.012590s ]
INFO: [ view_parse ] --END-- [ RunTime:0.012751s ]
INFO: [ view_filter ] --START--
INFO: ContentReplace Behavior ::run [ RunTime:0.001186s ]
INFO: TokenBuild Behavior ::run [ RunTime:0.000860s ]
INFO: WriteHtmlCache Behavior ::run [ RunTime:0.000604s ]
INFO: ShowRuntime Behavior ::run [ RunTime:0.000606s ]
INFO: [ view_filter ] --END-- [ RunTime:0.003663s ]
INFO: [ view_end ] --START--
INFO: ShowPageTrace Behavior ::run [ RunTime:0.000680s ]
INFO: [ view_end ] --END-- [ RunTime:0.000778s ]

[ 2016-05-18T17:28:28+08:00 ] 127.0.0.1 /cafuc/index.php/Index/Index/index.html
INFO: [ route_check ] --START--
INFO: CheckRoute Behavior ::run [ RunTime:0.001090s ]
INFO: [ route_check ] --END-- [ RunTime:0.001237s ]
INFO: [ app_begin ] --START--
INFO: ReadHtmlCache Behavior ::run [ RunTime:0.000693s ]
INFO: [ app_begin ] --END-- [ RunTime:0.000811s ]
SQL: SHOW COLUMNS FROM `web_news` [ RunTime:0.004252s ]
SQL: SELECT * FROM `web_news` ORDER BY time desc LIMIT 8   [ RunTime:0.000683s ]
INFO: [ view_parse ] --START--
INFO: ParseTemplate Behavior ::run [ RunTime:0.016773s ]
INFO: [ view_parse ] --END-- [ RunTime:0.016901s ]
INFO: [ view_filter ] --START--
INFO: ContentReplace Behavior ::run [ RunTime:0.000629s ]
INFO: TokenBuild Behavior ::run [ RunTime:0.000528s ]
INFO: WriteHtmlCache Behavior ::run [ RunTime:0.000377s ]
INFO: ShowRuntime Behavior ::run [ RunTime:0.000592s ]
INFO: [ view_filter ] --END-- [ RunTime:0.002390s ]
INFO: [ view_end ] --START--
INFO: ShowPageTrace Behavior ::run [ RunTime:0.000650s ]
INFO: [ view_end ] --END-- [ RunTime:0.000750s ]

[ 2016-05-18T17:28:28+08:00 ] 127.0.0.1 /cafuc/index.php/Admin/Login/verify.html
INFO: [ route_check ] --START--
INFO: CheckRoute Behavior ::run [ RunTime:0.000762s ]
INFO: [ route_check ] --END-- [ RunTime:0.000930s ]
INFO: [ app_begin ] --START--
INFO: ReadHtmlCache Behavior ::run [ RunTime:0.000539s ]
INFO: [ app_begin ] --END-- [ RunTime:0.000649s ]

[ 2016-05-18T22:19:53+08:00 ] 127.0.0.1 /cafuc/index.php/Admin/Index/index.html
INFO: [ route_check ] --START--
INFO: CheckRoute Behavior ::run [ RunTime:0.001059s ]
INFO: [ route_check ] --END-- [ RunTime:0.001256s ]
INFO: [ app_begin ] --START--
INFO: ReadHtmlCache Behavior ::run [ RunTime:0.000634s ]
INFO: [ app_begin ] --END-- [ RunTime:0.000742s ]
INFO: [ view_parse ] --START--
INFO: ParseTemplate Behavior ::run [ RunTime:0.031334s ]
INFO: [ view_parse ] --END-- [ RunTime:0.031670s ]
INFO: [ view_filter ] --START--
INFO: ContentReplace Behavior ::run [ RunTime:0.001080s ]
INFO: TokenBuild Behavior ::run [ RunTime:0.000747s ]
INFO: WriteHtmlCache Behavior ::run [ RunTime:0.000549s ]
INFO: ShowRuntime Behavior ::run [ RunTime:0.000850s ]
INFO: [ view_filter ] --END-- [ RunTime:0.003674s ]
INFO: [ view_end ] --START--
INFO: ShowPageTrace Behavior ::run [ RunTime:0.000933s ]
INFO: [ view_end ] --END-- [ RunTime:0.001071s ]

[ 2016-05-18T22:20:00+08:00 ] 127.0.0.1 /cafuc/index.php/Index/Index/tongzhi.html
INFO: [ route_check ] --START--
INFO: CheckRoute Behavior ::run [ RunTime:0.000959s ]
INFO: [ route_check ] --END-- [ RunTime:0.001131s ]
INFO: [ app_begin ] --START--
INFO: ReadHtmlCache Behavior ::run [ RunTime:0.000829s ]
INFO: [ app_begin ] --END-- [ RunTime:0.000995s ]
SQL: SHOW COLUMNS FROM `web_news` [ RunTime:0.012352s ]
SQL: SELECT COUNT(*) AS tp_count FROM `web_news` LIMIT 1   [ RunTime:0.000332s ]
SQL: SELECT * FROM `web_news` ORDER BY time desc LIMIT 0,9   [ RunTime:0.000460s ]
INFO: [ view_parse ] --START--
INFO: ParseTemplate Behavior ::run [ RunTime:0.047613s ]
INFO: [ view_parse ] --END-- [ RunTime:0.047740s ]
INFO: [ view_filter ] --START--
INFO: ContentReplace Behavior ::run [ RunTime:0.000431s ]
INFO: TokenBuild Behavior ::run [ RunTime:0.000397s ]
INFO: WriteHtmlCache Behavior ::run [ RunTime:0.000286s ]
INFO: ShowRuntime Behavior ::run [ RunTime:0.000529s ]
INFO: [ view_filter ] --END-- [ RunTime:0.001899s ]
INFO: [ view_end ] --START--
INFO: ShowPageTrace Behavior ::run [ RunTime:0.000520s ]
INFO: [ view_end ] --END-- [ RunTime:0.000607s ]

[ 2016-05-18T22:20:02+08:00 ] 127.0.0.1 /cafuc/index.php/Index/Index/TongZhi/p/2.html
INFO: [ route_check ] --START--
INFO: CheckRoute Behavior ::run [ RunTime:0.001316s ]
INFO: [ route_check ] --END-- [ RunTime:0.001517s ]
INFO: [ app_begin ] --START--
INFO: ReadHtmlCache Behavior ::run [ RunTime:0.000825s ]
INFO: [ app_begin ] --END-- [ RunTime:0.000992s ]
SQL: SHOW COLUMNS FROM `web_news` [ RunTime:0.003108s ]
SQL: SELECT COUNT(*) AS tp_count FROM `web_news` LIMIT 1   [ RunTime:0.000528s ]
SQL: SELECT * FROM `web_news` ORDER BY time desc LIMIT 9,9   [ RunTime:0.000675s ]
INFO: [ view_parse ] --START--
INFO: ParseTemplate Behavior ::run [ RunTime:0.024229s ]
INFO: [ view_parse ] --END-- [ RunTime:0.024351s ]
INFO: [ view_filter ] --START--
INFO: ContentReplace Behavior ::run [ RunTime:0.000531s ]
INFO: TokenBuild Behavior ::run [ RunTime:0.000413s ]
INFO: WriteHtmlCache Behavior ::run [ RunTime:0.000259s ]
INFO: ShowRuntime Behavior ::run [ RunTime:0.000529s ]
INFO: [ view_filter ] --END-- [ RunTime:0.001978s ]
INFO: [ view_end ] --START--
INFO: ShowPageTrace Behavior ::run [ RunTime:0.000577s ]
INFO: [ view_end ] --END-- [ RunTime:0.000664s ]

[ 2016-05-18T22:20:04+08:00 ] 127.0.0.1 /cafuc/index.php/Index/Index/TongZhi/p/1.html
INFO: [ route_check ] --START--
INFO: CheckRoute Behavior ::run [ RunTime:0.000991s ]
INFO: [ route_check ] --END-- [ RunTime:0.001162s ]
INFO: [ app_begin ] --START--
INFO: ReadHtmlCache Behavior ::run [ RunTime:0.000739s ]
INFO: [ app_begin ] --END-- [ RunTime:0.000888s ]
SQL: SHOW COLUMNS FROM `web_news` [ RunTime:0.002920s ]
SQL: SELECT COUNT(*) AS tp_count FROM `web_news` LIMIT 1   [ RunTime:0.000348s ]
SQL: SELECT * FROM `web_news` ORDER BY time desc LIMIT 0,9   [ RunTime:0.000686s ]
INFO: [ view_parse ] --START--
INFO: ParseTemplate Behavior ::run [ RunTime:0.010825s ]
INFO: [ view_parse ] --END-- [ RunTime:0.010958s ]
INFO: [ view_filter ] --START--
INFO: ContentReplace Behavior ::run [ RunTime:0.000482s ]
INFO: TokenBuild Behavior ::run [ RunTime:0.000512s ]
INFO: WriteHtmlCache Behavior ::run [ RunTime:0.000282s ]
INFO: ShowRuntime Behavior ::run [ RunTime:0.000485s ]
INFO: [ view_filter ] --END-- [ RunTime:0.002027s ]
INFO: [ view_end ] --START--
INFO: ShowPageTrace Behavior ::run [ RunTime:0.000543s ]
INFO: [ view_end ] --END-- [ RunTime:0.000636s ]

[ 2016-05-18T22:20:12+08:00 ] 127.0.0.1 /cafuc/index.php/Admin/Index/upnews.html
INFO: [ route_check ] --START--
INFO: CheckRoute Behavior ::run [ RunTime:0.002196s ]
INFO: [ route_check ] --END-- [ RunTime:0.002484s ]
INFO: [ app_begin ] --START--
INFO: ReadHtmlCache Behavior ::run [ RunTime:0.000690s ]
INFO: [ app_begin ] --END-- [ RunTime:0.000807s ]
INFO: [ view_parse ] --START--
INFO: ParseTemplate Behavior ::run [ RunTime:0.010482s ]
INFO: [ view_parse ] --END-- [ RunTime:0.010609s ]
INFO: [ view_filter ] --START--
INFO: ContentReplace Behavior ::run [ RunTime:0.000563s ]
INFO: TokenBuild Behavior ::run [ RunTime:0.000501s ]
INFO: WriteHtmlCache Behavior ::run [ RunTime:0.000356s ]
INFO: ShowRuntime Behavior ::run [ RunTime:0.000575s ]
INFO: [ view_filter ] --END-- [ RunTime:0.002240s ]
INFO: [ view_end ] --START--
INFO: ShowPageTrace Behavior ::run [ RunTime:0.000625s ]
INFO: [ view_end ] --END-- [ RunTime:0.000713s ]

[ 2016-05-18T22:21:30+08:00 ] 127.0.0.1 /cafuc/index.php/Admin/Index/news_check.html
INFO: [ route_check ] --START--
INFO: CheckRoute Behavior ::run [ RunTime:0.000768s ]
INFO: [ route_check ] --END-- [ RunTime:0.000904s ]
INFO: [ app_begin ] --START--
INFO: ReadHtmlCache Behavior ::run [ RunTime:0.000567s ]
INFO: [ app_begin ] --END-- [ RunTime:0.000685s ]
SQL: SHOW COLUMNS FROM `web_news` [ RunTime:0.003352s ]
SQL: INSERT INTO `web_news` (`title`,`content`,`partnews`,`source`,`author`,`imgname`,`imgpath`,`time`) VALUES ('中飞院与南部县政府签署框架协议','本网讯李忠粮报道：3月31日，中国民用航空飞行学院（下称中飞院）与南部县政府在广汉签署“南飞励耕奖”框架协议，双方将通过面向南部县特困教职员工和优秀教师实施帮扶、奖励，深化民航专业人才生源基地建设等举措，打造一支爱岗敬业，乐于奉献的教师队伍，全面提升该县义务教育和高中办学水平，从根本上阻断贫困代际传递。\r\n\r\n中飞院党委书记陈布科、党委副书记、纪委书记陈大伙，与南部县常委、常务副县长朱仕友一行座谈，并出席签约仪式。陈大伙与朱仕友代表合作双方在框架协议书上签字。\r\n\r\n签约仪式上，陈布科向朱仕友一行介绍了中飞院的历史、文化、学科建设和人才培养等情况后说，近年来，我们深入学习、贯彻习近平总书记系列重要讲话精神，紧紧围绕协调推进“四个全面”战略布局的要求和全面建成小康社会的奋斗目标，在统筹改革发展、安全稳定等工作的同时，按民航局和四川省的部署，聚焦精准扶贫、精准脱贫主战场，积极实施了包括民航人才生源基地、奖优扶困、师生与贫困地区群众结对等在内的支撑期长的教育精准扶贫项目，探索走出了既有民航特色，又符合中飞院实际的智力扶贫新路。\r\n\r\n陈布科说，中飞院在南部县开展教育扶贫进入“第二季”之际，学校在南充市高坪区溪头乡火星村开展的精准扶贫攻坚战也已经打响。本月早些时候，大伙同志曾带队实地考察了该村的情况，确定了帮助46户、160多个贫困人口精准脱贫的方案。而与此同时，学校帮扶中江县教育的工作也在继续。尽管中飞院在本轮扶贫工作中承担的任务重，且点多面广，但我们将认真落实双方签署的框架协议，以最大的决心、最有力的措施，全力以赴打赢精准扶贫的攻坚战，为南部县与全国一起全面建成小康社会作出新贡献。\r\n\r\n朱仕友对中飞院继续关注、支持南部县教育事业表示感谢，并回顾了中飞院在南部县开展教育扶贫所取得的成绩、产生的社会效益。他说，中飞院作为国内外最大的民航高校和世界一流的飞行员培养基地，充分发挥自身优势，在师资建设、人才培养、贫困学生资助和科技创新等方面给予了南部县一系列支持，特别是中飞院重点帮扶的长坪小学，因其面貌发生了翻天覆地的变化，成为百姓心中的样板工程。\r\n\r\n朱仕友说，按上级要求，南部县这个拥有130多万人口的国家级贫困县，必须在今年内摘冒脱贫。结合南部的实际，我们要求各级围绕建档立卡、精准施策、驻村帮扶、脱贫责任“四个”重点，精准发力，坚决打赢脱贫攻坚战。为此，南部县已将与中飞院合作实施的教育扶贫纳入重点推动计划，希望以此带动其他帮扶单位的项目、资金落地。\r\n\r\n据了解，此次双方签署的合作框架协议包括：先期捐赠100万与政府配套,设立“南飞励耕奖”；深化“中国民航飞行学院基地学校”建设；继续加强南部中学和长坪小学对口帮扶；对南部县中小学教师开展教学业务指导培训；双方根据工作需要开展挂职跟岗锻炼；组织品学兼优的贫困高中生到中飞院参观、交流；实施高考和填报志愿辅导与指导；开办“南飞大讲堂”；捐赠教学设施设备共十个大项。\r\n\r\n 中国民航网\r\n\r\n人民网','本网讯李忠粮报道：3月31日，中国民用航空飞行学院（下称中飞院）与南部县政府在广汉签署“南飞励耕奖”框架协议，双方将通过面向南部县特困教职员工和优秀教师实施帮扶、奖励，深化民航专业人才生源基地建设等举措，','中国民航飞行学院','李忠粮','573c7a69d9877.jpg','./Public/Uploads/news/',1463581289) [ RunTime:0.049044s ]
INFO: [ view_parse ] --START--
INFO: ParseTemplate Behavior ::run [ RunTime:0.021160s ]
INFO: [ view_parse ] --END-- [ RunTime:0.021564s ]
INFO: [ view_filter ] --START--
INFO: ContentReplace Behavior ::run [ RunTime:0.000915s ]
INFO: TokenBuild Behavior ::run [ RunTime:0.000595s ]
INFO: WriteHtmlCache Behavior ::run [ RunTime:0.000451s ]
INFO: ShowRuntime Behavior ::run [ RunTime:0.000716s ]
INFO: [ view_filter ] --END-- [ RunTime:0.003064s ]
INFO: [ view_end ] --START--
INFO: ShowPageTrace Behavior ::run [ RunTime:0.000761s ]
INFO: [ view_end ] --END-- [ RunTime:0.000873s ]

[ 2016-05-18T22:21:31+08:00 ] 127.0.0.1 /cafuc/index.php/Admin/Index/upnews.html
INFO: [ route_check ] --START--
INFO: CheckRoute Behavior ::run [ RunTime:0.000778s ]
INFO: [ route_check ] --END-- [ RunTime:0.000898s ]
INFO: [ app_begin ] --START--
INFO: ReadHtmlCache Behavior ::run [ RunTime:0.000606s ]
INFO: [ app_begin ] --END-- [ RunTime:0.000706s ]
INFO: [ view_parse ] --START--
INFO: ParseTemplate Behavior ::run [ RunTime:0.009904s ]
INFO: [ view_parse ] --END-- [ RunTime:0.010027s ]
INFO: [ view_filter ] --START--
INFO: ContentReplace Behavior ::run [ RunTime:0.000439s ]
INFO: TokenBuild Behavior ::run [ RunTime:0.000452s ]
INFO: WriteHtmlCache Behavior ::run [ RunTime:0.000316s ]
INFO: ShowRuntime Behavior ::run [ RunTime:0.000525s ]
INFO: [ view_filter ] --END-- [ RunTime:0.002013s ]
INFO: [ view_end ] --START--
INFO: ShowPageTrace Behavior ::run [ RunTime:0.000555s ]
INFO: [ view_end ] --END-- [ RunTime:0.000650s ]

[ 2016-05-18T22:22:36+08:00 ] 127.0.0.1 /cafuc/index.php/Admin/Index/news_check.html
INFO: [ route_check ] --START--
INFO: CheckRoute Behavior ::run [ RunTime:0.000750s ]
INFO: [ route_check ] --END-- [ RunTime:0.000868s ]
INFO: [ app_begin ] --START--
INFO: ReadHtmlCache Behavior ::run [ RunTime:0.000502s ]
INFO: [ app_begin ] --END-- [ RunTime:0.000603s ]
SQL: SHOW COLUMNS FROM `web_news` [ RunTime:0.003273s ]
SQL: INSERT INTO `web_news` (`title`,`content`,`partnews`,`source`,`author`,`imgname`,`imgpath`,`time`) VALUES ('学校党委中心组集中学习文化纪录片《鉴史问廉》','本网讯 李士刚 摄影报道：4月1日，学校党委中心组集中观看学习文化纪录片《鉴史问廉》第一集——兴衰之思，正式拉开学校党委2016年党风廉政建设宣传教育活动的帷幕。学校党委书记陈布科主持学习会。\r\n\r\n影片通过对中国数千年历史长河中封建王朝兴亡更替的思考与解读，深刻揭示了一条王朝崛起与灭亡的基本规律——“廉则兴，贪则衰”。管不住腐败，任其泛滥，国家就有危亡之虞；遏制了腐败，国家就能长治久安，稳固而昌盛。\r\n\r\n——秦始皇一统华夏，却好大喜功，横征暴敛，奴役人民，修长城、建阿房，使得秦王朝传至二世而灭亡。\r\n\r\n——西晋王朝被史学家评为中国历史上最腐败、最拜金的政权之一，其用人只看门第、血统，不看品行、才能，把做正事、做实事的官员当做俗官、浊流，导致西晋灭亡后的300多年，成为中国古代持续时间最长的乱世。\r\n\r\n——唐太宗李世民知人善任，重用能臣廉吏，开创了“贞观之治”这个中国历史上政治清明、国家安宁、吏治清廉的盛世王朝；唐玄宗李隆基后期重用、依赖以李林甫为首的贪官污吏，各级官员腐败成风，使早期苦心营建的“开元盛世”逐渐坍塌，李唐王朝从此走向衰落。\r\n\r\n——北宋初期，朝廷决心整顿吏治，对于官员的婚丧、宴饮、车马、服饰等都有着严格的限制，清明的政治环境实现了经济、科技、文化的高度繁荣；贪图享乐的宋徽宗，不惜花费巨大人力财力，听信谗言，修建规模宏大的园林“艮岳”，终让“靖康之耻”载入史册。\r\n\r\n陈布科指出，历史是最好的老师，学史可以看成败、鉴得失、知兴替。他要求学校党委中心组成员认真思考影片所要表达的中心思想，以身作则，率先垂范，办人民满意的蓝天大学，不辜负党和人民的重托。\r\n\r\n陈布科强调，党风廉政建设宣传教育活动是本年度一项重要任务，学校党委将结合“学党章党规、学系列讲话，做合格党员”开展主题活动：集中开展廉政知识学习培训，提高党员干部防腐拒变能力；加强对廉政形势的研判，举办系列廉政警示教育与廉政文化宣传活动；定期举行廉政测试，检验廉政建设成果，将廉政教育落到实处。','本网讯 李士刚 摄影报道：4月1日，学校党委中心组集中观看学习文化纪录片《鉴史问廉》第一集——兴衰之思，正式拉开学校党委2016年党风廉政建设宣传教育活动的帷幕。学校党委书记陈布科主持学习会。\r\n\r\n影片通过对中国数','校内信息网','刘蓉','573c7aacb7d37.jpg','./Public/Uploads/news/',1463581356) [ RunTime:0.002173s ]
INFO: [ view_parse ] --START--
INFO: ParseTemplate Behavior ::run [ RunTime:0.007778s ]
INFO: [ view_parse ] --END-- [ RunTime:0.007902s ]
INFO: [ view_filter ] --START--
INFO: ContentReplace Behavior ::run [ RunTime:0.000485s ]
INFO: TokenBuild Behavior ::run [ RunTime:0.000477s ]
INFO: WriteHtmlCache Behavior ::run [ RunTime:0.000389s ]
INFO: ShowRuntime Behavior ::run [ RunTime:0.000546s ]
INFO: [ view_filter ] --END-- [ RunTime:0.002143s ]
INFO: [ view_end ] --START--
INFO: ShowPageTrace Behavior ::run [ RunTime:0.000617s ]
INFO: [ view_end ] --END-- [ RunTime:0.000706s ]

[ 2016-05-18T22:22:37+08:00 ] 127.0.0.1 /cafuc/index.php/Admin/Index/upnews.html
INFO: [ route_check ] --START--
INFO: CheckRoute Behavior ::run [ RunTime:0.001593s ]
INFO: [ route_check ] --END-- [ RunTime:0.001845s ]
INFO: [ app_begin ] --START--
INFO: ReadHtmlCache Behavior ::run [ RunTime:0.000897s ]
INFO: [ app_begin ] --END-- [ RunTime:0.001051s ]
INFO: [ view_parse ] --START--
INFO: ParseTemplate Behavior ::run [ RunTime:0.011146s ]
INFO: [ view_parse ] --END-- [ RunTime:0.011296s ]
INFO: [ view_filter ] --START--
INFO: ContentReplace Behavior ::run [ RunTime:0.000424s ]
INFO: TokenBuild Behavior ::run [ RunTime:0.000410s ]
INFO: WriteHtmlCache Behavior ::run [ RunTime:0.000275s ]
INFO: ShowRuntime Behavior ::run [ RunTime:0.000483s ]
INFO: [ view_filter ] --END-- [ RunTime:0.001852s ]
INFO: [ view_end ] --START--
INFO: ShowPageTrace Behavior ::run [ RunTime:0.000539s ]
INFO: [ view_end ] --END-- [ RunTime:0.000634s ]

[ 2016-05-18T22:27:53+08:00 ] 127.0.0.1 /cafuc/index.php/Admin/Index/index.html
INFO: [ route_check ] --START--
INFO: CheckRoute Behavior ::run [ RunTime:0.000907s ]
INFO: [ route_check ] --END-- [ RunTime:0.001029s ]
INFO: [ app_begin ] --START--
INFO: ReadHtmlCache Behavior ::run [ RunTime:0.000611s ]
INFO: [ app_begin ] --END-- [ RunTime:0.000711s ]
INFO: [ view_parse ] --START--
INFO: ParseTemplate Behavior ::run [ RunTime:0.021704s ]
INFO: [ view_parse ] --END-- [ RunTime:0.021947s ]
INFO: [ view_filter ] --START--
INFO: ContentReplace Behavior ::run [ RunTime:0.001259s ]
INFO: TokenBuild Behavior ::run [ RunTime:0.001219s ]
INFO: WriteHtmlCache Behavior ::run [ RunTime:0.000982s ]
INFO: ShowRuntime Behavior ::run [ RunTime:0.001316s ]
INFO: [ view_filter ] --END-- [ RunTime:0.005387s ]
INFO: [ view_end ] --START--
INFO: ShowPageTrace Behavior ::run [ RunTime:0.001403s ]
INFO: [ view_end ] --END-- [ RunTime:0.001636s ]

[ 2016-05-18T22:27:54+08:00 ] 127.0.0.1 /cafuc/index.php/Admin/Index/index.html
INFO: [ route_check ] --START--
INFO: CheckRoute Behavior ::run [ RunTime:0.001123s ]
INFO: [ route_check ] --END-- [ RunTime:0.001258s ]
INFO: [ app_begin ] --START--
INFO: ReadHtmlCache Behavior ::run [ RunTime:0.000636s ]
INFO: [ app_begin ] --END-- [ RunTime:0.000752s ]
INFO: [ view_parse ] --START--
INFO: ParseTemplate Behavior ::run [ RunTime:0.034043s ]
INFO: [ view_parse ] --END-- [ RunTime:0.034459s ]
INFO: [ view_filter ] --START--
INFO: ContentReplace Behavior ::run [ RunTime:0.001708s ]
INFO: TokenBuild Behavior ::run [ RunTime:0.001629s ]
INFO: WriteHtmlCache Behavior ::run [ RunTime:0.000451s ]
INFO: ShowRuntime Behavior ::run [ RunTime:0.000870s ]
INFO: [ view_filter ] --END-- [ RunTime:0.005193s ]
INFO: [ view_end ] --START--
INFO: ShowPageTrace Behavior ::run [ RunTime:0.000797s ]
INFO: [ view_end ] --END-- [ RunTime:0.000909s ]

[ 2016-05-18T22:27:57+08:00 ] 127.0.0.1 /cafuc/index.php/Admin/Index/index.html
INFO: [ route_check ] --START--
INFO: CheckRoute Behavior ::run [ RunTime:0.000710s ]
INFO: [ route_check ] --END-- [ RunTime:0.001650s ]
INFO: [ app_begin ] --START--
INFO: ReadHtmlCache Behavior ::run [ RunTime:0.000746s ]
INFO: [ app_begin ] --END-- [ RunTime:0.000917s ]
INFO: [ view_parse ] --START--
INFO: ParseTemplate Behavior ::run [ RunTime:0.015976s ]
INFO: [ view_parse ] --END-- [ RunTime:0.016167s ]
INFO: [ view_filter ] --START--
INFO: ContentReplace Behavior ::run [ RunTime:0.000667s ]
INFO: TokenBuild Behavior ::run [ RunTime:0.000647s ]
INFO: WriteHtmlCache Behavior ::run [ RunTime:0.000440s ]
INFO: ShowRuntime Behavior ::run [ RunTime:0.000774s ]
INFO: [ view_filter ] --END-- [ RunTime:0.002953s ]
INFO: [ view_end ] --START--
INFO: ShowPageTrace Behavior ::run [ RunTime:0.000872s ]
INFO: [ view_end ] --END-- [ RunTime:0.001034s ]

[ 2016-05-18T22:35:51+08:00 ] 127.0.0.1 /cafuc/index.php/Index/Index/index.html
INFO: [ route_check ] --START--
INFO: CheckRoute Behavior ::run [ RunTime:0.001232s ]
INFO: [ route_check ] --END-- [ RunTime:0.001413s ]
INFO: [ app_begin ] --START--
INFO: ReadHtmlCache Behavior ::run [ RunTime:0.000791s ]
INFO: [ app_begin ] --END-- [ RunTime:0.000923s ]
SQL: SHOW COLUMNS FROM `web_news` [ RunTime:0.003278s ]
SQL: SELECT * FROM `web_news` ORDER BY time desc LIMIT 8   [ RunTime:0.000543s ]
INFO: [ view_parse ] --START--
INFO: ParseTemplate Behavior ::run [ RunTime:0.053616s ]
INFO: [ view_parse ] --END-- [ RunTime:0.053810s ]
INFO: [ view_filter ] --START--
INFO: ContentReplace Behavior ::run [ RunTime:0.000825s ]
INFO: TokenBuild Behavior ::run [ RunTime:0.000634s ]
INFO: WriteHtmlCache Behavior ::run [ RunTime:0.000480s ]
INFO: ShowRuntime Behavior ::run [ RunTime:0.000706s ]
INFO: [ view_filter ] --END-- [ RunTime:0.002963s ]
INFO: [ view_end ] --START--
INFO: ShowPageTrace Behavior ::run [ RunTime:0.000777s ]
INFO: [ view_end ] --END-- [ RunTime:0.000892s ]

[ 2016-05-18T22:35:51+08:00 ] 127.0.0.1 /cafuc/index.php/Admin/Login/verify.html
INFO: [ route_check ] --START--
INFO: CheckRoute Behavior ::run [ RunTime:0.000741s ]
INFO: [ route_check ] --END-- [ RunTime:0.000873s ]
INFO: [ app_begin ] --START--
INFO: ReadHtmlCache Behavior ::run [ RunTime:0.000536s ]
INFO: [ app_begin ] --END-- [ RunTime:0.000651s ]

[ 2016-05-18T22:36:00+08:00 ] 127.0.0.1 /cafuc/index.php/Index/Index/tongzhi.html
INFO: [ route_check ] --START--
INFO: CheckRoute Behavior ::run [ RunTime:0.000715s ]
INFO: [ route_check ] --END-- [ RunTime:0.000846s ]
INFO: [ app_begin ] --START--
INFO: ReadHtmlCache Behavior ::run [ RunTime:0.000766s ]
INFO: [ app_begin ] --END-- [ RunTime:0.000942s ]
SQL: SHOW COLUMNS FROM `web_news` [ RunTime:0.003054s ]
SQL: SELECT COUNT(*) AS tp_count FROM `web_news` LIMIT 1   [ RunTime:0.000270s ]
SQL: SELECT * FROM `web_news` ORDER BY time desc LIMIT 0,9   [ RunTime:0.000464s ]
INFO: [ view_parse ] --START--
INFO: ParseTemplate Behavior ::run [ RunTime:0.011382s ]
INFO: [ view_parse ] --END-- [ RunTime:0.011509s ]
INFO: [ view_filter ] --START--
INFO: ContentReplace Behavior ::run [ RunTime:0.000479s ]
INFO: TokenBuild Behavior ::run [ RunTime:0.000473s ]
INFO: WriteHtmlCache Behavior ::run [ RunTime:0.000328s ]
INFO: ShowRuntime Behavior ::run [ RunTime:0.000535s ]
INFO: [ view_filter ] --END-- [ RunTime:0.002108s ]
INFO: [ view_end ] --START--
INFO: ShowPageTrace Behavior ::run [ RunTime:0.000550s ]
INFO: [ view_end ] --END-- [ RunTime:0.000688s ]

[ 2016-05-18T22:36:06+08:00 ] 127.0.0.1 /cafuc/index.php/Index/Index/TongZhi/p/2.html
INFO: [ route_check ] --START--
INFO: CheckRoute Behavior ::run [ RunTime:0.000856s ]
INFO: [ route_check ] --END-- [ RunTime:0.001012s ]
INFO: [ app_begin ] --START--
INFO: ReadHtmlCache Behavior ::run [ RunTime:0.000686s ]
INFO: [ app_begin ] --END-- [ RunTime:0.000821s ]
SQL: SHOW COLUMNS FROM `web_news` [ RunTime:0.003605s ]
SQL: SELECT COUNT(*) AS tp_count FROM `web_news` LIMIT 1   [ RunTime:0.000317s ]
SQL: SELECT * FROM `web_news` ORDER BY time desc LIMIT 9,9   [ RunTime:0.000507s ]
INFO: [ view_parse ] --START--
INFO: ParseTemplate Behavior ::run [ RunTime:0.011249s ]
INFO: [ view_parse ] --END-- [ RunTime:0.011372s ]
INFO: [ view_filter ] --START--
INFO: ContentReplace Behavior ::run [ RunTime:0.000607s ]
INFO: TokenBuild Behavior ::run [ RunTime:0.000590s ]
INFO: WriteHtmlCache Behavior ::run [ RunTime:0.000303s ]
INFO: ShowRuntime Behavior ::run [ RunTime:0.000532s ]
INFO: [ view_filter ] --END-- [ RunTime:0.002362s ]
INFO: [ view_end ] --START--
INFO: ShowPageTrace Behavior ::run [ RunTime:0.000583s ]
INFO: [ view_end ] --END-- [ RunTime:0.000681s ]

[ 2016-05-18T22:36:12+08:00 ] 127.0.0.1 /cafuc/index.php/Index/Index/TongZhi/p/1.html
INFO: [ route_check ] --START--
INFO: CheckRoute Behavior ::run [ RunTime:0.001126s ]
INFO: [ route_check ] --END-- [ RunTime:0.001309s ]
INFO: [ app_begin ] --START--
INFO: ReadHtmlCache Behavior ::run [ RunTime:0.000817s ]
INFO: [ app_begin ] --END-- [ RunTime:0.001004s ]
SQL: SHOW COLUMNS FROM `web_news` [ RunTime:0.003167s ]
SQL: SELECT COUNT(*) AS tp_count FROM `web_news` LIMIT 1   [ RunTime:0.000256s ]
SQL: SELECT * FROM `web_news` ORDER BY time desc LIMIT 0,9   [ RunTime:0.000440s ]
INFO: [ view_parse ] --START--
INFO: ParseTemplate Behavior ::run [ RunTime:0.011470s ]
INFO: [ view_parse ] --END-- [ RunTime:0.011620s ]
INFO: [ view_filter ] --START--
INFO: ContentReplace Behavior ::run [ RunTime:0.000553s ]
INFO: TokenBuild Behavior ::run [ RunTime:0.000412s ]
INFO: WriteHtmlCache Behavior ::run [ RunTime:0.000274s ]
INFO: ShowRuntime Behavior ::run [ RunTime:0.000488s ]
INFO: [ view_filter ] --END-- [ RunTime:0.001999s ]
INFO: [ view_end ] --START--
INFO: ShowPageTrace Behavior ::run [ RunTime:0.000537s ]
INFO: [ view_end ] --END-- [ RunTime:0.000633s ]

[ 2016-05-18T22:36:13+08:00 ] 127.0.0.1 /cafuc/index.php/Index/Index/TongZhi/p/2.html
INFO: [ route_check ] --START--
INFO: CheckRoute Behavior ::run [ RunTime:0.000784s ]
INFO: [ route_check ] --END-- [ RunTime:0.000925s ]
INFO: [ app_begin ] --START--
INFO: ReadHtmlCache Behavior ::run [ RunTime:0.000553s ]
INFO: [ app_begin ] --END-- [ RunTime:0.000665s ]
SQL: SHOW COLUMNS FROM `web_news` [ RunTime:0.003191s ]
SQL: SELECT COUNT(*) AS tp_count FROM `web_news` LIMIT 1   [ RunTime:0.000313s ]
SQL: SELECT * FROM `web_news` ORDER BY time desc LIMIT 9,9   [ RunTime:0.000567s ]
INFO: [ view_parse ] --START--
INFO: ParseTemplate Behavior ::run [ RunTime:0.010373s ]
INFO: [ view_parse ] --END-- [ RunTime:0.010490s ]
INFO: [ view_filter ] --START--
INFO: ContentReplace Behavior ::run [ RunTime:0.000478s ]
INFO: TokenBuild Behavior ::run [ RunTime:0.000460s ]
INFO: WriteHtmlCache Behavior ::run [ RunTime:0.000329s ]
INFO: ShowRuntime Behavior ::run [ RunTime:0.000520s ]
INFO: [ view_filter ] --END-- [ RunTime:0.002100s ]
INFO: [ view_end ] --START--
INFO: ShowPageTrace Behavior ::run [ RunTime:0.000534s ]
INFO: [ view_end ] --END-- [ RunTime:0.000635s ]

[ 2016-05-18T22:36:20+08:00 ] 127.0.0.1 /cafuc/index.php/Index/Index/TongZhi/p/2.html
INFO: [ route_check ] --START--
INFO: CheckRoute Behavior ::run [ RunTime:0.000971s ]
INFO: [ route_check ] --END-- [ RunTime:0.001139s ]
INFO: [ app_begin ] --START--
INFO: ReadHtmlCache Behavior ::run [ RunTime:0.000718s ]
INFO: [ app_begin ] --END-- [ RunTime:0.000833s ]
SQL: SHOW COLUMNS FROM `web_news` [ RunTime:0.003734s ]
SQL: SELECT COUNT(*) AS tp_count FROM `web_news` LIMIT 1   [ RunTime:0.000275s ]
SQL: SELECT * FROM `web_news` ORDER BY time desc LIMIT 9,9   [ RunTime:0.000739s ]
INFO: [ view_parse ] --START--
INFO: ParseTemplate Behavior ::run [ RunTime:0.011732s ]
INFO: [ view_parse ] --END-- [ RunTime:0.011847s ]
INFO: [ view_filter ] --START--
INFO: ContentReplace Behavior ::run [ RunTime:0.000422s ]
INFO: TokenBuild Behavior ::run [ RunTime:0.000414s ]
INFO: WriteHtmlCache Behavior ::run [ RunTime:0.000254s ]
INFO: ShowRuntime Behavior ::run [ RunTime:0.000748s ]
INFO: [ view_filter ] --END-- [ RunTime:0.002104s ]
INFO: [ view_end ] --START--
INFO: ShowPageTrace Behavior ::run [ RunTime:0.000528s ]
INFO: [ view_end ] --END-- [ RunTime:0.000618s ]

[ 2016-05-18T22:36:21+08:00 ] 127.0.0.1 /cafuc/index.php/Index/Index/TongZhi/p/2.html
INFO: [ route_check ] --START--
INFO: CheckRoute Behavior ::run [ RunTime:0.001570s ]
INFO: [ route_check ] --END-- [ RunTime:0.001843s ]
INFO: [ app_begin ] --START--
INFO: ReadHtmlCache Behavior ::run [ RunTime:0.000593s ]
INFO: [ app_begin ] --END-- [ RunTime:0.000713s ]
SQL: SHOW COLUMNS FROM `web_news` [ RunTime:0.003927s ]
SQL: SELECT COUNT(*) AS tp_count FROM `web_news` LIMIT 1   [ RunTime:0.000294s ]
SQL: SELECT * FROM `web_news` ORDER BY time desc LIMIT 9,9   [ RunTime:0.000728s ]
INFO: [ view_parse ] --START--
INFO: ParseTemplate Behavior ::run [ RunTime:0.011063s ]
INFO: [ view_parse ] --END-- [ RunTime:0.011183s ]
INFO: [ view_filter ] --START--
INFO: ContentReplace Behavior ::run [ RunTime:0.000447s ]
INFO: TokenBuild Behavior ::run [ RunTime:0.000404s ]
INFO: WriteHtmlCache Behavior ::run [ RunTime:0.000271s ]
INFO: ShowRuntime Behavior ::run [ RunTime:0.000485s ]
INFO: [ view_filter ] --END-- [ RunTime:0.001891s ]
INFO: [ view_end ] --START--
INFO: ShowPageTrace Behavior ::run [ RunTime:0.000552s ]
INFO: [ view_end ] --END-- [ RunTime:0.000649s ]

[ 2016-05-18T22:36:23+08:00 ] 127.0.0.1 /cafuc/index.php/Index/Index/index.html
INFO: [ route_check ] --START--
INFO: CheckRoute Behavior ::run [ RunTime:0.001131s ]
INFO: [ route_check ] --END-- [ RunTime:0.001307s ]
INFO: [ app_begin ] --START--
INFO: ReadHtmlCache Behavior ::run [ RunTime:0.000720s ]
INFO: [ app_begin ] --END-- [ RunTime:0.000865s ]
SQL: SHOW COLUMNS FROM `web_news` [ RunTime:0.003306s ]
SQL: SELECT * FROM `web_news` ORDER BY time desc LIMIT 8   [ RunTime:0.000554s ]
INFO: [ view_parse ] --START--
INFO: ParseTemplate Behavior ::run [ RunTime:0.015031s ]
INFO: [ view_parse ] --END-- [ RunTime:0.015165s ]
INFO: [ view_filter ] --START--
INFO: ContentReplace Behavior ::run [ RunTime:0.000532s ]
INFO: TokenBuild Behavior ::run [ RunTime:0.000414s ]
INFO: WriteHtmlCache Behavior ::run [ RunTime:0.000275s ]
INFO: ShowRuntime Behavior ::run [ RunTime:0.000496s ]
INFO: [ view_filter ] --END-- [ RunTime:0.001984s ]
INFO: [ view_end ] --START--
INFO: ShowPageTrace Behavior ::run [ RunTime:0.000527s ]
INFO: [ view_end ] --END-- [ RunTime:0.000623s ]

[ 2016-05-18T22:36:23+08:00 ] 127.0.0.1 /cafuc/index.php/Admin/Login/verify.html
INFO: [ route_check ] --START--
INFO: CheckRoute Behavior ::run [ RunTime:0.000686s ]
INFO: [ route_check ] --END-- [ RunTime:0.000807s ]
INFO: [ app_begin ] --START--
INFO: ReadHtmlCache Behavior ::run [ RunTime:0.000869s ]
INFO: [ app_begin ] --END-- [ RunTime:0.001051s ]

[ 2016-05-18T22:36:24+08:00 ] 127.0.0.1 /cafuc/index.php/Index/Index/files.html
INFO: [ route_check ] --START--
INFO: CheckRoute Behavior ::run [ RunTime:0.001006s ]
INFO: [ route_check ] --END-- [ RunTime:0.001162s ]
INFO: [ app_begin ] --START--
INFO: ReadHtmlCache Behavior ::run [ RunTime:0.000683s ]
INFO: [ app_begin ] --END-- [ RunTime:0.000825s ]
SQL: SHOW COLUMNS FROM `web_files` [ RunTime:0.038648s ]
SQL: SELECT COUNT(*) AS tp_count FROM `web_files` LIMIT 1   [ RunTime:0.000305s ]
SQL: SELECT * FROM `web_files` ORDER BY time desc LIMIT 0,11   [ RunTime:0.000386s ]
INFO: [ view_parse ] --START--
INFO: ParseTemplate Behavior ::run [ RunTime:0.029422s ]
INFO: [ view_parse ] --END-- [ RunTime:0.029568s ]
INFO: [ view_filter ] --START--
INFO: ContentReplace Behavior ::run [ RunTime:0.000541s ]
INFO: TokenBuild Behavior ::run [ RunTime:0.000412s ]
INFO: WriteHtmlCache Behavior ::run [ RunTime:0.000324s ]
INFO: ShowRuntime Behavior ::run [ RunTime:0.000490s ]
INFO: [ view_filter ] --END-- [ RunTime:0.002037s ]
INFO: [ view_end ] --START--
INFO: ShowPageTrace Behavior ::run [ RunTime:0.000537s ]
INFO: [ view_end ] --END-- [ RunTime:0.000638s ]

[ 2016-05-18T22:36:26+08:00 ] 127.0.0.1 /cafuc/index.php/Index/Index/files/p/2.html
INFO: [ route_check ] --START--
INFO: CheckRoute Behavior ::run [ RunTime:0.001225s ]
INFO: [ route_check ] --END-- [ RunTime:0.001434s ]
INFO: [ app_begin ] --START--
INFO: ReadHtmlCache Behavior ::run [ RunTime:0.000465s ]
INFO: [ app_begin ] --END-- [ RunTime:0.000574s ]
SQL: SHOW COLUMNS FROM `web_files` [ RunTime:0.003068s ]
SQL: SELECT COUNT(*) AS tp_count FROM `web_files` LIMIT 1   [ RunTime:0.000263s ]
SQL: SELECT * FROM `web_files` ORDER BY time desc LIMIT 11,11   [ RunTime:0.000304s ]
INFO: [ view_parse ] --START--
INFO: ParseTemplate Behavior ::run [ RunTime:0.010754s ]
INFO: [ view_parse ] --END-- [ RunTime:0.010908s ]
INFO: [ view_filter ] --START--
INFO: ContentReplace Behavior ::run [ RunTime:0.000405s ]
INFO: TokenBuild Behavior ::run [ RunTime:0.000385s ]
INFO: WriteHtmlCache Behavior ::run [ RunTime:0.000271s ]
INFO: ShowRuntime Behavior ::run [ RunTime:0.000454s ]
INFO: [ view_filter ] --END-- [ RunTime:0.001776s ]
INFO: [ view_end ] --START--
INFO: ShowPageTrace Behavior ::run [ RunTime:0.000532s ]
INFO: [ view_end ] --END-- [ RunTime:0.000628s ]

[ 2016-05-18T22:36:29+08:00 ] 127.0.0.1 /cafuc/index.php/Index/Index/files/p/1.html
INFO: [ route_check ] --START--
INFO: CheckRoute Behavior ::run [ RunTime:0.000722s ]
INFO: [ route_check ] --END-- [ RunTime:0.000855s ]
INFO: [ app_begin ] --START--
INFO: ReadHtmlCache Behavior ::run [ RunTime:0.000609s ]
INFO: [ app_begin ] --END-- [ RunTime:0.000747s ]
SQL: SHOW COLUMNS FROM `web_files` [ RunTime:0.003004s ]
SQL: SELECT COUNT(*) AS tp_count FROM `web_files` LIMIT 1   [ RunTime:0.000246s ]
SQL: SELECT * FROM `web_files` ORDER BY time desc LIMIT 0,11   [ RunTime:0.000305s ]
INFO: [ view_parse ] --START--
INFO: ParseTemplate Behavior ::run [ RunTime:0.011801s ]
INFO: [ view_parse ] --END-- [ RunTime:0.011937s ]
INFO: [ view_filter ] --START--
INFO: ContentReplace Behavior ::run [ RunTime:0.000496s ]
INFO: TokenBuild Behavior ::run [ RunTime:0.000412s ]
INFO: WriteHtmlCache Behavior ::run [ RunTime:0.000277s ]
INFO: ShowRuntime Behavior ::run [ RunTime:0.000483s ]
INFO: [ view_filter ] --END-- [ RunTime:0.001930s ]
INFO: [ view_end ] --START--
INFO: ShowPageTrace Behavior ::run [ RunTime:0.000530s ]
INFO: [ view_end ] --END-- [ RunTime:0.000626s ]

[ 2016-05-18T22:36:33+08:00 ] 127.0.0.1 /cafuc/index.php/Index/Index/messages.html
INFO: [ route_check ] --START--
INFO: CheckRoute Behavior ::run [ RunTime:0.001066s ]
INFO: [ route_check ] --END-- [ RunTime:0.001252s ]
INFO: [ app_begin ] --START--
INFO: ReadHtmlCache Behavior ::run [ RunTime:0.000816s ]
INFO: [ app_begin ] --END-- [ RunTime:0.000986s ]
INFO: [ view_parse ] --START--
INFO: ParseTemplate Behavior ::run [ RunTime:0.023253s ]
INFO: [ view_parse ] --END-- [ RunTime:0.023387s ]
INFO: [ view_filter ] --START--
INFO: ContentReplace Behavior ::run [ RunTime:0.000491s ]
INFO: TokenBuild Behavior ::run [ RunTime:0.000382s ]
INFO: WriteHtmlCache Behavior ::run [ RunTime:0.000278s ]
INFO: ShowRuntime Behavior ::run [ RunTime:0.000454s ]
INFO: [ view_filter ] --END-- [ RunTime:0.001853s ]
INFO: [ view_end ] --START--
INFO: ShowPageTrace Behavior ::run [ RunTime:0.000710s ]
INFO: [ view_end ] --END-- [ RunTime:0.000828s ]

[ 2016-05-18T22:36:33+08:00 ] 127.0.0.1 /cafuc/index.php/Admin/Login/verify.html
INFO: [ route_check ] --START--
INFO: CheckRoute Behavior ::run [ RunTime:0.001622s ]
INFO: [ route_check ] --END-- [ RunTime:0.001947s ]
INFO: [ app_begin ] --START--
INFO: ReadHtmlCache Behavior ::run [ RunTime:0.000950s ]
INFO: [ app_begin ] --END-- [ RunTime:0.001128s ]

[ 2016-05-18T22:36:35+08:00 ] 127.0.0.1 /cafuc/index.php/Admin/Login/verify/0.5687016497167496
INFO: [ route_check ] --START--
INFO: CheckRoute Behavior ::run [ RunTime:0.000780s ]
INFO: [ route_check ] --END-- [ RunTime:0.000916s ]
INFO: [ app_begin ] --START--
INFO: ReadHtmlCache Behavior ::run [ RunTime:0.000585s ]
INFO: [ app_begin ] --END-- [ RunTime:0.000700s ]

[ 2016-05-18T22:36:36+08:00 ] 127.0.0.1 /cafuc/index.php/Admin/Login/verify/0.3424241790640792
INFO: [ route_check ] --START--
INFO: CheckRoute Behavior ::run [ RunTime:0.001466s ]
INFO: [ route_check ] --END-- [ RunTime:0.001749s ]
INFO: [ app_begin ] --START--
INFO: ReadHtmlCache Behavior ::run [ RunTime:0.000513s ]
INFO: [ app_begin ] --END-- [ RunTime:0.000612s ]

[ 2016-05-18T22:36:36+08:00 ] 127.0.0.1 /cafuc/index.php/Admin/Login/verify/0.9718339779889027
INFO: [ route_check ] --START--
INFO: CheckRoute Behavior ::run [ RunTime:0.001218s ]
INFO: [ route_check ] --END-- [ RunTime:0.001436s ]
INFO: [ app_begin ] --START--
INFO: ReadHtmlCache Behavior ::run [ RunTime:0.000901s ]
INFO: [ app_begin ] --END-- [ RunTime:0.001095s ]

[ 2016-05-18T22:36:38+08:00 ] 127.0.0.1 /cafuc/index.php/Index/Index/index.html
INFO: [ route_check ] --START--
INFO: CheckRoute Behavior ::run [ RunTime:0.000970s ]
INFO: [ route_check ] --END-- [ RunTime:0.001174s ]
INFO: [ app_begin ] --START--
INFO: ReadHtmlCache Behavior ::run [ RunTime:0.000747s ]
INFO: [ app_begin ] --END-- [ RunTime:0.000886s ]
SQL: SHOW COLUMNS FROM `web_news` [ RunTime:0.003338s ]
SQL: SELECT * FROM `web_news` ORDER BY time desc LIMIT 8   [ RunTime:0.000641s ]
INFO: [ view_parse ] --START--
INFO: ParseTemplate Behavior ::run [ RunTime:0.016787s ]
INFO: [ view_parse ] --END-- [ RunTime:0.016926s ]
INFO: [ view_filter ] --START--
INFO: ContentReplace Behavior ::run [ RunTime:0.000669s ]
INFO: TokenBuild Behavior ::run [ RunTime:0.000580s ]
INFO: WriteHtmlCache Behavior ::run [ RunTime:0.000393s ]
INFO: ShowRuntime Behavior ::run [ RunTime:0.000605s ]
INFO: [ view_filter ] --END-- [ RunTime:0.002527s ]
INFO: [ view_end ] --START--
INFO: ShowPageTrace Behavior ::run [ RunTime:0.000641s ]
INFO: [ view_end ] --END-- [ RunTime:0.000737s ]

[ 2016-05-18T22:36:38+08:00 ] 127.0.0.1 /cafuc/index.php/Admin/Login/verify.html
INFO: [ route_check ] --START--
INFO: CheckRoute Behavior ::run [ RunTime:0.000802s ]
INFO: [ route_check ] --END-- [ RunTime:0.000968s ]
INFO: [ app_begin ] --START--
INFO: ReadHtmlCache Behavior ::run [ RunTime:0.000509s ]
INFO: [ app_begin ] --END-- [ RunTime:0.000611s ]

[ 2016-05-18T22:36:41+08:00 ] 127.0.0.1 /cafuc/index.php/Admin/Login/verify/0.9075452450559593
INFO: [ route_check ] --START--
INFO: CheckRoute Behavior ::run [ RunTime:0.001011s ]
INFO: [ route_check ] --END-- [ RunTime:0.001212s ]
INFO: [ app_begin ] --START--
INFO: ReadHtmlCache Behavior ::run [ RunTime:0.000725s ]
INFO: [ app_begin ] --END-- [ RunTime:0.000870s ]

[ 2016-05-18T22:36:41+08:00 ] 127.0.0.1 /cafuc/index.php/Admin/Login/verify/0.19102084173457667
INFO: [ route_check ] --START--
INFO: CheckRoute Behavior ::run [ RunTime:0.001058s ]
INFO: [ route_check ] --END-- [ RunTime:0.001241s ]
INFO: [ app_begin ] --START--
INFO: ReadHtmlCache Behavior ::run [ RunTime:0.000851s ]
INFO: [ app_begin ] --END-- [ RunTime:0.001029s ]

[ 2016-05-18T22:36:42+08:00 ] 127.0.0.1 /cafuc/index.php/Admin/Login/verify/0.5978819759034852
INFO: [ route_check ] --START--
INFO: CheckRoute Behavior ::run [ RunTime:0.001329s ]
INFO: [ route_check ] --END-- [ RunTime:0.001591s ]
INFO: [ app_begin ] --START--
INFO: ReadHtmlCache Behavior ::run [ RunTime:0.000610s ]
INFO: [ app_begin ] --END-- [ RunTime:0.000733s ]

[ 2016-05-18T22:36:42+08:00 ] 127.0.0.1 /cafuc/index.php/Admin/Login/verify/0.2602514579084152
INFO: [ route_check ] --START--
INFO: CheckRoute Behavior ::run [ RunTime:0.002707s ]
INFO: [ route_check ] --END-- [ RunTime:0.003169s ]
INFO: [ app_begin ] --START--
INFO: ReadHtmlCache Behavior ::run [ RunTime:0.000769s ]
INFO: [ app_begin ] --END-- [ RunTime:0.000928s ]

[ 2016-05-18T22:36:43+08:00 ] 127.0.0.1 /cafuc/index.php/Admin/Login/verify/0.12344580236500713
INFO: [ route_check ] --START--
INFO: CheckRoute Behavior ::run [ RunTime:0.000995s ]
INFO: [ route_check ] --END-- [ RunTime:0.001184s ]
INFO: [ app_begin ] --START--
INFO: ReadHtmlCache Behavior ::run [ RunTime:0.000741s ]
INFO: [ app_begin ] --END-- [ RunTime:0.000884s ]

[ 2016-05-18T22:36:43+08:00 ] 127.0.0.1 /cafuc/index.php/Admin/Login/verify/0.3960030545281781
INFO: [ route_check ] --START--
INFO: CheckRoute Behavior ::run [ RunTime:0.000978s ]
INFO: [ route_check ] --END-- [ RunTime:0.001146s ]
INFO: [ app_begin ] --START--
INFO: ReadHtmlCache Behavior ::run [ RunTime:0.000762s ]
INFO: [ app_begin ] --END-- [ RunTime:0.000955s ]

[ 2016-05-18T22:36:44+08:00 ] 127.0.0.1 /cafuc/index.php/Admin/Login/verify/0.7258121355879283
INFO: [ route_check ] --START--
INFO: CheckRoute Behavior ::run [ RunTime:0.001051s ]
INFO: [ route_check ] --END-- [ RunTime:0.001217s ]
INFO: [ app_begin ] --START--
INFO: ReadHtmlCache Behavior ::run [ RunTime:0.001036s ]
INFO: [ app_begin ] --END-- [ RunTime:0.001275s ]

[ 2016-05-18T22:36:46+08:00 ] 127.0.0.1 /cafuc/index.php/Index/Index/index.html
INFO: [ route_check ] --START--
INFO: CheckRoute Behavior ::run [ RunTime:0.000695s ]
INFO: [ route_check ] --END-- [ RunTime:0.000814s ]
INFO: [ app_begin ] --START--
INFO: ReadHtmlCache Behavior ::run [ RunTime:0.000509s ]
INFO: [ app_begin ] --END-- [ RunTime:0.000609s ]
SQL: SHOW COLUMNS FROM `web_news` [ RunTime:0.003147s ]
SQL: SELECT * FROM `web_news` ORDER BY time desc LIMIT 8   [ RunTime:0.001074s ]
INFO: [ view_parse ] --START--
INFO: ParseTemplate Behavior ::run [ RunTime:0.016179s ]
INFO: [ view_parse ] --END-- [ RunTime:0.016343s ]
INFO: [ view_filter ] --START--
INFO: ContentReplace Behavior ::run [ RunTime:0.000551s ]
INFO: TokenBuild Behavior ::run [ RunTime:0.000408s ]
INFO: WriteHtmlCache Behavior ::run [ RunTime:0.000257s ]
INFO: ShowRuntime Behavior ::run [ RunTime:0.000484s ]
INFO: [ view_filter ] --END-- [ RunTime:0.001948s ]
INFO: [ view_end ] --START--
INFO: ShowPageTrace Behavior ::run [ RunTime:0.000499s ]
INFO: [ view_end ] --END-- [ RunTime:0.000590s ]

[ 2016-05-18T22:36:47+08:00 ] 127.0.0.1 /cafuc/index.php/Admin/Login/verify.html
INFO: [ route_check ] --START--
INFO: CheckRoute Behavior ::run [ RunTime:0.000744s ]
INFO: [ route_check ] --END-- [ RunTime:0.000869s ]
INFO: [ app_begin ] --START--
INFO: ReadHtmlCache Behavior ::run [ RunTime:0.000699s ]
INFO: [ app_begin ] --END-- [ RunTime:0.000839s ]

[ 2016-05-18T22:36:48+08:00 ] 127.0.0.1 /cafuc/index.php/Index/Index/index.html
INFO: [ route_check ] --START--
INFO: CheckRoute Behavior ::run [ RunTime:0.000835s ]
INFO: [ route_check ] --END-- [ RunTime:0.000984s ]
INFO: [ app_begin ] --START--
INFO: ReadHtmlCache Behavior ::run [ RunTime:0.000853s ]
INFO: [ app_begin ] --END-- [ RunTime:0.001021s ]
SQL: SHOW COLUMNS FROM `web_news` [ RunTime:0.003300s ]
SQL: SELECT * FROM `web_news` ORDER BY time desc LIMIT 8   [ RunTime:0.000825s ]
INFO: [ view_parse ] --START--
INFO: ParseTemplate Behavior ::run [ RunTime:0.016545s ]
INFO: [ view_parse ] --END-- [ RunTime:0.016751s ]
INFO: [ view_filter ] --START--
INFO: ContentReplace Behavior ::run [ RunTime:0.000992s ]
INFO: TokenBuild Behavior ::run [ RunTime:0.000643s ]
INFO: WriteHtmlCache Behavior ::run [ RunTime:0.000313s ]
INFO: ShowRuntime Behavior ::run [ RunTime:0.000524s ]
INFO: [ view_filter ] --END-- [ RunTime:0.002839s ]
INFO: [ view_end ] --START--
INFO: ShowPageTrace Behavior ::run [ RunTime:0.000575s ]
INFO: [ view_end ] --END-- [ RunTime:0.000673s ]

[ 2016-05-18T22:36:48+08:00 ] 127.0.0.1 /cafuc/index.php/Admin/Login/verify.html
INFO: [ route_check ] --START--
INFO: CheckRoute Behavior ::run [ RunTime:0.000720s ]
INFO: [ route_check ] --END-- [ RunTime:0.000847s ]
INFO: [ app_begin ] --START--
INFO: ReadHtmlCache Behavior ::run [ RunTime:0.000535s ]
INFO: [ app_begin ] --END-- [ RunTime:0.000640s ]

[ 2016-05-18T22:36:52+08:00 ] 127.0.0.1 /cafuc/index.php/Admin/Index/logininfo.html
INFO: [ route_check ] --START--
INFO: CheckRoute Behavior ::run [ RunTime:0.000665s ]
INFO: [ route_check ] --END-- [ RunTime:0.000780s ]
INFO: [ app_begin ] --START--
INFO: ReadHtmlCache Behavior ::run [ RunTime:0.000466s ]
INFO: [ app_begin ] --END-- [ RunTime:0.000567s ]
SQL: SHOW COLUMNS FROM `web_users` [ RunTime:0.006331s ]
SQL: SELECT COUNT(*) AS tp_count FROM `web_users` ORDER BY logintime desc LIMIT 1   [ RunTime:0.000492s ]
SQL: SELECT * FROM `web_users` ORDER BY logintime desc LIMIT 0,10   [ RunTime:0.000606s ]
INFO: [ view_parse ] --START--
INFO: ParseTemplate Behavior ::run [ RunTime:0.075762s ]
INFO: [ view_parse ] --END-- [ RunTime:0.076038s ]
INFO: [ view_filter ] --START--
INFO: ContentReplace Behavior ::run [ RunTime:0.000527s ]
INFO: TokenBuild Behavior ::run [ RunTime:0.000493s ]
INFO: WriteHtmlCache Behavior ::run [ RunTime:0.000376s ]
INFO: ShowRuntime Behavior ::run [ RunTime:0.000569s ]
INFO: [ view_filter ] --END-- [ RunTime:0.002273s ]
INFO: [ view_end ] --START--
INFO: ShowPageTrace Behavior ::run [ RunTime:0.000625s ]
INFO: [ view_end ] --END-- [ RunTime:0.000735s ]

[ 2016-05-18T22:36:54+08:00 ] 127.0.0.1 /cafuc/index.php/Admin/Index/index.html
INFO: [ route_check ] --START--
INFO: CheckRoute Behavior ::run [ RunTime:0.000800s ]
INFO: [ route_check ] --END-- [ RunTime:0.000938s ]
INFO: [ app_begin ] --START--
INFO: ReadHtmlCache Behavior ::run [ RunTime:0.000580s ]
INFO: [ app_begin ] --END-- [ RunTime:0.000694s ]
INFO: [ view_parse ] --START--
INFO: ParseTemplate Behavior ::run [ RunTime:0.011147s ]
INFO: [ view_parse ] --END-- [ RunTime:0.011462s ]
INFO: [ view_filter ] --START--
INFO: ContentReplace Behavior ::run [ RunTime:0.000797s ]
INFO: TokenBuild Behavior ::run [ RunTime:0.000446s ]
INFO: WriteHtmlCache Behavior ::run [ RunTime:0.000290s ]
INFO: ShowRuntime Behavior ::run [ RunTime:0.000519s ]
INFO: [ view_filter ] --END-- [ RunTime:0.002386s ]
INFO: [ view_end ] --START--
INFO: ShowPageTrace Behavior ::run [ RunTime:0.000794s ]
INFO: [ view_end ] --END-- [ RunTime:0.000922s ]

[ 2016-05-18T22:36:57+08:00 ] 127.0.0.1 /cafuc/index.php/Index/Index/search.html
INFO: [ route_check ] --START--
INFO: CheckRoute Behavior ::run [ RunTime:0.001094s ]
INFO: [ route_check ] --END-- [ RunTime:0.001281s ]
INFO: [ app_begin ] --START--
INFO: ReadHtmlCache Behavior ::run [ RunTime:0.000832s ]
INFO: [ app_begin ] --END-- [ RunTime:0.001036s ]
SQL: SHOW COLUMNS FROM `web_news` [ RunTime:0.006004s ]
SQL: SELECT COUNT(*) AS tp_count FROM `web_news` WHERE ( (`title` LIKE '%iii%') OR (`content` LIKE '%iii%') ) LIMIT 1   [ RunTime:0.043973s ]
SQL: SELECT * FROM `web_news` WHERE ( (`title` LIKE '%iii%') OR (`content` LIKE '%iii%') ) ORDER BY time desc LIMIT 0,7   [ RunTime:0.001132s ]
INFO: [ view_parse ] --START--
NOTIC: [8] Undefined variable: page D:\wamp\www\cafuc\Index\Runtime\Cache\Index\2f3daf11cacfa72aace3c71574f25441.php 第 146 行.
INFO: ParseTemplate Behavior ::run [ RunTime:0.080163s ]
INFO: [ view_parse ] --END-- [ RunTime:0.080408s ]
INFO: [ view_filter ] --START--
INFO: ContentReplace Behavior ::run [ RunTime:0.000923s ]
INFO: TokenBuild Behavior ::run [ RunTime:0.000938s ]
INFO: WriteHtmlCache Behavior ::run [ RunTime:0.001493s ]
INFO: ShowRuntime Behavior ::run [ RunTime:0.001593s ]
INFO: [ view_filter ] --END-- [ RunTime:0.005546s ]
INFO: [ view_end ] --START--
INFO: ShowPageTrace Behavior ::run [ RunTime:0.001160s ]
INFO: [ view_end ] --END-- [ RunTime:0.001361s ]

[ 2016-05-18T22:37:05+08:00 ] 127.0.0.1 /cafuc/index.php/Index/Index/search.html
INFO: [ route_check ] --START--
INFO: CheckRoute Behavior ::run [ RunTime:0.001831s ]
INFO: [ route_check ] --END-- [ RunTime:0.001986s ]
INFO: [ app_begin ] --START--
INFO: ReadHtmlCache Behavior ::run [ RunTime:0.000659s ]
INFO: [ app_begin ] --END-- [ RunTime:0.000791s ]
SQL: SHOW COLUMNS FROM `web_news` [ RunTime:0.003155s ]
SQL: SELECT COUNT(*) AS tp_count FROM `web_news` WHERE ( (`title` LIKE '%一次%') OR (`content` LIKE '%一次%') ) LIMIT 1   [ RunTime:0.000516s ]
SQL: SELECT * FROM `web_news` WHERE ( (`title` LIKE '%一次%') OR (`content` LIKE '%一次%') ) ORDER BY time desc LIMIT 0,7   [ RunTime:0.000538s ]
INFO: [ view_parse ] --START--
NOTIC: [8] Undefined variable: no D:\wamp\www\cafuc\Index\Runtime\Cache\Index\2f3daf11cacfa72aace3c71574f25441.php 第 98 行.
INFO: ParseTemplate Behavior ::run [ RunTime:0.011493s ]
INFO: [ view_parse ] --END-- [ RunTime:0.011605s ]
INFO: [ view_filter ] --START--
INFO: ContentReplace Behavior ::run [ RunTime:0.000446s ]
INFO: TokenBuild Behavior ::run [ RunTime:0.000485s ]
INFO: WriteHtmlCache Behavior ::run [ RunTime:0.000274s ]
INFO: ShowRuntime Behavior ::run [ RunTime:0.000485s ]
INFO: [ view_filter ] --END-- [ RunTime:0.001955s ]
INFO: [ view_end ] --START--
INFO: ShowPageTrace Behavior ::run [ RunTime:0.000526s ]
INFO: [ view_end ] --END-- [ RunTime:0.000621s ]

[ 2016-05-18T22:37:22+08:00 ] 127.0.0.1 /cafuc/index.php/Index/Index/details/id/16.html
INFO: [ route_check ] --START--
INFO: CheckRoute Behavior ::run [ RunTime:0.000987s ]
INFO: [ route_check ] --END-- [ RunTime:0.001161s ]
INFO: [ app_begin ] --START--
INFO: ReadHtmlCache Behavior ::run [ RunTime:0.000722s ]
INFO: [ app_begin ] --END-- [ RunTime:0.000869s ]
SQL: SHOW COLUMNS FROM `web_news` [ RunTime:0.004341s ]
SQL: SELECT * FROM `web_news` WHERE ( `id` = 16 ) LIMIT 1   [ RunTime:0.000487s ]
SQL: UPDATE `web_news` SET `title`='我校喜获四川省高校羽毛球混合团体赛季军',`content`='本网讯 李士刚 报道：近日，从2016年四川省高校“西南科大杯”羽毛球比赛上传来喜讯：我校羽毛球队荣获四川省高校羽毛球混合团体赛季军。这是继上届连获男单冠军、混双冠军后，我校代表队在四川省高校羽毛球比赛中取得的又一佳绩。\r\n\r\n本次比赛由四川省教育厅主办，西南科技大学承办，共设置男子单打、女子单打、男子双打、女子双打、混合双打、混合团体赛6大项比赛，其中混合团体赛又下设男子单打、女子单打、男子双打、女子双打、混合双打5小项比赛。\r\n\r\n西南科技大学、成都体育学院等23所高校代表队参加比赛，我校代表队由航空安全保卫学院院长向渝领队参赛。\r\n\r\n与国家队的正面交锋\r\n\r\n2014级飞行技术专业学生丛士杰，是上届比赛的男单冠军。根据学校羽毛球队的统一安排，本次比赛他代表中飞院参加混合团体赛。没想到第一场比赛，他就遇上了“硬茬”，斯里兰卡国家羽毛球队队员。\r\n\r\n见过“大场面”的他，并没有被对手的“国家队身份”吓到，反而以更加积极拼搏的面貌投入到比赛中去。凌厉的扣杀，机敏的吊球，顽强的扑救……丛士杰将“更快、更高、更强”的奥林匹克精神演绎到极致，赢得现场观众的阵阵喝彩。\r\n\r\n遗憾的是，在一次奋力救球时，丛士杰不小心摔伤了膝盖。“膝盖已经被鲜血染红，甚至不能自然伸展，让人看了很是心痛。”回忆起当时的场景，羽毛球队教练龚进话语中充满了对弟子的爱。\r\n\r\n“老师和队医都建议他放弃比赛，可他坚持要将比赛打完。”龚进说，不仅如此，在接下来的两天内，他还按照赛程安排，参加了剩余场次的所有比赛，并帮助学校羽毛球队勇夺混合团体赛季军。\r\n\r\n“伤病本身就是比赛的一部分！”谈及带伤参赛，丛士杰非常坦然，虽然每次比赛前后都要以药物护理伤口，但一想到能够为学校争光，就感觉不到痛了。',`time`=1463287736,`source`='校内信息网',`author`='刘蓉',`imgname`='5737ffb89ee7e.jpg',`imgpath`='./Public/Uploads/news/',`click`=38,`partnews`='本网讯 李士刚 报道：近日，从2016年四川省高校“西南科大杯”羽毛球比赛上传来喜讯：我校羽毛球队荣获四川省高校羽毛球混合团体赛季军。这是继上届连获男单冠军、混双冠军后，我校代表队在四川省高校羽毛球比赛中取得的又一佳绩。\r\n\r\n本次比赛由四川省教育厅主办，西南科技大学承办，共设置男子单' WHERE ( `id` = 16 ) [ RunTime:0.002756s ]
SQL: SELECT * FROM `web_news` WHERE ( id=16 )  [ RunTime:0.000250s ]
INFO: [ view_parse ] --START--
INFO: ParseTemplate Behavior ::run [ RunTime:0.010253s ]
INFO: [ view_parse ] --END-- [ RunTime:0.010368s ]
INFO: [ view_filter ] --START--
INFO: ContentReplace Behavior ::run [ RunTime:0.000462s ]
INFO: TokenBuild Behavior ::run [ RunTime:0.000427s ]
INFO: WriteHtmlCache Behavior ::run [ RunTime:0.000281s ]
INFO: ShowRuntime Behavior ::run [ RunTime:0.000488s ]
INFO: [ view_filter ] --END-- [ RunTime:0.001931s ]
INFO: [ view_end ] --START--
INFO: ShowPageTrace Behavior ::run [ RunTime:0.000556s ]
INFO: [ view_end ] --END-- [ RunTime:0.000651s ]

