[ 2016-07-19T14:41:06+08:00 ] 127.0.0.1 /cafuc/index.php
INFO: [ app_begin ] --START--
INFO: ReadHtmlCache Behavior ::run [ RunTime:0.057448s ]
INFO: [ app_begin ] --END-- [ RunTime:0.141076s ]
SQL: SHOW COLUMNS FROM `web_news` [ RunTime:0.243038s ]
SQL: SELECT * FROM `web_news` ORDER BY time desc LIMIT 8   [ RunTime:0.090391s ]
INFO: [ view_parse ] --START--
INFO: ParseTemplate Behavior ::run [ RunTime:0.214519s ]
INFO: [ view_parse ] --END-- [ RunTime:0.214772s ]
INFO: [ view_filter ] --START--
INFO: ContentReplace Behavior ::run [ RunTime:0.048458s ]
INFO: TokenBuild Behavior ::run [ RunTime:0.010805s ]
INFO: WriteHtmlCache Behavior ::run [ RunTime:0.000846s ]
INFO: ShowRuntime Behavior ::run [ RunTime:0.001076s ]
INFO: [ view_filter ] --END-- [ RunTime:0.061502s ]
INFO: [ view_end ] --START--
INFO: ShowPageTrace Behavior ::run [ RunTime:0.001015s ]
INFO: [ view_end ] --END-- [ RunTime:0.001111s ]

[ 2016-07-19T14:41:07+08:00 ] 127.0.0.1 /cafuc/index.php/Admin/Login/verify.html
INFO: [ route_check ] --START--
INFO: CheckRoute Behavior ::run [ RunTime:0.107924s ]
INFO: [ route_check ] --END-- [ RunTime:0.108056s ]
INFO: [ app_begin ] --START--
INFO: ReadHtmlCache Behavior ::run [ RunTime:0.000646s ]
INFO: [ app_begin ] --END-- [ RunTime:0.000763s ]

[ 2016-07-19T14:41:24+08:00 ] 127.0.0.1 /cafuc/index.php/Admin/Login/login.html
INFO: [ route_check ] --START--
INFO: CheckRoute Behavior ::run [ RunTime:0.001221s ]
INFO: [ route_check ] --END-- [ RunTime:0.001367s ]
INFO: [ app_begin ] --START--
INFO: ReadHtmlCache Behavior ::run [ RunTime:0.000582s ]
INFO: [ app_begin ] --END-- [ RunTime:0.000680s ]
SQL: SHOW COLUMNS FROM `web_users` [ RunTime:0.073870s ]
SQL: SELECT * FROM `web_users` WHERE ( `username` = 'admin' ) ORDER BY id desc LIMIT 1   [ RunTime:0.019585s ]
SQL: INSERT INTO `web_users` (`username`,`password`,`logintime`,`date`,`loginip`) VALUES ('admin','e10adc3949ba59abbe56e057f20f883e',1468910484,'2016-07-19','127.0.0.1') [ RunTime:0.014006s ]
INFO: [ view_parse ] --START--
INFO: ParseTemplate Behavior ::run [ RunTime:0.076720s ]
INFO: [ view_parse ] --END-- [ RunTime:0.077107s ]
INFO: [ view_filter ] --START--
INFO: ContentReplace Behavior ::run [ RunTime:0.002096s ]
INFO: TokenBuild Behavior ::run [ RunTime:0.001840s ]
INFO: WriteHtmlCache Behavior ::run [ RunTime:0.001459s ]
INFO: ShowRuntime Behavior ::run [ RunTime:0.001972s ]
INFO: [ view_filter ] --END-- [ RunTime:0.008455s ]
INFO: [ view_end ] --START--
INFO: ShowPageTrace Behavior ::run [ RunTime:0.002462s ]
INFO: [ view_end ] --END-- [ RunTime:0.002752s ]

[ 2016-07-19T14:41:25+08:00 ] 127.0.0.1 /cafuc/index.php/Admin/Index/index.html
INFO: [ route_check ] --START--
INFO: CheckRoute Behavior ::run [ RunTime:0.000702s ]
INFO: [ route_check ] --END-- [ RunTime:0.000830s ]
INFO: [ app_begin ] --START--
INFO: ReadHtmlCache Behavior ::run [ RunTime:0.000505s ]
INFO: [ app_begin ] --END-- [ RunTime:0.000610s ]
INFO: [ view_parse ] --START--
INFO: ParseTemplate Behavior ::run [ RunTime:0.053164s ]
INFO: [ view_parse ] --END-- [ RunTime:0.053816s ]
INFO: [ view_filter ] --START--
INFO: ContentReplace Behavior ::run [ RunTime:0.001197s ]
INFO: TokenBuild Behavior ::run [ RunTime:0.001151s ]
INFO: WriteHtmlCache Behavior ::run [ RunTime:0.000918s ]
INFO: ShowRuntime Behavior ::run [ RunTime:0.000775s ]
INFO: [ view_filter ] --END-- [ RunTime:0.004767s ]
INFO: [ view_end ] --START--
INFO: ShowPageTrace Behavior ::run [ RunTime:0.000868s ]
INFO: [ view_end ] --END-- [ RunTime:0.001021s ]

[ 2016-07-19T14:41:50+08:00 ] 127.0.0.1 /cafuc/index.php/Admin/Index/logininfo.html
INFO: [ route_check ] --START--
INFO: CheckRoute Behavior ::run [ RunTime:0.000686s ]
INFO: [ route_check ] --END-- [ RunTime:0.000824s ]
INFO: [ app_begin ] --START--
INFO: ReadHtmlCache Behavior ::run [ RunTime:0.000542s ]
INFO: [ app_begin ] --END-- [ RunTime:0.000647s ]
SQL: SHOW COLUMNS FROM `web_users` [ RunTime:0.003630s ]
SQL: SELECT COUNT(*) AS tp_count FROM `web_users` ORDER BY logintime desc LIMIT 1   [ RunTime:0.021488s ]
SQL: SELECT * FROM `web_users` ORDER BY logintime desc LIMIT 0,10   [ RunTime:0.000667s ]
INFO: [ view_parse ] --START--
INFO: ParseTemplate Behavior ::run [ RunTime:0.144476s ]
INFO: [ view_parse ] --END-- [ RunTime:0.144808s ]
INFO: [ view_filter ] --START--
INFO: ContentReplace Behavior ::run [ RunTime:0.000852s ]
INFO: TokenBuild Behavior ::run [ RunTime:0.000830s ]
INFO: WriteHtmlCache Behavior ::run [ RunTime:0.000645s ]
INFO: ShowRuntime Behavior ::run [ RunTime:0.001041s ]
INFO: [ view_filter ] --END-- [ RunTime:0.003919s ]
INFO: [ view_end ] --START--
INFO: ShowPageTrace Behavior ::run [ RunTime:0.001104s ]
INFO: [ view_end ] --END-- [ RunTime:0.001309s ]

[ 2016-07-19T14:41:51+08:00 ] 127.0.0.1 /cafuc/index.php/Admin/Graph/graph3.html
INFO: [ route_check ] --START--
INFO: CheckRoute Behavior ::run [ RunTime:0.000716s ]
INFO: [ route_check ] --END-- [ RunTime:0.000842s ]
INFO: [ app_begin ] --START--
INFO: ReadHtmlCache Behavior ::run [ RunTime:0.000523s ]
INFO: [ app_begin ] --END-- [ RunTime:0.000629s ]
SQL: SHOW COLUMNS FROM `web_users` [ RunTime:0.003741s ]
SQL: SELECT * FROM `web_users` ORDER BY logintime desc LIMIT 1   [ RunTime:0.000498s ]
SQL: SELECT COUNT(*) AS tp_count FROM `web_users` WHERE ( date='2016-07-19' ) LIMIT 1   [ RunTime:0.000382s ]
SQL: SELECT COUNT(*) AS tp_count FROM `web_users` WHERE ( date='2016-07-18' ) LIMIT 1   [ RunTime:0.000336s ]
SQL: SELECT COUNT(*) AS tp_count FROM `web_users` WHERE ( date='2016-07-17' ) LIMIT 1   [ RunTime:0.000358s ]
SQL: SELECT COUNT(*) AS tp_count FROM `web_users` WHERE ( date='2016-07-16' ) LIMIT 1   [ RunTime:0.000343s ]
SQL: SELECT COUNT(*) AS tp_count FROM `web_users` WHERE ( date='2016-07-15' ) LIMIT 1   [ RunTime:0.000296s ]
SQL: SELECT COUNT(*) AS tp_count FROM `web_users` WHERE ( date='2016-07-14' ) LIMIT 1   [ RunTime:0.000327s ]
SQL: SELECT COUNT(*) AS tp_count FROM `web_users` WHERE ( date='2016-07-13' ) LIMIT 1   [ RunTime:0.000307s ]
NOTIC: [8192] Function split() is deprecated D:\wamp\www\cafuc\ThinkPHP\Extend\Vendor\Jpgraph\jpgraph.php 第 6097 行.
NOTIC: [8192] Function split() is deprecated D:\wamp\www\cafuc\ThinkPHP\Extend\Vendor\Jpgraph\jpgraph.php 第 6097 行.
NOTIC: [8192] Function split() is deprecated D:\wamp\www\cafuc\ThinkPHP\Extend\Vendor\Jpgraph\jpgraph.php 第 6097 行.
NOTIC: [8192] Function split() is deprecated D:\wamp\www\cafuc\ThinkPHP\Extend\Vendor\Jpgraph\jpgraph.php 第 6097 行.
NOTIC: [8192] Function ereg() is deprecated D:\wamp\www\cafuc\ThinkPHP\Extend\Vendor\Jpgraph\jpgraph.php 第 6425 行.
NOTIC: [8192] Function ereg() is deprecated D:\wamp\www\cafuc\ThinkPHP\Extend\Vendor\Jpgraph\jpgraph.php 第 6425 行.
NOTIC: [8192] Function ereg() is deprecated D:\wamp\www\cafuc\ThinkPHP\Extend\Vendor\Jpgraph\jpgraph.php 第 6425 行.
NOTIC: [8192] Function ereg() is deprecated D:\wamp\www\cafuc\ThinkPHP\Extend\Vendor\Jpgraph\jpgraph.php 第 6425 行.
NOTIC: [8192] Function ereg() is deprecated D:\wamp\www\cafuc\ThinkPHP\Extend\Vendor\Jpgraph\jpgraph.php 第 6425 行.
NOTIC: [8192] Function ereg() is deprecated D:\wamp\www\cafuc\ThinkPHP\Extend\Vendor\Jpgraph\jpgraph.php 第 6425 行.
NOTIC: [8192] Function ereg() is deprecated D:\wamp\www\cafuc\ThinkPHP\Extend\Vendor\Jpgraph\jpgraph.php 第 6425 行.
NOTIC: [8192] Function split() is deprecated D:\wamp\www\cafuc\ThinkPHP\Extend\Vendor\Jpgraph\jpgraph.php 第 6097 行.
NOTIC: [8192] Function split() is deprecated D:\wamp\www\cafuc\ThinkPHP\Extend\Vendor\Jpgraph\jpgraph.php 第 6097 行.
NOTIC: [8192] Function split() is deprecated D:\wamp\www\cafuc\ThinkPHP\Extend\Vendor\Jpgraph\jpgraph.php 第 6142 行.
NOTIC: [8192] Function ereg() is deprecated D:\wamp\www\cafuc\ThinkPHP\Extend\Vendor\Jpgraph\jpgraph.php 第 6293 行.
NOTIC: [8192] Function split() is deprecated D:\wamp\www\cafuc\ThinkPHP\Extend\Vendor\Jpgraph\jpgraph.php 第 6097 行.
NOTIC: [8192] Function split() is deprecated D:\wamp\www\cafuc\ThinkPHP\Extend\Vendor\Jpgraph\jpgraph.php 第 6097 行.
NOTIC: [8192] Function split() is deprecated D:\wamp\www\cafuc\ThinkPHP\Extend\Vendor\Jpgraph\jpgraph.php 第 6097 行.
NOTIC: [8192] Function split() is deprecated D:\wamp\www\cafuc\ThinkPHP\Extend\Vendor\Jpgraph\jpgraph.php 第 6142 行.
NOTIC: [8192] Function ereg() is deprecated D:\wamp\www\cafuc\ThinkPHP\Extend\Vendor\Jpgraph\jpgraph.php 第 6293 行.
NOTIC: [8192] Function split() is deprecated D:\wamp\www\cafuc\ThinkPHP\Extend\Vendor\Jpgraph\jpgraph.php 第 6097 行.
NOTIC: [8192] Function split() is deprecated D:\wamp\www\cafuc\ThinkPHP\Extend\Vendor\Jpgraph\jpgraph.php 第 6097 行.
NOTIC: [8192] Function split() is deprecated D:\wamp\www\cafuc\ThinkPHP\Extend\Vendor\Jpgraph\jpgraph.php 第 6142 行.
NOTIC: [8192] Function ereg() is deprecated D:\wamp\www\cafuc\ThinkPHP\Extend\Vendor\Jpgraph\jpgraph.php 第 6293 行.
NOTIC: [8192] Function split() is deprecated D:\wamp\www\cafuc\ThinkPHP\Extend\Vendor\Jpgraph\jpgraph.php 第 6097 行.
NOTIC: [8192] Function split() is deprecated D:\wamp\www\cafuc\ThinkPHP\Extend\Vendor\Jpgraph\jpgraph.php 第 6097 行.
NOTIC: [8192] Function split() is deprecated D:\wamp\www\cafuc\ThinkPHP\Extend\Vendor\Jpgraph\jpgraph.php 第 6142 行.
NOTIC: [8192] Function ereg() is deprecated D:\wamp\www\cafuc\ThinkPHP\Extend\Vendor\Jpgraph\jpgraph.php 第 6293 行.
NOTIC: [8192] Function split() is deprecated D:\wamp\www\cafuc\ThinkPHP\Extend\Vendor\Jpgraph\jpgraph.php 第 6097 行.
NOTIC: [8192] Function split() is deprecated D:\wamp\www\cafuc\ThinkPHP\Extend\Vendor\Jpgraph\jpgraph.php 第 6097 行.
NOTIC: [8192] Function split() is deprecated D:\wamp\www\cafuc\ThinkPHP\Extend\Vendor\Jpgraph\jpgraph.php 第 6142 行.
NOTIC: [8192] Function ereg() is deprecated D:\wamp\www\cafuc\ThinkPHP\Extend\Vendor\Jpgraph\jpgraph.php 第 6293 行.
NOTIC: [8192] Function split() is deprecated D:\wamp\www\cafuc\ThinkPHP\Extend\Vendor\Jpgraph\jpgraph.php 第 6097 行.
NOTIC: [8192] Function split() is deprecated D:\wamp\www\cafuc\ThinkPHP\Extend\Vendor\Jpgraph\jpgraph.php 第 6097 行.
NOTIC: [8192] Function split() is deprecated D:\wamp\www\cafuc\ThinkPHP\Extend\Vendor\Jpgraph\jpgraph.php 第 6142 行.
NOTIC: [8192] Function ereg() is deprecated D:\wamp\www\cafuc\ThinkPHP\Extend\Vendor\Jpgraph\jpgraph.php 第 6293 行.
NOTIC: [8192] Function split() is deprecated D:\wamp\www\cafuc\ThinkPHP\Extend\Vendor\Jpgraph\jpgraph.php 第 6097 行.
NOTIC: [8192] Function split() is deprecated D:\wamp\www\cafuc\ThinkPHP\Extend\Vendor\Jpgraph\jpgraph.php 第 6097 行.
NOTIC: [8192] Function split() is deprecated D:\wamp\www\cafuc\ThinkPHP\Extend\Vendor\Jpgraph\jpgraph.php 第 6142 行.
NOTIC: [8192] Function ereg() is deprecated D:\wamp\www\cafuc\ThinkPHP\Extend\Vendor\Jpgraph\jpgraph.php 第 6293 行.
NOTIC: [8192] Function split() is deprecated D:\wamp\www\cafuc\ThinkPHP\Extend\Vendor\Jpgraph\jpgraph.php 第 6097 行.
NOTIC: [8192] Function split() is deprecated D:\wamp\www\cafuc\ThinkPHP\Extend\Vendor\Jpgraph\jpgraph.php 第 6097 行.
NOTIC: [8192] Function split() is deprecated D:\wamp\www\cafuc\ThinkPHP\Extend\Vendor\Jpgraph\jpgraph.php 第 6142 行.
NOTIC: [8192] Function ereg() is deprecated D:\wamp\www\cafuc\ThinkPHP\Extend\Vendor\Jpgraph\jpgraph.php 第 6293 行.
NOTIC: [8192] Function split() is deprecated D:\wamp\www\cafuc\ThinkPHP\Extend\Vendor\Jpgraph\jpgraph.php 第 6097 行.
NOTIC: [8192] Function split() is deprecated D:\wamp\www\cafuc\ThinkPHP\Extend\Vendor\Jpgraph\jpgraph.php 第 6097 行.
NOTIC: [8192] Function split() is deprecated D:\wamp\www\cafuc\ThinkPHP\Extend\Vendor\Jpgraph\jpgraph.php 第 6142 行.
NOTIC: [8192] Function split() is deprecated D:\wamp\www\cafuc\ThinkPHP\Extend\Vendor\Jpgraph\jpgraph.php 第 6097 行.
NOTIC: [8192] Function split() is deprecated D:\wamp\www\cafuc\ThinkPHP\Extend\Vendor\Jpgraph\jpgraph.php 第 6097 行.
NOTIC: [8192] Function split() is deprecated D:\wamp\www\cafuc\ThinkPHP\Extend\Vendor\Jpgraph\jpgraph.php 第 6142 行.
NOTIC: [8192] Function ereg() is deprecated D:\wamp\www\cafuc\ThinkPHP\Extend\Vendor\Jpgraph\jpgraph.php 第 6293 行.
NOTIC: [8192] Function split() is deprecated D:\wamp\www\cafuc\ThinkPHP\Extend\Vendor\Jpgraph\jpgraph.php 第 6097 行.
NOTIC: [8192] Function split() is deprecated D:\wamp\www\cafuc\ThinkPHP\Extend\Vendor\Jpgraph\jpgraph.php 第 6097 行.
NOTIC: [8192] Function split() is deprecated D:\wamp\www\cafuc\ThinkPHP\Extend\Vendor\Jpgraph\jpgraph.php 第 6142 行.
NOTIC: [8192] Function ereg() is deprecated D:\wamp\www\cafuc\ThinkPHP\Extend\Vendor\Jpgraph\jpgraph.php 第 6293 行.
NOTIC: [8192] Function split() is deprecated D:\wamp\www\cafuc\ThinkPHP\Extend\Vendor\Jpgraph\jpgraph.php 第 6097 行.
NOTIC: [8192] Function split() is deprecated D:\wamp\www\cafuc\ThinkPHP\Extend\Vendor\Jpgraph\jpgraph.php 第 6097 行.
NOTIC: [8192] Function split() is deprecated D:\wamp\www\cafuc\ThinkPHP\Extend\Vendor\Jpgraph\jpgraph.php 第 6142 行.
NOTIC: [8192] Function ereg() is deprecated D:\wamp\www\cafuc\ThinkPHP\Extend\Vendor\Jpgraph\jpgraph.php 第 6293 行.
NOTIC: [8192] Function split() is deprecated D:\wamp\www\cafuc\ThinkPHP\Extend\Vendor\Jpgraph\jpgraph.php 第 6097 行.
NOTIC: [8192] Function split() is deprecated D:\wamp\www\cafuc\ThinkPHP\Extend\Vendor\Jpgraph\jpgraph.php 第 6097 行.
NOTIC: [8192] Function split() is deprecated D:\wamp\www\cafuc\ThinkPHP\Extend\Vendor\Jpgraph\jpgraph.php 第 6142 行.
NOTIC: [8192] Function ereg() is deprecated D:\wamp\www\cafuc\ThinkPHP\Extend\Vendor\Jpgraph\jpgraph.php 第 6293 行.
NOTIC: [8192] Function split() is deprecated D:\wamp\www\cafuc\ThinkPHP\Extend\Vendor\Jpgraph\jpgraph.php 第 6097 行.
NOTIC: [8192] Function split() is deprecated D:\wamp\www\cafuc\ThinkPHP\Extend\Vendor\Jpgraph\jpgraph.php 第 6097 行.
NOTIC: [8192] Function split() is deprecated D:\wamp\www\cafuc\ThinkPHP\Extend\Vendor\Jpgraph\jpgraph.php 第 6142 行.
NOTIC: [8192] Function ereg() is deprecated D:\wamp\www\cafuc\ThinkPHP\Extend\Vendor\Jpgraph\jpgraph.php 第 6293 行.
NOTIC: [8192] Function split() is deprecated D:\wamp\www\cafuc\ThinkPHP\Extend\Vendor\Jpgraph\jpgraph.php 第 6097 行.
NOTIC: [8192] Function split() is deprecated D:\wamp\www\cafuc\ThinkPHP\Extend\Vendor\Jpgraph\jpgraph.php 第 6097 行.
NOTIC: [8192] Function split() is deprecated D:\wamp\www\cafuc\ThinkPHP\Extend\Vendor\Jpgraph\jpgraph.php 第 6142 行.
NOTIC: [8192] Function ereg() is deprecated D:\wamp\www\cafuc\ThinkPHP\Extend\Vendor\Jpgraph\jpgraph.php 第 6293 行.
NOTIC: [8192] Function split() is deprecated D:\wamp\www\cafuc\ThinkPHP\Extend\Vendor\Jpgraph\jpgraph.php 第 6097 行.
NOTIC: [8192] Function split() is deprecated D:\wamp\www\cafuc\ThinkPHP\Extend\Vendor\Jpgraph\jpgraph.php 第 6097 行.
NOTIC: [8192] Function split() is deprecated D:\wamp\www\cafuc\ThinkPHP\Extend\Vendor\Jpgraph\jpgraph.php 第 6142 行.
NOTIC: [8192] Function ereg() is deprecated D:\wamp\www\cafuc\ThinkPHP\Extend\Vendor\Jpgraph\jpgraph.php 第 6293 行.
NOTIC: [8192] Function split() is deprecated D:\wamp\www\cafuc\ThinkPHP\Extend\Vendor\Jpgraph\jpgraph.php 第 6097 行.
NOTIC: [8192] Function split() is deprecated D:\wamp\www\cafuc\ThinkPHP\Extend\Vendor\Jpgraph\jpgraph.php 第 6097 行.
NOTIC: [8192] Function split() is deprecated D:\wamp\www\cafuc\ThinkPHP\Extend\Vendor\Jpgraph\jpgraph.php 第 6142 行.
NOTIC: [8192] Function ereg() is deprecated D:\wamp\www\cafuc\ThinkPHP\Extend\Vendor\Jpgraph\jpgraph.php 第 6293 行.
NOTIC: [8192] Function split() is deprecated D:\wamp\www\cafuc\ThinkPHP\Extend\Vendor\Jpgraph\jpgraph.php 第 6097 行.
NOTIC: [8192] Function split() is deprecated D:\wamp\www\cafuc\ThinkPHP\Extend\Vendor\Jpgraph\jpgraph.php 第 6097 行.
NOTIC: [8192] Function split() is deprecated D:\wamp\www\cafuc\ThinkPHP\Extend\Vendor\Jpgraph\jpgraph.php 第 6142 行.
NOTIC: [8192] Function ereg() is deprecated D:\wamp\www\cafuc\ThinkPHP\Extend\Vendor\Jpgraph\jpgraph.php 第 6293 行.
NOTIC: [8192] Function split() is deprecated D:\wamp\www\cafuc\ThinkPHP\Extend\Vendor\Jpgraph\jpgraph.php 第 6097 行.
NOTIC: [8192] Function split() is deprecated D:\wamp\www\cafuc\ThinkPHP\Extend\Vendor\Jpgraph\jpgraph.php 第 6097 行.
NOTIC: [8192] Function split() is deprecated D:\wamp\www\cafuc\ThinkPHP\Extend\Vendor\Jpgraph\jpgraph.php 第 6142 行.
NOTIC: [8192] Function ereg() is deprecated D:\wamp\www\cafuc\ThinkPHP\Extend\Vendor\Jpgraph\jpgraph.php 第 6293 行.
NOTIC: [8192] Function split() is deprecated D:\wamp\www\cafuc\ThinkPHP\Extend\Vendor\Jpgraph\jpgraph.php 第 6097 行.
NOTIC: [8192] Function split() is deprecated D:\wamp\www\cafuc\ThinkPHP\Extend\Vendor\Jpgraph\jpgraph.php 第 6097 行.
NOTIC: [8192] Function split() is deprecated D:\wamp\www\cafuc\ThinkPHP\Extend\Vendor\Jpgraph\jpgraph.php 第 6142 行.
NOTIC: [8192] Function ereg() is deprecated D:\wamp\www\cafuc\ThinkPHP\Extend\Vendor\Jpgraph\jpgraph.php 第 6293 行.
NOTIC: [8192] Function split() is deprecated D:\wamp\www\cafuc\ThinkPHP\Extend\Vendor\Jpgraph\jpgraph.php 第 6097 行.
NOTIC: [8192] Function split() is deprecated D:\wamp\www\cafuc\ThinkPHP\Extend\Vendor\Jpgraph\jpgraph.php 第 6097 行.
NOTIC: [8192] Function split() is deprecated D:\wamp\www\cafuc\ThinkPHP\Extend\Vendor\Jpgraph\jpgraph.php 第 6142 行.
NOTIC: [8192] Function ereg() is deprecated D:\wamp\www\cafuc\ThinkPHP\Extend\Vendor\Jpgraph\jpgraph.php 第 6293 行.
NOTIC: [8192] Function split() is deprecated D:\wamp\www\cafuc\ThinkPHP\Extend\Vendor\Jpgraph\jpgraph.php 第 6097 行.
NOTIC: [8192] Function split() is deprecated D:\wamp\www\cafuc\ThinkPHP\Extend\Vendor\Jpgraph\jpgraph.php 第 6097 行.
NOTIC: [8192] Function split() is deprecated D:\wamp\www\cafuc\ThinkPHP\Extend\Vendor\Jpgraph\jpgraph.php 第 6142 行.
NOTIC: [8192] Function ereg() is deprecated D:\wamp\www\cafuc\ThinkPHP\Extend\Vendor\Jpgraph\jpgraph.php 第 6293 行.
NOTIC: [8192] Function split() is deprecated D:\wamp\www\cafuc\ThinkPHP\Extend\Vendor\Jpgraph\jpgraph.php 第 6097 行.
NOTIC: [8192] Function split() is deprecated D:\wamp\www\cafuc\ThinkPHP\Extend\Vendor\Jpgraph\jpgraph.php 第 6097 行.
NOTIC: [8192] Function split() is deprecated D:\wamp\www\cafuc\ThinkPHP\Extend\Vendor\Jpgraph\jpgraph.php 第 6142 行.
NOTIC: [8192] Function ereg() is deprecated D:\wamp\www\cafuc\ThinkPHP\Extend\Vendor\Jpgraph\jpgraph.php 第 6293 行.
NOTIC: [8192] Function split() is deprecated D:\wamp\www\cafuc\ThinkPHP\Extend\Vendor\Jpgraph\jpgraph.php 第 6097 行.
NOTIC: [8192] Function split() is deprecated D:\wamp\www\cafuc\ThinkPHP\Extend\Vendor\Jpgraph\jpgraph.php 第 6097 行.
NOTIC: [8192] Function split() is deprecated D:\wamp\www\cafuc\ThinkPHP\Extend\Vendor\Jpgraph\jpgraph.php 第 6142 行.
NOTIC: [8192] Function ereg() is deprecated D:\wamp\www\cafuc\ThinkPHP\Extend\Vendor\Jpgraph\jpgraph.php 第 6293 行.
NOTIC: [8192] Function split() is deprecated D:\wamp\www\cafuc\ThinkPHP\Extend\Vendor\Jpgraph\jpgraph.php 第 6097 行.
NOTIC: [8192] Function split() is deprecated D:\wamp\www\cafuc\ThinkPHP\Extend\Vendor\Jpgraph\jpgraph.php 第 6097 行.
NOTIC: [8192] Function split() is deprecated D:\wamp\www\cafuc\ThinkPHP\Extend\Vendor\Jpgraph\jpgraph.php 第 6142 行.
NOTIC: [8192] Function ereg() is deprecated D:\wamp\www\cafuc\ThinkPHP\Extend\Vendor\Jpgraph\jpgraph.php 第 6293 行.
NOTIC: [8192] Function split() is deprecated D:\wamp\www\cafuc\ThinkPHP\Extend\Vendor\Jpgraph\jpgraph.php 第 6097 行.
NOTIC: [8192] Function split() is deprecated D:\wamp\www\cafuc\ThinkPHP\Extend\Vendor\Jpgraph\jpgraph.php 第 6097 行.
NOTIC: [8192] Function split() is deprecated D:\wamp\www\cafuc\ThinkPHP\Extend\Vendor\Jpgraph\jpgraph.php 第 6142 行.
NOTIC: [8192] Function ereg() is deprecated D:\wamp\www\cafuc\ThinkPHP\Extend\Vendor\Jpgraph\jpgraph.php 第 6293 行.
NOTIC: [8192] Function split() is deprecated D:\wamp\www\cafuc\ThinkPHP\Extend\Vendor\Jpgraph\jpgraph.php 第 6097 行.
NOTIC: [8192] Function split() is deprecated D:\wamp\www\cafuc\ThinkPHP\Extend\Vendor\Jpgraph\jpgraph.php 第 6097 行.
NOTIC: [8192] Function split() is deprecated D:\wamp\www\cafuc\ThinkPHP\Extend\Vendor\Jpgraph\jpgraph.php 第 6142 行.
NOTIC: [8192] Function ereg() is deprecated D:\wamp\www\cafuc\ThinkPHP\Extend\Vendor\Jpgraph\jpgraph.php 第 6293 行.
NOTIC: [8192] Function split() is deprecated D:\wamp\www\cafuc\ThinkPHP\Extend\Vendor\Jpgraph\jpgraph.php 第 6097 行.
NOTIC: [8192] Function split() is deprecated D:\wamp\www\cafuc\ThinkPHP\Extend\Vendor\Jpgraph\jpgraph.php 第 6097 行.
NOTIC: [8192] Function split() is deprecated D:\wamp\www\cafuc\ThinkPHP\Extend\Vendor\Jpgraph\jpgraph.php 第 6142 行.
NOTIC: [8192] Function ereg() is deprecated D:\wamp\www\cafuc\ThinkPHP\Extend\Vendor\Jpgraph\jpgraph.php 第 6293 行.
NOTIC: [8192] Function split() is deprecated D:\wamp\www\cafuc\ThinkPHP\Extend\Vendor\Jpgraph\jpgraph.php 第 6097 行.
NOTIC: [8192] Function split() is deprecated D:\wamp\www\cafuc\ThinkPHP\Extend\Vendor\Jpgraph\jpgraph.php 第 6097 行.
NOTIC: [8192] Function split() is deprecated D:\wamp\www\cafuc\ThinkPHP\Extend\Vendor\Jpgraph\jpgraph.php 第 6142 行.
NOTIC: [8192] Function ereg() is deprecated D:\wamp\www\cafuc\ThinkPHP\Extend\Vendor\Jpgraph\jpgraph.php 第 6293 行.
NOTIC: [8192] Function split() is deprecated D:\wamp\www\cafuc\ThinkPHP\Extend\Vendor\Jpgraph\jpgraph.php 第 6097 行.
NOTIC: [8192] Function split() is deprecated D:\wamp\www\cafuc\ThinkPHP\Extend\Vendor\Jpgraph\jpgraph.php 第 6097 行.
NOTIC: [8192] Function split() is deprecated D:\wamp\www\cafuc\ThinkPHP\Extend\Vendor\Jpgraph\jpgraph.php 第 6142 行.
NOTIC: [8192] Function ereg() is deprecated D:\wamp\www\cafuc\ThinkPHP\Extend\Vendor\Jpgraph\jpgraph.php 第 6293 行.
NOTIC: [8192] Function split() is deprecated D:\wamp\www\cafuc\ThinkPHP\Extend\Vendor\Jpgraph\jpgraph.php 第 6097 行.
NOTIC: [8192] Function ereg() is deprecated D:\wamp\www\cafuc\ThinkPHP\Extend\Vendor\Jpgraph\jpgraph.php 第 6425 行.
NOTIC: [8192] Function split() is deprecated D:\wamp\www\cafuc\ThinkPHP\Extend\Vendor\Jpgraph\jpgraph.php 第 6097 行.
NOTIC: [8192] Function split() is deprecated D:\wamp\www\cafuc\ThinkPHP\Extend\Vendor\Jpgraph\jpgraph.php 第 6097 行.
NOTIC: [8192] Function split() is deprecated D:\wamp\www\cafuc\ThinkPHP\Extend\Vendor\Jpgraph\jpgraph.php 第 6097 行.
NOTIC: [8192] Function split() is deprecated D:\wamp\www\cafuc\ThinkPHP\Extend\Vendor\Jpgraph\jpgraph.php 第 6142 行.
NOTIC: [8192] Function ereg() is deprecated D:\wamp\www\cafuc\ThinkPHP\Extend\Vendor\Jpgraph\jpgraph.php 第 6293 行.
NOTIC: [8192] Function split() is deprecated D:\wamp\www\cafuc\ThinkPHP\Extend\Vendor\Jpgraph\jpgraph.php 第 6097 行.
NOTIC: [8192] Function split() is deprecated D:\wamp\www\cafuc\ThinkPHP\Extend\Vendor\Jpgraph\jpgraph.php 第 6097 行.
NOTIC: [8192] Function split() is deprecated D:\wamp\www\cafuc\ThinkPHP\Extend\Vendor\Jpgraph\jpgraph.php 第 6097 行.
NOTIC: [8192] Function split() is deprecated D:\wamp\www\cafuc\ThinkPHP\Extend\Vendor\Jpgraph\jpgraph.php 第 6142 行.
NOTIC: [8192] Function ereg() is deprecated D:\wamp\www\cafuc\ThinkPHP\Extend\Vendor\Jpgraph\jpgraph.php 第 6293 行.
NOTIC: [8192] Function split() is deprecated D:\wamp\www\cafuc\ThinkPHP\Extend\Vendor\Jpgraph\jpgraph.php 第 6097 行.
NOTIC: [8192] Function split() is deprecated D:\wamp\www\cafuc\ThinkPHP\Extend\Vendor\Jpgraph\jpgraph.php 第 6097 行.
NOTIC: [8192] Function split() is deprecated D:\wamp\www\cafuc\ThinkPHP\Extend\Vendor\Jpgraph\jpgraph.php 第 6142 行.
NOTIC: [8192] Function ereg() is deprecated D:\wamp\www\cafuc\ThinkPHP\Extend\Vendor\Jpgraph\jpgraph.php 第 6293 行.
NOTIC: [8192] Function split() is deprecated D:\wamp\www\cafuc\ThinkPHP\Extend\Vendor\Jpgraph\jpgraph.php 第 6097 行.
NOTIC: [8192] Function split() is deprecated D:\wamp\www\cafuc\ThinkPHP\Extend\Vendor\Jpgraph\jpgraph.php 第 6097 行.
NOTIC: [8192] Function split() is deprecated D:\wamp\www\cafuc\ThinkPHP\Extend\Vendor\Jpgraph\jpgraph.php 第 6142 行.
NOTIC: [8192] Function ereg() is deprecated D:\wamp\www\cafuc\ThinkPHP\Extend\Vendor\Jpgraph\jpgraph.php 第 6293 行.
NOTIC: [8192] Function split() is deprecated D:\wamp\www\cafuc\ThinkPHP\Extend\Vendor\Jpgraph\jpgraph.php 第 6097 行.
NOTIC: [8192] Function split() is deprecated D:\wamp\www\cafuc\ThinkPHP\Extend\Vendor\Jpgraph\jpgraph.php 第 6097 行.
NOTIC: [8192] Function split() is deprecated D:\wamp\www\cafuc\ThinkPHP\Extend\Vendor\Jpgraph\jpgraph.php 第 6142 行.
NOTIC: [8192] Function ereg() is deprecated D:\wamp\www\cafuc\ThinkPHP\Extend\Vendor\Jpgraph\jpgraph.php 第 6293 行.

