[ 2016-05-22T22:56:13+08:00 ] 127.0.0.1 /cafuc/index.php
INFO: [ app_begin ] --START--
INFO: ReadHtmlCache Behavior ::run [ RunTime:0.000773s ]
INFO: [ app_begin ] --END-- [ RunTime:0.000909s ]
SQL: SHOW COLUMNS FROM `web_news` [ RunTime:0.078103s ]
SQL: SELECT * FROM `web_news` ORDER BY time desc LIMIT 8   [ RunTime:0.001243s ]
INFO: [ view_parse ] --START--
INFO: ParseTemplate Behavior ::run [ RunTime:0.276545s ]
INFO: [ view_parse ] --END-- [ RunTime:0.276732s ]
INFO: [ view_filter ] --START--
INFO: ContentReplace Behavior ::run [ RunTime:0.000835s ]
INFO: TokenBuild Behavior ::run [ RunTime:0.000705s ]
INFO: WriteHtmlCache Behavior ::run [ RunTime:0.000519s ]
INFO: ShowRuntime Behavior ::run [ RunTime:0.000710s ]
INFO: [ view_filter ] --END-- [ RunTime:0.003081s ]
INFO: [ view_end ] --START--
INFO: ShowPageTrace Behavior ::run [ RunTime:0.000807s ]
INFO: [ view_end ] --END-- [ RunTime:0.000913s ]

[ 2016-05-22T22:56:14+08:00 ] 127.0.0.1 /cafuc/index.php/Admin/Login/verify.html
INFO: [ route_check ] --START--
INFO: CheckRoute Behavior ::run [ RunTime:0.001413s ]
INFO: [ route_check ] --END-- [ RunTime:0.001616s ]
INFO: [ app_begin ] --START--
INFO: ReadHtmlCache Behavior ::run [ RunTime:0.000925s ]
INFO: [ app_begin ] --END-- [ RunTime:0.001083s ]

[ 2016-05-22T22:56:26+08:00 ] 127.0.0.1 /cafuc/index.php/Admin/Login/login.html
INFO: [ route_check ] --START--
INFO: CheckRoute Behavior ::run [ RunTime:0.001573s ]
INFO: [ route_check ] --END-- [ RunTime:0.001771s ]
INFO: [ app_begin ] --START--
INFO: ReadHtmlCache Behavior ::run [ RunTime:0.000955s ]
INFO: [ app_begin ] --END-- [ RunTime:0.001166s ]
SQL: SHOW COLUMNS FROM `web_users` [ RunTime:0.049411s ]
SQL: SELECT * FROM `web_users` WHERE ( `username` = 'admin' ) ORDER BY id desc LIMIT 1   [ RunTime:0.000378s ]
SQL: INSERT INTO `web_users` (`username`,`password`,`logintime`,`date`,`loginip`) VALUES ('admin','e10adc3949ba59abbe56e057f20f883e',1463928985,'2016-05-22','127.0.0.1') [ RunTime:0.040126s ]
INFO: [ view_parse ] --START--
INFO: ParseTemplate Behavior ::run [ RunTime:0.047141s ]
INFO: [ view_parse ] --END-- [ RunTime:0.047282s ]
INFO: [ view_filter ] --START--
INFO: ContentReplace Behavior ::run [ RunTime:0.000527s ]
INFO: TokenBuild Behavior ::run [ RunTime:0.000507s ]
INFO: WriteHtmlCache Behavior ::run [ RunTime:0.000379s ]
INFO: ShowRuntime Behavior ::run [ RunTime:0.000623s ]
INFO: [ view_filter ] --END-- [ RunTime:0.002299s ]
INFO: [ view_end ] --START--
INFO: ShowPageTrace Behavior ::run [ RunTime:0.000714s ]
INFO: [ view_end ] --END-- [ RunTime:0.000881s ]

[ 2016-05-22T22:56:27+08:00 ] 127.0.0.1 /cafuc/index.php/Admin/Index/index.html
INFO: [ route_check ] --START--
INFO: CheckRoute Behavior ::run [ RunTime:0.001009s ]
INFO: [ route_check ] --END-- [ RunTime:0.001186s ]
INFO: [ app_begin ] --START--
INFO: ReadHtmlCache Behavior ::run [ RunTime:0.000773s ]
INFO: [ app_begin ] --END-- [ RunTime:0.000933s ]
INFO: [ view_parse ] --START--
INFO: ParseTemplate Behavior ::run [ RunTime:0.044744s ]
INFO: [ view_parse ] --END-- [ RunTime:0.044923s ]
INFO: [ view_filter ] --START--
INFO: ContentReplace Behavior ::run [ RunTime:0.000470s ]
INFO: TokenBuild Behavior ::run [ RunTime:0.000401s ]
INFO: WriteHtmlCache Behavior ::run [ RunTime:0.000354s ]
INFO: ShowRuntime Behavior ::run [ RunTime:0.000479s ]
INFO: [ view_filter ] --END-- [ RunTime:0.001961s ]
INFO: [ view_end ] --START--
INFO: ShowPageTrace Behavior ::run [ RunTime:0.000539s ]
INFO: [ view_end ] --END-- [ RunTime:0.000632s ]

[ 2016-05-22T22:56:36+08:00 ] 127.0.0.1 /cafuc/index.php/Admin/Index/logininfo.html
INFO: [ route_check ] --START--
INFO: CheckRoute Behavior ::run [ RunTime:0.000641s ]
INFO: [ route_check ] --END-- [ RunTime:0.000773s ]
INFO: [ app_begin ] --START--
INFO: ReadHtmlCache Behavior ::run [ RunTime:0.000493s ]
INFO: [ app_begin ] --END-- [ RunTime:0.000585s ]
SQL: SHOW COLUMNS FROM `web_users` [ RunTime:0.003152s ]
SQL: SELECT COUNT(*) AS tp_count FROM `web_users` ORDER BY logintime desc LIMIT 1   [ RunTime:0.010270s ]
SQL: SELECT * FROM `web_users` ORDER BY logintime desc LIMIT 0,10   [ RunTime:0.000371s ]
INFO: [ view_parse ] --START--
INFO: ParseTemplate Behavior ::run [ RunTime:0.073754s ]
INFO: [ view_parse ] --END-- [ RunTime:0.073890s ]
INFO: [ view_filter ] --START--
INFO: ContentReplace Behavior ::run [ RunTime:0.000503s ]
INFO: TokenBuild Behavior ::run [ RunTime:0.000399s ]
INFO: WriteHtmlCache Behavior ::run [ RunTime:0.000280s ]
INFO: ShowRuntime Behavior ::run [ RunTime:0.000462s ]
INFO: [ view_filter ] --END-- [ RunTime:0.001908s ]
INFO: [ view_end ] --START--
INFO: ShowPageTrace Behavior ::run [ RunTime:0.000525s ]
INFO: [ view_end ] --END-- [ RunTime:0.000612s ]

[ 2016-05-22T22:56:37+08:00 ] 127.0.0.1 /cafuc/index.php/Admin/Graph/graph3.html
INFO: [ route_check ] --START--
INFO: CheckRoute Behavior ::run [ RunTime:0.000705s ]
INFO: [ route_check ] --END-- [ RunTime:0.000830s ]
INFO: [ app_begin ] --START--
INFO: ReadHtmlCache Behavior ::run [ RunTime:0.000860s ]
INFO: [ app_begin ] --END-- [ RunTime:0.001041s ]
SQL: SHOW COLUMNS FROM `web_users` [ RunTime:0.003434s ]
SQL: SELECT * FROM `web_users` ORDER BY logintime desc LIMIT 1   [ RunTime:0.000371s ]
SQL: SELECT COUNT(*) AS tp_count FROM `web_users` WHERE ( date='2016-05-22' ) LIMIT 1   [ RunTime:0.000279s ]
SQL: SELECT COUNT(*) AS tp_count FROM `web_users` WHERE ( date='2016-05-21' ) LIMIT 1   [ RunTime:0.000215s ]
SQL: SELECT COUNT(*) AS tp_count FROM `web_users` WHERE ( date='2016-05-20' ) LIMIT 1   [ RunTime:0.000232s ]
SQL: SELECT COUNT(*) AS tp_count FROM `web_users` WHERE ( date='2016-05-19' ) LIMIT 1   [ RunTime:0.001207s ]
SQL: SELECT COUNT(*) AS tp_count FROM `web_users` WHERE ( date='2016-05-18' ) LIMIT 1   [ RunTime:0.000546s ]
SQL: SELECT COUNT(*) AS tp_count FROM `web_users` WHERE ( date='2016-05-17' ) LIMIT 1   [ RunTime:0.000337s ]
SQL: SELECT COUNT(*) AS tp_count FROM `web_users` WHERE ( date='2016-05-16' ) LIMIT 1   [ RunTime:0.000281s ]
NOTIC: [8192] Function split() is deprecated D:\wamp\www\cafuc\ThinkPHP\Extend\Vendor\Jpgraph\jpgraph.php 第 6097 行.
NOTIC: [8192] Function split() is deprecated D:\wamp\www\cafuc\ThinkPHP\Extend\Vendor\Jpgraph\jpgraph.php 第 6097 行.
NOTIC: [8192] Function split() is deprecated D:\wamp\www\cafuc\ThinkPHP\Extend\Vendor\Jpgraph\jpgraph.php 第 6097 行.
NOTIC: [8192] Function split() is deprecated D:\wamp\www\cafuc\ThinkPHP\Extend\Vendor\Jpgraph\jpgraph.php 第 6097 行.
NOTIC: [8192] Function ereg() is deprecated D:\wamp\www\cafuc\ThinkPHP\Extend\Vendor\Jpgraph\jpgraph.php 第 6425 行.
NOTIC: [8192] Function ereg() is deprecated D:\wamp\www\cafuc\ThinkPHP\Extend\Vendor\Jpgraph\jpgraph.php 第 6425 行.
NOTIC: [8192] Function ereg() is deprecated D:\wamp\www\cafuc\ThinkPHP\Extend\Vendor\Jpgraph\jpgraph.php 第 6425 行.
NOTIC: [8192] Function ereg() is deprecated D:\wamp\www\cafuc\ThinkPHP\Extend\Vendor\Jpgraph\jpgraph.php 第 6425 行.
NOTIC: [8192] Function ereg() is deprecated D:\wamp\www\cafuc\ThinkPHP\Extend\Vendor\Jpgraph\jpgraph.php 第 6425 行.
NOTIC: [8192] Function ereg() is deprecated D:\wamp\www\cafuc\ThinkPHP\Extend\Vendor\Jpgraph\jpgraph.php 第 6425 行.
NOTIC: [8192] Function ereg() is deprecated D:\wamp\www\cafuc\ThinkPHP\Extend\Vendor\Jpgraph\jpgraph.php 第 6425 行.
NOTIC: [8192] Function split() is deprecated D:\wamp\www\cafuc\ThinkPHP\Extend\Vendor\Jpgraph\jpgraph.php 第 6097 行.
NOTIC: [8192] Function split() is deprecated D:\wamp\www\cafuc\ThinkPHP\Extend\Vendor\Jpgraph\jpgraph.php 第 6097 行.
NOTIC: [8192] Function split() is deprecated D:\wamp\www\cafuc\ThinkPHP\Extend\Vendor\Jpgraph\jpgraph.php 第 6142 行.
NOTIC: [8192] Function ereg() is deprecated D:\wamp\www\cafuc\ThinkPHP\Extend\Vendor\Jpgraph\jpgraph.php 第 6293 行.
NOTIC: [8192] Function split() is deprecated D:\wamp\www\cafuc\ThinkPHP\Extend\Vendor\Jpgraph\jpgraph.php 第 6097 行.
NOTIC: [8192] Function split() is deprecated D:\wamp\www\cafuc\ThinkPHP\Extend\Vendor\Jpgraph\jpgraph.php 第 6097 行.
NOTIC: [8192] Function split() is deprecated D:\wamp\www\cafuc\ThinkPHP\Extend\Vendor\Jpgraph\jpgraph.php 第 6097 行.
NOTIC: [8192] Function split() is deprecated D:\wamp\www\cafuc\ThinkPHP\Extend\Vendor\Jpgraph\jpgraph.php 第 6142 行.
NOTIC: [8192] Function ereg() is deprecated D:\wamp\www\cafuc\ThinkPHP\Extend\Vendor\Jpgraph\jpgraph.php 第 6293 行.
NOTIC: [8192] Function split() is deprecated D:\wamp\www\cafuc\ThinkPHP\Extend\Vendor\Jpgraph\jpgraph.php 第 6097 行.
NOTIC: [8192] Function split() is deprecated D:\wamp\www\cafuc\ThinkPHP\Extend\Vendor\Jpgraph\jpgraph.php 第 6097 行.
NOTIC: [8192] Function split() is deprecated D:\wamp\www\cafuc\ThinkPHP\Extend\Vendor\Jpgraph\jpgraph.php 第 6142 行.
NOTIC: [8192] Function ereg() is deprecated D:\wamp\www\cafuc\ThinkPHP\Extend\Vendor\Jpgraph\jpgraph.php 第 6293 行.
NOTIC: [8192] Function split() is deprecated D:\wamp\www\cafuc\ThinkPHP\Extend\Vendor\Jpgraph\jpgraph.php 第 6097 行.
NOTIC: [8192] Function split() is deprecated D:\wamp\www\cafuc\ThinkPHP\Extend\Vendor\Jpgraph\jpgraph.php 第 6097 行.
NOTIC: [8192] Function split() is deprecated D:\wamp\www\cafuc\ThinkPHP\Extend\Vendor\Jpgraph\jpgraph.php 第 6142 行.
NOTIC: [8192] Function ereg() is deprecated D:\wamp\www\cafuc\ThinkPHP\Extend\Vendor\Jpgraph\jpgraph.php 第 6293 行.
NOTIC: [8192] Function split() is deprecated D:\wamp\www\cafuc\ThinkPHP\Extend\Vendor\Jpgraph\jpgraph.php 第 6097 行.
NOTIC: [8192] Function split() is deprecated D:\wamp\www\cafuc\ThinkPHP\Extend\Vendor\Jpgraph\jpgraph.php 第 6097 行.
NOTIC: [8192] Function split() is deprecated D:\wamp\www\cafuc\ThinkPHP\Extend\Vendor\Jpgraph\jpgraph.php 第 6142 行.
NOTIC: [8192] Function ereg() is deprecated D:\wamp\www\cafuc\ThinkPHP\Extend\Vendor\Jpgraph\jpgraph.php 第 6293 行.
NOTIC: [8192] Function split() is deprecated D:\wamp\www\cafuc\ThinkPHP\Extend\Vendor\Jpgraph\jpgraph.php 第 6097 行.
NOTIC: [8192] Function split() is deprecated D:\wamp\www\cafuc\ThinkPHP\Extend\Vendor\Jpgraph\jpgraph.php 第 6097 行.
NOTIC: [8192] Function split() is deprecated D:\wamp\www\cafuc\ThinkPHP\Extend\Vendor\Jpgraph\jpgraph.php 第 6142 行.
NOTIC: [8192] Function ereg() is deprecated D:\wamp\www\cafuc\ThinkPHP\Extend\Vendor\Jpgraph\jpgraph.php 第 6293 行.
NOTIC: [8192] Function split() is deprecated D:\wamp\www\cafuc\ThinkPHP\Extend\Vendor\Jpgraph\jpgraph.php 第 6097 行.
NOTIC: [8192] Function split() is deprecated D:\wamp\www\cafuc\ThinkPHP\Extend\Vendor\Jpgraph\jpgraph.php 第 6097 行.
NOTIC: [8192] Function split() is deprecated D:\wamp\www\cafuc\ThinkPHP\Extend\Vendor\Jpgraph\jpgraph.php 第 6142 行.
NOTIC: [8192] Function ereg() is deprecated D:\wamp\www\cafuc\ThinkPHP\Extend\Vendor\Jpgraph\jpgraph.php 第 6293 行.
NOTIC: [8192] Function split() is deprecated D:\wamp\www\cafuc\ThinkPHP\Extend\Vendor\Jpgraph\jpgraph.php 第 6097 行.
NOTIC: [8192] Function split() is deprecated D:\wamp\www\cafuc\ThinkPHP\Extend\Vendor\Jpgraph\jpgraph.php 第 6097 行.
NOTIC: [8192] Function split() is deprecated D:\wamp\www\cafuc\ThinkPHP\Extend\Vendor\Jpgraph\jpgraph.php 第 6142 行.
NOTIC: [8192] Function ereg() is deprecated D:\wamp\www\cafuc\ThinkPHP\Extend\Vendor\Jpgraph\jpgraph.php 第 6293 行.
NOTIC: [8192] Function split() is deprecated D:\wamp\www\cafuc\ThinkPHP\Extend\Vendor\Jpgraph\jpgraph.php 第 6097 行.
NOTIC: [8192] Function split() is deprecated D:\wamp\www\cafuc\ThinkPHP\Extend\Vendor\Jpgraph\jpgraph.php 第 6097 行.
NOTIC: [8192] Function split() is deprecated D:\wamp\www\cafuc\ThinkPHP\Extend\Vendor\Jpgraph\jpgraph.php 第 6142 行.
NOTIC: [8192] Function ereg() is deprecated D:\wamp\www\cafuc\ThinkPHP\Extend\Vendor\Jpgraph\jpgraph.php 第 6293 行.
NOTIC: [8192] Function split() is deprecated D:\wamp\www\cafuc\ThinkPHP\Extend\Vendor\Jpgraph\jpgraph.php 第 6097 行.
NOTIC: [8192] Function split() is deprecated D:\wamp\www\cafuc\ThinkPHP\Extend\Vendor\Jpgraph\jpgraph.php 第 6097 行.
NOTIC: [8192] Function split() is deprecated D:\wamp\www\cafuc\ThinkPHP\Extend\Vendor\Jpgraph\jpgraph.php 第 6142 行.
NOTIC: [8192] Function ereg() is deprecated D:\wamp\www\cafuc\ThinkPHP\Extend\Vendor\Jpgraph\jpgraph.php 第 6293 行.
NOTIC: [8192] Function split() is deprecated D:\wamp\www\cafuc\ThinkPHP\Extend\Vendor\Jpgraph\jpgraph.php 第 6097 行.
NOTIC: [8192] Function split() is deprecated D:\wamp\www\cafuc\ThinkPHP\Extend\Vendor\Jpgraph\jpgraph.php 第 6097 行.
NOTIC: [8192] Function split() is deprecated D:\wamp\www\cafuc\ThinkPHP\Extend\Vendor\Jpgraph\jpgraph.php 第 6142 行.
NOTIC: [8192] Function split() is deprecated D:\wamp\www\cafuc\ThinkPHP\Extend\Vendor\Jpgraph\jpgraph.php 第 6097 行.
NOTIC: [8192] Function split() is deprecated D:\wamp\www\cafuc\ThinkPHP\Extend\Vendor\Jpgraph\jpgraph.php 第 6097 行.
NOTIC: [8192] Function split() is deprecated D:\wamp\www\cafuc\ThinkPHP\Extend\Vendor\Jpgraph\jpgraph.php 第 6142 行.
NOTIC: [8192] Function ereg() is deprecated D:\wamp\www\cafuc\ThinkPHP\Extend\Vendor\Jpgraph\jpgraph.php 第 6293 行.
NOTIC: [8192] Function split() is deprecated D:\wamp\www\cafuc\ThinkPHP\Extend\Vendor\Jpgraph\jpgraph.php 第 6097 行.
NOTIC: [8192] Function split() is deprecated D:\wamp\www\cafuc\ThinkPHP\Extend\Vendor\Jpgraph\jpgraph.php 第 6097 行.
NOTIC: [8192] Function split() is deprecated D:\wamp\www\cafuc\ThinkPHP\Extend\Vendor\Jpgraph\jpgraph.php 第 6142 行.
NOTIC: [8192] Function ereg() is deprecated D:\wamp\www\cafuc\ThinkPHP\Extend\Vendor\Jpgraph\jpgraph.php 第 6293 行.
NOTIC: [8192] Function split() is deprecated D:\wamp\www\cafuc\ThinkPHP\Extend\Vendor\Jpgraph\jpgraph.php 第 6097 行.
NOTIC: [8192] Function split() is deprecated D:\wamp\www\cafuc\ThinkPHP\Extend\Vendor\Jpgraph\jpgraph.php 第 6097 行.
NOTIC: [8192] Function split() is deprecated D:\wamp\www\cafuc\ThinkPHP\Extend\Vendor\Jpgraph\jpgraph.php 第 6142 行.
NOTIC: [8192] Function ereg() is deprecated D:\wamp\www\cafuc\ThinkPHP\Extend\Vendor\Jpgraph\jpgraph.php 第 6293 行.
NOTIC: [8192] Function split() is deprecated D:\wamp\www\cafuc\ThinkPHP\Extend\Vendor\Jpgraph\jpgraph.php 第 6097 行.
NOTIC: [8192] Function split() is deprecated D:\wamp\www\cafuc\ThinkPHP\Extend\Vendor\Jpgraph\jpgraph.php 第 6097 行.
NOTIC: [8192] Function split() is deprecated D:\wamp\www\cafuc\ThinkPHP\Extend\Vendor\Jpgraph\jpgraph.php 第 6142 行.
NOTIC: [8192] Function ereg() is deprecated D:\wamp\www\cafuc\ThinkPHP\Extend\Vendor\Jpgraph\jpgraph.php 第 6293 行.
NOTIC: [8192] Function split() is deprecated D:\wamp\www\cafuc\ThinkPHP\Extend\Vendor\Jpgraph\jpgraph.php 第 6097 行.
NOTIC: [8192] Function split() is deprecated D:\wamp\www\cafuc\ThinkPHP\Extend\Vendor\Jpgraph\jpgraph.php 第 6097 行.
NOTIC: [8192] Function split() is deprecated D:\wamp\www\cafuc\ThinkPHP\Extend\Vendor\Jpgraph\jpgraph.php 第 6142 行.
NOTIC: [8192] Function ereg() is deprecated D:\wamp\www\cafuc\ThinkPHP\Extend\Vendor\Jpgraph\jpgraph.php 第 6293 行.
NOTIC: [8192] Function split() is deprecated D:\wamp\www\cafuc\ThinkPHP\Extend\Vendor\Jpgraph\jpgraph.php 第 6097 行.
NOTIC: [8192] Function split() is deprecated D:\wamp\www\cafuc\ThinkPHP\Extend\Vendor\Jpgraph\jpgraph.php 第 6097 行.
NOTIC: [8192] Function split() is deprecated D:\wamp\www\cafuc\ThinkPHP\Extend\Vendor\Jpgraph\jpgraph.php 第 6142 行.
NOTIC: [8192] Function ereg() is deprecated D:\wamp\www\cafuc\ThinkPHP\Extend\Vendor\Jpgraph\jpgraph.php 第 6293 行.
NOTIC: [8192] Function split() is deprecated D:\wamp\www\cafuc\ThinkPHP\Extend\Vendor\Jpgraph\jpgraph.php 第 6097 行.
NOTIC: [8192] Function split() is deprecated D:\wamp\www\cafuc\ThinkPHP\Extend\Vendor\Jpgraph\jpgraph.php 第 6097 行.
NOTIC: [8192] Function split() is deprecated D:\wamp\www\cafuc\ThinkPHP\Extend\Vendor\Jpgraph\jpgraph.php 第 6142 行.
NOTIC: [8192] Function ereg() is deprecated D:\wamp\www\cafuc\ThinkPHP\Extend\Vendor\Jpgraph\jpgraph.php 第 6293 行.
NOTIC: [8192] Function split() is deprecated D:\wamp\www\cafuc\ThinkPHP\Extend\Vendor\Jpgraph\jpgraph.php 第 6097 行.
NOTIC: [8192] Function split() is deprecated D:\wamp\www\cafuc\ThinkPHP\Extend\Vendor\Jpgraph\jpgraph.php 第 6097 行.
NOTIC: [8192] Function split() is deprecated D:\wamp\www\cafuc\ThinkPHP\Extend\Vendor\Jpgraph\jpgraph.php 第 6142 行.
NOTIC: [8192] Function ereg() is deprecated D:\wamp\www\cafuc\ThinkPHP\Extend\Vendor\Jpgraph\jpgraph.php 第 6293 行.
NOTIC: [8192] Function split() is deprecated D:\wamp\www\cafuc\ThinkPHP\Extend\Vendor\Jpgraph\jpgraph.php 第 6097 行.
NOTIC: [8192] Function split() is deprecated D:\wamp\www\cafuc\ThinkPHP\Extend\Vendor\Jpgraph\jpgraph.php 第 6097 行.
NOTIC: [8192] Function split() is deprecated D:\wamp\www\cafuc\ThinkPHP\Extend\Vendor\Jpgraph\jpgraph.php 第 6142 行.
NOTIC: [8192] Function ereg() is deprecated D:\wamp\www\cafuc\ThinkPHP\Extend\Vendor\Jpgraph\jpgraph.php 第 6293 行.
NOTIC: [8192] Function split() is deprecated D:\wamp\www\cafuc\ThinkPHP\Extend\Vendor\Jpgraph\jpgraph.php 第 6097 行.
NOTIC: [8192] Function split() is deprecated D:\wamp\www\cafuc\ThinkPHP\Extend\Vendor\Jpgraph\jpgraph.php 第 6097 行.
NOTIC: [8192] Function split() is deprecated D:\wamp\www\cafuc\ThinkPHP\Extend\Vendor\Jpgraph\jpgraph.php 第 6142 行.
NOTIC: [8192] Function ereg() is deprecated D:\wamp\www\cafuc\ThinkPHP\Extend\Vendor\Jpgraph\jpgraph.php 第 6293 行.
NOTIC: [8192] Function split() is deprecated D:\wamp\www\cafuc\ThinkPHP\Extend\Vendor\Jpgraph\jpgraph.php 第 6097 行.
NOTIC: [8192] Function split() is deprecated D:\wamp\www\cafuc\ThinkPHP\Extend\Vendor\Jpgraph\jpgraph.php 第 6097 行.
NOTIC: [8192] Function split() is deprecated D:\wamp\www\cafuc\ThinkPHP\Extend\Vendor\Jpgraph\jpgraph.php 第 6142 行.
NOTIC: [8192] Function ereg() is deprecated D:\wamp\www\cafuc\ThinkPHP\Extend\Vendor\Jpgraph\jpgraph.php 第 6293 行.
NOTIC: [8192] Function split() is deprecated D:\wamp\www\cafuc\ThinkPHP\Extend\Vendor\Jpgraph\jpgraph.php 第 6097 行.
NOTIC: [8192] Function split() is deprecated D:\wamp\www\cafuc\ThinkPHP\Extend\Vendor\Jpgraph\jpgraph.php 第 6097 行.
NOTIC: [8192] Function split() is deprecated D:\wamp\www\cafuc\ThinkPHP\Extend\Vendor\Jpgraph\jpgraph.php 第 6142 行.
NOTIC: [8192] Function ereg() is deprecated D:\wamp\www\cafuc\ThinkPHP\Extend\Vendor\Jpgraph\jpgraph.php 第 6293 行.
NOTIC: [8192] Function split() is deprecated D:\wamp\www\cafuc\ThinkPHP\Extend\Vendor\Jpgraph\jpgraph.php 第 6097 行.
NOTIC: [8192] Function split() is deprecated D:\wamp\www\cafuc\ThinkPHP\Extend\Vendor\Jpgraph\jpgraph.php 第 6097 行.
NOTIC: [8192] Function split() is deprecated D:\wamp\www\cafuc\ThinkPHP\Extend\Vendor\Jpgraph\jpgraph.php 第 6142 行.
NOTIC: [8192] Function ereg() is deprecated D:\wamp\www\cafuc\ThinkPHP\Extend\Vendor\Jpgraph\jpgraph.php 第 6293 行.
NOTIC: [8192] Function split() is deprecated D:\wamp\www\cafuc\ThinkPHP\Extend\Vendor\Jpgraph\jpgraph.php 第 6097 行.
NOTIC: [8192] Function split() is deprecated D:\wamp\www\cafuc\ThinkPHP\Extend\Vendor\Jpgraph\jpgraph.php 第 6097 行.
NOTIC: [8192] Function split() is deprecated D:\wamp\www\cafuc\ThinkPHP\Extend\Vendor\Jpgraph\jpgraph.php 第 6142 行.
NOTIC: [8192] Function ereg() is deprecated D:\wamp\www\cafuc\ThinkPHP\Extend\Vendor\Jpgraph\jpgraph.php 第 6293 行.
NOTIC: [8192] Function split() is deprecated D:\wamp\www\cafuc\ThinkPHP\Extend\Vendor\Jpgraph\jpgraph.php 第 6097 行.
NOTIC: [8192] Function split() is deprecated D:\wamp\www\cafuc\ThinkPHP\Extend\Vendor\Jpgraph\jpgraph.php 第 6097 行.
NOTIC: [8192] Function split() is deprecated D:\wamp\www\cafuc\ThinkPHP\Extend\Vendor\Jpgraph\jpgraph.php 第 6142 行.
NOTIC: [8192] Function ereg() is deprecated D:\wamp\www\cafuc\ThinkPHP\Extend\Vendor\Jpgraph\jpgraph.php 第 6293 行.
NOTIC: [8192] Function split() is deprecated D:\wamp\www\cafuc\ThinkPHP\Extend\Vendor\Jpgraph\jpgraph.php 第 6097 行.
NOTIC: [8192] Function split() is deprecated D:\wamp\www\cafuc\ThinkPHP\Extend\Vendor\Jpgraph\jpgraph.php 第 6097 行.
NOTIC: [8192] Function split() is deprecated D:\wamp\www\cafuc\ThinkPHP\Extend\Vendor\Jpgraph\jpgraph.php 第 6142 行.
NOTIC: [8192] Function ereg() is deprecated D:\wamp\www\cafuc\ThinkPHP\Extend\Vendor\Jpgraph\jpgraph.php 第 6293 行.
NOTIC: [8192] Function split() is deprecated D:\wamp\www\cafuc\ThinkPHP\Extend\Vendor\Jpgraph\jpgraph.php 第 6097 行.
NOTIC: [8192] Function split() is deprecated D:\wamp\www\cafuc\ThinkPHP\Extend\Vendor\Jpgraph\jpgraph.php 第 6097 行.
NOTIC: [8192] Function split() is deprecated D:\wamp\www\cafuc\ThinkPHP\Extend\Vendor\Jpgraph\jpgraph.php 第 6142 行.
NOTIC: [8192] Function ereg() is deprecated D:\wamp\www\cafuc\ThinkPHP\Extend\Vendor\Jpgraph\jpgraph.php 第 6293 行.
NOTIC: [8192] Function split() is deprecated D:\wamp\www\cafuc\ThinkPHP\Extend\Vendor\Jpgraph\jpgraph.php 第 6097 行.
NOTIC: [8192] Function split() is deprecated D:\wamp\www\cafuc\ThinkPHP\Extend\Vendor\Jpgraph\jpgraph.php 第 6097 行.
NOTIC: [8192] Function split() is deprecated D:\wamp\www\cafuc\ThinkPHP\Extend\Vendor\Jpgraph\jpgraph.php 第 6142 行.
NOTIC: [8192] Function ereg() is deprecated D:\wamp\www\cafuc\ThinkPHP\Extend\Vendor\Jpgraph\jpgraph.php 第 6293 行.
NOTIC: [8192] Function split() is deprecated D:\wamp\www\cafuc\ThinkPHP\Extend\Vendor\Jpgraph\jpgraph.php 第 6097 行.
NOTIC: [8192] Function split() is deprecated D:\wamp\www\cafuc\ThinkPHP\Extend\Vendor\Jpgraph\jpgraph.php 第 6097 行.
NOTIC: [8192] Function split() is deprecated D:\wamp\www\cafuc\ThinkPHP\Extend\Vendor\Jpgraph\jpgraph.php 第 6142 行.
NOTIC: [8192] Function ereg() is deprecated D:\wamp\www\cafuc\ThinkPHP\Extend\Vendor\Jpgraph\jpgraph.php 第 6293 行.
NOTIC: [8192] Function split() is deprecated D:\wamp\www\cafuc\ThinkPHP\Extend\Vendor\Jpgraph\jpgraph.php 第 6097 行.
NOTIC: [8192] Function split() is deprecated D:\wamp\www\cafuc\ThinkPHP\Extend\Vendor\Jpgraph\jpgraph.php 第 6097 行.
NOTIC: [8192] Function split() is deprecated D:\wamp\www\cafuc\ThinkPHP\Extend\Vendor\Jpgraph\jpgraph.php 第 6142 行.
NOTIC: [8192] Function ereg() is deprecated D:\wamp\www\cafuc\ThinkPHP\Extend\Vendor\Jpgraph\jpgraph.php 第 6293 行.
NOTIC: [8192] Function split() is deprecated D:\wamp\www\cafuc\ThinkPHP\Extend\Vendor\Jpgraph\jpgraph.php 第 6097 行.
NOTIC: [8192] Function split() is deprecated D:\wamp\www\cafuc\ThinkPHP\Extend\Vendor\Jpgraph\jpgraph.php 第 6097 行.
NOTIC: [8192] Function split() is deprecated D:\wamp\www\cafuc\ThinkPHP\Extend\Vendor\Jpgraph\jpgraph.php 第 6142 行.
NOTIC: [8192] Function ereg() is deprecated D:\wamp\www\cafuc\ThinkPHP\Extend\Vendor\Jpgraph\jpgraph.php 第 6293 行.
NOTIC: [8192] Function split() is deprecated D:\wamp\www\cafuc\ThinkPHP\Extend\Vendor\Jpgraph\jpgraph.php 第 6097 行.
NOTIC: [8192] Function ereg() is deprecated D:\wamp\www\cafuc\ThinkPHP\Extend\Vendor\Jpgraph\jpgraph.php 第 6425 行.
NOTIC: [8192] Function split() is deprecated D:\wamp\www\cafuc\ThinkPHP\Extend\Vendor\Jpgraph\jpgraph.php 第 6097 行.
NOTIC: [8192] Function split() is deprecated D:\wamp\www\cafuc\ThinkPHP\Extend\Vendor\Jpgraph\jpgraph.php 第 6097 行.
NOTIC: [8192] Function split() is deprecated D:\wamp\www\cafuc\ThinkPHP\Extend\Vendor\Jpgraph\jpgraph.php 第 6097 行.
NOTIC: [8192] Function split() is deprecated D:\wamp\www\cafuc\ThinkPHP\Extend\Vendor\Jpgraph\jpgraph.php 第 6142 行.
NOTIC: [8192] Function ereg() is deprecated D:\wamp\www\cafuc\ThinkPHP\Extend\Vendor\Jpgraph\jpgraph.php 第 6293 行.
NOTIC: [8192] Function split() is deprecated D:\wamp\www\cafuc\ThinkPHP\Extend\Vendor\Jpgraph\jpgraph.php 第 6097 行.
NOTIC: [8192] Function split() is deprecated D:\wamp\www\cafuc\ThinkPHP\Extend\Vendor\Jpgraph\jpgraph.php 第 6097 行.
NOTIC: [8192] Function split() is deprecated D:\wamp\www\cafuc\ThinkPHP\Extend\Vendor\Jpgraph\jpgraph.php 第 6097 行.
NOTIC: [8192] Function split() is deprecated D:\wamp\www\cafuc\ThinkPHP\Extend\Vendor\Jpgraph\jpgraph.php 第 6142 行.
NOTIC: [8192] Function ereg() is deprecated D:\wamp\www\cafuc\ThinkPHP\Extend\Vendor\Jpgraph\jpgraph.php 第 6293 行.
NOTIC: [8192] Function split() is deprecated D:\wamp\www\cafuc\ThinkPHP\Extend\Vendor\Jpgraph\jpgraph.php 第 6097 行.
NOTIC: [8192] Function split() is deprecated D:\wamp\www\cafuc\ThinkPHP\Extend\Vendor\Jpgraph\jpgraph.php 第 6097 行.
NOTIC: [8192] Function split() is deprecated D:\wamp\www\cafuc\ThinkPHP\Extend\Vendor\Jpgraph\jpgraph.php 第 6142 行.
NOTIC: [8192] Function ereg() is deprecated D:\wamp\www\cafuc\ThinkPHP\Extend\Vendor\Jpgraph\jpgraph.php 第 6293 行.
NOTIC: [8192] Function split() is deprecated D:\wamp\www\cafuc\ThinkPHP\Extend\Vendor\Jpgraph\jpgraph.php 第 6097 行.
NOTIC: [8192] Function split() is deprecated D:\wamp\www\cafuc\ThinkPHP\Extend\Vendor\Jpgraph\jpgraph.php 第 6097 行.
NOTIC: [8192] Function split() is deprecated D:\wamp\www\cafuc\ThinkPHP\Extend\Vendor\Jpgraph\jpgraph.php 第 6142 行.
NOTIC: [8192] Function ereg() is deprecated D:\wamp\www\cafuc\ThinkPHP\Extend\Vendor\Jpgraph\jpgraph.php 第 6293 行.
NOTIC: [8192] Function split() is deprecated D:\wamp\www\cafuc\ThinkPHP\Extend\Vendor\Jpgraph\jpgraph.php 第 6097 行.
NOTIC: [8192] Function split() is deprecated D:\wamp\www\cafuc\ThinkPHP\Extend\Vendor\Jpgraph\jpgraph.php 第 6097 行.
NOTIC: [8192] Function split() is deprecated D:\wamp\www\cafuc\ThinkPHP\Extend\Vendor\Jpgraph\jpgraph.php 第 6142 行.
NOTIC: [8192] Function ereg() is deprecated D:\wamp\www\cafuc\ThinkPHP\Extend\Vendor\Jpgraph\jpgraph.php 第 6293 行.

[ 2016-05-22T22:56:44+08:00 ] 127.0.0.1 /cafuc/index.php/Admin/Index/logininfo/p/2.html
INFO: [ route_check ] --START--
INFO: CheckRoute Behavior ::run [ RunTime:0.001851s ]
INFO: [ route_check ] --END-- [ RunTime:0.001976s ]
INFO: [ app_begin ] --START--
INFO: ReadHtmlCache Behavior ::run [ RunTime:0.001582s ]
INFO: [ app_begin ] --END-- [ RunTime:0.001692s ]
SQL: SHOW COLUMNS FROM `web_users` [ RunTime:0.003171s ]
SQL: SELECT COUNT(*) AS tp_count FROM `web_users` ORDER BY logintime desc LIMIT 1   [ RunTime:0.000294s ]
SQL: SELECT * FROM `web_users` ORDER BY logintime desc LIMIT 10,10   [ RunTime:0.000376s ]
INFO: [ view_parse ] --START--
INFO: ParseTemplate Behavior ::run [ RunTime:0.026553s ]
INFO: [ view_parse ] --END-- [ RunTime:0.026671s ]
INFO: [ view_filter ] --START--
INFO: ContentReplace Behavior ::run [ RunTime:0.001797s ]
INFO: TokenBuild Behavior ::run [ RunTime:0.001579s ]
INFO: WriteHtmlCache Behavior ::run [ RunTime:0.001532s ]
INFO: ShowRuntime Behavior ::run [ RunTime:0.001701s ]
INFO: [ view_filter ] --END-- [ RunTime:0.006906s ]
INFO: [ view_end ] --START--
INFO: ShowPageTrace Behavior ::run [ RunTime:0.001714s ]
INFO: [ view_end ] --END-- [ RunTime:0.001816s ]

[ 2016-05-22T22:56:44+08:00 ] 127.0.0.1 /cafuc/index.php/Admin/Graph/graph3.html
INFO: [ route_check ] --START--
INFO: CheckRoute Behavior ::run [ RunTime:0.005522s ]
INFO: [ route_check ] --END-- [ RunTime:0.005722s ]
INFO: [ app_begin ] --START--
INFO: ReadHtmlCache Behavior ::run [ RunTime:0.002700s ]
INFO: [ app_begin ] --END-- [ RunTime:0.003059s ]
SQL: SHOW COLUMNS FROM `web_users` [ RunTime:0.003338s ]
SQL: SELECT * FROM `web_users` ORDER BY logintime desc LIMIT 1   [ RunTime:0.000418s ]
SQL: SELECT COUNT(*) AS tp_count FROM `web_users` WHERE ( date='2016-05-22' ) LIMIT 1   [ RunTime:0.000280s ]
SQL: SELECT COUNT(*) AS tp_count FROM `web_users` WHERE ( date='2016-05-21' ) LIMIT 1   [ RunTime:0.000194s ]
SQL: SELECT COUNT(*) AS tp_count FROM `web_users` WHERE ( date='2016-05-20' ) LIMIT 1   [ RunTime:0.000405s ]
SQL: SELECT COUNT(*) AS tp_count FROM `web_users` WHERE ( date='2016-05-19' ) LIMIT 1   [ RunTime:0.000565s ]
SQL: SELECT COUNT(*) AS tp_count FROM `web_users` WHERE ( date='2016-05-18' ) LIMIT 1   [ RunTime:0.000453s ]
SQL: SELECT COUNT(*) AS tp_count FROM `web_users` WHERE ( date='2016-05-17' ) LIMIT 1   [ RunTime:0.000362s ]
SQL: SELECT COUNT(*) AS tp_count FROM `web_users` WHERE ( date='2016-05-16' ) LIMIT 1   [ RunTime:0.000271s ]
NOTIC: [8192] Function split() is deprecated D:\wamp\www\cafuc\ThinkPHP\Extend\Vendor\Jpgraph\jpgraph.php 第 6097 行.
NOTIC: [8192] Function split() is deprecated D:\wamp\www\cafuc\ThinkPHP\Extend\Vendor\Jpgraph\jpgraph.php 第 6097 行.
NOTIC: [8192] Function split() is deprecated D:\wamp\www\cafuc\ThinkPHP\Extend\Vendor\Jpgraph\jpgraph.php 第 6097 行.
NOTIC: [8192] Function split() is deprecated D:\wamp\www\cafuc\ThinkPHP\Extend\Vendor\Jpgraph\jpgraph.php 第 6097 行.
NOTIC: [8192] Function ereg() is deprecated D:\wamp\www\cafuc\ThinkPHP\Extend\Vendor\Jpgraph\jpgraph.php 第 6425 行.
NOTIC: [8192] Function ereg() is deprecated D:\wamp\www\cafuc\ThinkPHP\Extend\Vendor\Jpgraph\jpgraph.php 第 6425 行.
NOTIC: [8192] Function ereg() is deprecated D:\wamp\www\cafuc\ThinkPHP\Extend\Vendor\Jpgraph\jpgraph.php 第 6425 行.
NOTIC: [8192] Function ereg() is deprecated D:\wamp\www\cafuc\ThinkPHP\Extend\Vendor\Jpgraph\jpgraph.php 第 6425 行.
NOTIC: [8192] Function ereg() is deprecated D:\wamp\www\cafuc\ThinkPHP\Extend\Vendor\Jpgraph\jpgraph.php 第 6425 行.
NOTIC: [8192] Function ereg() is deprecated D:\wamp\www\cafuc\ThinkPHP\Extend\Vendor\Jpgraph\jpgraph.php 第 6425 行.
NOTIC: [8192] Function ereg() is deprecated D:\wamp\www\cafuc\ThinkPHP\Extend\Vendor\Jpgraph\jpgraph.php 第 6425 行.
NOTIC: [8192] Function split() is deprecated D:\wamp\www\cafuc\ThinkPHP\Extend\Vendor\Jpgraph\jpgraph.php 第 6097 行.
NOTIC: [8192] Function split() is deprecated D:\wamp\www\cafuc\ThinkPHP\Extend\Vendor\Jpgraph\jpgraph.php 第 6097 行.
NOTIC: [8192] Function split() is deprecated D:\wamp\www\cafuc\ThinkPHP\Extend\Vendor\Jpgraph\jpgraph.php 第 6142 行.
NOTIC: [8192] Function ereg() is deprecated D:\wamp\www\cafuc\ThinkPHP\Extend\Vendor\Jpgraph\jpgraph.php 第 6293 行.
NOTIC: [8192] Function split() is deprecated D:\wamp\www\cafuc\ThinkPHP\Extend\Vendor\Jpgraph\jpgraph.php 第 6097 行.
NOTIC: [8192] Function split() is deprecated D:\wamp\www\cafuc\ThinkPHP\Extend\Vendor\Jpgraph\jpgraph.php 第 6097 行.
NOTIC: [8192] Function split() is deprecated D:\wamp\www\cafuc\ThinkPHP\Extend\Vendor\Jpgraph\jpgraph.php 第 6097 行.
NOTIC: [8192] Function split() is deprecated D:\wamp\www\cafuc\ThinkPHP\Extend\Vendor\Jpgraph\jpgraph.php 第 6142 行.
NOTIC: [8192] Function ereg() is deprecated D:\wamp\www\cafuc\ThinkPHP\Extend\Vendor\Jpgraph\jpgraph.php 第 6293 行.
NOTIC: [8192] Function split() is deprecated D:\wamp\www\cafuc\ThinkPHP\Extend\Vendor\Jpgraph\jpgraph.php 第 6097 行.
NOTIC: [8192] Function split() is deprecated D:\wamp\www\cafuc\ThinkPHP\Extend\Vendor\Jpgraph\jpgraph.php 第 6097 行.
NOTIC: [8192] Function split() is deprecated D:\wamp\www\cafuc\ThinkPHP\Extend\Vendor\Jpgraph\jpgraph.php 第 6142 行.
NOTIC: [8192] Function ereg() is deprecated D:\wamp\www\cafuc\ThinkPHP\Extend\Vendor\Jpgraph\jpgraph.php 第 6293 行.
NOTIC: [8192] Function split() is deprecated D:\wamp\www\cafuc\ThinkPHP\Extend\Vendor\Jpgraph\jpgraph.php 第 6097 行.
NOTIC: [8192] Function split() is deprecated D:\wamp\www\cafuc\ThinkPHP\Extend\Vendor\Jpgraph\jpgraph.php 第 6097 行.
NOTIC: [8192] Function split() is deprecated D:\wamp\www\cafuc\ThinkPHP\Extend\Vendor\Jpgraph\jpgraph.php 第 6142 行.
NOTIC: [8192] Function ereg() is deprecated D:\wamp\www\cafuc\ThinkPHP\Extend\Vendor\Jpgraph\jpgraph.php 第 6293 行.
NOTIC: [8192] Function split() is deprecated D:\wamp\www\cafuc\ThinkPHP\Extend\Vendor\Jpgraph\jpgraph.php 第 6097 行.
NOTIC: [8192] Function split() is deprecated D:\wamp\www\cafuc\ThinkPHP\Extend\Vendor\Jpgraph\jpgraph.php 第 6097 行.
NOTIC: [8192] Function split() is deprecated D:\wamp\www\cafuc\ThinkPHP\Extend\Vendor\Jpgraph\jpgraph.php 第 6142 行.
NOTIC: [8192] Function ereg() is deprecated D:\wamp\www\cafuc\ThinkPHP\Extend\Vendor\Jpgraph\jpgraph.php 第 6293 行.
NOTIC: [8192] Function split() is deprecated D:\wamp\www\cafuc\ThinkPHP\Extend\Vendor\Jpgraph\jpgraph.php 第 6097 行.
NOTIC: [8192] Function split() is deprecated D:\wamp\www\cafuc\ThinkPHP\Extend\Vendor\Jpgraph\jpgraph.php 第 6097 行.
NOTIC: [8192] Function split() is deprecated D:\wamp\www\cafuc\ThinkPHP\Extend\Vendor\Jpgraph\jpgraph.php 第 6142 行.
NOTIC: [8192] Function ereg() is deprecated D:\wamp\www\cafuc\ThinkPHP\Extend\Vendor\Jpgraph\jpgraph.php 第 6293 行.
NOTIC: [8192] Function split() is deprecated D:\wamp\www\cafuc\ThinkPHP\Extend\Vendor\Jpgraph\jpgraph.php 第 6097 行.
NOTIC: [8192] Function split() is deprecated D:\wamp\www\cafuc\ThinkPHP\Extend\Vendor\Jpgraph\jpgraph.php 第 6097 行.
NOTIC: [8192] Function split() is deprecated D:\wamp\www\cafuc\ThinkPHP\Extend\Vendor\Jpgraph\jpgraph.php 第 6142 行.
NOTIC: [8192] Function ereg() is deprecated D:\wamp\www\cafuc\ThinkPHP\Extend\Vendor\Jpgraph\jpgraph.php 第 6293 行.
NOTIC: [8192] Function split() is deprecated D:\wamp\www\cafuc\ThinkPHP\Extend\Vendor\Jpgraph\jpgraph.php 第 6097 行.
NOTIC: [8192] Function split() is deprecated D:\wamp\www\cafuc\ThinkPHP\Extend\Vendor\Jpgraph\jpgraph.php 第 6097 行.
NOTIC: [8192] Function split() is deprecated D:\wamp\www\cafuc\ThinkPHP\Extend\Vendor\Jpgraph\jpgraph.php 第 6142 行.
NOTIC: [8192] Function ereg() is deprecated D:\wamp\www\cafuc\ThinkPHP\Extend\Vendor\Jpgraph\jpgraph.php 第 6293 行.
NOTIC: [8192] Function split() is deprecated D:\wamp\www\cafuc\ThinkPHP\Extend\Vendor\Jpgraph\jpgraph.php 第 6097 行.
NOTIC: [8192] Function split() is deprecated D:\wamp\www\cafuc\ThinkPHP\Extend\Vendor\Jpgraph\jpgraph.php 第 6097 行.
NOTIC: [8192] Function split() is deprecated D:\wamp\www\cafuc\ThinkPHP\Extend\Vendor\Jpgraph\jpgraph.php 第 6142 行.
NOTIC: [8192] Function ereg() is deprecated D:\wamp\www\cafuc\ThinkPHP\Extend\Vendor\Jpgraph\jpgraph.php 第 6293 行.
NOTIC: [8192] Function split() is deprecated D:\wamp\www\cafuc\ThinkPHP\Extend\Vendor\Jpgraph\jpgraph.php 第 6097 行.
NOTIC: [8192] Function split() is deprecated D:\wamp\www\cafuc\ThinkPHP\Extend\Vendor\Jpgraph\jpgraph.php 第 6097 行.
NOTIC: [8192] Function split() is deprecated D:\wamp\www\cafuc\ThinkPHP\Extend\Vendor\Jpgraph\jpgraph.php 第 6142 行.
NOTIC: [8192] Function ereg() is deprecated D:\wamp\www\cafuc\ThinkPHP\Extend\Vendor\Jpgraph\jpgraph.php 第 6293 行.
NOTIC: [8192] Function split() is deprecated D:\wamp\www\cafuc\ThinkPHP\Extend\Vendor\Jpgraph\jpgraph.php 第 6097 行.
NOTIC: [8192] Function split() is deprecated D:\wamp\www\cafuc\ThinkPHP\Extend\Vendor\Jpgraph\jpgraph.php 第 6097 行.
NOTIC: [8192] Function split() is deprecated D:\wamp\www\cafuc\ThinkPHP\Extend\Vendor\Jpgraph\jpgraph.php 第 6142 行.
NOTIC: [8192] Function split() is deprecated D:\wamp\www\cafuc\ThinkPHP\Extend\Vendor\Jpgraph\jpgraph.php 第 6097 行.
NOTIC: [8192] Function split() is deprecated D:\wamp\www\cafuc\ThinkPHP\Extend\Vendor\Jpgraph\jpgraph.php 第 6097 行.
NOTIC: [8192] Function split() is deprecated D:\wamp\www\cafuc\ThinkPHP\Extend\Vendor\Jpgraph\jpgraph.php 第 6142 行.
NOTIC: [8192] Function ereg() is deprecated D:\wamp\www\cafuc\ThinkPHP\Extend\Vendor\Jpgraph\jpgraph.php 第 6293 行.
NOTIC: [8192] Function split() is deprecated D:\wamp\www\cafuc\ThinkPHP\Extend\Vendor\Jpgraph\jpgraph.php 第 6097 行.
NOTIC: [8192] Function split() is deprecated D:\wamp\www\cafuc\ThinkPHP\Extend\Vendor\Jpgraph\jpgraph.php 第 6097 行.
NOTIC: [8192] Function split() is deprecated D:\wamp\www\cafuc\ThinkPHP\Extend\Vendor\Jpgraph\jpgraph.php 第 6142 行.
NOTIC: [8192] Function ereg() is deprecated D:\wamp\www\cafuc\ThinkPHP\Extend\Vendor\Jpgraph\jpgraph.php 第 6293 行.
NOTIC: [8192] Function split() is deprecated D:\wamp\www\cafuc\ThinkPHP\Extend\Vendor\Jpgraph\jpgraph.php 第 6097 行.
NOTIC: [8192] Function split() is deprecated D:\wamp\www\cafuc\ThinkPHP\Extend\Vendor\Jpgraph\jpgraph.php 第 6097 行.
NOTIC: [8192] Function split() is deprecated D:\wamp\www\cafuc\ThinkPHP\Extend\Vendor\Jpgraph\jpgraph.php 第 6142 行.
NOTIC: [8192] Function ereg() is deprecated D:\wamp\www\cafuc\ThinkPHP\Extend\Vendor\Jpgraph\jpgraph.php 第 6293 行.
NOTIC: [8192] Function split() is deprecated D:\wamp\www\cafuc\ThinkPHP\Extend\Vendor\Jpgraph\jpgraph.php 第 6097 行.
NOTIC: [8192] Function split() is deprecated D:\wamp\www\cafuc\ThinkPHP\Extend\Vendor\Jpgraph\jpgraph.php 第 6097 行.
NOTIC: [8192] Function split() is deprecated D:\wamp\www\cafuc\ThinkPHP\Extend\Vendor\Jpgraph\jpgraph.php 第 6142 行.
NOTIC: [8192] Function ereg() is deprecated D:\wamp\www\cafuc\ThinkPHP\Extend\Vendor\Jpgraph\jpgraph.php 第 6293 行.
NOTIC: [8192] Function split() is deprecated D:\wamp\www\cafuc\ThinkPHP\Extend\Vendor\Jpgraph\jpgraph.php 第 6097 行.
NOTIC: [8192] Function split() is deprecated D:\wamp\www\cafuc\ThinkPHP\Extend\Vendor\Jpgraph\jpgraph.php 第 6097 行.
NOTIC: [8192] Function split() is deprecated D:\wamp\www\cafuc\ThinkPHP\Extend\Vendor\Jpgraph\jpgraph.php 第 6142 行.
NOTIC: [8192] Function ereg() is deprecated D:\wamp\www\cafuc\ThinkPHP\Extend\Vendor\Jpgraph\jpgraph.php 第 6293 行.
NOTIC: [8192] Function split() is deprecated D:\wamp\www\cafuc\ThinkPHP\Extend\Vendor\Jpgraph\jpgraph.php 第 6097 行.
NOTIC: [8192] Function split() is deprecated D:\wamp\www\cafuc\ThinkPHP\Extend\Vendor\Jpgraph\jpgraph.php 第 6097 行.
NOTIC: [8192] Function split() is deprecated D:\wamp\www\cafuc\ThinkPHP\Extend\Vendor\Jpgraph\jpgraph.php 第 6142 行.
NOTIC: [8192] Function ereg() is deprecated D:\wamp\www\cafuc\ThinkPHP\Extend\Vendor\Jpgraph\jpgraph.php 第 6293 行.
NOTIC: [8192] Function split() is deprecated D:\wamp\www\cafuc\ThinkPHP\Extend\Vendor\Jpgraph\jpgraph.php 第 6097 行.
NOTIC: [8192] Function split() is deprecated D:\wamp\www\cafuc\ThinkPHP\Extend\Vendor\Jpgraph\jpgraph.php 第 6097 行.
NOTIC: [8192] Function split() is deprecated D:\wamp\www\cafuc\ThinkPHP\Extend\Vendor\Jpgraph\jpgraph.php 第 6142 行.
NOTIC: [8192] Function ereg() is deprecated D:\wamp\www\cafuc\ThinkPHP\Extend\Vendor\Jpgraph\jpgraph.php 第 6293 行.
NOTIC: [8192] Function split() is deprecated D:\wamp\www\cafuc\ThinkPHP\Extend\Vendor\Jpgraph\jpgraph.php 第 6097 行.
NOTIC: [8192] Function split() is deprecated D:\wamp\www\cafuc\ThinkPHP\Extend\Vendor\Jpgraph\jpgraph.php 第 6097 行.
NOTIC: [8192] Function split() is deprecated D:\wamp\www\cafuc\ThinkPHP\Extend\Vendor\Jpgraph\jpgraph.php 第 6142 行.
NOTIC: [8192] Function ereg() is deprecated D:\wamp\www\cafuc\ThinkPHP\Extend\Vendor\Jpgraph\jpgraph.php 第 6293 行.
NOTIC: [8192] Function split() is deprecated D:\wamp\www\cafuc\ThinkPHP\Extend\Vendor\Jpgraph\jpgraph.php 第 6097 行.
NOTIC: [8192] Function split() is deprecated D:\wamp\www\cafuc\ThinkPHP\Extend\Vendor\Jpgraph\jpgraph.php 第 6097 行.
NOTIC: [8192] Function split() is deprecated D:\wamp\www\cafuc\ThinkPHP\Extend\Vendor\Jpgraph\jpgraph.php 第 6142 行.
NOTIC: [8192] Function ereg() is deprecated D:\wamp\www\cafuc\ThinkPHP\Extend\Vendor\Jpgraph\jpgraph.php 第 6293 行.
NOTIC: [8192] Function split() is deprecated D:\wamp\www\cafuc\ThinkPHP\Extend\Vendor\Jpgraph\jpgraph.php 第 6097 行.
NOTIC: [8192] Function split() is deprecated D:\wamp\www\cafuc\ThinkPHP\Extend\Vendor\Jpgraph\jpgraph.php 第 6097 行.
NOTIC: [8192] Function split() is deprecated D:\wamp\www\cafuc\ThinkPHP\Extend\Vendor\Jpgraph\jpgraph.php 第 6142 行.
NOTIC: [8192] Function ereg() is deprecated D:\wamp\www\cafuc\ThinkPHP\Extend\Vendor\Jpgraph\jpgraph.php 第 6293 行.
NOTIC: [8192] Function split() is deprecated D:\wamp\www\cafuc\ThinkPHP\Extend\Vendor\Jpgraph\jpgraph.php 第 6097 行.
NOTIC: [8192] Function split() is deprecated D:\wamp\www\cafuc\ThinkPHP\Extend\Vendor\Jpgraph\jpgraph.php 第 6097 行.
NOTIC: [8192] Function split() is deprecated D:\wamp\www\cafuc\ThinkPHP\Extend\Vendor\Jpgraph\jpgraph.php 第 6142 行.
NOTIC: [8192] Function ereg() is deprecated D:\wamp\www\cafuc\ThinkPHP\Extend\Vendor\Jpgraph\jpgraph.php 第 6293 行.
NOTIC: [8192] Function split() is deprecated D:\wamp\www\cafuc\ThinkPHP\Extend\Vendor\Jpgraph\jpgraph.php 第 6097 行.
NOTIC: [8192] Function split() is deprecated D:\wamp\www\cafuc\ThinkPHP\Extend\Vendor\Jpgraph\jpgraph.php 第 6097 行.
NOTIC: [8192] Function split() is deprecated D:\wamp\www\cafuc\ThinkPHP\Extend\Vendor\Jpgraph\jpgraph.php 第 6142 行.
NOTIC: [8192] Function ereg() is deprecated D:\wamp\www\cafuc\ThinkPHP\Extend\Vendor\Jpgraph\jpgraph.php 第 6293 行.
NOTIC: [8192] Function split() is deprecated D:\wamp\www\cafuc\ThinkPHP\Extend\Vendor\Jpgraph\jpgraph.php 第 6097 行.
NOTIC: [8192] Function split() is deprecated D:\wamp\www\cafuc\ThinkPHP\Extend\Vendor\Jpgraph\jpgraph.php 第 6097 行.
NOTIC: [8192] Function split() is deprecated D:\wamp\www\cafuc\ThinkPHP\Extend\Vendor\Jpgraph\jpgraph.php 第 6142 行.
NOTIC: [8192] Function ereg() is deprecated D:\wamp\www\cafuc\ThinkPHP\Extend\Vendor\Jpgraph\jpgraph.php 第 6293 行.
NOTIC: [8192] Function split() is deprecated D:\wamp\www\cafuc\ThinkPHP\Extend\Vendor\Jpgraph\jpgraph.php 第 6097 行.
NOTIC: [8192] Function split() is deprecated D:\wamp\www\cafuc\ThinkPHP\Extend\Vendor\Jpgraph\jpgraph.php 第 6097 行.
NOTIC: [8192] Function split() is deprecated D:\wamp\www\cafuc\ThinkPHP\Extend\Vendor\Jpgraph\jpgraph.php 第 6142 行.
NOTIC: [8192] Function ereg() is deprecated D:\wamp\www\cafuc\ThinkPHP\Extend\Vendor\Jpgraph\jpgraph.php 第 6293 行.
NOTIC: [8192] Function split() is deprecated D:\wamp\www\cafuc\ThinkPHP\Extend\Vendor\Jpgraph\jpgraph.php 第 6097 行.
NOTIC: [8192] Function split() is deprecated D:\wamp\www\cafuc\ThinkPHP\Extend\Vendor\Jpgraph\jpgraph.php 第 6097 行.
NOTIC: [8192] Function split() is deprecated D:\wamp\www\cafuc\ThinkPHP\Extend\Vendor\Jpgraph\jpgraph.php 第 6142 行.
NOTIC: [8192] Function ereg() is deprecated D:\wamp\www\cafuc\ThinkPHP\Extend\Vendor\Jpgraph\jpgraph.php 第 6293 行.
NOTIC: [8192] Function split() is deprecated D:\wamp\www\cafuc\ThinkPHP\Extend\Vendor\Jpgraph\jpgraph.php 第 6097 行.
NOTIC: [8192] Function split() is deprecated D:\wamp\www\cafuc\ThinkPHP\Extend\Vendor\Jpgraph\jpgraph.php 第 6097 行.
NOTIC: [8192] Function split() is deprecated D:\wamp\www\cafuc\ThinkPHP\Extend\Vendor\Jpgraph\jpgraph.php 第 6142 行.
NOTIC: [8192] Function ereg() is deprecated D:\wamp\www\cafuc\ThinkPHP\Extend\Vendor\Jpgraph\jpgraph.php 第 6293 行.
NOTIC: [8192] Function split() is deprecated D:\wamp\www\cafuc\ThinkPHP\Extend\Vendor\Jpgraph\jpgraph.php 第 6097 行.
NOTIC: [8192] Function split() is deprecated D:\wamp\www\cafuc\ThinkPHP\Extend\Vendor\Jpgraph\jpgraph.php 第 6097 行.
NOTIC: [8192] Function split() is deprecated D:\wamp\www\cafuc\ThinkPHP\Extend\Vendor\Jpgraph\jpgraph.php 第 6142 行.
NOTIC: [8192] Function ereg() is deprecated D:\wamp\www\cafuc\ThinkPHP\Extend\Vendor\Jpgraph\jpgraph.php 第 6293 行.
NOTIC: [8192] Function split() is deprecated D:\wamp\www\cafuc\ThinkPHP\Extend\Vendor\Jpgraph\jpgraph.php 第 6097 行.
NOTIC: [8192] Function split() is deprecated D:\wamp\www\cafuc\ThinkPHP\Extend\Vendor\Jpgraph\jpgraph.php 第 6097 行.
NOTIC: [8192] Function split() is deprecated D:\wamp\www\cafuc\ThinkPHP\Extend\Vendor\Jpgraph\jpgraph.php 第 6142 行.
NOTIC: [8192] Function ereg() is deprecated D:\wamp\www\cafuc\ThinkPHP\Extend\Vendor\Jpgraph\jpgraph.php 第 6293 行.
NOTIC: [8192] Function split() is deprecated D:\wamp\www\cafuc\ThinkPHP\Extend\Vendor\Jpgraph\jpgraph.php 第 6097 行.
NOTIC: [8192] Function split() is deprecated D:\wamp\www\cafuc\ThinkPHP\Extend\Vendor\Jpgraph\jpgraph.php 第 6097 行.
NOTIC: [8192] Function split() is deprecated D:\wamp\www\cafuc\ThinkPHP\Extend\Vendor\Jpgraph\jpgraph.php 第 6142 行.
NOTIC: [8192] Function ereg() is deprecated D:\wamp\www\cafuc\ThinkPHP\Extend\Vendor\Jpgraph\jpgraph.php 第 6293 行.
NOTIC: [8192] Function split() is deprecated D:\wamp\www\cafuc\ThinkPHP\Extend\Vendor\Jpgraph\jpgraph.php 第 6097 行.
NOTIC: [8192] Function split() is deprecated D:\wamp\www\cafuc\ThinkPHP\Extend\Vendor\Jpgraph\jpgraph.php 第 6097 行.
NOTIC: [8192] Function split() is deprecated D:\wamp\www\cafuc\ThinkPHP\Extend\Vendor\Jpgraph\jpgraph.php 第 6142 行.
NOTIC: [8192] Function ereg() is deprecated D:\wamp\www\cafuc\ThinkPHP\Extend\Vendor\Jpgraph\jpgraph.php 第 6293 行.
NOTIC: [8192] Function split() is deprecated D:\wamp\www\cafuc\ThinkPHP\Extend\Vendor\Jpgraph\jpgraph.php 第 6097 行.
NOTIC: [8192] Function split() is deprecated D:\wamp\www\cafuc\ThinkPHP\Extend\Vendor\Jpgraph\jpgraph.php 第 6097 行.
NOTIC: [8192] Function split() is deprecated D:\wamp\www\cafuc\ThinkPHP\Extend\Vendor\Jpgraph\jpgraph.php 第 6142 行.
NOTIC: [8192] Function ereg() is deprecated D:\wamp\www\cafuc\ThinkPHP\Extend\Vendor\Jpgraph\jpgraph.php 第 6293 行.
NOTIC: [8192] Function split() is deprecated D:\wamp\www\cafuc\ThinkPHP\Extend\Vendor\Jpgraph\jpgraph.php 第 6097 行.
NOTIC: [8192] Function ereg() is deprecated D:\wamp\www\cafuc\ThinkPHP\Extend\Vendor\Jpgraph\jpgraph.php 第 6425 行.
NOTIC: [8192] Function split() is deprecated D:\wamp\www\cafuc\ThinkPHP\Extend\Vendor\Jpgraph\jpgraph.php 第 6097 行.
NOTIC: [8192] Function split() is deprecated D:\wamp\www\cafuc\ThinkPHP\Extend\Vendor\Jpgraph\jpgraph.php 第 6097 行.
NOTIC: [8192] Function split() is deprecated D:\wamp\www\cafuc\ThinkPHP\Extend\Vendor\Jpgraph\jpgraph.php 第 6097 行.
NOTIC: [8192] Function split() is deprecated D:\wamp\www\cafuc\ThinkPHP\Extend\Vendor\Jpgraph\jpgraph.php 第 6142 行.
NOTIC: [8192] Function ereg() is deprecated D:\wamp\www\cafuc\ThinkPHP\Extend\Vendor\Jpgraph\jpgraph.php 第 6293 行.
NOTIC: [8192] Function split() is deprecated D:\wamp\www\cafuc\ThinkPHP\Extend\Vendor\Jpgraph\jpgraph.php 第 6097 行.
NOTIC: [8192] Function split() is deprecated D:\wamp\www\cafuc\ThinkPHP\Extend\Vendor\Jpgraph\jpgraph.php 第 6097 行.
NOTIC: [8192] Function split() is deprecated D:\wamp\www\cafuc\ThinkPHP\Extend\Vendor\Jpgraph\jpgraph.php 第 6097 行.
NOTIC: [8192] Function split() is deprecated D:\wamp\www\cafuc\ThinkPHP\Extend\Vendor\Jpgraph\jpgraph.php 第 6142 行.
NOTIC: [8192] Function ereg() is deprecated D:\wamp\www\cafuc\ThinkPHP\Extend\Vendor\Jpgraph\jpgraph.php 第 6293 行.
NOTIC: [8192] Function split() is deprecated D:\wamp\www\cafuc\ThinkPHP\Extend\Vendor\Jpgraph\jpgraph.php 第 6097 行.
NOTIC: [8192] Function split() is deprecated D:\wamp\www\cafuc\ThinkPHP\Extend\Vendor\Jpgraph\jpgraph.php 第 6097 行.
NOTIC: [8192] Function split() is deprecated D:\wamp\www\cafuc\ThinkPHP\Extend\Vendor\Jpgraph\jpgraph.php 第 6142 行.
NOTIC: [8192] Function ereg() is deprecated D:\wamp\www\cafuc\ThinkPHP\Extend\Vendor\Jpgraph\jpgraph.php 第 6293 行.
NOTIC: [8192] Function split() is deprecated D:\wamp\www\cafuc\ThinkPHP\Extend\Vendor\Jpgraph\jpgraph.php 第 6097 行.
NOTIC: [8192] Function split() is deprecated D:\wamp\www\cafuc\ThinkPHP\Extend\Vendor\Jpgraph\jpgraph.php 第 6097 行.
NOTIC: [8192] Function split() is deprecated D:\wamp\www\cafuc\ThinkPHP\Extend\Vendor\Jpgraph\jpgraph.php 第 6142 行.
NOTIC: [8192] Function ereg() is deprecated D:\wamp\www\cafuc\ThinkPHP\Extend\Vendor\Jpgraph\jpgraph.php 第 6293 行.
NOTIC: [8192] Function split() is deprecated D:\wamp\www\cafuc\ThinkPHP\Extend\Vendor\Jpgraph\jpgraph.php 第 6097 行.
NOTIC: [8192] Function split() is deprecated D:\wamp\www\cafuc\ThinkPHP\Extend\Vendor\Jpgraph\jpgraph.php 第 6097 行.
NOTIC: [8192] Function split() is deprecated D:\wamp\www\cafuc\ThinkPHP\Extend\Vendor\Jpgraph\jpgraph.php 第 6142 行.
NOTIC: [8192] Function ereg() is deprecated D:\wamp\www\cafuc\ThinkPHP\Extend\Vendor\Jpgraph\jpgraph.php 第 6293 行.

[ 2016-05-22T22:56:49+08:00 ] 127.0.0.1 /cafuc/index.php/Admin/Index/upnews.html
INFO: [ route_check ] --START--
INFO: CheckRoute Behavior ::run [ RunTime:0.001804s ]
INFO: [ route_check ] --END-- [ RunTime:0.001929s ]
INFO: [ app_begin ] --START--
INFO: ReadHtmlCache Behavior ::run [ RunTime:0.001594s ]
INFO: [ app_begin ] --END-- [ RunTime:0.001702s ]
INFO: [ view_parse ] --START--
INFO: ParseTemplate Behavior ::run [ RunTime:0.094093s ]
INFO: [ view_parse ] --END-- [ RunTime:0.094317s ]
INFO: [ view_filter ] --START--
INFO: ContentReplace Behavior ::run [ RunTime:0.004516s ]
INFO: TokenBuild Behavior ::run [ RunTime:0.004192s ]
INFO: WriteHtmlCache Behavior ::run [ RunTime:0.001615s ]
INFO: ShowRuntime Behavior ::run [ RunTime:0.001861s ]
INFO: [ view_filter ] --END-- [ RunTime:0.012662s ]
INFO: [ view_end ] --START--
INFO: ShowPageTrace Behavior ::run [ RunTime:0.001925s ]
INFO: [ view_end ] --END-- [ RunTime:0.002036s ]

[ 2016-05-22T22:56:50+08:00 ] 127.0.0.1 /cafuc/index.php/Admin/Index/index.html
INFO: [ route_check ] --START--
INFO: CheckRoute Behavior ::run [ RunTime:0.002330s ]
INFO: [ route_check ] --END-- [ RunTime:0.002499s ]
INFO: [ app_begin ] --START--
INFO: ReadHtmlCache Behavior ::run [ RunTime:0.001549s ]
INFO: [ app_begin ] --END-- [ RunTime:0.001644s ]
INFO: [ view_parse ] --START--
INFO: ParseTemplate Behavior ::run [ RunTime:0.026637s ]
INFO: [ view_parse ] --END-- [ RunTime:0.026923s ]
INFO: [ view_filter ] --START--
INFO: ContentReplace Behavior ::run [ RunTime:0.002306s ]
INFO: TokenBuild Behavior ::run [ RunTime:0.001696s ]
INFO: WriteHtmlCache Behavior ::run [ RunTime:0.001487s ]
INFO: ShowRuntime Behavior ::run [ RunTime:0.001530s ]
INFO: [ view_filter ] --END-- [ RunTime:0.007354s ]
INFO: [ view_end ] --START--
INFO: ShowPageTrace Behavior ::run [ RunTime:0.001603s ]
INFO: [ view_end ] --END-- [ RunTime:0.001695s ]

[ 2016-05-22T22:57:17+08:00 ] 127.0.0.1 /cafuc/index.php/Admin/Common/logout.html
INFO: [ route_check ] --START--
INFO: CheckRoute Behavior ::run [ RunTime:0.001778s ]
INFO: [ route_check ] --END-- [ RunTime:0.001903s ]
INFO: [ app_begin ] --START--
INFO: ReadHtmlCache Behavior ::run [ RunTime:0.002190s ]
INFO: [ app_begin ] --END-- [ RunTime:0.002313s ]

[ 2016-05-22T22:57:17+08:00 ] 127.0.0.1 /cafuc/index.php/Index/Index/index.html
INFO: [ route_check ] --START--
INFO: CheckRoute Behavior ::run [ RunTime:0.001871s ]
INFO: [ route_check ] --END-- [ RunTime:0.001995s ]
INFO: [ app_begin ] --START--
INFO: ReadHtmlCache Behavior ::run [ RunTime:0.002846s ]
INFO: [ app_begin ] --END-- [ RunTime:0.002962s ]
SQL: SHOW COLUMNS FROM `web_news` [ RunTime:0.003487s ]
SQL: SELECT * FROM `web_news` ORDER BY time desc LIMIT 8   [ RunTime:0.000781s ]
INFO: [ view_parse ] --START--
INFO: ParseTemplate Behavior ::run [ RunTime:0.021785s ]
INFO: [ view_parse ] --END-- [ RunTime:0.021929s ]
INFO: [ view_filter ] --START--
INFO: ContentReplace Behavior ::run [ RunTime:0.001721s ]
INFO: TokenBuild Behavior ::run [ RunTime:0.001534s ]
INFO: WriteHtmlCache Behavior ::run [ RunTime:0.001391s ]
INFO: ShowRuntime Behavior ::run [ RunTime:0.001752s ]
INFO: [ view_filter ] --END-- [ RunTime:0.006683s ]
INFO: [ view_end ] --START--
INFO: ShowPageTrace Behavior ::run [ RunTime:0.001798s ]
INFO: [ view_end ] --END-- [ RunTime:0.001904s ]

[ 2016-05-22T22:57:17+08:00 ] 127.0.0.1 /cafuc/index.php/Admin/Login/verify.html
INFO: [ route_check ] --START--
INFO: CheckRoute Behavior ::run [ RunTime:0.001903s ]
INFO: [ route_check ] --END-- [ RunTime:0.002034s ]
INFO: [ app_begin ] --START--
INFO: ReadHtmlCache Behavior ::run [ RunTime:0.001903s ]
INFO: [ app_begin ] --END-- [ RunTime:0.002040s ]

[ 2016-05-22T22:57:25+08:00 ] 127.0.0.1 /cafuc/index.php/Index/Index/search.html
INFO: [ route_check ] --START--
INFO: CheckRoute Behavior ::run [ RunTime:0.001860s ]
INFO: [ route_check ] --END-- [ RunTime:0.001977s ]
INFO: [ app_begin ] --START--
INFO: ReadHtmlCache Behavior ::run [ RunTime:0.001773s ]
INFO: [ app_begin ] --END-- [ RunTime:0.001901s ]
SQL: SHOW COLUMNS FROM `web_news` [ RunTime:0.003108s ]
SQL: SELECT COUNT(*) AS tp_count FROM `web_news` WHERE ( (`title` LIKE '%一次%') OR (`content` LIKE '%一次%') ) LIMIT 1   [ RunTime:0.000573s ]
SQL: SELECT * FROM `web_news` WHERE ( (`title` LIKE '%一次%') OR (`content` LIKE '%一次%') ) ORDER BY time desc LIMIT 0,7   [ RunTime:0.000608s ]
INFO: [ view_parse ] --START--
NOTIC: [8] Undefined variable: no D:\wamp\www\cafuc\Index\Runtime\Cache\Index\2f3daf11cacfa72aace3c71574f25441.php 第 98 行.
INFO: ParseTemplate Behavior ::run [ RunTime:0.028908s ]
INFO: [ view_parse ] --END-- [ RunTime:0.029041s ]
INFO: [ view_filter ] --START--
INFO: ContentReplace Behavior ::run [ RunTime:0.001573s ]
INFO: TokenBuild Behavior ::run [ RunTime:0.001492s ]
INFO: WriteHtmlCache Behavior ::run [ RunTime:0.001325s ]
INFO: ShowRuntime Behavior ::run [ RunTime:0.001557s ]
INFO: [ view_filter ] --END-- [ RunTime:0.006201s ]
INFO: [ view_end ] --START--
INFO: ShowPageTrace Behavior ::run [ RunTime:0.001707s ]
INFO: [ view_end ] --END-- [ RunTime:0.001818s ]

[ 2016-05-22T22:57:40+08:00 ] 127.0.0.1 /cafuc/index.php/Index/Index/index.html
INFO: [ route_check ] --START--
INFO: CheckRoute Behavior ::run [ RunTime:0.002040s ]
INFO: [ route_check ] --END-- [ RunTime:0.002171s ]
INFO: [ app_begin ] --START--
INFO: ReadHtmlCache Behavior ::run [ RunTime:0.001867s ]
INFO: [ app_begin ] --END-- [ RunTime:0.002030s ]
SQL: SHOW COLUMNS FROM `web_news` [ RunTime:0.003096s ]
SQL: SELECT * FROM `web_news` ORDER BY time desc LIMIT 8   [ RunTime:0.000460s ]
INFO: [ view_parse ] --START--
INFO: ParseTemplate Behavior ::run [ RunTime:0.023057s ]
INFO: [ view_parse ] --END-- [ RunTime:0.023197s ]
INFO: [ view_filter ] --START--
INFO: ContentReplace Behavior ::run [ RunTime:0.001815s ]
INFO: TokenBuild Behavior ::run [ RunTime:0.001564s ]
INFO: WriteHtmlCache Behavior ::run [ RunTime:0.001616s ]
INFO: ShowRuntime Behavior ::run [ RunTime:0.002150s ]
INFO: [ view_filter ] --END-- [ RunTime:0.007438s ]
INFO: [ view_end ] --START--
INFO: ShowPageTrace Behavior ::run [ RunTime:0.001628s ]
INFO: [ view_end ] --END-- [ RunTime:0.001718s ]

[ 2016-05-22T22:57:41+08:00 ] 127.0.0.1 /cafuc/index.php/Admin/Login/verify.html
INFO: [ route_check ] --START--
INFO: CheckRoute Behavior ::run [ RunTime:0.002218s ]
INFO: [ route_check ] --END-- [ RunTime:0.002354s ]
INFO: [ app_begin ] --START--
INFO: ReadHtmlCache Behavior ::run [ RunTime:0.004639s ]
INFO: [ app_begin ] --END-- [ RunTime:0.004804s ]

[ 2016-05-22T22:57:48+08:00 ] 127.0.0.1 /cafuc/index.php/Index/Index/tongzhi.html
INFO: [ route_check ] --START--
INFO: CheckRoute Behavior ::run [ RunTime:0.001814s ]
INFO: [ route_check ] --END-- [ RunTime:0.001955s ]
INFO: [ app_begin ] --START--
INFO: ReadHtmlCache Behavior ::run [ RunTime:0.001602s ]
INFO: [ app_begin ] --END-- [ RunTime:0.001698s ]
SQL: SHOW COLUMNS FROM `web_news` [ RunTime:0.003084s ]
SQL: SELECT COUNT(*) AS tp_count FROM `web_news` LIMIT 1   [ RunTime:0.000315s ]
SQL: SELECT * FROM `web_news` ORDER BY time desc LIMIT 0,9   [ RunTime:0.000547s ]
INFO: [ view_parse ] --START--
INFO: ParseTemplate Behavior ::run [ RunTime:0.053920s ]
INFO: [ view_parse ] --END-- [ RunTime:0.054070s ]
INFO: [ view_filter ] --START--
INFO: ContentReplace Behavior ::run [ RunTime:0.001633s ]
INFO: TokenBuild Behavior ::run [ RunTime:0.001444s ]
INFO: WriteHtmlCache Behavior ::run [ RunTime:0.001315s ]
INFO: ShowRuntime Behavior ::run [ RunTime:0.001830s ]
INFO: [ view_filter ] --END-- [ RunTime:0.006498s ]
INFO: [ view_end ] --START--
INFO: ShowPageTrace Behavior ::run [ RunTime:0.001578s ]
INFO: [ view_end ] --END-- [ RunTime:0.001676s ]

[ 2016-05-22T22:57:50+08:00 ] 127.0.0.1 /cafuc/index.php/Index/Index/tongzhi.html
INFO: [ route_check ] --START--
INFO: CheckRoute Behavior ::run [ RunTime:0.001769s ]
INFO: [ route_check ] --END-- [ RunTime:0.001885s ]
INFO: [ app_begin ] --START--
INFO: ReadHtmlCache Behavior ::run [ RunTime:0.001564s ]
INFO: [ app_begin ] --END-- [ RunTime:0.001660s ]
SQL: SHOW COLUMNS FROM `web_news` [ RunTime:0.003625s ]
SQL: SELECT COUNT(*) AS tp_count FROM `web_news` LIMIT 1   [ RunTime:0.000272s ]
SQL: SELECT * FROM `web_news` ORDER BY time desc LIMIT 0,9   [ RunTime:0.000423s ]
INFO: [ view_parse ] --START--
INFO: ParseTemplate Behavior ::run [ RunTime:0.017003s ]
INFO: [ view_parse ] --END-- [ RunTime:0.017136s ]
INFO: [ view_filter ] --START--
INFO: ContentReplace Behavior ::run [ RunTime:0.001619s ]
INFO: TokenBuild Behavior ::run [ RunTime:0.001472s ]
INFO: WriteHtmlCache Behavior ::run [ RunTime:0.001320s ]
INFO: ShowRuntime Behavior ::run [ RunTime:0.001622s ]
INFO: [ view_filter ] --END-- [ RunTime:0.006298s ]
INFO: [ view_end ] --START--
INFO: ShowPageTrace Behavior ::run [ RunTime:0.001750s ]
INFO: [ view_end ] --END-- [ RunTime:0.001858s ]

[ 2016-05-22T22:57:52+08:00 ] 127.0.0.1 /cafuc/index.php/Index/Index/tongzhi.html
INFO: [ route_check ] --START--
INFO: CheckRoute Behavior ::run [ RunTime:0.001853s ]
INFO: [ route_check ] --END-- [ RunTime:0.001984s ]
INFO: [ app_begin ] --START--
INFO: ReadHtmlCache Behavior ::run [ RunTime:0.001790s ]
INFO: [ app_begin ] --END-- [ RunTime:0.001918s ]
SQL: SHOW COLUMNS FROM `web_news` [ RunTime:0.003146s ]
SQL: SELECT COUNT(*) AS tp_count FROM `web_news` LIMIT 1   [ RunTime:0.000244s ]
SQL: SELECT * FROM `web_news` ORDER BY time desc LIMIT 0,9   [ RunTime:0.000405s ]
INFO: [ view_parse ] --START--
INFO: ParseTemplate Behavior ::run [ RunTime:0.017285s ]
INFO: [ view_parse ] --END-- [ RunTime:0.017422s ]
INFO: [ view_filter ] --START--
INFO: ContentReplace Behavior ::run [ RunTime:0.001579s ]
INFO: TokenBuild Behavior ::run [ RunTime:0.001460s ]
INFO: WriteHtmlCache Behavior ::run [ RunTime:0.001415s ]
INFO: ShowRuntime Behavior ::run [ RunTime:0.001542s ]
INFO: [ view_filter ] --END-- [ RunTime:0.006258s ]
INFO: [ view_end ] --START--
INFO: ShowPageTrace Behavior ::run [ RunTime:0.001589s ]
INFO: [ view_end ] --END-- [ RunTime:0.001684s ]

[ 2016-05-22T22:57:55+08:00 ] 127.0.0.1 /cafuc/index.php/Index/Index/index.html
INFO: [ route_check ] --START--
INFO: CheckRoute Behavior ::run [ RunTime:0.002134s ]
INFO: [ route_check ] --END-- [ RunTime:0.002283s ]
INFO: [ app_begin ] --START--
INFO: ReadHtmlCache Behavior ::run [ RunTime:0.001956s ]
INFO: [ app_begin ] --END-- [ RunTime:0.002094s ]
SQL: SHOW COLUMNS FROM `web_news` [ RunTime:0.003165s ]
SQL: SELECT * FROM `web_news` ORDER BY time desc LIMIT 8   [ RunTime:0.000471s ]
INFO: [ view_parse ] --START--
INFO: ParseTemplate Behavior ::run [ RunTime:0.021881s ]
INFO: [ view_parse ] --END-- [ RunTime:0.022026s ]
INFO: [ view_filter ] --START--
INFO: ContentReplace Behavior ::run [ RunTime:0.001717s ]
INFO: TokenBuild Behavior ::run [ RunTime:0.001491s ]
INFO: WriteHtmlCache Behavior ::run [ RunTime:0.001311s ]
INFO: ShowRuntime Behavior ::run [ RunTime:0.001551s ]
INFO: [ view_filter ] --END-- [ RunTime:0.006330s ]
INFO: [ view_end ] --START--
INFO: ShowPageTrace Behavior ::run [ RunTime:0.001736s ]
INFO: [ view_end ] --END-- [ RunTime:0.001843s ]

[ 2016-05-22T22:57:55+08:00 ] 127.0.0.1 /cafuc/index.php/Admin/Login/verify.html
INFO: [ route_check ] --START--
INFO: CheckRoute Behavior ::run [ RunTime:0.002461s ]
INFO: [ route_check ] --END-- [ RunTime:0.002771s ]
INFO: [ app_begin ] --START--
INFO: ReadHtmlCache Behavior ::run [ RunTime:0.001723s ]
INFO: [ app_begin ] --END-- [ RunTime:0.001856s ]

[ 2016-05-22T22:57:56+08:00 ] 127.0.0.1 /cafuc/index.php/Index/Index/files.html
INFO: [ route_check ] --START--
INFO: CheckRoute Behavior ::run [ RunTime:0.002006s ]
INFO: [ route_check ] --END-- [ RunTime:0.002134s ]
INFO: [ app_begin ] --START--
INFO: ReadHtmlCache Behavior ::run [ RunTime:0.001636s ]
INFO: [ app_begin ] --END-- [ RunTime:0.001749s ]
SQL: SHOW COLUMNS FROM `web_files` [ RunTime:0.037042s ]
SQL: SELECT COUNT(*) AS tp_count FROM `web_files` LIMIT 1   [ RunTime:0.000706s ]
SQL: SELECT * FROM `web_files` ORDER BY time desc LIMIT 0,11   [ RunTime:0.000537s ]
INFO: [ view_parse ] --START--
INFO: ParseTemplate Behavior ::run [ RunTime:0.037922s ]
INFO: [ view_parse ] --END-- [ RunTime:0.038123s ]
INFO: [ view_filter ] --START--
INFO: ContentReplace Behavior ::run [ RunTime:0.001712s ]
INFO: TokenBuild Behavior ::run [ RunTime:0.001577s ]
INFO: WriteHtmlCache Behavior ::run [ RunTime:0.001404s ]
INFO: ShowRuntime Behavior ::run [ RunTime:0.001564s ]
INFO: [ view_filter ] --END-- [ RunTime:0.006545s ]
INFO: [ view_end ] --START--
INFO: ShowPageTrace Behavior ::run [ RunTime:0.001773s ]
INFO: [ view_end ] --END-- [ RunTime:0.001889s ]

[ 2016-05-22T22:57:57+08:00 ] 127.0.0.1 /cafuc/index.php/Index/Index/messages.html
INFO: [ route_check ] --START--
INFO: CheckRoute Behavior ::run [ RunTime:0.001913s ]
INFO: [ route_check ] --END-- [ RunTime:0.002036s ]
INFO: [ app_begin ] --START--
INFO: ReadHtmlCache Behavior ::run [ RunTime:0.001531s ]
INFO: [ app_begin ] --END-- [ RunTime:0.001627s ]
INFO: [ view_parse ] --START--
INFO: ParseTemplate Behavior ::run [ RunTime:0.069848s ]
INFO: [ view_parse ] --END-- [ RunTime:0.069976s ]
INFO: [ view_filter ] --START--
INFO: ContentReplace Behavior ::run [ RunTime:0.001599s ]
INFO: TokenBuild Behavior ::run [ RunTime:0.001461s ]
INFO: WriteHtmlCache Behavior ::run [ RunTime:0.001306s ]
INFO: ShowRuntime Behavior ::run [ RunTime:0.001584s ]
INFO: [ view_filter ] --END-- [ RunTime:0.006219s ]
INFO: [ view_end ] --START--
INFO: ShowPageTrace Behavior ::run [ RunTime:0.001934s ]
INFO: [ view_end ] --END-- [ RunTime:0.002041s ]

[ 2016-05-22T22:57:57+08:00 ] 127.0.0.1 /cafuc/index.php/Admin/Login/verify.html
INFO: [ route_check ] --START--
INFO: CheckRoute Behavior ::run [ RunTime:0.002139s ]
INFO: [ route_check ] --END-- [ RunTime:0.002302s ]
INFO: [ app_begin ] --START--
INFO: ReadHtmlCache Behavior ::run [ RunTime:0.002051s ]
INFO: [ app_begin ] --END-- [ RunTime:0.002230s ]

[ 2016-05-22T22:57:58+08:00 ] 127.0.0.1 /cafuc/index.php/Index/Index/files.html
INFO: [ route_check ] --START--
INFO: CheckRoute Behavior ::run [ RunTime:0.001821s ]
INFO: [ route_check ] --END-- [ RunTime:0.001945s ]
INFO: [ app_begin ] --START--
INFO: ReadHtmlCache Behavior ::run [ RunTime:0.001668s ]
INFO: [ app_begin ] --END-- [ RunTime:0.001783s ]
SQL: SHOW COLUMNS FROM `web_files` [ RunTime:0.003618s ]
SQL: SELECT COUNT(*) AS tp_count FROM `web_files` LIMIT 1   [ RunTime:0.000223s ]
SQL: SELECT * FROM `web_files` ORDER BY time desc LIMIT 0,11   [ RunTime:0.000296s ]
INFO: [ view_parse ] --START--
INFO: ParseTemplate Behavior ::run [ RunTime:0.017527s ]
INFO: [ view_parse ] --END-- [ RunTime:0.017662s ]
INFO: [ view_filter ] --START--
INFO: ContentReplace Behavior ::run [ RunTime:0.001693s ]
INFO: TokenBuild Behavior ::run [ RunTime:0.001537s ]
INFO: WriteHtmlCache Behavior ::run [ RunTime:0.001350s ]
INFO: ShowRuntime Behavior ::run [ RunTime:0.001519s ]
INFO: [ view_filter ] --END-- [ RunTime:0.006372s ]
INFO: [ view_end ] --START--
INFO: ShowPageTrace Behavior ::run [ RunTime:0.001626s ]
INFO: [ view_end ] --END-- [ RunTime:0.001742s ]

[ 2016-05-22T22:58:01+08:00 ] 127.0.0.1 /cafuc/index.php/Index/Index/files/p/2.html
INFO: [ route_check ] --START--
INFO: CheckRoute Behavior ::run [ RunTime:0.001749s ]
INFO: [ route_check ] --END-- [ RunTime:0.001864s ]
INFO: [ app_begin ] --START--
INFO: ReadHtmlCache Behavior ::run [ RunTime:0.001640s ]
INFO: [ app_begin ] --END-- [ RunTime:0.001755s ]
SQL: SHOW COLUMNS FROM `web_files` [ RunTime:0.003131s ]
SQL: SELECT COUNT(*) AS tp_count FROM `web_files` LIMIT 1   [ RunTime:0.000274s ]
SQL: SELECT * FROM `web_files` ORDER BY time desc LIMIT 11,11   [ RunTime:0.000258s ]
INFO: [ view_parse ] --START--
INFO: ParseTemplate Behavior ::run [ RunTime:0.019194s ]
INFO: [ view_parse ] --END-- [ RunTime:0.019339s ]
INFO: [ view_filter ] --START--
INFO: ContentReplace Behavior ::run [ RunTime:0.001533s ]
INFO: TokenBuild Behavior ::run [ RunTime:0.001485s ]
INFO: WriteHtmlCache Behavior ::run [ RunTime:0.001310s ]
INFO: ShowRuntime Behavior ::run [ RunTime:0.001638s ]
INFO: [ view_filter ] --END-- [ RunTime:0.006240s ]
INFO: [ view_end ] --START--
INFO: ShowPageTrace Behavior ::run [ RunTime:0.001721s ]
INFO: [ view_end ] --END-- [ RunTime:0.001825s ]

[ 2016-05-22T22:58:02+08:00 ] 127.0.0.1 /cafuc/index.php/Index/Index/index.html
INFO: [ route_check ] --START--
INFO: CheckRoute Behavior ::run [ RunTime:0.002616s ]
INFO: [ route_check ] --END-- [ RunTime:0.002772s ]
INFO: [ app_begin ] --START--
INFO: ReadHtmlCache Behavior ::run [ RunTime:0.001842s ]
INFO: [ app_begin ] --END-- [ RunTime:0.001954s ]
SQL: SHOW COLUMNS FROM `web_news` [ RunTime:0.003171s ]
SQL: SELECT * FROM `web_news` ORDER BY time desc LIMIT 8   [ RunTime:0.000768s ]
INFO: [ view_parse ] --START--
INFO: ParseTemplate Behavior ::run [ RunTime:0.022264s ]
INFO: [ view_parse ] --END-- [ RunTime:0.022402s ]
INFO: [ view_filter ] --START--
INFO: ContentReplace Behavior ::run [ RunTime:0.001827s ]
INFO: TokenBuild Behavior ::run [ RunTime:0.001655s ]
INFO: WriteHtmlCache Behavior ::run [ RunTime:0.001465s ]
INFO: ShowRuntime Behavior ::run [ RunTime:0.001707s ]
INFO: [ view_filter ] --END-- [ RunTime:0.006966s ]
INFO: [ view_end ] --START--
INFO: ShowPageTrace Behavior ::run [ RunTime:0.001663s ]
INFO: [ view_end ] --END-- [ RunTime:0.001761s ]

[ 2016-05-22T22:58:03+08:00 ] 127.0.0.1 /cafuc/index.php/Admin/Login/verify.html
INFO: [ route_check ] --START--
INFO: CheckRoute Behavior ::run [ RunTime:0.003951s ]
INFO: [ route_check ] --END-- [ RunTime:0.004179s ]
INFO: [ app_begin ] --START--
INFO: ReadHtmlCache Behavior ::run [ RunTime:0.003301s ]
INFO: [ app_begin ] --END-- [ RunTime:0.003601s ]

[ 2016-05-22T23:04:23+08:00 ] 127.0.0.1 /cafuc/index.php/Admin/Login/login.html
INFO: [ route_check ] --START--
INFO: CheckRoute Behavior ::run [ RunTime:0.001108s ]
INFO: [ route_check ] --END-- [ RunTime:0.001240s ]
INFO: [ app_begin ] --START--
INFO: ReadHtmlCache Behavior ::run [ RunTime:0.000718s ]
INFO: [ app_begin ] --END-- [ RunTime:0.000814s ]
SQL: SHOW COLUMNS FROM `web_users` [ RunTime:0.003107s ]
SQL: SELECT * FROM `web_users` WHERE ( `username` = 'admin' ) ORDER BY id desc LIMIT 1   [ RunTime:0.000288s ]
SQL: INSERT INTO `web_users` (`username`,`password`,`logintime`,`date`,`loginip`) VALUES ('admin','e10adc3949ba59abbe56e057f20f883e',1463929463,'2016-05-22','127.0.0.1') [ RunTime:0.001592s ]
INFO: [ view_parse ] --START--
INFO: ParseTemplate Behavior ::run [ RunTime:0.008791s ]
INFO: [ view_parse ] --END-- [ RunTime:0.008922s ]
INFO: [ view_filter ] --START--
INFO: ContentReplace Behavior ::run [ RunTime:0.000579s ]
INFO: TokenBuild Behavior ::run [ RunTime:0.000597s ]
INFO: WriteHtmlCache Behavior ::run [ RunTime:0.000461s ]
INFO: ShowRuntime Behavior ::run [ RunTime:0.000690s ]
INFO: [ view_filter ] --END-- [ RunTime:0.002594s ]
INFO: [ view_end ] --START--
INFO: ShowPageTrace Behavior ::run [ RunTime:0.000903s ]
INFO: [ view_end ] --END-- [ RunTime:0.001048s ]

[ 2016-05-22T23:04:26+08:00 ] 127.0.0.1 /cafuc/index.php/Admin/Index/index.html
INFO: [ route_check ] --START--
INFO: CheckRoute Behavior ::run [ RunTime:0.001360s ]
INFO: [ route_check ] --END-- [ RunTime:0.001561s ]
INFO: [ app_begin ] --START--
INFO: ReadHtmlCache Behavior ::run [ RunTime:0.001066s ]
INFO: [ app_begin ] --END-- [ RunTime:0.001209s ]
INFO: [ view_parse ] --START--
INFO: ParseTemplate Behavior ::run [ RunTime:0.038000s ]
INFO: [ view_parse ] --END-- [ RunTime:0.038335s ]
INFO: [ view_filter ] --START--
INFO: ContentReplace Behavior ::run [ RunTime:0.001834s ]
INFO: TokenBuild Behavior ::run [ RunTime:0.001502s ]
INFO: WriteHtmlCache Behavior ::run [ RunTime:0.001018s ]
INFO: ShowRuntime Behavior ::run [ RunTime:0.001403s ]
INFO: [ view_filter ] --END-- [ RunTime:0.006344s ]
INFO: [ view_end ] --START--
INFO: ShowPageTrace Behavior ::run [ RunTime:0.000852s ]
INFO: [ view_end ] --END-- [ RunTime:0.000964s ]

