[ 2016-05-17T00:00:34+08:00 ] 127.0.0.1 /cafuc/index.php/Index/Index/search.html
INFO: [ route_check ] --START--
INFO: CheckRoute Behavior ::run [ RunTime:0.001146s ]
INFO: [ route_check ] --END-- [ RunTime:0.001364s ]
INFO: [ app_begin ] --START--
INFO: ReadHtmlCache Behavior ::run [ RunTime:0.000997s ]
INFO: [ app_begin ] --END-- [ RunTime:0.001215s ]
SQL: SHOW COLUMNS FROM `web_news` [ RunTime:0.005620s ]
SQL: SELECT COUNT(*) AS tp_count FROM `web_news` WHERE ( (`title` LIKE '%id=idor1=1%') OR (`content` LIKE '%id=idor1=1%') ) LIMIT 1   [ RunTime:0.000984s ]
SQL: SELECT * FROM `web_news` WHERE ( (`title` LIKE '%id=idor1=1%') OR (`content` LIKE '%id=idor1=1%') ) ORDER BY time desc LIMIT 0,7   [ RunTime:0.000773s ]

[ 2016-05-17T00:02:03+08:00 ] 127.0.0.1 /cafuc/index.php/Index/Index/search.html
INFO: [ route_check ] --START--
INFO: CheckRoute Behavior ::run [ RunTime:0.001502s ]
INFO: [ route_check ] --END-- [ RunTime:0.001700s ]
INFO: [ app_begin ] --START--
INFO: ReadHtmlCache Behavior ::run [ RunTime:0.001115s ]
INFO: [ app_begin ] --END-- [ RunTime:0.001327s ]
SQL: SHOW COLUMNS FROM `web_news` [ RunTime:0.003722s ]
SQL: SELECT COUNT(*) AS tp_count FROM `web_news` WHERE ( (`title` LIKE '%id=idor1=1%') OR (`content` LIKE '%id=idor1=1%') ) LIMIT 1   [ RunTime:0.000547s ]
SQL: SELECT * FROM `web_news` WHERE ( (`title` LIKE '%id=idor1=1%') OR (`content` LIKE '%id=idor1=1%') ) ORDER BY time desc LIMIT 0,7   [ RunTime:0.000635s ]
INFO: [ view_parse ] --START--
INFO: ParseTemplate Behavior ::run [ RunTime:0.014145s ]
INFO: [ view_parse ] --END-- [ RunTime:0.014327s ]
INFO: [ view_filter ] --START--
INFO: ContentReplace Behavior ::run [ RunTime:0.000609s ]
INFO: TokenBuild Behavior ::run [ RunTime:0.000569s ]
INFO: WriteHtmlCache Behavior ::run [ RunTime:0.000456s ]
INFO: ShowRuntime Behavior ::run [ RunTime:0.000809s ]
INFO: [ view_filter ] --END-- [ RunTime:0.002770s ]
INFO: [ view_end ] --START--
INFO: ShowPageTrace Behavior ::run [ RunTime:0.000878s ]
INFO: [ view_end ] --END-- [ RunTime:0.001001s ]

[ 2016-05-17T00:02:13+08:00 ] 127.0.0.1 /cafuc/index.php/Index/Index/search.html
INFO: [ route_check ] --START--
INFO: CheckRoute Behavior ::run [ RunTime:0.001893s ]
INFO: [ route_check ] --END-- [ RunTime:0.002124s ]
INFO: [ app_begin ] --START--
INFO: ReadHtmlCache Behavior ::run [ RunTime:0.001423s ]
INFO: [ app_begin ] --END-- [ RunTime:0.001671s ]
SQL: SHOW COLUMNS FROM `web_news` [ RunTime:0.003489s ]
SQL: SELECT COUNT(*) AS tp_count FROM `web_news` WHERE ( (`title` LIKE '%xin  wev%') OR (`content` LIKE '%xin  wev%') ) LIMIT 1   [ RunTime:0.000592s ]
SQL: SELECT * FROM `web_news` WHERE ( (`title` LIKE '%xin  wev%') OR (`content` LIKE '%xin  wev%') ) ORDER BY time desc LIMIT 0,7   [ RunTime:0.000511s ]
INFO: [ view_parse ] --START--
INFO: ParseTemplate Behavior ::run [ RunTime:0.013418s ]
INFO: [ view_parse ] --END-- [ RunTime:0.013565s ]
INFO: [ view_filter ] --START--
INFO: ContentReplace Behavior ::run [ RunTime:0.000703s ]
INFO: TokenBuild Behavior ::run [ RunTime:0.000570s ]
INFO: WriteHtmlCache Behavior ::run [ RunTime:0.000505s ]
INFO: ShowRuntime Behavior ::run [ RunTime:0.000658s ]
INFO: [ view_filter ] --END-- [ RunTime:0.002734s ]
INFO: [ view_end ] --START--
INFO: ShowPageTrace Behavior ::run [ RunTime:0.000731s ]
INFO: [ view_end ] --END-- [ RunTime:0.000844s ]

[ 2016-05-17T00:02:21+08:00 ] 127.0.0.1 /cafuc/index.php/Index/Index/search.html
INFO: [ route_check ] --START--
INFO: CheckRoute Behavior ::run [ RunTime:0.001788s ]
INFO: [ route_check ] --END-- [ RunTime:0.002027s ]
INFO: [ app_begin ] --START--
INFO: ReadHtmlCache Behavior ::run [ RunTime:0.000726s ]
INFO: [ app_begin ] --END-- [ RunTime:0.000862s ]
SQL: SHOW COLUMNS FROM `web_news` [ RunTime:0.003682s ]
SQL: SELECT COUNT(*) AS tp_count FROM `web_news` WHERE ( (`title` LIKE '%1      1%') OR (`content` LIKE '%1      1%') ) LIMIT 1   [ RunTime:0.000580s ]
SQL: SELECT * FROM `web_news` WHERE ( (`title` LIKE '%1      1%') OR (`content` LIKE '%1      1%') ) ORDER BY time desc LIMIT 0,7   [ RunTime:0.000532s ]
INFO: [ view_parse ] --START--
INFO: ParseTemplate Behavior ::run [ RunTime:0.013445s ]
INFO: [ view_parse ] --END-- [ RunTime:0.013597s ]
INFO: [ view_filter ] --START--
INFO: ContentReplace Behavior ::run [ RunTime:0.000638s ]
INFO: TokenBuild Behavior ::run [ RunTime:0.000588s ]
INFO: WriteHtmlCache Behavior ::run [ RunTime:0.000508s ]
INFO: ShowRuntime Behavior ::run [ RunTime:0.000663s ]
INFO: [ view_filter ] --END-- [ RunTime:0.002700s ]
INFO: [ view_end ] --START--
INFO: ShowPageTrace Behavior ::run [ RunTime:0.000718s ]
INFO: [ view_end ] --END-- [ RunTime:0.000829s ]

[ 2016-05-17T00:03:31+08:00 ] 127.0.0.1 /cafuc/index.php/Index/Index/search.html
INFO: [ route_check ] --START--
INFO: CheckRoute Behavior ::run [ RunTime:0.001118s ]
INFO: [ route_check ] --END-- [ RunTime:0.001340s ]
INFO: [ app_begin ] --START--
INFO: ReadHtmlCache Behavior ::run [ RunTime:0.000920s ]
INFO: [ app_begin ] --END-- [ RunTime:0.001117s ]
SQL: SHOW COLUMNS FROM `web_news` [ RunTime:0.004188s ]
SQL: SELECT COUNT(*) AS tp_count FROM `web_news` WHERE ( (`title` LIKE '%id=1 or 1==1%') OR (`content` LIKE '%id=1 or 1==1%') ) LIMIT 1   [ RunTime:0.000586s ]
SQL: SELECT * FROM `web_news` WHERE ( (`title` LIKE '%id=1 or 1==1%') OR (`content` LIKE '%id=1 or 1==1%') ) ORDER BY time desc LIMIT 0,7   [ RunTime:0.000538s ]
INFO: [ view_parse ] --START--
INFO: ParseTemplate Behavior ::run [ RunTime:0.012645s ]
INFO: [ view_parse ] --END-- [ RunTime:0.012801s ]
INFO: [ view_filter ] --START--
INFO: ContentReplace Behavior ::run [ RunTime:0.000518s ]
INFO: TokenBuild Behavior ::run [ RunTime:0.000460s ]
INFO: WriteHtmlCache Behavior ::run [ RunTime:0.000486s ]
INFO: ShowRuntime Behavior ::run [ RunTime:0.000547s ]
INFO: [ view_filter ] --END-- [ RunTime:0.002315s ]
INFO: [ view_end ] --START--
INFO: ShowPageTrace Behavior ::run [ RunTime:0.000602s ]
INFO: [ view_end ] --END-- [ RunTime:0.000709s ]

[ 2016-05-17T00:03:37+08:00 ] 127.0.0.1 /cafuc/index.php/Index/Index/index.html
INFO: [ route_check ] --START--
INFO: CheckRoute Behavior ::run [ RunTime:0.000982s ]
INFO: [ route_check ] --END-- [ RunTime:0.001148s ]
INFO: [ app_begin ] --START--
INFO: ReadHtmlCache Behavior ::run [ RunTime:0.000948s ]
INFO: [ app_begin ] --END-- [ RunTime:0.001171s ]
SQL: SHOW COLUMNS FROM `web_news` [ RunTime:0.004272s ]
SQL: SELECT * FROM `web_news` ORDER BY time desc LIMIT 8   [ RunTime:0.000719s ]
INFO: [ view_parse ] --START--
INFO: ParseTemplate Behavior ::run [ RunTime:0.022240s ]
INFO: [ view_parse ] --END-- [ RunTime:0.022402s ]
INFO: [ view_filter ] --START--
INFO: ContentReplace Behavior ::run [ RunTime:0.000675s ]
INFO: TokenBuild Behavior ::run [ RunTime:0.000507s ]
INFO: WriteHtmlCache Behavior ::run [ RunTime:0.000635s ]
INFO: ShowRuntime Behavior ::run [ RunTime:0.000653s ]
INFO: [ view_filter ] --END-- [ RunTime:0.002805s ]
INFO: [ view_end ] --START--
INFO: ShowPageTrace Behavior ::run [ RunTime:0.000658s ]
INFO: [ view_end ] --END-- [ RunTime:0.000771s ]

[ 2016-05-17T00:03:38+08:00 ] 127.0.0.1 /cafuc/index.php/Admin/Login/verify.html
INFO: [ route_check ] --START--
INFO: CheckRoute Behavior ::run [ RunTime:0.001009s ]
INFO: [ route_check ] --END-- [ RunTime:0.001213s ]
INFO: [ app_begin ] --START--
INFO: ReadHtmlCache Behavior ::run [ RunTime:0.000663s ]
INFO: [ app_begin ] --END-- [ RunTime:0.000807s ]

[ 2016-05-17T00:07:30+08:00 ] 127.0.0.1 /cafuc/index.php/Index/Index/search.html
INFO: [ route_check ] --START--
INFO: CheckRoute Behavior ::run [ RunTime:0.001363s ]
INFO: [ route_check ] --END-- [ RunTime:0.001552s ]
INFO: [ app_begin ] --START--
INFO: ReadHtmlCache Behavior ::run [ RunTime:0.002615s ]
INFO: [ app_begin ] --END-- [ RunTime:0.002871s ]
SQL: SHOW COLUMNS FROM `web_news` [ RunTime:0.004656s ]
SQL: SELECT COUNT(*) AS tp_count FROM `web_news` WHERE ( (`title` LIKE '%das%') OR (`content` LIKE '%das%') ) LIMIT 1   [ RunTime:0.000725s ]
SQL: SELECT * FROM `web_news` WHERE ( (`title` LIKE '%das%') OR (`content` LIKE '%das%') ) ORDER BY time desc LIMIT 0,7   [ RunTime:0.000604s ]
INFO: [ view_parse ] --START--
INFO: ParseTemplate Behavior ::run [ RunTime:0.018041s ]
INFO: [ view_parse ] --END-- [ RunTime:0.018251s ]
INFO: [ view_filter ] --START--
INFO: ContentReplace Behavior ::run [ RunTime:0.000952s ]
INFO: TokenBuild Behavior ::run [ RunTime:0.000823s ]
INFO: WriteHtmlCache Behavior ::run [ RunTime:0.000661s ]
INFO: ShowRuntime Behavior ::run [ RunTime:0.000835s ]
INFO: [ view_filter ] --END-- [ RunTime:0.003700s ]
INFO: [ view_end ] --START--
INFO: ShowPageTrace Behavior ::run [ RunTime:0.000899s ]
INFO: [ view_end ] --END-- [ RunTime:0.001036s ]

[ 2016-05-17T00:08:08+08:00 ] 127.0.0.1 /cafuc/index.php/Index/Index/search.html
INFO: [ route_check ] --START--
INFO: CheckRoute Behavior ::run [ RunTime:0.001260s ]
INFO: [ route_check ] --END-- [ RunTime:0.001470s ]
INFO: [ app_begin ] --START--
INFO: ReadHtmlCache Behavior ::run [ RunTime:0.000899s ]
INFO: [ app_begin ] --END-- [ RunTime:0.001088s ]
SQL: SHOW COLUMNS FROM `web_news` [ RunTime:0.003728s ]
SQL: SELECT COUNT(*) AS tp_count FROM `web_news` WHERE ( (`title` LIKE '%das%') OR (`content` LIKE '%das%') ) LIMIT 1   [ RunTime:0.000641s ]
SQL: SELECT * FROM `web_news` WHERE ( (`title` LIKE '%das%') OR (`content` LIKE '%das%') ) ORDER BY time desc LIMIT 0,7   [ RunTime:0.000554s ]
INFO: [ view_parse ] --START--
INFO: ParseTemplate Behavior ::run [ RunTime:0.013432s ]
INFO: [ view_parse ] --END-- [ RunTime:0.013570s ]
INFO: [ view_filter ] --START--
INFO: ContentReplace Behavior ::run [ RunTime:0.000557s ]
INFO: TokenBuild Behavior ::run [ RunTime:0.000463s ]
INFO: WriteHtmlCache Behavior ::run [ RunTime:0.000494s ]
INFO: ShowRuntime Behavior ::run [ RunTime:0.000554s ]
INFO: [ view_filter ] --END-- [ RunTime:0.002372s ]
INFO: [ view_end ] --START--
INFO: ShowPageTrace Behavior ::run [ RunTime:0.000601s ]
INFO: [ view_end ] --END-- [ RunTime:0.000707s ]

[ 2016-05-17T00:08:21+08:00 ] 127.0.0.1 /cafuc/index.php/Index/Index/search.html
INFO: [ route_check ] --START--
INFO: CheckRoute Behavior ::run [ RunTime:0.005734s ]
INFO: [ route_check ] --END-- [ RunTime:0.005967s ]
INFO: [ app_begin ] --START--
INFO: ReadHtmlCache Behavior ::run [ RunTime:0.001150s ]
INFO: [ app_begin ] --END-- [ RunTime:0.001372s ]
SQL: SHOW COLUMNS FROM `web_news` [ RunTime:0.004136s ]
SQL: SELECT COUNT(*) AS tp_count FROM `web_news` WHERE ( (`title` LIKE '%das%') OR (`content` LIKE '%das%') ) LIMIT 1   [ RunTime:0.001578s ]
SQL: SELECT * FROM `web_news` WHERE ( (`title` LIKE '%das%') OR (`content` LIKE '%das%') ) ORDER BY time desc LIMIT 0,7   [ RunTime:0.001042s ]
INFO: [ view_parse ] --START--
INFO: ParseTemplate Behavior ::run [ RunTime:0.018575s ]
INFO: [ view_parse ] --END-- [ RunTime:0.018807s ]
INFO: [ view_filter ] --START--
INFO: ContentReplace Behavior ::run [ RunTime:0.001563s ]
INFO: TokenBuild Behavior ::run [ RunTime:0.001003s ]
INFO: WriteHtmlCache Behavior ::run [ RunTime:0.000946s ]
INFO: ShowRuntime Behavior ::run [ RunTime:0.001098s ]
INFO: [ view_filter ] --END-- [ RunTime:0.005892s ]
INFO: [ view_end ] --START--
INFO: ShowPageTrace Behavior ::run [ RunTime:0.001331s ]
INFO: [ view_end ] --END-- [ RunTime:0.009181s ]

[ 2016-05-17T00:08:32+08:00 ] 127.0.0.1 /cafuc/index.php/Index/Index/search.html
INFO: [ route_check ] --START--
INFO: CheckRoute Behavior ::run [ RunTime:0.001434s ]
INFO: [ route_check ] --END-- [ RunTime:0.001634s ]
INFO: [ app_begin ] --START--
INFO: ReadHtmlCache Behavior ::run [ RunTime:0.000906s ]
INFO: [ app_begin ] --END-- [ RunTime:0.001093s ]
SQL: SHOW COLUMNS FROM `web_news` [ RunTime:0.003965s ]
SQL: SELECT COUNT(*) AS tp_count FROM `web_news` WHERE ( (`title` LIKE '%das%') OR (`content` LIKE '%das%') ) LIMIT 1   [ RunTime:0.001323s ]
SQL: SELECT * FROM `web_news` WHERE ( (`title` LIKE '%das%') OR (`content` LIKE '%das%') ) ORDER BY time desc LIMIT 0,7   [ RunTime:0.000880s ]
INFO: [ view_parse ] --START--
INFO: ParseTemplate Behavior ::run [ RunTime:0.013052s ]
INFO: [ view_parse ] --END-- [ RunTime:0.013267s ]
INFO: [ view_filter ] --START--
INFO: ContentReplace Behavior ::run [ RunTime:0.000618s ]
INFO: TokenBuild Behavior ::run [ RunTime:0.000525s ]
INFO: WriteHtmlCache Behavior ::run [ RunTime:0.000533s ]
INFO: ShowRuntime Behavior ::run [ RunTime:0.000701s ]
INFO: [ view_filter ] --END-- [ RunTime:0.002715s ]
INFO: [ view_end ] --START--
INFO: ShowPageTrace Behavior ::run [ RunTime:0.000647s ]
INFO: [ view_end ] --END-- [ RunTime:0.000760s ]

[ 2016-05-17T00:08:47+08:00 ] 127.0.0.1 /cafuc/index.php/Index/Index/search.html
INFO: [ route_check ] --START--
INFO: CheckRoute Behavior ::run [ RunTime:0.003147s ]
INFO: [ route_check ] --END-- [ RunTime:0.003468s ]
INFO: [ app_begin ] --START--
INFO: ReadHtmlCache Behavior ::run [ RunTime:0.000752s ]
INFO: [ app_begin ] --END-- [ RunTime:0.000886s ]
SQL: SHOW COLUMNS FROM `web_news` [ RunTime:0.005387s ]
SQL: SELECT COUNT(*) AS tp_count FROM `web_news` WHERE ( (`title` LIKE '%das%') OR (`content` LIKE '%das%') ) LIMIT 1   [ RunTime:0.000576s ]
SQL: SELECT * FROM `web_news` WHERE ( (`title` LIKE '%das%') OR (`content` LIKE '%das%') ) ORDER BY time desc LIMIT 0,7   [ RunTime:0.000529s ]
INFO: [ view_parse ] --START--
INFO: ParseTemplate Behavior ::run [ RunTime:0.015284s ]
INFO: [ view_parse ] --END-- [ RunTime:0.015420s ]
INFO: [ view_filter ] --START--
INFO: ContentReplace Behavior ::run [ RunTime:0.000749s ]
INFO: TokenBuild Behavior ::run [ RunTime:0.000579s ]
INFO: WriteHtmlCache Behavior ::run [ RunTime:0.000506s ]
INFO: ShowRuntime Behavior ::run [ RunTime:0.000671s ]
INFO: [ view_filter ] --END-- [ RunTime:0.002804s ]
INFO: [ view_end ] --START--
INFO: ShowPageTrace Behavior ::run [ RunTime:0.000722s ]
INFO: [ view_end ] --END-- [ RunTime:0.000828s ]

[ 2016-05-17T00:10:42+08:00 ] 127.0.0.1 /cafuc/index.php/Index/Index/search.html
INFO: [ route_check ] --START--
INFO: CheckRoute Behavior ::run [ RunTime:0.001040s ]
INFO: [ route_check ] --END-- [ RunTime:0.001181s ]
INFO: [ app_begin ] --START--
INFO: ReadHtmlCache Behavior ::run [ RunTime:0.001026s ]
INFO: [ app_begin ] --END-- [ RunTime:0.001183s ]
SQL: SHOW COLUMNS FROM `web_news` [ RunTime:0.003836s ]
SQL: SELECT COUNT(*) AS tp_count FROM `web_news` WHERE ( (`title` LIKE '%das%') OR (`content` LIKE '%das%') ) LIMIT 1   [ RunTime:0.000901s ]
SQL: SELECT * FROM `web_news` WHERE ( (`title` LIKE '%das%') OR (`content` LIKE '%das%') ) ORDER BY time desc LIMIT 0,7   [ RunTime:0.000765s ]
INFO: [ view_parse ] --START--
INFO: ParseTemplate Behavior ::run [ RunTime:0.013745s ]
INFO: [ view_parse ] --END-- [ RunTime:0.013910s ]
INFO: [ view_filter ] --START--
INFO: ContentReplace Behavior ::run [ RunTime:0.000926s ]
INFO: TokenBuild Behavior ::run [ RunTime:0.000673s ]
INFO: WriteHtmlCache Behavior ::run [ RunTime:0.000652s ]
INFO: ShowRuntime Behavior ::run [ RunTime:0.000688s ]
INFO: [ view_filter ] --END-- [ RunTime:0.003313s ]
INFO: [ view_end ] --START--
INFO: ShowPageTrace Behavior ::run [ RunTime:0.000727s ]
INFO: [ view_end ] --END-- [ RunTime:0.000837s ]

[ 2016-05-17T00:10:48+08:00 ] 127.0.0.1 /cafuc/index.php/Index/Index/index.html
INFO: [ route_check ] --START--
INFO: CheckRoute Behavior ::run [ RunTime:0.001009s ]
INFO: [ route_check ] --END-- [ RunTime:0.001175s ]
INFO: [ app_begin ] --START--
INFO: ReadHtmlCache Behavior ::run [ RunTime:0.000755s ]
INFO: [ app_begin ] --END-- [ RunTime:0.000885s ]
SQL: SHOW COLUMNS FROM `web_news` [ RunTime:0.003609s ]
SQL: SELECT * FROM `web_news` ORDER BY time desc LIMIT 8   [ RunTime:0.000648s ]
INFO: [ view_parse ] --START--
INFO: ParseTemplate Behavior ::run [ RunTime:0.020108s ]
INFO: [ view_parse ] --END-- [ RunTime:0.020346s ]
INFO: [ view_filter ] --START--
INFO: ContentReplace Behavior ::run [ RunTime:0.000907s ]
INFO: TokenBuild Behavior ::run [ RunTime:0.000631s ]
INFO: WriteHtmlCache Behavior ::run [ RunTime:0.000424s ]
INFO: ShowRuntime Behavior ::run [ RunTime:0.000693s ]
INFO: [ view_filter ] --END-- [ RunTime:0.002972s ]
INFO: [ view_end ] --START--
INFO: ShowPageTrace Behavior ::run [ RunTime:0.000806s ]
INFO: [ view_end ] --END-- [ RunTime:0.000921s ]

[ 2016-05-17T00:10:48+08:00 ] 127.0.0.1 /cafuc/index.php/Admin/Login/verify.html
INFO: [ route_check ] --START--
INFO: CheckRoute Behavior ::run [ RunTime:0.001084s ]
INFO: [ route_check ] --END-- [ RunTime:0.001241s ]
INFO: [ app_begin ] --START--
INFO: ReadHtmlCache Behavior ::run [ RunTime:0.001045s ]
INFO: [ app_begin ] --END-- [ RunTime:0.001290s ]

[ 2016-05-17T00:10:49+08:00 ] 127.0.0.1 /cafuc/index.php/Index/Index/search.html
INFO: [ route_check ] --START--
INFO: CheckRoute Behavior ::run [ RunTime:0.001108s ]
INFO: [ route_check ] --END-- [ RunTime:0.001296s ]
INFO: [ app_begin ] --START--
INFO: ReadHtmlCache Behavior ::run [ RunTime:0.000881s ]
INFO: [ app_begin ] --END-- [ RunTime:0.001067s ]
SQL: SHOW COLUMNS FROM `web_news` [ RunTime:0.006615s ]
SQL: SELECT COUNT(*) AS tp_count FROM `web_news` WHERE ( (`title` LIKE '%%') OR (`content` LIKE '%%') ) LIMIT 1   [ RunTime:0.001659s ]
SQL: SELECT * FROM `web_news` WHERE ( (`title` LIKE '%%') OR (`content` LIKE '%%') ) ORDER BY time desc LIMIT 0,7   [ RunTime:0.000933s ]
INFO: [ view_parse ] --START--
INFO: ParseTemplate Behavior ::run [ RunTime:0.025119s ]
INFO: [ view_parse ] --END-- [ RunTime:0.025332s ]
INFO: [ view_filter ] --START--
INFO: ContentReplace Behavior ::run [ RunTime:0.000930s ]
INFO: TokenBuild Behavior ::run [ RunTime:0.000758s ]
INFO: WriteHtmlCache Behavior ::run [ RunTime:0.000482s ]
INFO: ShowRuntime Behavior ::run [ RunTime:0.000909s ]
INFO: [ view_filter ] --END-- [ RunTime:0.003593s ]
INFO: [ view_end ] --START--
INFO: ShowPageTrace Behavior ::run [ RunTime:0.001085s ]
INFO: [ view_end ] --END-- [ RunTime:0.001333s ]

[ 2016-05-17T00:11:17+08:00 ] 127.0.0.1 /cafuc/index.php/Index/Index/search.html
INFO: [ route_check ] --START--
INFO: CheckRoute Behavior ::run [ RunTime:0.001398s ]
INFO: [ route_check ] --END-- [ RunTime:0.001636s ]
INFO: [ app_begin ] --START--
INFO: ReadHtmlCache Behavior ::run [ RunTime:0.001109s ]
INFO: [ app_begin ] --END-- [ RunTime:0.001339s ]
SQL: SHOW COLUMNS FROM `web_news` [ RunTime:0.003667s ]
SQL: SELECT COUNT(*) AS tp_count FROM `web_news` WHERE ( (`title` LIKE '%%') OR (`content` LIKE '%%') ) LIMIT 1   [ RunTime:0.000463s ]
SQL: SELECT * FROM `web_news` WHERE ( (`title` LIKE '%%') OR (`content` LIKE '%%') ) ORDER BY time desc LIMIT 0,7   [ RunTime:0.000516s ]
INFO: [ view_parse ] --START--
INFO: ParseTemplate Behavior ::run [ RunTime:0.014299s ]
INFO: [ view_parse ] --END-- [ RunTime:0.014434s ]
INFO: [ view_filter ] --START--
INFO: ContentReplace Behavior ::run [ RunTime:0.000524s ]
INFO: TokenBuild Behavior ::run [ RunTime:0.000459s ]
INFO: WriteHtmlCache Behavior ::run [ RunTime:0.000309s ]
INFO: ShowRuntime Behavior ::run [ RunTime:0.000560s ]
INFO: [ view_filter ] --END-- [ RunTime:0.002152s ]
INFO: [ view_end ] --START--
INFO: ShowPageTrace Behavior ::run [ RunTime:0.000604s ]
INFO: [ view_end ] --END-- [ RunTime:0.000709s ]

[ 2016-05-17T00:11:33+08:00 ] 127.0.0.1 /cafuc/index.php/Index/Index/search.html
INFO: [ route_check ] --START--
INFO: CheckRoute Behavior ::run [ RunTime:0.001761s ]
INFO: [ route_check ] --END-- [ RunTime:0.002013s ]
INFO: [ app_begin ] --START--
INFO: ReadHtmlCache Behavior ::run [ RunTime:0.001051s ]
INFO: [ app_begin ] --END-- [ RunTime:0.001237s ]
SQL: SHOW COLUMNS FROM `web_news` [ RunTime:0.003782s ]
SQL: SELECT COUNT(*) AS tp_count FROM `web_news` WHERE ( (`title` LIKE '%%') OR (`content` LIKE '%%') ) LIMIT 1   [ RunTime:0.000424s ]
SQL: SELECT * FROM `web_news` WHERE ( (`title` LIKE '%%') OR (`content` LIKE '%%') ) ORDER BY time desc LIMIT 0,7   [ RunTime:0.000494s ]
INFO: [ view_parse ] --START--
INFO: ParseTemplate Behavior ::run [ RunTime:0.016045s ]
INFO: [ view_parse ] --END-- [ RunTime:0.016181s ]
INFO: [ view_filter ] --START--
INFO: ContentReplace Behavior ::run [ RunTime:0.000752s ]
INFO: TokenBuild Behavior ::run [ RunTime:0.000611s ]
INFO: WriteHtmlCache Behavior ::run [ RunTime:0.000528s ]
INFO: ShowRuntime Behavior ::run [ RunTime:0.000938s ]
INFO: [ view_filter ] --END-- [ RunTime:0.003224s ]
INFO: [ view_end ] --START--
INFO: ShowPageTrace Behavior ::run [ RunTime:0.001068s ]
INFO: [ view_end ] --END-- [ RunTime:0.001235s ]

[ 2016-05-17T00:12:02+08:00 ] 127.0.0.1 /cafuc/index.php/Index/Index/search.html
INFO: [ route_check ] --START--
INFO: CheckRoute Behavior ::run [ RunTime:0.001052s ]
INFO: [ route_check ] --END-- [ RunTime:0.001195s ]
INFO: [ app_begin ] --START--
INFO: ReadHtmlCache Behavior ::run [ RunTime:0.000749s ]
INFO: [ app_begin ] --END-- [ RunTime:0.000885s ]
SQL: SHOW COLUMNS FROM `web_news` [ RunTime:0.004378s ]
SQL: SELECT COUNT(*) AS tp_count FROM `web_news` WHERE ( (`title` LIKE '%%') OR (`content` LIKE '%%') ) LIMIT 1   [ RunTime:0.000393s ]
SQL: SELECT * FROM `web_news` WHERE ( (`title` LIKE '%%') OR (`content` LIKE '%%') ) ORDER BY time desc LIMIT 0,7   [ RunTime:0.000541s ]
INFO: [ view_parse ] --START--
INFO: ParseTemplate Behavior ::run [ RunTime:0.014800s ]
INFO: [ view_parse ] --END-- [ RunTime:0.014937s ]
INFO: [ view_filter ] --START--
INFO: ContentReplace Behavior ::run [ RunTime:0.000655s ]
INFO: TokenBuild Behavior ::run [ RunTime:0.000573s ]
INFO: WriteHtmlCache Behavior ::run [ RunTime:0.000440s ]
INFO: ShowRuntime Behavior ::run [ RunTime:0.000880s ]
INFO: [ view_filter ] --END-- [ RunTime:0.002933s ]
INFO: [ view_end ] --START--
INFO: ShowPageTrace Behavior ::run [ RunTime:0.000796s ]
INFO: [ view_end ] --END-- [ RunTime:0.000919s ]

[ 2016-05-17T00:12:08+08:00 ] 127.0.0.1 /cafuc/index.php/Index/Index/search.html
INFO: [ route_check ] --START--
INFO: CheckRoute Behavior ::run [ RunTime:0.001431s ]
INFO: [ route_check ] --END-- [ RunTime:0.001675s ]
INFO: [ app_begin ] --START--
INFO: ReadHtmlCache Behavior ::run [ RunTime:0.001088s ]
INFO: [ app_begin ] --END-- [ RunTime:0.001315s ]
SQL: SHOW COLUMNS FROM `web_news` [ RunTime:0.003419s ]
SQL: SELECT COUNT(*) AS tp_count FROM `web_news` WHERE ( (`title` LIKE '%新闻%') OR (`content` LIKE '%新闻%') ) LIMIT 1   [ RunTime:0.000596s ]
SQL: SELECT * FROM `web_news` WHERE ( (`title` LIKE '%新闻%') OR (`content` LIKE '%新闻%') ) ORDER BY time desc LIMIT 0,7   [ RunTime:0.000572s ]
INFO: [ view_parse ] --START--
INFO: ParseTemplate Behavior ::run [ RunTime:0.013691s ]
INFO: [ view_parse ] --END-- [ RunTime:0.013824s ]
INFO: [ view_filter ] --START--
INFO: ContentReplace Behavior ::run [ RunTime:0.000506s ]
INFO: TokenBuild Behavior ::run [ RunTime:0.000457s ]
INFO: WriteHtmlCache Behavior ::run [ RunTime:0.000486s ]
INFO: ShowRuntime Behavior ::run [ RunTime:0.000556s ]
INFO: [ view_filter ] --END-- [ RunTime:0.002310s ]
INFO: [ view_end ] --START--
INFO: ShowPageTrace Behavior ::run [ RunTime:0.000607s ]
INFO: [ view_end ] --END-- [ RunTime:0.000714s ]

[ 2016-05-17T00:12:09+08:00 ] 127.0.0.1 /cafuc/index.php/Index/Index/index.html
INFO: [ route_check ] --START--
INFO: CheckRoute Behavior ::run [ RunTime:0.000830s ]
INFO: [ route_check ] --END-- [ RunTime:0.000981s ]
INFO: [ app_begin ] --START--
INFO: ReadHtmlCache Behavior ::run [ RunTime:0.000695s ]
INFO: [ app_begin ] --END-- [ RunTime:0.000842s ]
SQL: SHOW COLUMNS FROM `web_news` [ RunTime:0.003748s ]
SQL: SELECT * FROM `web_news` ORDER BY time desc LIMIT 8   [ RunTime:0.000877s ]
INFO: [ view_parse ] --START--
INFO: ParseTemplate Behavior ::run [ RunTime:0.018971s ]
INFO: [ view_parse ] --END-- [ RunTime:0.019268s ]
INFO: [ view_filter ] --START--
INFO: ContentReplace Behavior ::run [ RunTime:0.000844s ]
INFO: TokenBuild Behavior ::run [ RunTime:0.000511s ]
INFO: WriteHtmlCache Behavior ::run [ RunTime:0.000512s ]
INFO: ShowRuntime Behavior ::run [ RunTime:0.000600s ]
INFO: [ view_filter ] --END-- [ RunTime:0.002813s ]
INFO: [ view_end ] --START--
INFO: ShowPageTrace Behavior ::run [ RunTime:0.000708s ]
INFO: [ view_end ] --END-- [ RunTime:0.000832s ]

[ 2016-05-17T00:12:09+08:00 ] 127.0.0.1 /cafuc/index.php/Admin/Login/verify.html
INFO: [ route_check ] --START--
INFO: CheckRoute Behavior ::run [ RunTime:0.000863s ]
INFO: [ route_check ] --END-- [ RunTime:0.001006s ]
INFO: [ app_begin ] --START--
INFO: ReadHtmlCache Behavior ::run [ RunTime:0.000642s ]
INFO: [ app_begin ] --END-- [ RunTime:0.000789s ]

[ 2016-05-17T00:12:13+08:00 ] 127.0.0.1 /cafuc/index.php/Index/Index/search.html
INFO: [ route_check ] --START--
INFO: CheckRoute Behavior ::run [ RunTime:0.001412s ]
INFO: [ route_check ] --END-- [ RunTime:0.001649s ]
INFO: [ app_begin ] --START--
INFO: ReadHtmlCache Behavior ::run [ RunTime:0.001154s ]
INFO: [ app_begin ] --END-- [ RunTime:0.001402s ]
SQL: SHOW COLUMNS FROM `web_news` [ RunTime:0.003512s ]
SQL: SELECT COUNT(*) AS tp_count FROM `web_news` WHERE ( (`title` LIKE '%一次%') OR (`content` LIKE '%一次%') ) LIMIT 1   [ RunTime:0.000543s ]
SQL: SELECT * FROM `web_news` WHERE ( (`title` LIKE '%一次%') OR (`content` LIKE '%一次%') ) ORDER BY time desc LIMIT 0,7   [ RunTime:0.000603s ]
INFO: [ view_parse ] --START--
NOTIC: [8] Undefined variable: no D:\wamp\www\cafuc\Index\Runtime\Cache\Index\2f3daf11cacfa72aace3c71574f25441.php 第 98 行.
INFO: ParseTemplate Behavior ::run [ RunTime:0.013559s ]
INFO: [ view_parse ] --END-- [ RunTime:0.013715s ]
INFO: [ view_filter ] --START--
INFO: ContentReplace Behavior ::run [ RunTime:0.000627s ]
INFO: TokenBuild Behavior ::run [ RunTime:0.000463s ]
INFO: WriteHtmlCache Behavior ::run [ RunTime:0.000486s ]
INFO: ShowRuntime Behavior ::run [ RunTime:0.000580s ]
INFO: [ view_filter ] --END-- [ RunTime:0.002485s ]
INFO: [ view_end ] --START--
INFO: ShowPageTrace Behavior ::run [ RunTime:0.000610s ]
INFO: [ view_end ] --END-- [ RunTime:0.000746s ]

[ 2016-05-17T00:12:21+08:00 ] 127.0.0.1 /cafuc/index.php/Index/Index/search.html
INFO: [ route_check ] --START--
INFO: CheckRoute Behavior ::run [ RunTime:0.001367s ]
INFO: [ route_check ] --END-- [ RunTime:0.001601s ]
INFO: [ app_begin ] --START--
INFO: ReadHtmlCache Behavior ::run [ RunTime:0.001274s ]
INFO: [ app_begin ] --END-- [ RunTime:0.001525s ]
SQL: SHOW COLUMNS FROM `web_news` [ RunTime:0.003767s ]
SQL: SELECT COUNT(*) AS tp_count FROM `web_news` WHERE ( (`title` LIKE '%两次%') OR (`content` LIKE '%两次%') ) LIMIT 1   [ RunTime:0.000682s ]
SQL: SELECT * FROM `web_news` WHERE ( (`title` LIKE '%两次%') OR (`content` LIKE '%两次%') ) ORDER BY time desc LIMIT 0,7   [ RunTime:0.000543s ]
INFO: [ view_parse ] --START--
INFO: ParseTemplate Behavior ::run [ RunTime:0.012804s ]
INFO: [ view_parse ] --END-- [ RunTime:0.012937s ]
INFO: [ view_filter ] --START--
INFO: ContentReplace Behavior ::run [ RunTime:0.000496s ]
INFO: TokenBuild Behavior ::run [ RunTime:0.000453s ]
INFO: WriteHtmlCache Behavior ::run [ RunTime:0.000486s ]
INFO: ShowRuntime Behavior ::run [ RunTime:0.000577s ]
INFO: [ view_filter ] --END-- [ RunTime:0.002323s ]
INFO: [ view_end ] --START--
INFO: ShowPageTrace Behavior ::run [ RunTime:0.000687s ]
INFO: [ view_end ] --END-- [ RunTime:0.000813s ]

[ 2016-05-17T00:12:26+08:00 ] 127.0.0.1 /cafuc/index.php/Index/Index/index.html
INFO: [ route_check ] --START--
INFO: CheckRoute Behavior ::run [ RunTime:0.001457s ]
INFO: [ route_check ] --END-- [ RunTime:0.001708s ]
INFO: [ app_begin ] --START--
INFO: ReadHtmlCache Behavior ::run [ RunTime:0.001132s ]
INFO: [ app_begin ] --END-- [ RunTime:0.001377s ]
SQL: SHOW COLUMNS FROM `web_news` [ RunTime:0.003654s ]
SQL: SELECT * FROM `web_news` ORDER BY time desc LIMIT 8   [ RunTime:0.000699s ]
INFO: [ view_parse ] --START--
INFO: ParseTemplate Behavior ::run [ RunTime:0.018385s ]
INFO: [ view_parse ] --END-- [ RunTime:0.018529s ]
INFO: [ view_filter ] --START--
INFO: ContentReplace Behavior ::run [ RunTime:0.000593s ]
INFO: TokenBuild Behavior ::run [ RunTime:0.000490s ]
INFO: WriteHtmlCache Behavior ::run [ RunTime:0.000577s ]
INFO: ShowRuntime Behavior ::run [ RunTime:0.000692s ]
INFO: [ view_filter ] --END-- [ RunTime:0.002701s ]
INFO: [ view_end ] --START--
INFO: ShowPageTrace Behavior ::run [ RunTime:0.000640s ]
INFO: [ view_end ] --END-- [ RunTime:0.000747s ]

[ 2016-05-17T00:12:26+08:00 ] 127.0.0.1 /cafuc/index.php/Admin/Login/verify.html
INFO: [ route_check ] --START--
INFO: CheckRoute Behavior ::run [ RunTime:0.000841s ]
INFO: [ route_check ] --END-- [ RunTime:0.001017s ]
INFO: [ app_begin ] --START--
INFO: ReadHtmlCache Behavior ::run [ RunTime:0.000641s ]
INFO: [ app_begin ] --END-- [ RunTime:0.000807s ]

[ 2016-05-17T00:12:28+08:00 ] 127.0.0.1 /cafuc/index.php/Index/Index/search.html
INFO: [ route_check ] --START--
INFO: CheckRoute Behavior ::run [ RunTime:0.000786s ]
INFO: [ route_check ] --END-- [ RunTime:0.000922s ]
INFO: [ app_begin ] --START--
INFO: ReadHtmlCache Behavior ::run [ RunTime:0.000633s ]
INFO: [ app_begin ] --END-- [ RunTime:0.000787s ]
SQL: SHOW COLUMNS FROM `web_news` [ RunTime:0.004038s ]
SQL: SELECT COUNT(*) AS tp_count FROM `web_news` WHERE ( (`title` LIKE '%%') OR (`content` LIKE '%%') ) LIMIT 1   [ RunTime:0.000427s ]
SQL: SELECT * FROM `web_news` WHERE ( (`title` LIKE '%%') OR (`content` LIKE '%%') ) ORDER BY time desc LIMIT 0,7   [ RunTime:0.000506s ]
INFO: [ view_parse ] --START--
INFO: ParseTemplate Behavior ::run [ RunTime:0.013323s ]
INFO: [ view_parse ] --END-- [ RunTime:0.013505s ]
INFO: [ view_filter ] --START--
INFO: ContentReplace Behavior ::run [ RunTime:0.000661s ]
INFO: TokenBuild Behavior ::run [ RunTime:0.000470s ]
INFO: WriteHtmlCache Behavior ::run [ RunTime:0.000503s ]
INFO: ShowRuntime Behavior ::run [ RunTime:0.000555s ]
INFO: [ view_filter ] --END-- [ RunTime:0.002545s ]
INFO: [ view_end ] --START--
INFO: ShowPageTrace Behavior ::run [ RunTime:0.000605s ]
INFO: [ view_end ] --END-- [ RunTime:0.000712s ]

[ 2016-05-17T00:12:51+08:00 ] 127.0.0.1 /cafuc/index.php/Index/Index/index.html
INFO: [ route_check ] --START--
INFO: CheckRoute Behavior ::run [ RunTime:0.002737s ]
INFO: [ route_check ] --END-- [ RunTime:0.002963s ]
INFO: [ app_begin ] --START--
INFO: ReadHtmlCache Behavior ::run [ RunTime:0.001404s ]
INFO: [ app_begin ] --END-- [ RunTime:0.001672s ]
SQL: SHOW COLUMNS FROM `web_news` [ RunTime:0.004630s ]
SQL: SELECT * FROM `web_news` ORDER BY time desc LIMIT 8   [ RunTime:0.000877s ]
INFO: [ view_parse ] --START--
INFO: ParseTemplate Behavior ::run [ RunTime:0.027656s ]
INFO: [ view_parse ] --END-- [ RunTime:0.027799s ]
INFO: [ view_filter ] --START--
INFO: ContentReplace Behavior ::run [ RunTime:0.000777s ]
INFO: TokenBuild Behavior ::run [ RunTime:0.000581s ]
INFO: WriteHtmlCache Behavior ::run [ RunTime:0.000420s ]
INFO: ShowRuntime Behavior ::run [ RunTime:0.000689s ]
INFO: [ view_filter ] --END-- [ RunTime:0.002770s ]
INFO: [ view_end ] --START--
INFO: ShowPageTrace Behavior ::run [ RunTime:0.000718s ]
INFO: [ view_end ] --END-- [ RunTime:0.000824s ]

[ 2016-05-17T00:12:52+08:00 ] 127.0.0.1 /cafuc/index.php/Admin/Login/verify.html
INFO: [ route_check ] --START--
INFO: CheckRoute Behavior ::run [ RunTime:0.001073s ]
INFO: [ route_check ] --END-- [ RunTime:0.001255s ]
INFO: [ app_begin ] --START--
INFO: ReadHtmlCache Behavior ::run [ RunTime:0.000631s ]
INFO: [ app_begin ] --END-- [ RunTime:0.000796s ]

[ 2016-05-17T00:13:13+08:00 ] 127.0.0.1 /cafuc/index.php/Index/Index/index.html
INFO: [ route_check ] --START--
INFO: CheckRoute Behavior ::run [ RunTime:0.001485s ]
INFO: [ route_check ] --END-- [ RunTime:0.001747s ]
INFO: [ app_begin ] --START--
INFO: ReadHtmlCache Behavior ::run [ RunTime:0.001159s ]
INFO: [ app_begin ] --END-- [ RunTime:0.001406s ]
SQL: SHOW COLUMNS FROM `web_news` [ RunTime:0.003954s ]
SQL: SELECT * FROM `web_news` ORDER BY time desc LIMIT 8   [ RunTime:0.000638s ]
INFO: [ view_parse ] --START--
INFO: ParseTemplate Behavior ::run [ RunTime:0.020105s ]
INFO: [ view_parse ] --END-- [ RunTime:0.020243s ]
INFO: [ view_filter ] --START--
INFO: ContentReplace Behavior ::run [ RunTime:0.000636s ]
INFO: TokenBuild Behavior ::run [ RunTime:0.000511s ]
INFO: WriteHtmlCache Behavior ::run [ RunTime:0.000319s ]
INFO: ShowRuntime Behavior ::run [ RunTime:0.000573s ]
INFO: [ view_filter ] --END-- [ RunTime:0.002346s ]
INFO: [ view_end ] --START--
INFO: ShowPageTrace Behavior ::run [ RunTime:0.000610s ]
INFO: [ view_end ] --END-- [ RunTime:0.000719s ]

[ 2016-05-17T00:13:13+08:00 ] 127.0.0.1 /cafuc/index.php/Admin/Login/verify.html
INFO: [ route_check ] --START--
INFO: CheckRoute Behavior ::run [ RunTime:0.002784s ]
INFO: [ route_check ] --END-- [ RunTime:0.003058s ]
INFO: [ app_begin ] --START--
INFO: ReadHtmlCache Behavior ::run [ RunTime:0.001187s ]
INFO: [ app_begin ] --END-- [ RunTime:0.001429s ]

[ 2016-05-17T00:13:16+08:00 ] 127.0.0.1 /cafuc/index.php/Index/Index/search.html
INFO: [ route_check ] --START--
INFO: CheckRoute Behavior ::run [ RunTime:0.001259s ]
INFO: [ route_check ] --END-- [ RunTime:0.001425s ]
INFO: [ app_begin ] --START--
INFO: ReadHtmlCache Behavior ::run [ RunTime:0.000897s ]
INFO: [ app_begin ] --END-- [ RunTime:0.001056s ]
SQL: SHOW COLUMNS FROM `web_news` [ RunTime:0.004296s ]
SQL: SELECT COUNT(*) AS tp_count FROM `web_news` WHERE ( (`title` LIKE '%%') OR (`content` LIKE '%%') ) LIMIT 1   [ RunTime:0.000427s ]
SQL: SELECT * FROM `web_news` WHERE ( (`title` LIKE '%%') OR (`content` LIKE '%%') ) ORDER BY time desc LIMIT 0,7   [ RunTime:0.000626s ]
INFO: [ view_parse ] --START--
INFO: ParseTemplate Behavior ::run [ RunTime:0.017362s ]
INFO: [ view_parse ] --END-- [ RunTime:0.017530s ]
INFO: [ view_filter ] --START--
INFO: ContentReplace Behavior ::run [ RunTime:0.000896s ]
INFO: TokenBuild Behavior ::run [ RunTime:0.000792s ]
INFO: WriteHtmlCache Behavior ::run [ RunTime:0.000535s ]
INFO: ShowRuntime Behavior ::run [ RunTime:0.000837s ]
INFO: [ view_filter ] --END-- [ RunTime:0.003460s ]
INFO: [ view_end ] --START--
INFO: ShowPageTrace Behavior ::run [ RunTime:0.000945s ]
INFO: [ view_end ] --END-- [ RunTime:0.001086s ]

[ 2016-05-17T00:13:20+08:00 ] 127.0.0.1 /cafuc/index.php/Index/Index/search/p/2.html
INFO: [ route_check ] --START--
INFO: CheckRoute Behavior ::run [ RunTime:0.001578s ]
INFO: [ route_check ] --END-- [ RunTime:0.001832s ]
INFO: [ app_begin ] --START--
INFO: ReadHtmlCache Behavior ::run [ RunTime:0.001107s ]
INFO: [ app_begin ] --END-- [ RunTime:0.001345s ]
NOTIC: [8] Undefined index: search D:\wamp\www\cafuc\Index\Lib\Action\Index\IndexAction.class.php 第 76 行.
SQL: SHOW COLUMNS FROM `web_news` [ RunTime:0.003491s ]
SQL: SELECT COUNT(*) AS tp_count FROM `web_news` WHERE ( (`title` LIKE '%%') OR (`content` LIKE '%%') ) LIMIT 1   [ RunTime:0.000376s ]
SQL: SELECT * FROM `web_news` WHERE ( (`title` LIKE '%%') OR (`content` LIKE '%%') ) ORDER BY time desc LIMIT 7,7   [ RunTime:0.000726s ]
INFO: [ view_parse ] --START--
INFO: ParseTemplate Behavior ::run [ RunTime:0.013205s ]
INFO: [ view_parse ] --END-- [ RunTime:0.013351s ]
INFO: [ view_filter ] --START--
INFO: ContentReplace Behavior ::run [ RunTime:0.000514s ]
INFO: TokenBuild Behavior ::run [ RunTime:0.000455s ]
INFO: WriteHtmlCache Behavior ::run [ RunTime:0.000313s ]
INFO: ShowRuntime Behavior ::run [ RunTime:0.000545s ]
INFO: [ view_filter ] --END-- [ RunTime:0.002128s ]
INFO: [ view_end ] --START--
INFO: ShowPageTrace Behavior ::run [ RunTime:0.000641s ]
INFO: [ view_end ] --END-- [ RunTime:0.000752s ]

[ 2016-05-17T00:13:22+08:00 ] 127.0.0.1 /cafuc/index.php/Index/Index/search/p/1.html
INFO: [ route_check ] --START--
INFO: CheckRoute Behavior ::run [ RunTime:0.001874s ]
INFO: [ route_check ] --END-- [ RunTime:0.002197s ]
INFO: [ app_begin ] --START--
INFO: ReadHtmlCache Behavior ::run [ RunTime:0.000996s ]
INFO: [ app_begin ] --END-- [ RunTime:0.001175s ]
NOTIC: [8] Undefined index: search D:\wamp\www\cafuc\Index\Lib\Action\Index\IndexAction.class.php 第 76 行.
SQL: SHOW COLUMNS FROM `web_news` [ RunTime:0.004900s ]
SQL: SELECT COUNT(*) AS tp_count FROM `web_news` WHERE ( (`title` LIKE '%%') OR (`content` LIKE '%%') ) LIMIT 1   [ RunTime:0.000450s ]
SQL: SELECT * FROM `web_news` WHERE ( (`title` LIKE '%%') OR (`content` LIKE '%%') ) ORDER BY time desc LIMIT 0,7   [ RunTime:0.001339s ]
INFO: [ view_parse ] --START--
INFO: ParseTemplate Behavior ::run [ RunTime:0.018995s ]
INFO: [ view_parse ] --END-- [ RunTime:0.019175s ]
INFO: [ view_filter ] --START--
INFO: ContentReplace Behavior ::run [ RunTime:0.000745s ]
INFO: TokenBuild Behavior ::run [ RunTime:0.000668s ]
INFO: WriteHtmlCache Behavior ::run [ RunTime:0.000535s ]
INFO: ShowRuntime Behavior ::run [ RunTime:0.000809s ]
INFO: [ view_filter ] --END-- [ RunTime:0.003241s ]
INFO: [ view_end ] --START--
INFO: ShowPageTrace Behavior ::run [ RunTime:0.000987s ]
INFO: [ view_end ] --END-- [ RunTime:0.001143s ]

[ 2016-05-17T00:13:48+08:00 ] 127.0.0.1 /cafuc/index.php/Index/Index/search/p/1.html
INFO: [ route_check ] --START--
INFO: CheckRoute Behavior ::run [ RunTime:0.001116s ]
INFO: [ route_check ] --END-- [ RunTime:0.001308s ]
INFO: [ app_begin ] --START--
INFO: ReadHtmlCache Behavior ::run [ RunTime:0.000864s ]
INFO: [ app_begin ] --END-- [ RunTime:0.001047s ]
NOTIC: [8] Undefined index: search D:\wamp\www\cafuc\Index\Lib\Action\Index\IndexAction.class.php 第 76 行.
SQL: SHOW COLUMNS FROM `web_news` [ RunTime:0.004327s ]
SQL: SELECT COUNT(*) AS tp_count FROM `web_news` WHERE ( (`title` LIKE '%%') OR (`content` LIKE '%%') ) LIMIT 1   [ RunTime:0.000627s ]
SQL: SELECT * FROM `web_news` WHERE ( (`title` LIKE '%%') OR (`content` LIKE '%%') ) ORDER BY time desc LIMIT 0,7   [ RunTime:0.000698s ]

[ 2016-05-17T00:13:58+08:00 ] 127.0.0.1 /cafuc/index.php/Index/Index/search/p/2.html
INFO: [ route_check ] --START--
INFO: CheckRoute Behavior ::run [ RunTime:0.000787s ]
INFO: [ route_check ] --END-- [ RunTime:0.000925s ]
INFO: [ app_begin ] --START--
INFO: ReadHtmlCache Behavior ::run [ RunTime:0.000647s ]
INFO: [ app_begin ] --END-- [ RunTime:0.000787s ]
NOTIC: [8] Undefined index: search D:\wamp\www\cafuc\Index\Lib\Action\Index\IndexAction.class.php 第 76 行.
SQL: SHOW COLUMNS FROM `web_news` [ RunTime:0.010527s ]
SQL: SELECT COUNT(*) AS tp_count FROM `web_news` WHERE ( (`title` LIKE '%%') OR (`content` LIKE '%%') ) LIMIT 1   [ RunTime:0.000911s ]
SQL: SELECT * FROM `web_news` WHERE ( (`title` LIKE '%%') OR (`content` LIKE '%%') ) ORDER BY time desc LIMIT 7,7   [ RunTime:0.001235s ]

[ 2016-05-17T00:14:03+08:00 ] 127.0.0.1 /cafuc/index.php/Index/Index/index.html
INFO: [ route_check ] --START--
INFO: CheckRoute Behavior ::run [ RunTime:0.001920s ]
INFO: [ route_check ] --END-- [ RunTime:0.002174s ]
INFO: [ app_begin ] --START--
INFO: ReadHtmlCache Behavior ::run [ RunTime:0.001164s ]
INFO: [ app_begin ] --END-- [ RunTime:0.001413s ]
SQL: SHOW COLUMNS FROM `web_news` [ RunTime:0.003518s ]
SQL: SELECT * FROM `web_news` ORDER BY time desc LIMIT 8   [ RunTime:0.000605s ]
INFO: [ view_parse ] --START--
INFO: ParseTemplate Behavior ::run [ RunTime:0.018716s ]
INFO: [ view_parse ] --END-- [ RunTime:0.018859s ]
INFO: [ view_filter ] --START--
INFO: ContentReplace Behavior ::run [ RunTime:0.000573s ]
INFO: TokenBuild Behavior ::run [ RunTime:0.000465s ]
INFO: WriteHtmlCache Behavior ::run [ RunTime:0.000316s ]
INFO: ShowRuntime Behavior ::run [ RunTime:0.000574s ]
INFO: [ view_filter ] --END-- [ RunTime:0.002231s ]
INFO: [ view_end ] --START--
INFO: ShowPageTrace Behavior ::run [ RunTime:0.000658s ]
INFO: [ view_end ] --END-- [ RunTime:0.000771s ]

[ 2016-05-17T00:14:03+08:00 ] 127.0.0.1 /cafuc/index.php/Admin/Login/verify.html
INFO: [ route_check ] --START--
INFO: CheckRoute Behavior ::run [ RunTime:0.001417s ]
INFO: [ route_check ] --END-- [ RunTime:0.001655s ]
INFO: [ app_begin ] --START--
INFO: ReadHtmlCache Behavior ::run [ RunTime:0.001184s ]
INFO: [ app_begin ] --END-- [ RunTime:0.001432s ]

[ 2016-05-17T00:14:04+08:00 ] 127.0.0.1 /cafuc/index.php/Index/Index/search.html
INFO: [ route_check ] --START--
INFO: CheckRoute Behavior ::run [ RunTime:0.001537s ]
INFO: [ route_check ] --END-- [ RunTime:0.001781s ]
INFO: [ app_begin ] --START--
INFO: ReadHtmlCache Behavior ::run [ RunTime:0.001170s ]
INFO: [ app_begin ] --END-- [ RunTime:0.001509s ]
SQL: SHOW COLUMNS FROM `web_news` [ RunTime:0.005969s ]
SQL: SELECT COUNT(*) AS tp_count FROM `web_news` WHERE ( (`title` LIKE '%%') OR (`content` LIKE '%%') ) LIMIT 1   [ RunTime:0.000837s ]
SQL: SELECT * FROM `web_news` WHERE ( (`title` LIKE '%%') OR (`content` LIKE '%%') ) ORDER BY time desc LIMIT 0,7   [ RunTime:0.000839s ]

[ 2016-05-17T00:14:48+08:00 ] 127.0.0.1 /cafuc/index.php/Index/Index/search.html
INFO: [ route_check ] --START--
INFO: CheckRoute Behavior ::run [ RunTime:0.001491s ]
INFO: [ route_check ] --END-- [ RunTime:0.001747s ]
INFO: [ app_begin ] --START--
INFO: ReadHtmlCache Behavior ::run [ RunTime:0.001123s ]
INFO: [ app_begin ] --END-- [ RunTime:0.001358s ]
SQL: SHOW COLUMNS FROM `web_news` [ RunTime:0.006656s ]
SQL: SELECT COUNT(*) AS tp_count FROM `web_news` WHERE ( (`title` LIKE '%%') OR (`content` LIKE '%%') ) LIMIT 1   [ RunTime:0.000692s ]
SQL: SELECT * FROM `web_news` WHERE ( (`title` LIKE '%%') OR (`content` LIKE '%%') ) ORDER BY time desc LIMIT 0,7   [ RunTime:0.001156s ]
INFO: [ view_parse ] --START--
NOTIC: [8] Undefined variable: page D:\wamp\www\cafuc\Index\Runtime\Cache\Index\2f3daf11cacfa72aace3c71574f25441.php 第 146 行.
INFO: ParseTemplate Behavior ::run [ RunTime:0.023239s ]
INFO: [ view_parse ] --END-- [ RunTime:0.023467s ]
INFO: [ view_filter ] --START--
INFO: ContentReplace Behavior ::run [ RunTime:0.000863s ]
INFO: TokenBuild Behavior ::run [ RunTime:0.000803s ]
INFO: WriteHtmlCache Behavior ::run [ RunTime:0.000560s ]
INFO: ShowRuntime Behavior ::run [ RunTime:0.001003s ]
INFO: [ view_filter ] --END-- [ RunTime:0.003770s ]
INFO: [ view_end ] --START--
INFO: ShowPageTrace Behavior ::run [ RunTime:0.001086s ]
INFO: [ view_end ] --END-- [ RunTime:0.001278s ]

[ 2016-05-17T00:15:55+08:00 ] 127.0.0.1 /cafuc/index.php/Index/Index/search.html
INFO: [ route_check ] --START--
INFO: CheckRoute Behavior ::run [ RunTime:0.001711s ]
INFO: [ route_check ] --END-- [ RunTime:0.001941s ]
INFO: [ app_begin ] --START--
INFO: ReadHtmlCache Behavior ::run [ RunTime:0.001043s ]
INFO: [ app_begin ] --END-- [ RunTime:0.001235s ]
SQL: SHOW COLUMNS FROM `web_news` [ RunTime:0.004178s ]
SQL: SELECT COUNT(*) AS tp_count FROM `web_news` WHERE ( (`title` LIKE '%%') OR (`content` LIKE '%%') ) LIMIT 1   [ RunTime:0.000798s ]
SQL: SELECT * FROM `web_news` WHERE ( (`title` LIKE '%%') OR (`content` LIKE '%%') ) ORDER BY time desc LIMIT 0,7   [ RunTime:0.000940s ]
INFO: [ view_parse ] --START--
NOTIC: [8] Undefined variable: page D:\wamp\www\cafuc\Index\Runtime\Cache\Index\2f3daf11cacfa72aace3c71574f25441.php 第 146 行.
INFO: ParseTemplate Behavior ::run [ RunTime:0.014432s ]
INFO: [ view_parse ] --END-- [ RunTime:0.014563s ]
INFO: [ view_filter ] --START--
INFO: ContentReplace Behavior ::run [ RunTime:0.000834s ]
INFO: TokenBuild Behavior ::run [ RunTime:0.000709s ]
INFO: WriteHtmlCache Behavior ::run [ RunTime:0.000576s ]
INFO: ShowRuntime Behavior ::run [ RunTime:0.000671s ]
INFO: [ view_filter ] --END-- [ RunTime:0.003136s ]
INFO: [ view_end ] --START--
INFO: ShowPageTrace Behavior ::run [ RunTime:0.000722s ]
INFO: [ view_end ] --END-- [ RunTime:0.000830s ]

[ 2016-05-17T00:16:04+08:00 ] 127.0.0.1 /cafuc/index.php/Index/Index/search.html
INFO: [ route_check ] --START--
INFO: CheckRoute Behavior ::run [ RunTime:0.001520s ]
INFO: [ route_check ] --END-- [ RunTime:0.001723s ]
INFO: [ app_begin ] --START--
INFO: ReadHtmlCache Behavior ::run [ RunTime:0.001052s ]
INFO: [ app_begin ] --END-- [ RunTime:0.001248s ]
SQL: SHOW COLUMNS FROM `web_news` [ RunTime:0.003435s ]
SQL: SELECT COUNT(*) AS tp_count FROM `web_news` WHERE ( (`title` LIKE '%%') OR (`content` LIKE '%%') ) LIMIT 1   [ RunTime:0.000394s ]
SQL: SELECT * FROM `web_news` WHERE ( (`title` LIKE '%%') OR (`content` LIKE '%%') ) ORDER BY time desc LIMIT 0,7   [ RunTime:0.000546s ]
INFO: [ view_parse ] --START--
NOTIC: [8] Undefined variable: page D:\wamp\www\cafuc\Index\Runtime\Cache\Index\2f3daf11cacfa72aace3c71574f25441.php 第 146 行.
INFO: ParseTemplate Behavior ::run [ RunTime:0.014564s ]
INFO: [ view_parse ] --END-- [ RunTime:0.014690s ]
INFO: [ view_filter ] --START--
INFO: ContentReplace Behavior ::run [ RunTime:0.000638s ]
INFO: TokenBuild Behavior ::run [ RunTime:0.000568s ]
INFO: WriteHtmlCache Behavior ::run [ RunTime:0.000422s ]
INFO: ShowRuntime Behavior ::run [ RunTime:0.000661s ]
INFO: [ view_filter ] --END-- [ RunTime:0.002592s ]
INFO: [ view_end ] --START--
INFO: ShowPageTrace Behavior ::run [ RunTime:0.000746s ]
INFO: [ view_end ] --END-- [ RunTime:0.000852s ]

[ 2016-05-17T00:16:20+08:00 ] 127.0.0.1 /cafuc/index.php/Index/Index/search.html
INFO: [ route_check ] --START--
INFO: CheckRoute Behavior ::run [ RunTime:0.001820s ]
INFO: [ route_check ] --END-- [ RunTime:0.002061s ]
INFO: [ app_begin ] --START--
INFO: ReadHtmlCache Behavior ::run [ RunTime:0.001383s ]
INFO: [ app_begin ] --END-- [ RunTime:0.001640s ]
SQL: SHOW COLUMNS FROM `web_news` [ RunTime:0.003758s ]
SQL: SELECT COUNT(*) AS tp_count FROM `web_news` WHERE ( (`title` LIKE '%%') OR (`content` LIKE '%%') ) LIMIT 1   [ RunTime:0.000372s ]
SQL: SELECT * FROM `web_news` WHERE ( (`title` LIKE '%%') OR (`content` LIKE '%%') ) ORDER BY time desc LIMIT 0,7   [ RunTime:0.000632s ]
INFO: [ view_parse ] --START--
NOTIC: [8] Undefined variable: page D:\wamp\www\cafuc\Index\Runtime\Cache\Index\2f3daf11cacfa72aace3c71574f25441.php 第 146 行.
INFO: ParseTemplate Behavior ::run [ RunTime:0.014666s ]
INFO: [ view_parse ] --END-- [ RunTime:0.014836s ]
INFO: [ view_filter ] --START--
INFO: ContentReplace Behavior ::run [ RunTime:0.000646s ]
INFO: TokenBuild Behavior ::run [ RunTime:0.000615s ]
INFO: WriteHtmlCache Behavior ::run [ RunTime:0.000677s ]
INFO: ShowRuntime Behavior ::run [ RunTime:0.000830s ]
INFO: [ view_filter ] --END-- [ RunTime:0.003151s ]
INFO: [ view_end ] --START--
INFO: ShowPageTrace Behavior ::run [ RunTime:0.000920s ]
INFO: [ view_end ] --END-- [ RunTime:0.001055s ]

[ 2016-05-17T00:16:27+08:00 ] 127.0.0.1 /cafuc/index.php/Index/Index/search.html
INFO: [ route_check ] --START--
INFO: CheckRoute Behavior ::run [ RunTime:0.001900s ]
INFO: [ route_check ] --END-- [ RunTime:0.002144s ]
INFO: [ app_begin ] --START--
INFO: ReadHtmlCache Behavior ::run [ RunTime:0.001480s ]
INFO: [ app_begin ] --END-- [ RunTime:0.001745s ]
SQL: SHOW COLUMNS FROM `web_news` [ RunTime:0.003497s ]
SQL: SELECT COUNT(*) AS tp_count FROM `web_news` WHERE ( (`title` LIKE '%%') OR (`content` LIKE '%%') ) LIMIT 1   [ RunTime:0.000624s ]
SQL: SELECT * FROM `web_news` WHERE ( (`title` LIKE '%%') OR (`content` LIKE '%%') ) ORDER BY time desc LIMIT 0,7   [ RunTime:0.000896s ]
INFO: [ view_parse ] --START--
NOTIC: [8] Undefined variable: page D:\wamp\www\cafuc\Index\Runtime\Cache\Index\2f3daf11cacfa72aace3c71574f25441.php 第 146 行.
INFO: ParseTemplate Behavior ::run [ RunTime:0.013757s ]
INFO: [ view_parse ] --END-- [ RunTime:0.013915s ]
INFO: [ view_filter ] --START--
INFO: ContentReplace Behavior ::run [ RunTime:0.000763s ]
INFO: TokenBuild Behavior ::run [ RunTime:0.000677s ]
INFO: WriteHtmlCache Behavior ::run [ RunTime:0.000488s ]
INFO: ShowRuntime Behavior ::run [ RunTime:0.000777s ]
INFO: [ view_filter ] --END-- [ RunTime:0.003060s ]
INFO: [ view_end ] --START--
INFO: ShowPageTrace Behavior ::run [ RunTime:0.000846s ]
INFO: [ view_end ] --END-- [ RunTime:0.000962s ]

[ 2016-05-17T00:16:34+08:00 ] 127.0.0.1 /cafuc/index.php/Index/Index/search.html
INFO: [ route_check ] --START--
INFO: CheckRoute Behavior ::run [ RunTime:0.001220s ]
INFO: [ route_check ] --END-- [ RunTime:0.001471s ]
INFO: [ app_begin ] --START--
INFO: ReadHtmlCache Behavior ::run [ RunTime:0.000867s ]
INFO: [ app_begin ] --END-- [ RunTime:0.001050s ]
SQL: SHOW COLUMNS FROM `web_news` [ RunTime:0.005083s ]
SQL: SELECT COUNT(*) AS tp_count FROM `web_news` WHERE ( (`title` LIKE '%%') OR (`content` LIKE '%%') ) LIMIT 1   [ RunTime:0.000813s ]
SQL: SELECT * FROM `web_news` WHERE ( (`title` LIKE '%%') OR (`content` LIKE '%%') ) ORDER BY time desc LIMIT 0,7   [ RunTime:0.001214s ]
INFO: [ view_parse ] --START--
NOTIC: [8] Undefined variable: page D:\wamp\www\cafuc\Index\Runtime\Cache\Index\2f3daf11cacfa72aace3c71574f25441.php 第 146 行.
INFO: ParseTemplate Behavior ::run [ RunTime:0.015031s ]
INFO: [ view_parse ] --END-- [ RunTime:0.015157s ]
INFO: [ view_filter ] --START--
INFO: ContentReplace Behavior ::run [ RunTime:0.000705s ]
INFO: TokenBuild Behavior ::run [ RunTime:0.000461s ]
INFO: WriteHtmlCache Behavior ::run [ RunTime:0.000474s ]
INFO: ShowRuntime Behavior ::run [ RunTime:0.000561s ]
INFO: [ view_filter ] --END-- [ RunTime:0.002502s ]
INFO: [ view_end ] --START--
INFO: ShowPageTrace Behavior ::run [ RunTime:0.000604s ]
INFO: [ view_end ] --END-- [ RunTime:0.000709s ]

[ 2016-05-17T00:16:57+08:00 ] 127.0.0.1 /cafuc/index.php/Index/Index/search.html
INFO: [ route_check ] --START--
INFO: CheckRoute Behavior ::run [ RunTime:0.001816s ]
INFO: [ route_check ] --END-- [ RunTime:0.002050s ]
INFO: [ app_begin ] --START--
INFO: ReadHtmlCache Behavior ::run [ RunTime:0.001383s ]
INFO: [ app_begin ] --END-- [ RunTime:0.001629s ]
SQL: SHOW COLUMNS FROM `web_news` [ RunTime:0.003995s ]
SQL: SELECT COUNT(*) AS tp_count FROM `web_news` WHERE ( (`title` LIKE '%id=id or 1=1%') OR (`content` LIKE '%id=id or 1=1%') ) LIMIT 1   [ RunTime:0.000579s ]
SQL: SELECT * FROM `web_news` WHERE ( (`title` LIKE '%id=id or 1=1%') OR (`content` LIKE '%id=id or 1=1%') ) ORDER BY time desc LIMIT 0,7   [ RunTime:0.000535s ]
INFO: [ view_parse ] --START--
NOTIC: [8] Undefined variable: page D:\wamp\www\cafuc\Index\Runtime\Cache\Index\2f3daf11cacfa72aace3c71574f25441.php 第 146 行.
INFO: ParseTemplate Behavior ::run [ RunTime:0.014858s ]
INFO: [ view_parse ] --END-- [ RunTime:0.014984s ]
INFO: [ view_filter ] --START--
INFO: ContentReplace Behavior ::run [ RunTime:0.000811s ]
INFO: TokenBuild Behavior ::run [ RunTime:0.000638s ]
INFO: WriteHtmlCache Behavior ::run [ RunTime:0.000514s ]
INFO: ShowRuntime Behavior ::run [ RunTime:0.000658s ]
INFO: [ view_filter ] --END-- [ RunTime:0.002943s ]
INFO: [ view_end ] --START--
INFO: ShowPageTrace Behavior ::run [ RunTime:0.000739s ]
INFO: [ view_end ] --END-- [ RunTime:0.000850s ]

[ 2016-05-17T00:17:00+08:00 ] 127.0.0.1 /cafuc/index.php/Index/Index/index.html
INFO: [ route_check ] --START--
INFO: CheckRoute Behavior ::run [ RunTime:0.001632s ]
INFO: [ route_check ] --END-- [ RunTime:0.001907s ]
INFO: [ app_begin ] --START--
INFO: ReadHtmlCache Behavior ::run [ RunTime:0.001109s ]
INFO: [ app_begin ] --END-- [ RunTime:0.001314s ]
SQL: SHOW COLUMNS FROM `web_news` [ RunTime:0.004279s ]
SQL: SELECT * FROM `web_news` ORDER BY time desc LIMIT 8   [ RunTime:0.000668s ]
INFO: [ view_parse ] --START--
INFO: ParseTemplate Behavior ::run [ RunTime:0.021073s ]
INFO: [ view_parse ] --END-- [ RunTime:0.021246s ]
INFO: [ view_filter ] --START--
INFO: ContentReplace Behavior ::run [ RunTime:0.000872s ]
INFO: TokenBuild Behavior ::run [ RunTime:0.000466s ]
INFO: WriteHtmlCache Behavior ::run [ RunTime:0.000495s ]
INFO: ShowRuntime Behavior ::run [ RunTime:0.000554s ]
INFO: [ view_filter ] --END-- [ RunTime:0.002694s ]
INFO: [ view_end ] --START--
INFO: ShowPageTrace Behavior ::run [ RunTime:0.000605s ]
INFO: [ view_end ] --END-- [ RunTime:0.000713s ]

[ 2016-05-17T00:17:00+08:00 ] 127.0.0.1 /cafuc/index.php/Admin/Login/verify.html
INFO: [ route_check ] --START--
INFO: CheckRoute Behavior ::run [ RunTime:0.001442s ]
INFO: [ route_check ] --END-- [ RunTime:0.001685s ]
INFO: [ app_begin ] --START--
INFO: ReadHtmlCache Behavior ::run [ RunTime:0.000785s ]
INFO: [ app_begin ] --END-- [ RunTime:0.000967s ]

[ 2016-05-17T00:17:08+08:00 ] 127.0.0.1 /cafuc/index.php/Index/Index/search.html
INFO: [ route_check ] --START--
INFO: CheckRoute Behavior ::run [ RunTime:0.001385s ]
INFO: [ route_check ] --END-- [ RunTime:0.001660s ]
INFO: [ app_begin ] --START--
INFO: ReadHtmlCache Behavior ::run [ RunTime:0.001104s ]
INFO: [ app_begin ] --END-- [ RunTime:0.001337s ]
SQL: SHOW COLUMNS FROM `web_news` [ RunTime:0.003688s ]
SQL: SELECT COUNT(*) AS tp_count FROM `web_news` WHERE ( (`title` LIKE '%本网%') OR (`content` LIKE '%本网%') ) LIMIT 1   [ RunTime:0.000360s ]
SQL: SELECT * FROM `web_news` WHERE ( (`title` LIKE '%本网%') OR (`content` LIKE '%本网%') ) ORDER BY time desc LIMIT 0,7   [ RunTime:0.000565s ]
INFO: [ view_parse ] --START--
NOTIC: [8] Undefined variable: no D:\wamp\www\cafuc\Index\Runtime\Cache\Index\2f3daf11cacfa72aace3c71574f25441.php 第 98 行.
INFO: ParseTemplate Behavior ::run [ RunTime:0.014459s ]
INFO: [ view_parse ] --END-- [ RunTime:0.014580s ]
INFO: [ view_filter ] --START--
INFO: ContentReplace Behavior ::run [ RunTime:0.000528s ]
INFO: TokenBuild Behavior ::run [ RunTime:0.000463s ]
INFO: WriteHtmlCache Behavior ::run [ RunTime:0.000482s ]
INFO: ShowRuntime Behavior ::run [ RunTime:0.000556s ]
INFO: [ view_filter ] --END-- [ RunTime:0.002326s ]
INFO: [ view_end ] --START--
INFO: ShowPageTrace Behavior ::run [ RunTime:0.000597s ]
INFO: [ view_end ] --END-- [ RunTime:0.000703s ]

[ 2016-05-17T00:18:05+08:00 ] 127.0.0.1 /cafuc/index.php
INFO: [ app_begin ] --START--
INFO: ReadHtmlCache Behavior ::run [ RunTime:0.000656s ]
INFO: [ app_begin ] --END-- [ RunTime:0.000790s ]
SQL: SHOW COLUMNS FROM `web_news` [ RunTime:0.003802s ]
SQL: SELECT * FROM `web_news` ORDER BY time desc LIMIT 8   [ RunTime:0.000534s ]
INFO: [ view_parse ] --START--
INFO: ParseTemplate Behavior ::run [ RunTime:0.018696s ]
INFO: [ view_parse ] --END-- [ RunTime:0.018834s ]
INFO: [ view_filter ] --START--
INFO: ContentReplace Behavior ::run [ RunTime:0.000699s ]
INFO: TokenBuild Behavior ::run [ RunTime:0.000480s ]
INFO: WriteHtmlCache Behavior ::run [ RunTime:0.000348s ]
INFO: ShowRuntime Behavior ::run [ RunTime:0.000566s ]
INFO: [ view_filter ] --END-- [ RunTime:0.002461s ]
INFO: [ view_end ] --START--
INFO: ShowPageTrace Behavior ::run [ RunTime:0.000692s ]
INFO: [ view_end ] --END-- [ RunTime:0.000798s ]

[ 2016-05-17T00:18:05+08:00 ] 127.0.0.1 /cafuc/index.php/Admin/Login/verify.html
INFO: [ route_check ] --START--
INFO: CheckRoute Behavior ::run [ RunTime:0.000941s ]
INFO: [ route_check ] --END-- [ RunTime:0.001112s ]
INFO: [ app_begin ] --START--
INFO: ReadHtmlCache Behavior ::run [ RunTime:0.000612s ]
INFO: [ app_begin ] --END-- [ RunTime:0.000758s ]

[ 2016-05-17T00:18:29+08:00 ] 127.0.0.1 /cafuc/index.php/Admin/Login/login.html
INFO: [ route_check ] --START--
INFO: CheckRoute Behavior ::run [ RunTime:0.002042s ]
INFO: [ route_check ] --END-- [ RunTime:0.002315s ]
INFO: [ app_begin ] --START--
INFO: ReadHtmlCache Behavior ::run [ RunTime:0.001492s ]
INFO: [ app_begin ] --END-- [ RunTime:0.001855s ]
SQL: SHOW COLUMNS FROM `web_users` [ RunTime:0.074128s ]
SQL: SELECT * FROM `web_users` WHERE ( `username` = 'admin' ) ORDER BY id desc LIMIT 1   [ RunTime:0.000774s ]
SQL: INSERT INTO `web_users` (`username`,`password`,`logintime`,`loginip`) VALUES ('admin','e10adc3949ba59abbe56e057f20f883e',1463415509,'127.0.0.1') [ RunTime:0.036045s ]
INFO: [ view_parse ] --START--
INFO: ParseTemplate Behavior ::run [ RunTime:0.017429s ]
INFO: [ view_parse ] --END-- [ RunTime:0.017845s ]
INFO: [ view_filter ] --START--
INFO: ContentReplace Behavior ::run [ RunTime:0.001549s ]
INFO: TokenBuild Behavior ::run [ RunTime:0.001414s ]
INFO: WriteHtmlCache Behavior ::run [ RunTime:0.000937s ]
INFO: ShowRuntime Behavior ::run [ RunTime:0.001419s ]
INFO: [ view_filter ] --END-- [ RunTime:0.006163s ]
INFO: [ view_end ] --START--
INFO: ShowPageTrace Behavior ::run [ RunTime:0.001321s ]
INFO: [ view_end ] --END-- [ RunTime:0.001509s ]

[ 2016-05-17T00:18:31+08:00 ] 127.0.0.1 /cafuc/index.php/Admin/Index/index.html
INFO: [ route_check ] --START--
INFO: CheckRoute Behavior ::run [ RunTime:0.002552s ]
INFO: [ route_check ] --END-- [ RunTime:0.003141s ]
INFO: [ app_begin ] --START--
INFO: ReadHtmlCache Behavior ::run [ RunTime:0.000872s ]
INFO: [ app_begin ] --END-- [ RunTime:0.001045s ]
INFO: [ view_parse ] --START--
INFO: ParseTemplate Behavior ::run [ RunTime:0.052864s ]
INFO: [ view_parse ] --END-- [ RunTime:0.053195s ]
INFO: [ view_filter ] --START--
INFO: ContentReplace Behavior ::run [ RunTime:0.007121s ]
INFO: TokenBuild Behavior ::run [ RunTime:0.001123s ]
INFO: WriteHtmlCache Behavior ::run [ RunTime:0.000715s ]
INFO: ShowRuntime Behavior ::run [ RunTime:0.000992s ]
INFO: [ view_filter ] --END-- [ RunTime:0.010632s ]
INFO: [ view_end ] --START--
INFO: ShowPageTrace Behavior ::run [ RunTime:0.000954s ]
INFO: [ view_end ] --END-- [ RunTime:0.001106s ]

[ 2016-05-17T00:18:33+08:00 ] 127.0.0.1 /cafuc/index.php/Admin/Index/upnews.html
INFO: [ route_check ] --START--
INFO: CheckRoute Behavior ::run [ RunTime:0.001825s ]
INFO: [ route_check ] --END-- [ RunTime:0.002096s ]
INFO: [ app_begin ] --START--
INFO: ReadHtmlCache Behavior ::run [ RunTime:0.001222s ]
INFO: [ app_begin ] --END-- [ RunTime:0.001453s ]
INFO: [ view_parse ] --START--
INFO: ParseTemplate Behavior ::run [ RunTime:0.013914s ]
INFO: [ view_parse ] --END-- [ RunTime:0.014103s ]
INFO: [ view_filter ] --START--
INFO: ContentReplace Behavior ::run [ RunTime:0.000590s ]
INFO: TokenBuild Behavior ::run [ RunTime:0.000471s ]
INFO: WriteHtmlCache Behavior ::run [ RunTime:0.000330s ]
INFO: ShowRuntime Behavior ::run [ RunTime:0.000589s ]
INFO: [ view_filter ] --END-- [ RunTime:0.002294s ]
INFO: [ view_end ] --START--
INFO: ShowPageTrace Behavior ::run [ RunTime:0.000682s ]
INFO: [ view_end ] --END-- [ RunTime:0.000796s ]

[ 2016-05-17T00:19:36+08:00 ] 127.0.0.1 /cafuc/index.php/Admin/Index/news_check.html
INFO: [ route_check ] --START--
INFO: CheckRoute Behavior ::run [ RunTime:0.000892s ]
INFO: [ route_check ] --END-- [ RunTime:0.001059s ]
INFO: [ app_begin ] --START--
INFO: ReadHtmlCache Behavior ::run [ RunTime:0.000573s ]
INFO: [ app_begin ] --END-- [ RunTime:0.000690s ]

[ 2016-05-17T00:20:14+08:00 ] 127.0.0.1 /cafuc/index.php/Admin/Index/news_check.html
INFO: [ route_check ] --START--
INFO: CheckRoute Behavior ::run [ RunTime:0.000971s ]
INFO: [ route_check ] --END-- [ RunTime:0.001162s ]
INFO: [ app_begin ] --START--
INFO: ReadHtmlCache Behavior ::run [ RunTime:0.000584s ]
INFO: [ app_begin ] --END-- [ RunTime:0.000705s ]
SQL: SHOW COLUMNS FROM `web_news` [ RunTime:0.004597s ]
SQL: INSERT INTO `web_news` (`title`,`content`,`partnews`,`source`,`author`,`imgname`,`imgpath`,`time`) VALUES ('明天会更好：中飞院师生与南部县中小学生搭起爱心之桥','本网讯 雷凌航 倪亮 摄影报道：一个来自南部县留守儿童的愿望，牵动了百里之外中飞院的心；一封由学校共青团发出的爱心倡议，得到了逾万名青年师生的真诚响应。近日，从蓝天上下汇集的爱心捐赠被传递到南部县长坪镇小学、南部县中学200多名特困学生手中。精准帮扶，心心相接，一座承载着爱与希望的桥梁跨越山壑，联通校地两端。\r\n\r\n4月中旬，学校团委向全校青年发出关爱南部县留守儿童、特困学子的倡议。一名来自长坪镇小学、叫做小贤的留守儿童的愿望在师生间迅速转发、传播——“每天十余里的求学路，早已让他唯一的布鞋不堪重负。小贤多么希望能拥有一双属于自己的白球鞋”。微小的愿望，无穷大的希望。两周时间内，各训练分院、二级学院、飞机修理厂等青年师生自发捐助的一份份爱心如江海汇集一处，似三秋归于一日。5月11日上午，在由我校援建的长坪镇小学，小贤以及其他40多名留守贫困儿童收到了来自中飞院师生们的温暖爱心。\r\n\r\n学校办公室副主任胡建华、组织部副部长陈绍荣、校团委书记邓红缨以及飞行技术学院、航空工程学院分团委书记代表所有募捐师生，表达了对孩子们的关心和祝愿：“南部县如画，同学们如花。人生莫惧少年贫。趁着青春正好，同学们一定要惜时如金，努力学习，拥抱生活，心向阳光，打好成功的基石”。\r\n\r\n在南部县中学捐助金发放仪式结束后，南部县教育局班子与校方代表举行了交流座谈。据胡建华副主任介绍，自中飞院与南部县签订精准扶贫框架协议以来，学校党委高度重视，机关职能部门通过积极动员、广泛宣传，让更多老师、学生参与，形成教育扶贫工作的合力。下一阶段，中飞院将与南部县教育系统将通过师生交流互访、青年干部挂职锻炼、南部中学蓝天基地班建设等途径，推进教育扶贫的的力度与深度。\r\n\r\n脱贫致富，教育先行。近年来，中飞院按照民航局和四川省的部署，先后对凉山彝族自治州昭觉县、德阳市中江县、南充市南部县等贫困县展开了精准扶贫、对口帮扶工作，这既是学校对社会责任的履行，也是全体中飞院人对时代使命的担当。高峨险峻，拾级可触；汪洋深幽，假船可达。脱贫诚艰，斯路漫漫。立定信念，梦想不远。','本网讯 雷凌航 倪亮 摄影报道：一个来自南部县留守儿童的愿望，牵动了百','校内信息网','刘蓉','5739f33de21cf.jpg','./Public/Uploads/news/',1463415614) [ RunTime:0.043256s ]
INFO: [ view_parse ] --START--
INFO: ParseTemplate Behavior ::run [ RunTime:0.011726s ]
INFO: [ view_parse ] --END-- [ RunTime:0.011906s ]
INFO: [ view_filter ] --START--
INFO: ContentReplace Behavior ::run [ RunTime:0.000742s ]
INFO: TokenBuild Behavior ::run [ RunTime:0.000752s ]
INFO: WriteHtmlCache Behavior ::run [ RunTime:0.000555s ]
INFO: ShowRuntime Behavior ::run [ RunTime:0.000842s ]
INFO: [ view_filter ] --END-- [ RunTime:0.003263s ]
INFO: [ view_end ] --START--
INFO: ShowPageTrace Behavior ::run [ RunTime:0.000955s ]
INFO: [ view_end ] --END-- [ RunTime:0.001099s ]

[ 2016-05-17T00:20:15+08:00 ] 127.0.0.1 /cafuc/index.php/Admin/Index/upnews.html
INFO: [ route_check ] --START--
INFO: CheckRoute Behavior ::run [ RunTime:0.001693s ]
INFO: [ route_check ] --END-- [ RunTime:0.001958s ]
INFO: [ app_begin ] --START--
INFO: ReadHtmlCache Behavior ::run [ RunTime:0.001312s ]
INFO: [ app_begin ] --END-- [ RunTime:0.001538s ]
INFO: [ view_parse ] --START--
INFO: ParseTemplate Behavior ::run [ RunTime:0.013095s ]
INFO: [ view_parse ] --END-- [ RunTime:0.013279s ]
INFO: [ view_filter ] --START--
INFO: ContentReplace Behavior ::run [ RunTime:0.000497s ]
INFO: TokenBuild Behavior ::run [ RunTime:0.000475s ]
INFO: WriteHtmlCache Behavior ::run [ RunTime:0.000361s ]
INFO: ShowRuntime Behavior ::run [ RunTime:0.000584s ]
INFO: [ view_filter ] --END-- [ RunTime:0.002237s ]
INFO: [ view_end ] --START--
INFO: ShowPageTrace Behavior ::run [ RunTime:0.000645s ]
INFO: [ view_end ] --END-- [ RunTime:0.000755s ]

[ 2016-05-17T00:20:17+08:00 ] 127.0.0.1 /cafuc/index.php/Admin/Index/newslist.html
INFO: [ route_check ] --START--
INFO: CheckRoute Behavior ::run [ RunTime:0.001423s ]
INFO: [ route_check ] --END-- [ RunTime:0.001693s ]
INFO: [ app_begin ] --START--
INFO: ReadHtmlCache Behavior ::run [ RunTime:0.001240s ]
INFO: [ app_begin ] --END-- [ RunTime:0.001489s ]
SQL: SHOW COLUMNS FROM `web_news` [ RunTime:0.003958s ]
SQL: SELECT COUNT(*) AS tp_count FROM `web_news` LIMIT 1   [ RunTime:0.000309s ]
SQL: SELECT * FROM `web_news` ORDER BY time desc LIMIT 0,11   [ RunTime:0.000723s ]
INFO: [ view_parse ] --START--
INFO: ParseTemplate Behavior ::run [ RunTime:0.017357s ]
INFO: [ view_parse ] --END-- [ RunTime:0.017500s ]
INFO: [ view_filter ] --START--
INFO: ContentReplace Behavior ::run [ RunTime:0.000614s ]
INFO: TokenBuild Behavior ::run [ RunTime:0.000463s ]
INFO: WriteHtmlCache Behavior ::run [ RunTime:0.000321s ]
INFO: ShowRuntime Behavior ::run [ RunTime:0.000589s ]
INFO: [ view_filter ] --END-- [ RunTime:0.002288s ]
INFO: [ view_end ] --START--
INFO: ShowPageTrace Behavior ::run [ RunTime:0.000688s ]
INFO: [ view_end ] --END-- [ RunTime:0.000796s ]

[ 2016-05-17T00:20:29+08:00 ] 127.0.0.1 /cafuc/index.php/Index/Index/index.html
INFO: [ route_check ] --START--
INFO: CheckRoute Behavior ::run [ RunTime:0.001256s ]
INFO: [ route_check ] --END-- [ RunTime:0.001443s ]
INFO: [ app_begin ] --START--
INFO: ReadHtmlCache Behavior ::run [ RunTime:0.000854s ]
INFO: [ app_begin ] --END-- [ RunTime:0.001089s ]
SQL: SHOW COLUMNS FROM `web_news` [ RunTime:0.003872s ]
SQL: SELECT * FROM `web_news` ORDER BY time desc LIMIT 8   [ RunTime:0.000674s ]
INFO: [ view_parse ] --START--
INFO: ParseTemplate Behavior ::run [ RunTime:0.021160s ]
INFO: [ view_parse ] --END-- [ RunTime:0.021320s ]
INFO: [ view_filter ] --START--
INFO: ContentReplace Behavior ::run [ RunTime:0.001007s ]
INFO: TokenBuild Behavior ::run [ RunTime:0.000885s ]
INFO: WriteHtmlCache Behavior ::run [ RunTime:0.000591s ]
INFO: ShowRuntime Behavior ::run [ RunTime:0.000770s ]
INFO: [ view_filter ] --END-- [ RunTime:0.003613s ]
INFO: [ view_end ] --START--
INFO: ShowPageTrace Behavior ::run [ RunTime:0.001167s ]
INFO: [ view_end ] --END-- [ RunTime:0.001291s ]

[ 2016-05-17T00:20:29+08:00 ] 127.0.0.1 /cafuc/index.php/Admin/Login/verify.html
INFO: [ route_check ] --START--
INFO: CheckRoute Behavior ::run [ RunTime:0.000899s ]
INFO: [ route_check ] --END-- [ RunTime:0.001103s ]
INFO: [ app_begin ] --START--
INFO: ReadHtmlCache Behavior ::run [ RunTime:0.000611s ]
INFO: [ app_begin ] --END-- [ RunTime:0.000748s ]

[ 2016-05-17T00:20:39+08:00 ] 127.0.0.1 /cafuc/index.php/Index/Index/search.html
INFO: [ route_check ] --START--
INFO: CheckRoute Behavior ::run [ RunTime:0.001661s ]
INFO: [ route_check ] --END-- [ RunTime:0.001988s ]
INFO: [ app_begin ] --START--
INFO: ReadHtmlCache Behavior ::run [ RunTime:0.001279s ]
INFO: [ app_begin ] --END-- [ RunTime:0.001543s ]
SQL: SHOW COLUMNS FROM `web_news` [ RunTime:0.004576s ]
SQL: SELECT COUNT(*) AS tp_count FROM `web_news` WHERE ( (`title` LIKE '%留守%') OR (`content` LIKE '%留守%') ) LIMIT 1   [ RunTime:0.000732s ]
SQL: SELECT * FROM `web_news` WHERE ( (`title` LIKE '%留守%') OR (`content` LIKE '%留守%') ) ORDER BY time desc LIMIT 0,7   [ RunTime:0.000765s ]
INFO: [ view_parse ] --START--
NOTIC: [8] Undefined variable: no D:\wamp\www\cafuc\Index\Runtime\Cache\Index\2f3daf11cacfa72aace3c71574f25441.php 第 98 行.
INFO: ParseTemplate Behavior ::run [ RunTime:0.017481s ]
INFO: [ view_parse ] --END-- [ RunTime:0.017639s ]
INFO: [ view_filter ] --START--
INFO: ContentReplace Behavior ::run [ RunTime:0.000905s ]
INFO: TokenBuild Behavior ::run [ RunTime:0.000571s ]
INFO: WriteHtmlCache Behavior ::run [ RunTime:0.000583s ]
INFO: ShowRuntime Behavior ::run [ RunTime:0.000690s ]
INFO: [ view_filter ] --END-- [ RunTime:0.003133s ]
INFO: [ view_end ] --START--
INFO: ShowPageTrace Behavior ::run [ RunTime:0.000756s ]
INFO: [ view_end ] --END-- [ RunTime:0.000890s ]

[ 2016-05-17T00:21:02+08:00 ] 127.0.0.1 /cafuc/index.php/Admin/Index/delete_news/id/20.html
INFO: [ route_check ] --START--
INFO: CheckRoute Behavior ::run [ RunTime:0.001434s ]
INFO: [ route_check ] --END-- [ RunTime:0.001698s ]
INFO: [ app_begin ] --START--
INFO: ReadHtmlCache Behavior ::run [ RunTime:0.001074s ]
INFO: [ app_begin ] --END-- [ RunTime:0.001297s ]
SQL: SHOW COLUMNS FROM `web_news` [ RunTime:0.003935s ]
SQL: DELETE FROM `web_news` WHERE ( id=20 ) [ RunTime:0.032950s ]
INFO: [ view_parse ] --START--
INFO: ParseTemplate Behavior ::run [ RunTime:0.008244s ]
INFO: [ view_parse ] --END-- [ RunTime:0.008389s ]
INFO: [ view_filter ] --START--
INFO: ContentReplace Behavior ::run [ RunTime:0.000596s ]
INFO: TokenBuild Behavior ::run [ RunTime:0.000466s ]
INFO: WriteHtmlCache Behavior ::run [ RunTime:0.000490s ]
INFO: ShowRuntime Behavior ::run [ RunTime:0.000552s ]
INFO: [ view_filter ] --END-- [ RunTime:0.002407s ]
INFO: [ view_end ] --START--
INFO: ShowPageTrace Behavior ::run [ RunTime:0.000652s ]
INFO: [ view_end ] --END-- [ RunTime:0.000760s ]

[ 2016-05-17T00:21:03+08:00 ] 127.0.0.1 /cafuc/index.php/Admin/Index/newslist.html
INFO: [ route_check ] --START--
INFO: CheckRoute Behavior ::run [ RunTime:0.001344s ]
INFO: [ route_check ] --END-- [ RunTime:0.001618s ]
INFO: [ app_begin ] --START--
INFO: ReadHtmlCache Behavior ::run [ RunTime:0.000938s ]
INFO: [ app_begin ] --END-- [ RunTime:0.001239s ]
SQL: SHOW COLUMNS FROM `web_news` [ RunTime:0.005596s ]
SQL: SELECT COUNT(*) AS tp_count FROM `web_news` LIMIT 1   [ RunTime:0.000555s ]
SQL: SELECT * FROM `web_news` ORDER BY time desc LIMIT 0,11   [ RunTime:0.001088s ]
INFO: [ view_parse ] --START--
INFO: ParseTemplate Behavior ::run [ RunTime:0.017064s ]
INFO: [ view_parse ] --END-- [ RunTime:0.017203s ]
INFO: [ view_filter ] --START--
INFO: ContentReplace Behavior ::run [ RunTime:0.000733s ]
INFO: TokenBuild Behavior ::run [ RunTime:0.000471s ]
INFO: WriteHtmlCache Behavior ::run [ RunTime:0.000492s ]
INFO: ShowRuntime Behavior ::run [ RunTime:0.000582s ]
INFO: [ view_filter ] --END-- [ RunTime:0.002587s ]
INFO: [ view_end ] --START--
INFO: ShowPageTrace Behavior ::run [ RunTime:0.000698s ]
INFO: [ view_end ] --END-- [ RunTime:0.000815s ]

[ 2016-05-17T00:21:05+08:00 ] 127.0.0.1 /cafuc/index.php/Admin/Index/upnews.html
INFO: [ route_check ] --START--
INFO: CheckRoute Behavior ::run [ RunTime:0.001178s ]
INFO: [ route_check ] --END-- [ RunTime:0.001394s ]
INFO: [ app_begin ] --START--
INFO: ReadHtmlCache Behavior ::run [ RunTime:0.000830s ]
INFO: [ app_begin ] --END-- [ RunTime:0.000999s ]
INFO: [ view_parse ] --START--
INFO: ParseTemplate Behavior ::run [ RunTime:0.015473s ]
INFO: [ view_parse ] --END-- [ RunTime:0.015635s ]
INFO: [ view_filter ] --START--
INFO: ContentReplace Behavior ::run [ RunTime:0.000701s ]
INFO: TokenBuild Behavior ::run [ RunTime:0.000481s ]
INFO: WriteHtmlCache Behavior ::run [ RunTime:0.000491s ]
INFO: ShowRuntime Behavior ::run [ RunTime:0.000545s ]
INFO: [ view_filter ] --END-- [ RunTime:0.002526s ]
INFO: [ view_end ] --START--
INFO: ShowPageTrace Behavior ::run [ RunTime:0.000637s ]
INFO: [ view_end ] --END-- [ RunTime:0.000755s ]

[ 2016-05-17T00:21:43+08:00 ] 127.0.0.1 /cafuc/index.php/Admin/Index/news_check.html
INFO: [ route_check ] --START--
INFO: CheckRoute Behavior ::run [ RunTime:0.001246s ]
INFO: [ route_check ] --END-- [ RunTime:0.001455s ]
INFO: [ app_begin ] --START--
INFO: ReadHtmlCache Behavior ::run [ RunTime:0.000806s ]
INFO: [ app_begin ] --END-- [ RunTime:0.000969s ]
SQL: SHOW COLUMNS FROM `web_news` [ RunTime:0.004970s ]
SQL: INSERT INTO `web_news` (`title`,`content`,`partnews`,`source`,`author`,`imgname`,`imgpath`,`time`) VALUES ('明天会更好：中飞院师生与南部县中小学生搭起爱心之桥','本网讯 雷凌航 倪亮 摄影报道：一个来自南部县留守儿童的愿望，牵动了百里之外中飞院的心；一封由学校共青团发出的爱心倡议，得到了逾万名青年师生的真诚响应。近日，从蓝天上下汇集的爱心捐赠被传递到南部县长坪镇小学、南部县中学200多名特困学生手中。精准帮扶，心心相接，一座承载着爱与希望的桥梁跨越山壑，联通校地两端。\r\n\r\n4月中旬，学校团委向全校青年发出关爱南部县留守儿童、特困学子的倡议。一名来自长坪镇小学、叫做小贤的留守儿童的愿望在师生间迅速转发、传播——“每天十余里的求学路，早已让他唯一的布鞋不堪重负。小贤多么希望能拥有一双属于自己的白球鞋”。微小的愿望，无穷大的希望。两周时间内，各训练分院、二级学院、飞机修理厂等青年师生自发捐助的一份份爱心如江海汇集一处，似三秋归于一日。5月11日上午，在由我校援建的长坪镇小学，小贤以及其他40多名留守贫困儿童收到了来自中飞院师生们的温暖爱心。\r\n\r\n学校办公室副主任胡建华、组织部副部长陈绍荣、校团委书记邓红缨以及飞行技术学院、航空工程学院分团委书记代表所有募捐师生，表达了对孩子们的关心和祝愿：“南部县如画，同学们如花。人生莫惧少年贫。趁着青春正好，同学们一定要惜时如金，努力学习，拥抱生活，心向阳光，打好成功的基石”。\r\n\r\n在南部县中学捐助金发放仪式结束后，南部县教育局班子与校方代表举行了交流座谈。据胡建华副主任介绍，自中飞院与南部县签订精准扶贫框架协议以来，学校党委高度重视，机关职能部门通过积极动员、广泛宣传，让更多老师、学生参与，形成教育扶贫工作的合力。下一阶段，中飞院将与南部县教育系统将通过师生交流互访、青年干部挂职锻炼、南部中学蓝天基地班建设等途径，推进教育扶贫的的力度与深度。\r\n\r\n脱贫致富，教育先行。近年来，中飞院按照民航局和四川省的部署，先后对凉山彝族自治州昭觉县、德阳市中江县、南充市南部县等贫困县展开了精准扶贫、对口帮扶工作，这既是学校对社会责任的履行，也是全体中飞院人对时代使命的担当。高峨险峻，拾级可触；汪洋深幽，假船可达。脱贫诚艰，斯路漫漫。立定信念，梦想不远。','本网讯 雷凌航 倪亮 摄影报道：一个来自南部县留守儿童的愿望，牵动了百里之外中飞院的心；一封由学校共青团发出的爱心倡议，得到了逾万名青年','校内信息网','刘蓉','5739f3979550a.jpg','./Public/Uploads/news/',1463415703) [ RunTime:0.020767s ]
INFO: [ view_parse ] --START--
INFO: ParseTemplate Behavior ::run [ RunTime:0.013763s ]
INFO: [ view_parse ] --END-- [ RunTime:0.013961s ]
INFO: [ view_filter ] --START--
INFO: ContentReplace Behavior ::run [ RunTime:0.000785s ]
INFO: TokenBuild Behavior ::run [ RunTime:0.000796s ]
INFO: WriteHtmlCache Behavior ::run [ RunTime:0.000598s ]
INFO: ShowRuntime Behavior ::run [ RunTime:0.000916s ]
INFO: [ view_filter ] --END-- [ RunTime:0.003528s ]
INFO: [ view_end ] --START--
INFO: ShowPageTrace Behavior ::run [ RunTime:0.001029s ]
INFO: [ view_end ] --END-- [ RunTime:0.001180s ]

[ 2016-05-17T00:21:44+08:00 ] 127.0.0.1 /cafuc/index.php/Admin/Index/upnews.html
INFO: [ route_check ] --START--
INFO: CheckRoute Behavior ::run [ RunTime:0.000985s ]
INFO: [ route_check ] --END-- [ RunTime:0.001150s ]
INFO: [ app_begin ] --START--
INFO: ReadHtmlCache Behavior ::run [ RunTime:0.000714s ]
INFO: [ app_begin ] --END-- [ RunTime:0.000840s ]
INFO: [ view_parse ] --START--
INFO: ParseTemplate Behavior ::run [ RunTime:0.013078s ]
INFO: [ view_parse ] --END-- [ RunTime:0.013276s ]
INFO: [ view_filter ] --START--
INFO: ContentReplace Behavior ::run [ RunTime:0.001113s ]
INFO: TokenBuild Behavior ::run [ RunTime:0.000756s ]
INFO: WriteHtmlCache Behavior ::run [ RunTime:0.000604s ]
INFO: ShowRuntime Behavior ::run [ RunTime:0.000932s ]
INFO: [ view_filter ] --END-- [ RunTime:0.003950s ]
INFO: [ view_end ] --START--
INFO: ShowPageTrace Behavior ::run [ RunTime:0.001222s ]
INFO: [ view_end ] --END-- [ RunTime:0.001419s ]

[ 2016-05-17T00:21:50+08:00 ] 127.0.0.1 /cafuc/index.php/Index/Index/index.html
INFO: [ route_check ] --START--
INFO: CheckRoute Behavior ::run [ RunTime:0.001461s ]
INFO: [ route_check ] --END-- [ RunTime:0.001723s ]
INFO: [ app_begin ] --START--
INFO: ReadHtmlCache Behavior ::run [ RunTime:0.001129s ]
INFO: [ app_begin ] --END-- [ RunTime:0.001345s ]
SQL: SHOW COLUMNS FROM `web_news` [ RunTime:0.005989s ]
SQL: SELECT * FROM `web_news` ORDER BY time desc LIMIT 8   [ RunTime:0.001086s ]
INFO: [ view_parse ] --START--
INFO: ParseTemplate Behavior ::run [ RunTime:0.039704s ]
INFO: [ view_parse ] --END-- [ RunTime:0.039964s ]
INFO: [ view_filter ] --START--
INFO: ContentReplace Behavior ::run [ RunTime:0.001203s ]
INFO: TokenBuild Behavior ::run [ RunTime:0.000851s ]
INFO: WriteHtmlCache Behavior ::run [ RunTime:0.000560s ]
INFO: ShowRuntime Behavior ::run [ RunTime:0.001279s ]
INFO: [ view_filter ] --END-- [ RunTime:0.004489s ]
INFO: [ view_end ] --START--
INFO: ShowPageTrace Behavior ::run [ RunTime:0.001260s ]
INFO: [ view_end ] --END-- [ RunTime:0.001461s ]

[ 2016-05-17T00:21:50+08:00 ] 127.0.0.1 /cafuc/index.php/Admin/Login/verify.html
INFO: [ route_check ] --START--
INFO: CheckRoute Behavior ::run [ RunTime:0.001595s ]
INFO: [ route_check ] --END-- [ RunTime:0.001882s ]
INFO: [ app_begin ] --START--
INFO: ReadHtmlCache Behavior ::run [ RunTime:0.001009s ]
INFO: [ app_begin ] --END-- [ RunTime:0.001236s ]

[ 2016-05-17T00:21:54+08:00 ] 127.0.0.1 /cafuc/index.php/Index/Index/search.html
INFO: [ route_check ] --START--
INFO: CheckRoute Behavior ::run [ RunTime:0.001142s ]
INFO: [ route_check ] --END-- [ RunTime:0.001348s ]
INFO: [ app_begin ] --START--
INFO: ReadHtmlCache Behavior ::run [ RunTime:0.000825s ]
INFO: [ app_begin ] --END-- [ RunTime:0.000988s ]
SQL: SHOW COLUMNS FROM `web_news` [ RunTime:0.004603s ]
SQL: SELECT COUNT(*) AS tp_count FROM `web_news` WHERE ( (`title` LIKE '%留守%') OR (`content` LIKE '%留守%') ) LIMIT 1   [ RunTime:0.000749s ]
SQL: SELECT * FROM `web_news` WHERE ( (`title` LIKE '%留守%') OR (`content` LIKE '%留守%') ) ORDER BY time desc LIMIT 0,7   [ RunTime:0.000763s ]
INFO: [ view_parse ] --START--
NOTIC: [8] Undefined variable: no D:\wamp\www\cafuc\Index\Runtime\Cache\Index\2f3daf11cacfa72aace3c71574f25441.php 第 98 行.
INFO: ParseTemplate Behavior ::run [ RunTime:0.018881s ]
INFO: [ view_parse ] --END-- [ RunTime:0.019068s ]
INFO: [ view_filter ] --START--
INFO: ContentReplace Behavior ::run [ RunTime:0.000700s ]
INFO: TokenBuild Behavior ::run [ RunTime:0.000655s ]
INFO: WriteHtmlCache Behavior ::run [ RunTime:0.000457s ]
INFO: ShowRuntime Behavior ::run [ RunTime:0.000798s ]
INFO: [ view_filter ] --END-- [ RunTime:0.003050s ]
INFO: [ view_end ] --START--
INFO: ShowPageTrace Behavior ::run [ RunTime:0.000869s ]
INFO: [ view_end ] --END-- [ RunTime:0.001020s ]

[ 2016-05-17T00:22:10+08:00 ] 127.0.0.1 /cafuc/index.php/Admin/Index/newslist.html
INFO: [ route_check ] --START--
INFO: CheckRoute Behavior ::run [ RunTime:0.001465s ]
INFO: [ route_check ] --END-- [ RunTime:0.001743s ]
INFO: [ app_begin ] --START--
INFO: ReadHtmlCache Behavior ::run [ RunTime:0.000864s ]
INFO: [ app_begin ] --END-- [ RunTime:0.001037s ]
SQL: SHOW COLUMNS FROM `web_news` [ RunTime:0.003778s ]
SQL: SELECT COUNT(*) AS tp_count FROM `web_news` LIMIT 1   [ RunTime:0.000496s ]
SQL: SELECT * FROM `web_news` ORDER BY time desc LIMIT 0,11   [ RunTime:0.000798s ]
INFO: [ view_parse ] --START--
INFO: ParseTemplate Behavior ::run [ RunTime:0.016722s ]
INFO: [ view_parse ] --END-- [ RunTime:0.016859s ]
INFO: [ view_filter ] --START--
INFO: ContentReplace Behavior ::run [ RunTime:0.000593s ]
INFO: TokenBuild Behavior ::run [ RunTime:0.000472s ]
INFO: WriteHtmlCache Behavior ::run [ RunTime:0.000315s ]
INFO: ShowRuntime Behavior ::run [ RunTime:0.000565s ]
INFO: [ view_filter ] --END-- [ RunTime:0.002245s ]
INFO: [ view_end ] --START--
INFO: ShowPageTrace Behavior ::run [ RunTime:0.000639s ]
INFO: [ view_end ] --END-- [ RunTime:0.000745s ]

[ 2016-05-17T00:22:11+08:00 ] 127.0.0.1 /cafuc/index.php/Admin/Index/delete_news/id/21.html
INFO: [ route_check ] --START--
INFO: CheckRoute Behavior ::run [ RunTime:0.001444s ]
INFO: [ route_check ] --END-- [ RunTime:0.001707s ]
INFO: [ app_begin ] --START--
INFO: ReadHtmlCache Behavior ::run [ RunTime:0.001014s ]
INFO: [ app_begin ] --END-- [ RunTime:0.001216s ]
SQL: SHOW COLUMNS FROM `web_news` [ RunTime:0.004334s ]
SQL: DELETE FROM `web_news` WHERE ( id=21 ) [ RunTime:0.002580s ]
INFO: [ view_parse ] --START--
INFO: ParseTemplate Behavior ::run [ RunTime:0.008348s ]
INFO: [ view_parse ] --END-- [ RunTime:0.008512s ]
INFO: [ view_filter ] --START--
INFO: ContentReplace Behavior ::run [ RunTime:0.000463s ]
INFO: TokenBuild Behavior ::run [ RunTime:0.000462s ]
INFO: WriteHtmlCache Behavior ::run [ RunTime:0.000313s ]
INFO: ShowRuntime Behavior ::run [ RunTime:0.000544s ]
INFO: [ view_filter ] --END-- [ RunTime:0.002072s ]
INFO: [ view_end ] --START--
INFO: ShowPageTrace Behavior ::run [ RunTime:0.000621s ]
INFO: [ view_end ] --END-- [ RunTime:0.000727s ]

[ 2016-05-17T00:22:12+08:00 ] 127.0.0.1 /cafuc/index.php/Admin/Index/newslist.html
INFO: [ route_check ] --START--
INFO: CheckRoute Behavior ::run [ RunTime:0.001201s ]
INFO: [ route_check ] --END-- [ RunTime:0.001419s ]
INFO: [ app_begin ] --START--
INFO: ReadHtmlCache Behavior ::run [ RunTime:0.001071s ]
INFO: [ app_begin ] --END-- [ RunTime:0.001236s ]
SQL: SHOW COLUMNS FROM `web_news` [ RunTime:0.004374s ]
SQL: SELECT COUNT(*) AS tp_count FROM `web_news` LIMIT 1   [ RunTime:0.000302s ]
SQL: SELECT * FROM `web_news` ORDER BY time desc LIMIT 0,11   [ RunTime:0.000645s ]
INFO: [ view_parse ] --START--
INFO: ParseTemplate Behavior ::run [ RunTime:0.019580s ]
INFO: [ view_parse ] --END-- [ RunTime:0.019729s ]
INFO: [ view_filter ] --START--
INFO: ContentReplace Behavior ::run [ RunTime:0.000589s ]
INFO: TokenBuild Behavior ::run [ RunTime:0.000567s ]
INFO: WriteHtmlCache Behavior ::run [ RunTime:0.000335s ]
INFO: ShowRuntime Behavior ::run [ RunTime:0.000585s ]
INFO: [ view_filter ] --END-- [ RunTime:0.002409s ]
INFO: [ view_end ] --START--
INFO: ShowPageTrace Behavior ::run [ RunTime:0.000716s ]
INFO: [ view_end ] --END-- [ RunTime:0.000831s ]

[ 2016-05-17T00:22:17+08:00 ] 127.0.0.1 /cafuc/index.php/Admin/Index/upnews.html
INFO: [ route_check ] --START--
INFO: CheckRoute Behavior ::run [ RunTime:0.001456s ]
INFO: [ route_check ] --END-- [ RunTime:0.001752s ]
INFO: [ app_begin ] --START--
INFO: ReadHtmlCache Behavior ::run [ RunTime:0.000929s ]
INFO: [ app_begin ] --END-- [ RunTime:0.001107s ]
INFO: [ view_parse ] --START--
INFO: ParseTemplate Behavior ::run [ RunTime:0.012921s ]
INFO: [ view_parse ] --END-- [ RunTime:0.013087s ]
INFO: [ view_filter ] --START--
INFO: ContentReplace Behavior ::run [ RunTime:0.000553s ]
INFO: TokenBuild Behavior ::run [ RunTime:0.000461s ]
INFO: WriteHtmlCache Behavior ::run [ RunTime:0.000322s ]
INFO: ShowRuntime Behavior ::run [ RunTime:0.000549s ]
INFO: [ view_filter ] --END-- [ RunTime:0.002186s ]
INFO: [ view_end ] --START--
INFO: ShowPageTrace Behavior ::run [ RunTime:0.000618s ]
INFO: [ view_end ] --END-- [ RunTime:0.000727s ]

[ 2016-05-17T00:22:46+08:00 ] 127.0.0.1 /cafuc/index.php/Admin/Index/news_check.html
INFO: [ route_check ] --START--
INFO: CheckRoute Behavior ::run [ RunTime:0.000832s ]
INFO: [ route_check ] --END-- [ RunTime:0.000987s ]
INFO: [ app_begin ] --START--
INFO: ReadHtmlCache Behavior ::run [ RunTime:0.000568s ]
INFO: [ app_begin ] --END-- [ RunTime:0.000687s ]
SQL: SHOW COLUMNS FROM `web_news` [ RunTime:0.003460s ]
SQL: INSERT INTO `web_news` (`title`,`content`,`partnews`,`source`,`author`,`imgname`,`imgpath`,`time`) VALUES ('明天会更好：中飞院师生与南部县中小学生搭起爱心之桥','本网讯 雷凌航 倪亮 摄影报道：一个来自南部县留守儿童的愿望，牵动了百里之外中飞院的心；一封由学校共青团发出的爱心倡议，得到了逾万名青年师生的真诚响应。近日，从蓝天上下汇集的爱心捐赠被传递到南部县长坪镇小学、南部县中学200多名特困学生手中。精准帮扶，心心相接，一座承载着爱与希望的桥梁跨越山壑，联通校地两端。\r\n\r\n4月中旬，学校团委向全校青年发出关爱南部县留守儿童、特困学子的倡议。一名来自长坪镇小学、叫做小贤的留守儿童的愿望在师生间迅速转发、传播——“每天十余里的求学路，早已让他唯一的布鞋不堪重负。小贤多么希望能拥有一双属于自己的白球鞋”。微小的愿望，无穷大的希望。两周时间内，各训练分院、二级学院、飞机修理厂等青年师生自发捐助的一份份爱心如江海汇集一处，似三秋归于一日。5月11日上午，在由我校援建的长坪镇小学，小贤以及其他40多名留守贫困儿童收到了来自中飞院师生们的温暖爱心。\r\n\r\n学校办公室副主任胡建华、组织部副部长陈绍荣、校团委书记邓红缨以及飞行技术学院、航空工程学院分团委书记代表所有募捐师生，表达了对孩子们的关心和祝愿：“南部县如画，同学们如花。人生莫惧少年贫。趁着青春正好，同学们一定要惜时如金，努力学习，拥抱生活，心向阳光，打好成功的基石”。\r\n\r\n在南部县中学捐助金发放仪式结束后，南部县教育局班子与校方代表举行了交流座谈。据胡建华副主任介绍，自中飞院与南部县签订精准扶贫框架协议以来，学校党委高度重视，机关职能部门通过积极动员、广泛宣传，让更多老师、学生参与，形成教育扶贫工作的合力。下一阶段，中飞院将与南部县教育系统将通过师生交流互访、青年干部挂职锻炼、南部中学蓝天基地班建设等途径，推进教育扶贫的的力度与深度。\r\n\r\n脱贫致富，教育先行。近年来，中飞院按照民航局和四川省的部署，先后对凉山彝族自治州昭觉县、德阳市中江县、南充市南部县等贫困县展开了精准扶贫、对口帮扶工作，这既是学校对社会责任的履行，也是全体中飞院人对时代使命的担当。高峨险峻，拾级可触；汪洋深幽，假船可达。脱贫诚艰，斯路漫漫。立定信念，梦想不远。','本网讯 雷凌航 倪亮 摄影报道：一个来自南部县留守儿童的愿望，牵动了百里之外中飞院的心；一封由学校共青团发出的爱心倡议，得到了逾万名青年师生的真诚响应。近日，从蓝天上下汇集的爱心捐赠被传递到南部县长坪镇小','校内信息网','刘蓉','5739f3d6b0bcc.jpg','./Public/Uploads/news/',1463415766) [ RunTime:0.042132s ]
INFO: [ view_parse ] --START--
INFO: ParseTemplate Behavior ::run [ RunTime:0.027150s ]
INFO: [ view_parse ] --END-- [ RunTime:0.027580s ]
INFO: [ view_filter ] --START--
INFO: ContentReplace Behavior ::run [ RunTime:0.001932s ]
INFO: TokenBuild Behavior ::run [ RunTime:0.006815s ]
INFO: WriteHtmlCache Behavior ::run [ RunTime:0.001562s ]
INFO: ShowRuntime Behavior ::run [ RunTime:0.002647s ]
INFO: [ view_filter ] --END-- [ RunTime:0.014221s ]
INFO: [ view_end ] --START--
INFO: ShowPageTrace Behavior ::run [ RunTime:0.007657s ]
INFO: [ view_end ] --END-- [ RunTime:0.008145s ]

[ 2016-05-17T00:22:48+08:00 ] 127.0.0.1 /cafuc/index.php/Admin/Index/upnews.html
INFO: [ route_check ] --START--
INFO: CheckRoute Behavior ::run [ RunTime:0.001681s ]
INFO: [ route_check ] --END-- [ RunTime:0.001949s ]
INFO: [ app_begin ] --START--
INFO: ReadHtmlCache Behavior ::run [ RunTime:0.001297s ]
INFO: [ app_begin ] --END-- [ RunTime:0.001521s ]
INFO: [ view_parse ] --START--
INFO: ParseTemplate Behavior ::run [ RunTime:0.016400s ]
INFO: [ view_parse ] --END-- [ RunTime:0.016591s ]
INFO: [ view_filter ] --START--
INFO: ContentReplace Behavior ::run [ RunTime:0.000585s ]
INFO: TokenBuild Behavior ::run [ RunTime:0.000469s ]
INFO: WriteHtmlCache Behavior ::run [ RunTime:0.000314s ]
INFO: ShowRuntime Behavior ::run [ RunTime:0.000550s ]
INFO: [ view_filter ] --END-- [ RunTime:0.002216s ]
INFO: [ view_end ] --START--
INFO: ShowPageTrace Behavior ::run [ RunTime:0.000619s ]
INFO: [ view_end ] --END-- [ RunTime:0.000727s ]

[ 2016-05-17T00:22:51+08:00 ] 127.0.0.1 /cafuc/index.php/Index/Index/search.html
INFO: [ route_check ] --START--
INFO: CheckRoute Behavior ::run [ RunTime:0.001735s ]
INFO: [ route_check ] --END-- [ RunTime:0.003008s ]
INFO: [ app_begin ] --START--
INFO: ReadHtmlCache Behavior ::run [ RunTime:0.001136s ]
INFO: [ app_begin ] --END-- [ RunTime:0.001426s ]
SQL: SHOW COLUMNS FROM `web_news` [ RunTime:0.004422s ]
SQL: SELECT COUNT(*) AS tp_count FROM `web_news` WHERE ( (`title` LIKE '%留守%') OR (`content` LIKE '%留守%') ) LIMIT 1   [ RunTime:0.000628s ]
SQL: SELECT * FROM `web_news` WHERE ( (`title` LIKE '%留守%') OR (`content` LIKE '%留守%') ) ORDER BY time desc LIMIT 0,7   [ RunTime:0.000633s ]
INFO: [ view_parse ] --START--
NOTIC: [8] Undefined variable: no D:\wamp\www\cafuc\Index\Runtime\Cache\Index\2f3daf11cacfa72aace3c71574f25441.php 第 98 行.
INFO: ParseTemplate Behavior ::run [ RunTime:0.013614s ]
INFO: [ view_parse ] --END-- [ RunTime:0.013747s ]
INFO: [ view_filter ] --START--
INFO: ContentReplace Behavior ::run [ RunTime:0.000839s ]
INFO: TokenBuild Behavior ::run [ RunTime:0.000488s ]
INFO: WriteHtmlCache Behavior ::run [ RunTime:0.000313s ]
INFO: ShowRuntime Behavior ::run [ RunTime:0.000552s ]
INFO: [ view_filter ] --END-- [ RunTime:0.002504s ]
INFO: [ view_end ] --START--
INFO: ShowPageTrace Behavior ::run [ RunTime:0.000608s ]
INFO: [ view_end ] --END-- [ RunTime:0.000716s ]

[ 2016-05-17T00:23:02+08:00 ] 127.0.0.1 /cafuc/index.php/Index/Index/index.html
INFO: [ route_check ] --START--
INFO: CheckRoute Behavior ::run [ RunTime:0.003553s ]
INFO: [ route_check ] --END-- [ RunTime:0.003875s ]
INFO: [ app_begin ] --START--
INFO: ReadHtmlCache Behavior ::run [ RunTime:0.000769s ]
INFO: [ app_begin ] --END-- [ RunTime:0.000905s ]
SQL: SHOW COLUMNS FROM `web_news` [ RunTime:0.003452s ]
SQL: SELECT * FROM `web_news` ORDER BY time desc LIMIT 8   [ RunTime:0.000821s ]
INFO: [ view_parse ] --START--
INFO: ParseTemplate Behavior ::run [ RunTime:0.019684s ]
INFO: [ view_parse ] --END-- [ RunTime:0.019838s ]
INFO: [ view_filter ] --START--
INFO: ContentReplace Behavior ::run [ RunTime:0.000870s ]
INFO: TokenBuild Behavior ::run [ RunTime:0.000583s ]
INFO: WriteHtmlCache Behavior ::run [ RunTime:0.000425s ]
INFO: ShowRuntime Behavior ::run [ RunTime:0.000691s ]
INFO: [ view_filter ] --END-- [ RunTime:0.002871s ]
INFO: [ view_end ] --START--
INFO: ShowPageTrace Behavior ::run [ RunTime:0.000721s ]
INFO: [ view_end ] --END-- [ RunTime:0.000828s ]

[ 2016-05-17T00:23:03+08:00 ] 127.0.0.1 /cafuc/index.php/Admin/Login/verify.html
INFO: [ route_check ] --START--
INFO: CheckRoute Behavior ::run [ RunTime:0.001358s ]
INFO: [ route_check ] --END-- [ RunTime:0.001654s ]
INFO: [ app_begin ] --START--
INFO: ReadHtmlCache Behavior ::run [ RunTime:0.000620s ]
INFO: [ app_begin ] --END-- [ RunTime:0.000747s ]

[ 2016-05-17T00:23:28+08:00 ] 127.0.0.1 /cafuc/index.php/Index/Index/details/id/22.html
INFO: [ route_check ] --START--
INFO: CheckRoute Behavior ::run [ RunTime:0.000999s ]
INFO: [ route_check ] --END-- [ RunTime:0.001198s ]
INFO: [ app_begin ] --START--
INFO: ReadHtmlCache Behavior ::run [ RunTime:0.000632s ]
INFO: [ app_begin ] --END-- [ RunTime:0.000764s ]
SQL: SHOW COLUMNS FROM `web_news` [ RunTime:0.005349s ]
SQL: SELECT * FROM `web_news` WHERE ( `id` = 22 ) LIMIT 1   [ RunTime:0.000983s ]
SQL: UPDATE `web_news` SET `title`='明天会更好：中飞院师生与南部县中小学生搭起爱心之桥',`content`='本网讯 雷凌航 倪亮 摄影报道：一个来自南部县留守儿童的愿望，牵动了百里之外中飞院的心；一封由学校共青团发出的爱心倡议，得到了逾万名青年师生的真诚响应。近日，从蓝天上下汇集的爱心捐赠被传递到南部县长坪镇小学、南部县中学200多名特困学生手中。精准帮扶，心心相接，一座承载着爱与希望的桥梁跨越山壑，联通校地两端。\r\n\r\n4月中旬，学校团委向全校青年发出关爱南部县留守儿童、特困学子的倡议。一名来自长坪镇小学、叫做小贤的留守儿童的愿望在师生间迅速转发、传播——“每天十余里的求学路，早已让他唯一的布鞋不堪重负。小贤多么希望能拥有一双属于自己的白球鞋”。微小的愿望，无穷大的希望。两周时间内，各训练分院、二级学院、飞机修理厂等青年师生自发捐助的一份份爱心如江海汇集一处，似三秋归于一日。5月11日上午，在由我校援建的长坪镇小学，小贤以及其他40多名留守贫困儿童收到了来自中飞院师生们的温暖爱心。\r\n\r\n学校办公室副主任胡建华、组织部副部长陈绍荣、校团委书记邓红缨以及飞行技术学院、航空工程学院分团委书记代表所有募捐师生，表达了对孩子们的关心和祝愿：“南部县如画，同学们如花。人生莫惧少年贫。趁着青春正好，同学们一定要惜时如金，努力学习，拥抱生活，心向阳光，打好成功的基石”。\r\n\r\n在南部县中学捐助金发放仪式结束后，南部县教育局班子与校方代表举行了交流座谈。据胡建华副主任介绍，自中飞院与南部县签订精准扶贫框架协议以来，学校党委高度重视，机关职能部门通过积极动员、广泛宣传，让更多老师、学生参与，形成教育扶贫工作的合力。下一阶段，中飞院将与南部县教育系统将通过师生交流互访、青年干部挂职锻炼、南部中学蓝天基地班建设等途径，推进教育扶贫的的力度与深度。\r\n\r\n脱贫致富，教育先行。近年来，中飞院按照民航局和四川省的部署，先后对凉山彝族自治州昭觉县、德阳市中江县、南充市南部县等贫困县展开了精准扶贫、对口帮扶工作，这既是学校对社会责任的履行，也是全体中飞院人对时代使命的担当。高峨险峻，拾级可触；汪洋深幽，假船可达。脱贫诚艰，斯路漫漫。立定信念，梦想不远。',`time`=1463415766,`source`='校内信息网',`author`='刘蓉',`imgname`='5739f3d6b0bcc.jpg',`imgpath`='./Public/Uploads/news/',`click`=1,`partnews`='本网讯 雷凌航 倪亮 摄影报道：一个来自南部县留守儿童的愿望，牵动了百里之外中飞院的心；一封由学校共青团发出的爱心倡议，得到了逾万名青年师生的真诚响应。近日，从蓝天上下汇集的爱心捐赠被传递到南部县长坪镇小' WHERE ( `id` = 22 ) [ RunTime:0.002562s ]
SQL: SELECT * FROM `web_news` WHERE ( id=22 )  [ RunTime:0.000657s ]
INFO: [ view_parse ] --START--
INFO: ParseTemplate Behavior ::run [ RunTime:0.016362s ]
INFO: [ view_parse ] --END-- [ RunTime:0.016570s ]
INFO: [ view_filter ] --START--
INFO: ContentReplace Behavior ::run [ RunTime:0.001133s ]
INFO: TokenBuild Behavior ::run [ RunTime:0.000604s ]
INFO: WriteHtmlCache Behavior ::run [ RunTime:0.000344s ]
INFO: ShowRuntime Behavior ::run [ RunTime:0.000685s ]
INFO: [ view_filter ] --END-- [ RunTime:0.003310s ]
INFO: [ view_end ] --START--
INFO: ShowPageTrace Behavior ::run [ RunTime:0.000981s ]
INFO: [ view_end ] --END-- [ RunTime:0.001136s ]

