[ 2016-10-15T10:38:49+08:00 ] 0.0.0.0 /cafuc/
INFO: [ app_begin ] --START--
INFO: ReadHtmlCache Behavior ::run [ RunTime:0.015984s ]
INFO: [ app_begin ] --END-- [ RunTime:0.016370s ]
SQL: SHOW COLUMNS FROM `web_news` [ RunTime:0.055320s ]
SQL: SELECT * FROM `web_news` ORDER BY time desc LIMIT 8   [ RunTime:0.004718s ]
INFO: [ view_parse ] --START--
INFO: ParseTemplate Behavior ::run [ RunTime:0.206416s ]
INFO: [ view_parse ] --END-- [ RunTime:0.206953s ]
INFO: [ view_filter ] --START--
INFO: ContentReplace Behavior ::run [ RunTime:0.002450s ]
INFO: TokenBuild Behavior ::run [ RunTime:0.002436s ]
INFO: WriteHtmlCache Behavior ::run [ RunTime:0.001648s ]
INFO: ShowRuntime Behavior ::run [ RunTime:0.002709s ]
INFO: [ view_filter ] --END-- [ RunTime:0.010059s ]
INFO: [ view_end ] --START--
INFO: ShowPageTrace Behavior ::run [ RunTime:0.002556s ]
INFO: [ view_end ] --END-- [ RunTime:0.002843s ]

[ 2016-10-15T10:38:51+08:00 ] 0.0.0.0 /cafuc/index.php/Admin/Login/verify.html
INFO: [ route_check ] --START--
INFO: CheckRoute Behavior ::run [ RunTime:0.025977s ]
INFO: [ route_check ] --END-- [ RunTime:0.026183s ]
INFO: [ app_begin ] --START--
INFO: ReadHtmlCache Behavior ::run [ RunTime:0.000683s ]
INFO: [ app_begin ] --END-- [ RunTime:0.000803s ]

