[ 2017-01-02T14:16:06+08:00 ] 0.0.0.0 /cafuc/
INFO: [ app_begin ] --START--
INFO: ReadHtmlCache Behavior ::run [ RunTime:0.027923s ]
INFO: [ app_begin ] --END-- [ RunTime:0.063854s ]
SQL: SHOW COLUMNS FROM `web_news` [ RunTime:0.243583s ]
SQL: SELECT * FROM `web_news` ORDER BY time desc LIMIT 8   [ RunTime:0.074601s ]
INFO: [ view_parse ] --START--
INFO: ParseTemplate Behavior ::run [ RunTime:0.311346s ]
INFO: [ view_parse ] --END-- [ RunTime:0.311512s ]
INFO: [ view_filter ] --START--
INFO: ContentReplace Behavior ::run [ RunTime:0.018364s ]
INFO: TokenBuild Behavior ::run [ RunTime:0.010723s ]
INFO: WriteHtmlCache Behavior ::run [ RunTime:0.000816s ]
INFO: ShowRuntime Behavior ::run [ RunTime:0.001107s ]
INFO: [ view_filter ] --END-- [ RunTime:0.031329s ]
INFO: [ view_end ] --START--
INFO: ShowPageTrace Behavior ::run [ RunTime:0.001265s ]
INFO: [ view_end ] --END-- [ RunTime:0.001372s ]

[ 2017-01-02T14:16:07+08:00 ] 0.0.0.0 /cafuc/index.php/Admin/Login/verify.html
INFO: [ route_check ] --START--
INFO: CheckRoute Behavior ::run [ RunTime:0.055863s ]
INFO: [ route_check ] --END-- [ RunTime:0.056066s ]
INFO: [ app_begin ] --START--
INFO: ReadHtmlCache Behavior ::run [ RunTime:0.000840s ]
INFO: [ app_begin ] --END-- [ RunTime:0.001027s ]

[ 2017-01-02T14:16:53+08:00 ] 0.0.0.0 /cafuc/index.php/Index/Index/details/id/29.html
INFO: [ route_check ] --START--
INFO: CheckRoute Behavior ::run [ RunTime:0.001117s ]
INFO: [ route_check ] --END-- [ RunTime:0.001256s ]
INFO: [ app_begin ] --START--
INFO: ReadHtmlCache Behavior ::run [ RunTime:0.000826s ]
INFO: [ app_begin ] --END-- [ RunTime:0.000950s ]
SQL: SHOW COLUMNS FROM `web_news` [ RunTime:0.003846s ]
SQL: SELECT * FROM `web_news` WHERE ( `id` = 29 ) LIMIT 1   [ RunTime:0.000552s ]
SQL: UPDATE `web_news` SET `title`='asdad',`content`='asdasd',`time`=1479295387,`source`='sdasd',`author`='asdsdasd',`imgname`='582c419b4d03e.png',`imgpath`='./Public/Uploads/news/',`click`=2,`partnews`='asdasd' WHERE ( `id` = 29 ) [ RunTime:0.064571s ]
SQL: SELECT * FROM `web_news` WHERE ( id=29 )  [ RunTime:0.000352s ]
INFO: [ view_parse ] --START--
INFO: ParseTemplate Behavior ::run [ RunTime:0.083010s ]
INFO: [ view_parse ] --END-- [ RunTime:0.083393s ]
INFO: [ view_filter ] --START--
INFO: ContentReplace Behavior ::run [ RunTime:0.003220s ]
INFO: TokenBuild Behavior ::run [ RunTime:0.002748s ]
INFO: WriteHtmlCache Behavior ::run [ RunTime:0.003119s ]
INFO: ShowRuntime Behavior ::run [ RunTime:0.003505s ]
INFO: [ view_filter ] --END-- [ RunTime:0.013939s ]
INFO: [ view_end ] --START--
INFO: ShowPageTrace Behavior ::run [ RunTime:0.003827s ]
INFO: [ view_end ] --END-- [ RunTime:0.004503s ]

[ 2017-01-02T14:17:06+08:00 ] 0.0.0.0 /cafuc/index.php/Index/Index/details/id/25.html
INFO: [ route_check ] --START--
INFO: CheckRoute Behavior ::run [ RunTime:0.000934s ]
INFO: [ route_check ] --END-- [ RunTime:0.001063s ]
INFO: [ app_begin ] --START--
INFO: ReadHtmlCache Behavior ::run [ RunTime:0.000735s ]
INFO: [ app_begin ] --END-- [ RunTime:0.000844s ]
SQL: SHOW COLUMNS FROM `web_news` [ RunTime:0.003187s ]
SQL: SELECT * FROM `web_news` WHERE ( `id` = 25 ) LIMIT 1   [ RunTime:0.000357s ]
SQL: UPDATE `web_news` SET `title`='学校党委中心组集中学习文化纪录片《鉴史问廉》',`content`='本网讯 李士刚 摄影报道：4月1日，学校党委中心组集中观看学习文化纪录片《鉴史问廉》第一集——兴衰之思，正式拉开学校党委2016年党风廉政建设宣传教育活动的帷幕。学校党委书记陈布科主持学习会。\r\n\r\n影片通过对中国数千年历史长河中封建王朝兴亡更替的思考与解读，深刻揭示了一条王朝崛起与灭亡的基本规律——“廉则兴，贪则衰”。管不住腐败，任其泛滥，国家就有危亡之虞；遏制了腐败，国家就能长治久安，稳固而昌盛。\r\n\r\n——秦始皇一统华夏，却好大喜功，横征暴敛，奴役人民，修长城、建阿房，使得秦王朝传至二世而灭亡。\r\n\r\n——西晋王朝被史学家评为中国历史上最腐败、最拜金的政权之一，其用人只看门第、血统，不看品行、才能，把做正事、做实事的官员当做俗官、浊流，导致西晋灭亡后的300多年，成为中国古代持续时间最长的乱世。\r\n\r\n——唐太宗李世民知人善任，重用能臣廉吏，开创了“贞观之治”这个中国历史上政治清明、国家安宁、吏治清廉的盛世王朝；唐玄宗李隆基后期重用、依赖以李林甫为首的贪官污吏，各级官员腐败成风，使早期苦心营建的“开元盛世”逐渐坍塌，李唐王朝从此走向衰落。\r\n\r\n——北宋初期，朝廷决心整顿吏治，对于官员的婚丧、宴饮、车马、服饰等都有着严格的限制，清明的政治环境实现了经济、科技、文化的高度繁荣；贪图享乐的宋徽宗，不惜花费巨大人力财力，听信谗言，修建规模宏大的园林“艮岳”，终让“靖康之耻”载入史册。\r\n\r\n陈布科指出，历史是最好的老师，学史可以看成败、鉴得失、知兴替。他要求学校党委中心组成员认真思考影片所要表达的中心思想，以身作则，率先垂范，办人民满意的蓝天大学，不辜负党和人民的重托。\r\n\r\n陈布科强调，党风廉政建设宣传教育活动是本年度一项重要任务，学校党委将结合“学党章党规、学系列讲话，做合格党员”开展主题活动：集中开展廉政知识学习培训，提高党员干部防腐拒变能力；加强对廉政形势的研判，举办系列廉政警示教育与廉政文化宣传活动；定期举行廉政测试，检验廉政建设成果，将廉政教育落到实处。',`time`=1463581356,`source`='校内信息网',`author`='刘蓉',`imgname`='573c7aacb7d37.jpg',`imgpath`='./Public/Uploads/news/',`click`=5,`partnews`='本网讯 李士刚 摄影报道：4月1日，学校党委中心组集中观看学习文化纪录片《鉴史问廉》第一集——兴衰之思，正式拉开学校党委2016年党风廉政建设宣传教育活动的帷幕。学校党委书记陈布科主持学习会。\r\n\r\n影片通过对中国数' WHERE ( `id` = 25 ) [ RunTime:0.002021s ]
SQL: SELECT * FROM `web_news` WHERE ( id=25 )  [ RunTime:0.000450s ]
INFO: [ view_parse ] --START--
INFO: ParseTemplate Behavior ::run [ RunTime:0.015331s ]
INFO: [ view_parse ] --END-- [ RunTime:0.015541s ]
INFO: [ view_filter ] --START--
INFO: ContentReplace Behavior ::run [ RunTime:0.000778s ]
INFO: TokenBuild Behavior ::run [ RunTime:0.000813s ]
INFO: WriteHtmlCache Behavior ::run [ RunTime:0.000683s ]
INFO: ShowRuntime Behavior ::run [ RunTime:0.000784s ]
INFO: [ view_filter ] --END-- [ RunTime:0.003469s ]
INFO: [ view_end ] --START--
INFO: ShowPageTrace Behavior ::run [ RunTime:0.000946s ]
INFO: [ view_end ] --END-- [ RunTime:0.001058s ]

[ 2017-01-02T14:17:30+08:00 ] 0.0.0.0 /cafuc/index.php/Index/Index/details/id/25.html
INFO: [ route_check ] --START--
INFO: CheckRoute Behavior ::run [ RunTime:0.001143s ]
INFO: [ route_check ] --END-- [ RunTime:0.001288s ]
INFO: [ app_begin ] --START--
INFO: ReadHtmlCache Behavior ::run [ RunTime:0.000830s ]
INFO: [ app_begin ] --END-- [ RunTime:0.000960s ]
SQL: SHOW COLUMNS FROM `web_news` [ RunTime:0.003425s ]
SQL: SELECT * FROM `web_news` WHERE ( `id` = 25 ) LIMIT 1   [ RunTime:0.001520s ]
SQL: UPDATE `web_news` SET `title`='学校党委中心组集中学习文化纪录片《鉴史问廉》',`content`='本网讯 李士刚 摄影报道：4月1日，学校党委中心组集中观看学习文化纪录片《鉴史问廉》第一集——兴衰之思，正式拉开学校党委2016年党风廉政建设宣传教育活动的帷幕。学校党委书记陈布科主持学习会。\r\n\r\n影片通过对中国数千年历史长河中封建王朝兴亡更替的思考与解读，深刻揭示了一条王朝崛起与灭亡的基本规律——“廉则兴，贪则衰”。管不住腐败，任其泛滥，国家就有危亡之虞；遏制了腐败，国家就能长治久安，稳固而昌盛。\r\n\r\n——秦始皇一统华夏，却好大喜功，横征暴敛，奴役人民，修长城、建阿房，使得秦王朝传至二世而灭亡。\r\n\r\n——西晋王朝被史学家评为中国历史上最腐败、最拜金的政权之一，其用人只看门第、血统，不看品行、才能，把做正事、做实事的官员当做俗官、浊流，导致西晋灭亡后的300多年，成为中国古代持续时间最长的乱世。\r\n\r\n——唐太宗李世民知人善任，重用能臣廉吏，开创了“贞观之治”这个中国历史上政治清明、国家安宁、吏治清廉的盛世王朝；唐玄宗李隆基后期重用、依赖以李林甫为首的贪官污吏，各级官员腐败成风，使早期苦心营建的“开元盛世”逐渐坍塌，李唐王朝从此走向衰落。\r\n\r\n——北宋初期，朝廷决心整顿吏治，对于官员的婚丧、宴饮、车马、服饰等都有着严格的限制，清明的政治环境实现了经济、科技、文化的高度繁荣；贪图享乐的宋徽宗，不惜花费巨大人力财力，听信谗言，修建规模宏大的园林“艮岳”，终让“靖康之耻”载入史册。\r\n\r\n陈布科指出，历史是最好的老师，学史可以看成败、鉴得失、知兴替。他要求学校党委中心组成员认真思考影片所要表达的中心思想，以身作则，率先垂范，办人民满意的蓝天大学，不辜负党和人民的重托。\r\n\r\n陈布科强调，党风廉政建设宣传教育活动是本年度一项重要任务，学校党委将结合“学党章党规、学系列讲话，做合格党员”开展主题活动：集中开展廉政知识学习培训，提高党员干部防腐拒变能力；加强对廉政形势的研判，举办系列廉政警示教育与廉政文化宣传活动；定期举行廉政测试，检验廉政建设成果，将廉政教育落到实处。',`time`=1463581356,`source`='校内信息网',`author`='刘蓉',`imgname`='573c7aacb7d37.jpg',`imgpath`='./Public/Uploads/news/',`click`=6,`partnews`='本网讯 李士刚 摄影报道：4月1日，学校党委中心组集中观看学习文化纪录片《鉴史问廉》第一集——兴衰之思，正式拉开学校党委2016年党风廉政建设宣传教育活动的帷幕。学校党委书记陈布科主持学习会。\r\n\r\n影片通过对中国数' WHERE ( `id` = 25 ) [ RunTime:0.028504s ]
SQL: SELECT * FROM `web_news` WHERE ( id=25 )  [ RunTime:0.000342s ]
INFO: [ view_parse ] --START--
INFO: ParseTemplate Behavior ::run [ RunTime:0.015887s ]
INFO: [ view_parse ] --END-- [ RunTime:0.016010s ]
INFO: [ view_filter ] --START--
INFO: ContentReplace Behavior ::run [ RunTime:0.000656s ]
INFO: TokenBuild Behavior ::run [ RunTime:0.000606s ]
INFO: WriteHtmlCache Behavior ::run [ RunTime:0.000515s ]
INFO: ShowRuntime Behavior ::run [ RunTime:0.000950s ]
INFO: [ view_filter ] --END-- [ RunTime:0.003118s ]
INFO: [ view_end ] --START--
INFO: ShowPageTrace Behavior ::run [ RunTime:0.001283s ]
INFO: [ view_end ] --END-- [ RunTime:0.001415s ]

